0,status,1,villager,alive,SamplePlayer
0,status,2,villager,alive,SamplePlayer
0,status,3,villager,alive,SamplePlayer
0,status,4,villager,alive,SamplePlayer
0,status,5,werewolf,alive,SamplePlayer
0,status,6,villager,alive,SamplePlayer
0,status,7,medium,alive,SamplePlayer
0,status,8,possessed,alive,SamplePlayer
0,status,9,seer,alive,SamplePlayer
0,status,10,werewolf,alive,SamplePlayer
0,status,11,bodyguard,alive,SamplePlayer
0,status,12,villager,alive,SamplePlayer
0,talk,0,5,2 werewolf
0,talk,1,7,2 werewolf
0,talk,2,10,1 werewolf
0,talk,3,12,2 werewolf
0,talk,4,6,9 werewolf
0,talk,5,4,5 werewolf
0,talk,6,11,9 werewolf
0,talk,7,2,4 werewolf
0,talk,8,9,12 werewolf
0,talk,9,8,6 werewolf
0,talk,10,1,9 werewolf
0,talk,11,3,12 werewolf
0,whisper,0,10,Over
0,whisper,1,5,Over
0,talk,12,4,Over
0,talk,13,9,Over
0,talk,14,10,Over
0,talk,15,8,Over
0,talk,16,7,Over
0,talk,17,2,Over
0,talk,18,3,Over
0,talk,19,6,Over
0,talk,20,1,Over
0,talk,21,12,Over
0,talk,22,11,Over
0,talk,23,5,Over
0,whisper,2,5,Over
0,whisper,3,10,Over
0,vote,3,12
0,vote,4,5
0,vote,1,9
0,vote,2,4
0,vote,7,2
0,vote,8,6
0,vote,5,2
0,vote,6,9
0,vote,11,9
0,vote,12,2
0,vote,9,12
0,vote,10,1
0,divine,9,10,Werewolf
0,guard,11,2,villager
0,attackVote,5,11
0,attackVote,10,7
0,execute,2,villager
0,attack,11,true
1,status,1,villager,alive,SamplePlayer
1,status,2,villager,dead,SamplePlayer
1,status,3,villager,alive,SamplePlayer
1,status,4,villager,alive,SamplePlayer
1,status,5,werewolf,alive,SamplePlayer
1,status,6,villager,alive,SamplePlayer
1,status,7,medium,alive,SamplePlayer
1,status,8,possessed,alive,SamplePlayer
1,status,9,seer,alive,SamplePlayer
1,status,10,werewolf,alive,SamplePlayer
1,status,11,bodyguard,dead,SamplePlayer
1,status,12,villager,alive,SamplePlayer
1,talk,0,5,( 7 werewolf ) and ( 5 comingout seer ) and ( 12 inspected HUMAN ) 
1,talk,1,3,12 werewolf
1,talk,2,12,10 werewolf
1,talk,3,10,7 werewolf
1,talk,4,8,7 werewolf
1,talk,5,9,10 werewolf
1,talk,6,7,9 werewolf
1,talk,7,4,9 werewolf
1,talk,8,1,5 werewolf
1,talk,9,6,12 werewolf
1,whisper,0,10,Over
1,whisper,1,5,Over
1,talk,10,9,Over
1,talk,11,1,Over
1,talk,12,7,Over
1,talk,13,6,Over
1,talk,14,10,Over
1,talk,15,4,Over
1,talk,16,8,Over
1,talk,17,12,Over
1,talk,18,3,Over
1,talk,19,5,Over
1,whisper,2,10,Over
1,whisper,3,5,Over
1,vote,3,12
1,vote,4,9
1,vote,1,5
1,vote,7,9
1,vote,8,7
1,vote,5,7
1,vote,6,12
1,vote,12,10
1,vote,9,10
1,vote,10,7
1,divine,9,6,Human
1,attackVote,5,7
1,attackVote,10,8
1,execute,7,medium
1,attack,8,true
2,status,1,villager,alive,SamplePlayer
2,status,2,villager,dead,SamplePlayer
2,status,3,villager,alive,SamplePlayer
2,status,4,villager,alive,SamplePlayer
2,status,5,werewolf,alive,SamplePlayer
2,status,6,villager,alive,SamplePlayer
2,status,7,medium,dead,SamplePlayer
2,status,8,possessed,dead,SamplePlayer
2,status,9,seer,alive,SamplePlayer
2,status,10,werewolf,alive,SamplePlayer
2,status,11,bodyguard,dead,SamplePlayer
2,status,12,villager,alive,SamplePlayer
2,talk,0,5,( 9 werewolf ) and ( 6 inspected werewolf ) 
2,talk,1,10,6 werewolf
2,talk,2,6,12 werewolf
2,talk,3,9,( 5 werewolf ) and ( 9 comingout seer ) and ( 10 inspected werewolf ) and ( 6 inspected HUMAN ) 
2,talk,4,4,6 werewolf
2,talk,5,12,10 werewolf
2,talk,6,3,6 werewolf
2,talk,7,1,10 werewolf
2,whisper,0,5,Over
2,whisper,1,10,Over
2,talk,8,3,Over
2,talk,9,5,6 werewolf
2,talk,10,6,Over
2,talk,11,4,Over
2,talk,12,12,Over
2,talk,13,9,Over
2,talk,14,10,Over
2,talk,15,1,Over
2,whisper,2,10,Over
2,whisper,3,5,Over
2,talk,16,5,Over
2,talk,17,4,Over
2,talk,18,1,Over
2,talk,19,3,Over
2,talk,20,9,Over
2,talk,21,10,Over
2,talk,22,12,Over
2,talk,23,6,Over
2,whisper,4,10,Over
2,whisper,5,5,Over
2,vote,3,6
2,vote,4,6
2,vote,1,10
2,vote,5,6
2,vote,6,12
2,vote,12,10
2,vote,9,5
2,vote,10,6
2,divine,9,3,Human
2,attackVote,5,1
2,attackVote,10,9
2,execute,6,villager
2,attack,9,true
3,status,1,villager,alive,SamplePlayer
3,status,2,villager,dead,SamplePlayer
3,status,3,villager,alive,SamplePlayer
3,status,4,villager,alive,SamplePlayer
3,status,5,werewolf,alive,SamplePlayer
3,status,6,villager,dead,SamplePlayer
3,status,7,medium,dead,SamplePlayer
3,status,8,possessed,dead,SamplePlayer
3,status,9,seer,dead,SamplePlayer
3,status,10,werewolf,alive,SamplePlayer
3,status,11,bodyguard,dead,SamplePlayer
3,status,12,villager,alive,SamplePlayer
3,talk,0,12,10 werewolf
3,talk,1,10,5 werewolf
3,talk,2,1,10 werewolf
3,talk,3,4,10 werewolf
3,talk,4,3,10 werewolf
3,talk,5,5,( 6 werewolf ) and ( 3 inspected HUMAN ) 
3,whisper,0,10,Over
3,whisper,1,5,Over
3,talk,6,1,Over
3,talk,7,3,Over
3,talk,8,10,Over
3,talk,9,4,Over
3,talk,10,5,Over
3,talk,11,12,Over
3,whisper,2,10,Over
3,whisper,3,5,Over
3,vote,3,10
3,vote,4,10
3,vote,1,10
3,vote,5,6
3,vote,12,10
3,vote,10,5
3,attackVote,5,1
3,attackVote,10,4
3,execute,10,werewolf
3,attack,4,true
4,status,1,villager,alive,SamplePlayer
4,status,2,villager,dead,SamplePlayer
4,status,3,villager,alive,SamplePlayer
4,status,4,villager,dead,SamplePlayer
4,status,5,werewolf,alive,SamplePlayer
4,status,6,villager,dead,SamplePlayer
4,status,7,medium,dead,SamplePlayer
4,status,8,possessed,dead,SamplePlayer
4,status,9,seer,dead,SamplePlayer
4,status,10,werewolf,dead,SamplePlayer
4,status,11,bodyguard,dead,SamplePlayer
4,status,12,villager,alive,SamplePlayer
4,talk,0,5,( 6 werewolf ) and ( 12 inspected HUMAN ) 
4,talk,1,3,12 werewolf
4,talk,2,1,12 werewolf
4,talk,3,12,1 werewolf
4,whisper,0,5,Over
4,talk,4,1,Over
4,talk,5,5,Over
4,talk,6,12,Over
4,talk,7,3,Over
4,whisper,1,5,Over
4,vote,3,12
4,vote,1,12
4,vote,5,6
4,vote,12,1
4,attackVote,5,1
4,execute,12,villager
4,attack,1,true
5,status,1,villager,dead,SamplePlayer
5,status,2,villager,dead,SamplePlayer
5,status,3,villager,alive,SamplePlayer
5,status,4,villager,dead,SamplePlayer
5,status,5,werewolf,alive,SamplePlayer
5,status,6,villager,dead,SamplePlayer
5,status,7,medium,dead,SamplePlayer
5,status,8,possessed,dead,SamplePlayer
5,status,9,seer,dead,SamplePlayer
5,status,10,werewolf,dead,SamplePlayer
5,status,11,bodyguard,dead,SamplePlayer
5,status,12,villager,dead,SamplePlayer
5,result,1,1,werewolf
