0,status,1,werewolf,alive,SamplePlayer
0,status,2,bodyguard,alive,SamplePlayer
0,status,3,villager,alive,SamplePlayer
0,status,4,werewolf,alive,SamplePlayer
0,status,5,possessed,alive,SamplePlayer
0,status,6,medium,alive,SamplePlayer
0,status,7,villager,alive,SamplePlayer
0,status,8,villager,alive,SamplePlayer
0,status,9,villager,alive,SamplePlayer
0,status,10,villager,alive,SamplePlayer
0,status,11,seer,alive,SamplePlayer
0,status,12,villager,alive,SamplePlayer
0,talk,0,6,7 werewolf
0,talk,1,8,2 werewolf
0,talk,2,2,11 werewolf
0,talk,3,7,1 werewolf
0,talk,4,11,8 werewolf
0,talk,5,12,3 werewolf
0,talk,6,5,10 werewolf
0,talk,7,1,6 werewolf
0,talk,8,4,10 werewolf
0,talk,9,10,6 werewolf
0,talk,10,3,5 werewolf
0,talk,11,9,2 werewolf
0,whisper,0,1,Over
0,whisper,1,4,Over
0,talk,12,5,Over
0,talk,13,10,Over
0,talk,14,8,Over
0,talk,15,9,Over
0,talk,16,3,Over
0,talk,17,1,Over
0,talk,18,2,Over
0,talk,19,7,Over
0,talk,20,6,Over
0,talk,21,12,Over
0,talk,22,11,Over
0,talk,23,4,Over
0,whisper,2,4,Over
0,whisper,3,1,Over
0,vote,3,5
0,vote,4,10
0,vote,1,6
0,vote,2,11
0,vote,7,1
0,vote,8,2
0,vote,5,10
0,vote,6,7
0,vote,11,8
0,vote,12,3
0,vote,9,2
0,vote,10,6
0,divine,11,1,Werewolf
0,guard,2,10,villager
0,attackVote,4,9
0,attackVote,1,7
0,execute,2,bodyguard
0,attack,9,true
1,status,1,werewolf,alive,SamplePlayer
1,status,2,bodyguard,dead,SamplePlayer
1,status,3,villager,alive,SamplePlayer
1,status,4,werewolf,alive,SamplePlayer
1,status,5,possessed,alive,SamplePlayer
1,status,6,medium,alive,SamplePlayer
1,status,7,villager,alive,SamplePlayer
1,status,8,villager,alive,SamplePlayer
1,status,9,villager,dead,SamplePlayer
1,status,10,villager,alive,SamplePlayer
1,status,11,seer,alive,SamplePlayer
1,status,12,villager,alive,SamplePlayer
1,talk,0,3,11 werewolf
1,talk,1,12,10 werewolf
1,talk,2,6,12 werewolf
1,talk,3,1,( 2 werewolf ) and ( 1 comingout medium ) and ( 2 medium_telled werewolf ) 
1,talk,4,10,7 werewolf
1,talk,5,7,12 werewolf
1,talk,6,5,12 werewolf
1,talk,7,8,12 werewolf
1,talk,8,11,( 1 werewolf ) and ( 11 comingout seer ) and ( 1 inspected werewolf ) 
1,talk,9,4,11 werewolf
1,whisper,0,4,Over
1,whisper,1,1,Over
1,talk,10,4,Over
1,talk,11,3,1 werewolf
1,talk,12,7,1 werewolf
1,talk,13,6,1 werewolf
1,talk,14,1,Over
1,talk,15,8,1 werewolf
1,talk,16,5,Over
1,talk,17,11,Over
1,talk,18,10,1 werewolf
1,talk,19,12,1 werewolf
1,whisper,2,4,Over
1,whisper,3,1,Over
1,talk,20,12,Over
1,talk,21,1,Over
1,talk,22,3,Over
1,talk,23,4,Over
1,talk,24,5,Over
1,talk,25,7,Over
1,talk,26,6,Over
1,talk,27,8,Over
1,talk,28,10,Over
1,talk,29,11,Over
1,whisper,4,4,Over
1,whisper,5,1,Over
1,vote,3,1
1,vote,4,11
1,vote,1,2
1,vote,7,1
1,vote,8,1
1,vote,5,12
1,vote,6,1
1,vote,11,1
1,vote,12,1
1,vote,10,1
1,divine,11,3,Human
1,attackVote,4,11
1,attackVote,1,11
1,execute,1,werewolf
1,attack,11,true
2,status,1,werewolf,dead,SamplePlayer
2,status,2,bodyguard,dead,SamplePlayer
2,status,3,villager,alive,SamplePlayer
2,status,4,werewolf,alive,SamplePlayer
2,status,5,possessed,alive,SamplePlayer
2,status,6,medium,alive,SamplePlayer
2,status,7,villager,alive,SamplePlayer
2,status,8,villager,alive,SamplePlayer
2,status,9,villager,dead,SamplePlayer
2,status,10,villager,alive,SamplePlayer
2,status,11,seer,dead,SamplePlayer
2,status,12,villager,alive,SamplePlayer
2,talk,0,8,5 werewolf
2,talk,1,4,3 werewolf
2,talk,2,10,4 werewolf
2,talk,3,7,5 werewolf
2,talk,4,12,7 werewolf
2,talk,5,5,3 werewolf
2,talk,6,6,( 4 werewolf ) and ( 6 comingout medium ) and ( 2 medium_telled HUMAN ) and ( 1 medium_telled werewolf ) 
2,talk,7,3,8 werewolf
2,whisper,0,4,Over
2,talk,8,7,Over
2,talk,9,5,Over
2,talk,10,6,Over
2,talk,11,12,Over
2,talk,12,4,Over
2,talk,13,10,Over
2,talk,14,3,Over
2,talk,15,8,Over
2,whisper,1,4,Over
2,vote,3,8
2,vote,4,3
2,vote,7,5
2,vote,8,5
2,vote,5,3
2,vote,6,4
2,vote,12,7
2,vote,10,4
2,attackVote,4,6
2,execute,5,possessed
2,attack,6,true
3,status,1,werewolf,dead,SamplePlayer
3,status,2,bodyguard,dead,SamplePlayer
3,status,3,villager,alive,SamplePlayer
3,status,4,werewolf,alive,SamplePlayer
3,status,5,possessed,dead,SamplePlayer
3,status,6,medium,dead,SamplePlayer
3,status,7,villager,alive,SamplePlayer
3,status,8,villager,alive,SamplePlayer
3,status,9,villager,dead,SamplePlayer
3,status,10,villager,alive,SamplePlayer
3,status,11,seer,dead,SamplePlayer
3,status,12,villager,alive,SamplePlayer
3,talk,0,10,12 werewolf
3,talk,1,4,( 3 werewolf ) and ( 4 comingout seer ) and ( 9 inspected HUMAN ) and ( 7 inspected HUMAN ) and ( 8 inspected werewolf ) 
3,talk,2,7,8 werewolf
3,talk,3,8,7 werewolf
3,talk,4,12,7 werewolf
3,talk,5,3,7 werewolf
3,whisper,0,4,Over
3,talk,6,3,Over
3,talk,7,10,8 werewolf
3,talk,8,12,Over
3,talk,9,4,8 werewolf
3,talk,10,7,Over
3,talk,11,8,Over
3,whisper,1,4,Over
3,talk,12,10,Over
3,talk,13,3,Over
3,talk,14,7,Over
3,talk,15,8,Over
3,talk,16,4,Over
3,talk,17,12,Over
3,whisper,2,4,Over
3,vote,3,7
3,vote,4,8
3,vote,7,8
3,vote,8,7
3,vote,12,7
3,vote,10,8
3,attackVote,4,3
3,execute,8,villager
3,attack,3,true
4,status,1,werewolf,dead,SamplePlayer
4,status,2,bodyguard,dead,SamplePlayer
4,status,3,villager,dead,SamplePlayer
4,status,4,werewolf,alive,SamplePlayer
4,status,5,possessed,dead,SamplePlayer
4,status,6,medium,dead,SamplePlayer
4,status,7,villager,alive,SamplePlayer
4,status,8,villager,dead,SamplePlayer
4,status,9,villager,dead,SamplePlayer
4,status,10,villager,alive,SamplePlayer
4,status,11,seer,dead,SamplePlayer
4,status,12,villager,alive,SamplePlayer
4,talk,0,7,12 werewolf
4,talk,1,10,4 werewolf
4,talk,2,4,( 8 werewolf ) and ( 12 inspected HUMAN ) 
4,talk,3,12,4 werewolf
4,whisper,0,4,Over
4,talk,4,4,Over
4,talk,5,10,7 werewolf
4,talk,6,12,Over
4,talk,7,7,Over
4,whisper,1,4,Over
4,talk,8,7,Over
4,talk,9,4,Over
4,talk,10,10,Over
4,talk,11,12,Over
4,whisper,2,4,Over
4,vote,4,8
4,vote,7,12
4,vote,12,4
4,vote,10,7
4,attackVote,4,10
4,execute,12,villager
4,attack,10,true
5,status,1,werewolf,dead,SamplePlayer
5,status,2,bodyguard,dead,SamplePlayer
5,status,3,villager,dead,SamplePlayer
5,status,4,werewolf,alive,SamplePlayer
5,status,5,possessed,dead,SamplePlayer
5,status,6,medium,dead,SamplePlayer
5,status,7,villager,alive,SamplePlayer
5,status,8,villager,dead,SamplePlayer
5,status,9,villager,dead,SamplePlayer
5,status,10,villager,dead,SamplePlayer
5,status,11,seer,dead,SamplePlayer
5,status,12,villager,dead,SamplePlayer
5,result,1,1,werewolf
