0,status,1,seer,alive,SamplePlayer
0,status,2,villager,alive,SamplePlayer
0,status,3,villager,alive,SamplePlayer
0,status,4,villager,alive,SamplePlayer
0,status,5,bodyguard,alive,SamplePlayer
0,status,6,villager,alive,SamplePlayer
0,status,7,villager,alive,SamplePlayer
0,status,8,possessed,alive,SamplePlayer
0,status,9,werewolf,alive,SamplePlayer
0,status,10,medium,alive,SamplePlayer
0,status,11,werewolf,alive,SamplePlayer
0,status,12,villager,alive,SamplePlayer
0,talk,0,8,4 werewolf
0,talk,1,1,7 werewolf
0,talk,2,9,3 werewolf
0,talk,3,10,1 werewolf
0,talk,4,4,3 werewolf
0,talk,5,5,10 werewolf
0,talk,6,7,2 werewolf
0,talk,7,11,9 werewolf
0,talk,8,2,5 werewolf
0,talk,9,6,4 werewolf
0,talk,10,3,6 werewolf
0,talk,11,12,4 werewolf
0,whisper,0,11,Over
0,whisper,1,9,Over
0,talk,12,10,Over
0,talk,13,8,Over
0,talk,14,4,Over
0,talk,15,7,Over
0,talk,16,5,Over
0,talk,17,12,Over
0,talk,18,3,Over
0,talk,19,2,Over
0,talk,20,11,Over
0,talk,21,1,Over
0,talk,22,6,Over
0,talk,23,9,Over
0,whisper,2,11,Over
0,whisper,3,9,Over
0,vote,3,6
0,vote,4,3
0,vote,1,7
0,vote,2,5
0,vote,7,2
0,vote,8,4
0,vote,5,10
0,vote,6,4
0,vote,11,9
0,vote,12,4
0,vote,9,3
0,vote,10,1
0,divine,1,10,Human
0,guard,5,11,werewolf
0,attackVote,11,7
0,attackVote,9,2
0,execute,4,villager
0,attack,7,true
1,status,1,seer,alive,SamplePlayer
1,status,2,villager,alive,SamplePlayer
1,status,3,villager,alive,SamplePlayer
1,status,4,villager,dead,SamplePlayer
1,status,5,bodyguard,alive,SamplePlayer
1,status,6,villager,alive,SamplePlayer
1,status,7,villager,dead,SamplePlayer
1,status,8,possessed,alive,SamplePlayer
1,status,9,werewolf,alive,SamplePlayer
1,status,10,medium,alive,SamplePlayer
1,status,11,werewolf,alive,SamplePlayer
1,status,12,villager,alive,SamplePlayer
1,talk,0,8,10 werewolf
1,talk,1,6,1 werewolf
1,talk,2,2,12 werewolf
1,talk,3,1,9 werewolf
1,talk,4,5,1 werewolf
1,talk,5,3,12 werewolf
1,talk,6,9,1 werewolf
1,talk,7,12,8 werewolf
1,talk,8,10,( 12 werewolf ) and ( 10 comingout medium ) and ( 4 medium_telled HUMAN ) 
1,talk,9,11,4 werewolf
1,whisper,0,11,Over
1,whisper,1,9,Over
1,talk,10,12,Over
1,talk,11,10,Over
1,talk,12,11,Over
1,talk,13,9,10 werewolf
1,talk,14,2,Over
1,talk,15,8,Over
1,talk,16,3,Over
1,talk,17,5,Over
1,talk,18,1,Over
1,talk,19,6,Over
1,whisper,2,9,Over
1,whisper,3,11,Over
1,talk,20,5,Over
1,talk,21,11,Over
1,talk,22,10,Over
1,talk,23,12,Over
1,talk,24,6,Over
1,talk,25,1,Over
1,talk,26,3,Over
1,talk,27,8,Over
1,talk,28,2,Over
1,talk,29,9,Over
1,whisper,4,11,Over
1,whisper,5,9,Over
1,vote,3,12
1,vote,1,9
1,vote,2,12
1,vote,8,10
1,vote,5,1
1,vote,6,1
1,vote,11,4
1,vote,12,8
1,vote,9,10
1,vote,10,12
1,divine,1,12,Human
1,guard,5,10,medium
1,attackVote,11,10
1,attackVote,9,10
1,execute,12,villager
1,attack,10,false
2,status,1,seer,alive,SamplePlayer
2,status,2,villager,alive,SamplePlayer
2,status,3,villager,alive,SamplePlayer
2,status,4,villager,dead,SamplePlayer
2,status,5,bodyguard,alive,SamplePlayer
2,status,6,villager,alive,SamplePlayer
2,status,7,villager,dead,SamplePlayer
2,status,8,possessed,alive,SamplePlayer
2,status,9,werewolf,alive,SamplePlayer
2,status,10,medium,alive,SamplePlayer
2,status,11,werewolf,alive,SamplePlayer
2,status,12,villager,dead,SamplePlayer
2,talk,0,2,1 werewolf
2,talk,1,10,( 6 werewolf ) and ( 12 medium_telled HUMAN ) 
2,talk,2,1,11 werewolf
2,talk,3,11,( 4 werewolf ) and ( 11 comingout seer ) and ( 4 inspected werewolf ) and ( 1 inspected werewolf ) 
2,talk,4,5,1 werewolf
2,talk,5,6,1 werewolf
2,talk,6,3,1 werewolf
2,talk,7,8,10 werewolf
2,talk,8,9,10 werewolf
2,whisper,0,11,Over
2,whisper,1,9,Over
2,talk,9,11,Over
2,talk,10,8,Over
2,talk,11,2,Over
2,talk,12,6,Over
2,talk,13,9,Over
2,talk,14,10,11 werewolf
2,talk,15,3,Over
2,talk,16,1,Over
2,talk,17,5,Over
2,whisper,2,11,Over
2,whisper,3,9,Over
2,talk,18,11,Over
2,talk,19,9,Over
2,talk,20,6,Over
2,talk,21,10,Over
2,talk,22,3,Over
2,talk,23,2,Over
2,talk,24,1,Over
2,talk,25,5,Over
2,talk,26,8,Over
2,whisper,4,9,Over
2,whisper,5,11,Over
2,vote,3,1
2,vote,1,11
2,vote,2,1
2,vote,8,10
2,vote,5,1
2,vote,6,1
2,vote,11,4
2,vote,9,10
2,vote,10,11
2,divine,1,5,Human
2,guard,5,10,medium
2,attackVote,11,10
2,attackVote,9,10
2,execute,1,seer
2,attack,10,false
3,status,1,seer,dead,SamplePlayer
3,status,2,villager,alive,SamplePlayer
3,status,3,villager,alive,SamplePlayer
3,status,4,villager,dead,SamplePlayer
3,status,5,bodyguard,alive,SamplePlayer
3,status,6,villager,alive,SamplePlayer
3,status,7,villager,dead,SamplePlayer
3,status,8,possessed,alive,SamplePlayer
3,status,9,werewolf,alive,SamplePlayer
3,status,10,medium,alive,SamplePlayer
3,status,11,werewolf,alive,SamplePlayer
3,status,12,villager,dead,SamplePlayer
3,talk,0,11,( 4 werewolf ) and ( 8 inspected HUMAN ) 
3,talk,1,5,9 werewolf
3,talk,2,9,( 10 werewolf ) and ( 9 comingout medium ) and ( 4 medium_telled HUMAN ) and ( 11 medium_telled HUMAN ) and ( 11 medium_telled HUMAN ) 
3,talk,3,2,3 werewolf
3,talk,4,6,2 werewolf
3,talk,5,10,( 11 werewolf ) and ( 1 medium_telled HUMAN ) 
3,talk,6,3,8 werewolf
3,talk,7,8,( 10 werewolf ) and ( 8 comingout medium ) and ( 9 medium_telled HUMAN ) and ( 2 medium_telled HUMAN ) and ( 11 medium_telled HUMAN ) 
3,whisper,0,9,Over
3,whisper,1,11,Over
3,talk,8,10,Over
3,talk,9,3,Over
3,talk,10,9,Over
3,talk,11,8,Over
3,talk,12,2,Over
3,talk,13,5,Over
3,talk,14,11,Over
3,talk,15,6,Over
3,whisper,2,9,Over
3,whisper,3,11,Over
3,vote,3,8
3,vote,2,3
3,vote,8,10
3,vote,5,9
3,vote,6,2
3,vote,11,4
3,vote,9,10
3,vote,10,11
3,guard,5,10,medium
3,attackVote,11,10
3,attackVote,9,10
3,execute,10,medium
3,attack,10,false
4,status,1,seer,dead,SamplePlayer
4,status,2,villager,alive,SamplePlayer
4,status,3,villager,alive,SamplePlayer
4,status,4,villager,dead,SamplePlayer
4,status,5,bodyguard,alive,SamplePlayer
4,status,6,villager,alive,SamplePlayer
4,status,7,villager,dead,SamplePlayer
4,status,8,possessed,alive,SamplePlayer
4,status,9,werewolf,alive,SamplePlayer
4,status,10,medium,dead,SamplePlayer
4,status,11,werewolf,alive,SamplePlayer
4,status,12,villager,dead,SamplePlayer
4,talk,0,11,( 4 werewolf ) and ( 8 inspected HUMAN ) 
4,talk,1,6,3 werewolf
4,talk,2,5,8 werewolf
4,talk,3,3,2 werewolf
4,talk,4,8,( 9 werewolf ) and ( 11 medium_telled HUMAN ) 
4,talk,5,2,5 werewolf
4,talk,6,9,( 3 werewolf ) and ( 3 medium_telled werewolf ) 
4,whisper,0,11,Over
4,whisper,1,9,Over
4,talk,7,5,Over
4,talk,8,8,Over
4,talk,9,9,Over
4,talk,10,2,Over
4,talk,11,6,Over
4,talk,12,3,Over
4,talk,13,11,Over
4,whisper,2,11,Over
4,whisper,3,9,Over
4,vote,3,2
4,vote,2,5
4,vote,8,9
4,vote,5,8
4,vote,6,3
4,vote,11,4
4,vote,9,3
4,guard,5,11,werewolf
4,attackVote,11,8
4,attackVote,9,8
4,execute,3,villager
4,attack,8,true
5,status,1,seer,dead,SamplePlayer
5,status,2,villager,alive,SamplePlayer
5,status,3,villager,dead,SamplePlayer
5,status,4,villager,dead,SamplePlayer
5,status,5,bodyguard,alive,SamplePlayer
5,status,6,villager,alive,SamplePlayer
5,status,7,villager,dead,SamplePlayer
5,status,8,possessed,dead,SamplePlayer
5,status,9,werewolf,alive,SamplePlayer
5,status,10,medium,dead,SamplePlayer
5,status,11,werewolf,alive,SamplePlayer
5,status,12,villager,dead,SamplePlayer
5,talk,0,2,5 werewolf
5,talk,1,11,( 1 werewolf ) and ( 5 inspected HUMAN ) 
5,talk,2,9,( 3 werewolf ) and ( 6 medium_telled werewolf ) 
5,talk,3,6,5 werewolf
5,talk,4,5,6 werewolf
5,whisper,0,9,Over
5,whisper,1,11,Over
5,talk,5,9,Over
5,talk,6,11,Over
5,talk,7,6,Over
5,talk,8,2,Over
5,talk,9,5,Over
5,whisper,2,11,Over
5,whisper,3,9,Over
5,vote,2,5
5,vote,5,6
5,vote,6,5
5,vote,11,1
5,vote,9,3
5,guard,5,9,werewolf
5,attackVote,11,5
5,attackVote,9,6
5,execute,5,bodyguard
5,attack,6,true
6,status,1,seer,dead,SamplePlayer
6,status,2,villager,alive,SamplePlayer
6,status,3,villager,dead,SamplePlayer
6,status,4,villager,dead,SamplePlayer
6,status,5,bodyguard,dead,SamplePlayer
6,status,6,villager,dead,SamplePlayer
6,status,7,villager,dead,SamplePlayer
6,status,8,possessed,dead,SamplePlayer
6,status,9,werewolf,alive,SamplePlayer
6,status,10,medium,dead,SamplePlayer
6,status,11,werewolf,alive,SamplePlayer
6,status,12,villager,dead,SamplePlayer
6,result,1,2,werewolf
