0,status,1,villager,alive,SamplePlayer
0,status,2,villager,alive,SamplePlayer
0,status,3,werewolf,alive,SamplePlayer
0,status,4,villager,alive,SamplePlayer
0,status,5,villager,alive,SamplePlayer
0,status,6,werewolf,alive,SamplePlayer
0,status,7,seer,alive,SamplePlayer
0,status,8,villager,alive,SamplePlayer
0,status,9,possessed,alive,SamplePlayer
0,status,10,bodyguard,alive,SamplePlayer
0,status,11,villager,alive,SamplePlayer
0,status,12,medium,alive,SamplePlayer
0,talk,0,5,8 werewolf
0,talk,1,12,1 werewolf
0,talk,2,1,3 werewolf
0,talk,3,8,2 werewolf
0,talk,4,3,8 werewolf
0,talk,5,10,11 werewolf
0,talk,6,4,8 werewolf
0,talk,7,7,1 werewolf
0,talk,8,6,2 werewolf
0,talk,9,11,1 werewolf
0,talk,10,2,11 werewolf
0,talk,11,9,7 werewolf
0,whisper,0,3,Over
0,whisper,1,6,Over
0,talk,12,8,Over
0,talk,13,2,Over
0,talk,14,1,Over
0,talk,15,11,Over
0,talk,16,12,Over
0,talk,17,4,Over
0,talk,18,9,Over
0,talk,19,5,Over
0,talk,20,3,Over
0,talk,21,7,Over
0,talk,22,6,Over
0,talk,23,10,Over
0,whisper,2,6,Over
0,whisper,3,3,Over
0,vote,3,8
0,vote,4,8
0,vote,1,3
0,vote,2,11
0,vote,7,1
0,vote,8,2
0,vote,5,8
0,vote,6,2
0,vote,11,1
0,vote,12,1
0,vote,9,7
0,vote,10,11
0,divine,7,7,Human
0,guard,10,9,possessed
0,attackVote,3,10
0,attackVote,6,12
0,execute,8,villager
0,attack,12,true
1,status,1,villager,alive,SamplePlayer
1,status,2,villager,alive,SamplePlayer
1,status,3,werewolf,alive,SamplePlayer
1,status,4,villager,alive,SamplePlayer
1,status,5,villager,alive,SamplePlayer
1,status,6,werewolf,alive,SamplePlayer
1,status,7,seer,alive,SamplePlayer
1,status,8,villager,dead,SamplePlayer
1,status,9,possessed,alive,SamplePlayer
1,status,10,bodyguard,alive,SamplePlayer
1,status,11,villager,alive,SamplePlayer
1,status,12,medium,dead,SamplePlayer
1,talk,0,11,9 werewolf
1,talk,1,2,5 werewolf
1,talk,2,10,6 werewolf
1,talk,3,5,4 werewolf
1,talk,4,1,6 werewolf
1,talk,5,9,10 werewolf
1,talk,6,7,( 6 werewolf ) and ( 7 comingout seer ) and ( 7 inspected HUMAN ) 
1,talk,7,6,7 werewolf
1,talk,8,3,( 5 werewolf ) and ( 3 comingout medium ) and ( 7 medium_telled HUMAN ) 
1,talk,9,4,3 werewolf
1,whisper,0,3,Over
1,whisper,1,6,Over
1,talk,10,7,Over
1,talk,11,6,Over
1,talk,12,4,Over
1,talk,13,3,Over
1,talk,14,5,1 werewolf
1,talk,15,10,4 werewolf
1,talk,16,9,Over
1,talk,17,1,10 werewolf
1,talk,18,11,Over
1,talk,19,2,10 werewolf
1,whisper,2,6,Over
1,whisper,3,3,Over
1,talk,20,7,Over
1,talk,21,2,Over
1,talk,22,5,Over
1,talk,23,1,Over
1,talk,24,4,Over
1,talk,25,6,Over
1,talk,26,9,Over
1,talk,27,10,Over
1,talk,28,3,Over
1,talk,29,11,Over
1,whisper,4,6,Over
1,whisper,5,3,Over
1,vote,3,5
1,vote,4,3
1,vote,1,10
1,vote,2,10
1,vote,7,6
1,vote,5,1
1,vote,6,7
1,vote,11,9
1,vote,9,10
1,vote,10,4
1,divine,7,11,Human
1,guard,10,3,werewolf
1,attackVote,3,7
1,attackVote,6,7
1,execute,10,bodyguard
1,attack,7,true
2,status,1,villager,alive,SamplePlayer
2,status,2,villager,alive,SamplePlayer
2,status,3,werewolf,alive,SamplePlayer
2,status,4,villager,alive,SamplePlayer
2,status,5,villager,alive,SamplePlayer
2,status,6,werewolf,alive,SamplePlayer
2,status,7,seer,dead,SamplePlayer
2,status,8,villager,dead,SamplePlayer
2,status,9,possessed,alive,SamplePlayer
2,status,10,bodyguard,dead,SamplePlayer
2,status,11,villager,alive,SamplePlayer
2,status,12,medium,dead,SamplePlayer
2,talk,0,2,4 werewolf
2,talk,1,11,3 werewolf
2,talk,2,4,3 werewolf
2,talk,3,9,6 werewolf
2,talk,4,1,11 werewolf
2,talk,5,5,9 werewolf
2,talk,6,3,( 5 werewolf ) and ( 2 medium_telled HUMAN ) 
2,talk,7,6,5 werewolf
2,whisper,0,6,Over
2,whisper,1,3,Over
2,talk,8,1,Over
2,talk,9,6,Over
2,talk,10,11,Over
2,talk,11,4,Over
2,talk,12,9,Over
2,talk,13,5,Over
2,talk,14,3,Over
2,talk,15,2,Over
2,whisper,2,6,Over
2,whisper,3,3,Over
2,vote,3,5
2,vote,4,3
2,vote,1,11
2,vote,2,4
2,vote,5,9
2,vote,6,5
2,vote,11,3
2,vote,9,6
2,attackVote,3,1
2,attackVote,6,9
2,execute,3,werewolf
2,attack,1,true
3,status,1,villager,dead,SamplePlayer
3,status,2,villager,alive,SamplePlayer
3,status,3,werewolf,dead,SamplePlayer
3,status,4,villager,alive,SamplePlayer
3,status,5,villager,alive,SamplePlayer
3,status,6,werewolf,alive,SamplePlayer
3,status,7,seer,dead,SamplePlayer
3,status,8,villager,dead,SamplePlayer
3,status,9,possessed,alive,SamplePlayer
3,status,10,bodyguard,dead,SamplePlayer
3,status,11,villager,alive,SamplePlayer
3,status,12,medium,dead,SamplePlayer
3,talk,0,6,( 1 werewolf ) and ( 6 comingout seer ) and ( 3 inspected HUMAN ) and ( 1 inspected werewolf ) and ( 11 inspected HUMAN ) 
3,talk,1,2,4 werewolf
3,talk,2,9,5 werewolf
3,talk,3,11,2 werewolf
3,talk,4,5,4 werewolf
3,talk,5,4,9 werewolf
3,whisper,0,6,Over
3,talk,6,11,Over
3,talk,7,6,Over
3,talk,8,2,Over
3,talk,9,9,Over
3,talk,10,4,Over
3,talk,11,5,Over
3,whisper,1,6,Over
3,vote,4,9
3,vote,2,4
3,vote,5,4
3,vote,6,1
3,vote,11,2
3,vote,9,5
3,attackVote,6,9
3,execute,4,villager
3,attack,9,true
4,status,1,villager,dead,SamplePlayer
4,status,2,villager,alive,SamplePlayer
4,status,3,werewolf,dead,SamplePlayer
4,status,4,villager,dead,SamplePlayer
4,status,5,villager,alive,SamplePlayer
4,status,6,werewolf,alive,SamplePlayer
4,status,7,seer,dead,SamplePlayer
4,status,8,villager,dead,SamplePlayer
4,status,9,possessed,dead,SamplePlayer
4,status,10,bodyguard,dead,SamplePlayer
4,status,11,villager,alive,SamplePlayer
4,status,12,medium,dead,SamplePlayer
4,talk,0,2,11 werewolf
4,talk,1,11,5 werewolf
4,talk,2,5,2 werewolf
4,talk,3,6,( 1 werewolf ) and ( 11 inspected HUMAN ) 
4,whisper,0,6,Over
4,talk,4,5,Over
4,talk,5,11,2 werewolf
4,talk,6,6,Over
4,talk,7,2,Over
4,whisper,1,6,Over
4,talk,8,5,Over
4,talk,9,6,Over
4,talk,10,2,Over
4,talk,11,11,Over
4,whisper,2,6,Over
4,vote,2,11
4,vote,5,2
4,vote,6,1
4,vote,11,2
4,attackVote,6,5
4,execute,2,villager
4,attack,5,true
5,status,1,villager,dead,SamplePlayer
5,status,2,villager,dead,SamplePlayer
5,status,3,werewolf,dead,SamplePlayer
5,status,4,villager,dead,SamplePlayer
5,status,5,villager,dead,SamplePlayer
5,status,6,werewolf,alive,SamplePlayer
5,status,7,seer,dead,SamplePlayer
5,status,8,villager,dead,SamplePlayer
5,status,9,possessed,dead,SamplePlayer
5,status,10,bodyguard,dead,SamplePlayer
5,status,11,villager,alive,SamplePlayer
5,status,12,medium,dead,SamplePlayer
5,result,1,1,werewolf
