0,status,1,werewolf,alive,SamplePlayer
0,status,2,seer,alive,SamplePlayer
0,status,3,villager,alive,SamplePlayer
0,status,4,medium,alive,SamplePlayer
0,status,5,villager,alive,SamplePlayer
0,status,6,villager,alive,SamplePlayer
0,status,7,villager,alive,SamplePlayer
0,status,8,possessed,alive,SamplePlayer
0,status,9,villager,alive,SamplePlayer
0,status,10,werewolf,alive,SamplePlayer
0,status,11,bodyguard,alive,SamplePlayer
0,status,12,villager,alive,SamplePlayer
0,talk,0,7,2 werewolf
0,talk,1,3,1 werewolf
0,talk,2,12,7 werewolf
0,talk,3,5,4 werewolf
0,talk,4,8,3 werewolf
0,talk,5,6,7 werewolf
0,talk,6,2,1 werewolf
0,talk,7,9,10 werewolf
0,talk,8,10,3 werewolf
0,talk,9,1,12 werewolf
0,talk,10,4,12 werewolf
0,talk,11,11,10 werewolf
0,whisper,0,1,Over
0,whisper,1,10,Over
0,talk,12,10,Over
0,talk,13,7,Over
0,talk,14,8,Over
0,talk,15,12,Over
0,talk,16,5,Over
0,talk,17,2,Over
0,talk,18,3,Over
0,talk,19,9,Over
0,talk,20,4,Over
0,talk,21,1,Over
0,talk,22,6,Over
0,talk,23,11,Over
0,whisper,2,1,Over
0,whisper,3,10,Over
0,vote,3,1
0,vote,4,12
0,vote,1,12
0,vote,2,1
0,vote,7,2
0,vote,8,3
0,vote,5,4
0,vote,6,7
0,vote,11,10
0,vote,12,7
0,vote,9,10
0,vote,10,3
0,divine,2,11,Human
0,guard,11,10,werewolf
0,attackVote,1,8
0,attackVote,10,6
0,execute,1,werewolf
0,attack,8,true
1,status,1,werewolf,dead,SamplePlayer
1,status,2,seer,alive,SamplePlayer
1,status,3,villager,alive,SamplePlayer
1,status,4,medium,alive,SamplePlayer
1,status,5,villager,alive,SamplePlayer
1,status,6,villager,alive,SamplePlayer
1,status,7,villager,alive,SamplePlayer
1,status,8,possessed,dead,SamplePlayer
1,status,9,villager,alive,SamplePlayer
1,status,10,werewolf,alive,SamplePlayer
1,status,11,bodyguard,alive,SamplePlayer
1,status,12,villager,alive,SamplePlayer
1,talk,0,10,( 5 werewolf ) and ( 10 comingout seer ) and ( 5 inspected werewolf ) 
1,talk,1,3,5 werewolf
1,talk,2,5,4 werewolf
1,talk,3,11,5 werewolf
1,talk,4,9,5 werewolf
1,talk,5,12,5 werewolf
1,talk,6,6,5 werewolf
1,talk,7,7,5 werewolf
1,talk,8,4,5 werewolf
1,talk,9,2,10 werewolf
1,whisper,0,10,Over
1,talk,10,4,Over
1,talk,11,5,Over
1,talk,12,11,Over
1,talk,13,7,Over
1,talk,14,10,Over
1,talk,15,9,Over
1,talk,16,12,Over
1,talk,17,6,Over
1,talk,18,2,Over
1,talk,19,3,Over
1,whisper,1,10,Over
1,vote,3,5
1,vote,4,5
1,vote,2,10
1,vote,7,5
1,vote,5,4
1,vote,6,5
1,vote,11,5
1,vote,12,5
1,vote,9,5
1,vote,10,5
1,divine,2,5,Human
1,guard,11,5,villager
1,attackVote,10,3
1,execute,5,villager
1,attack,3,true
2,status,1,werewolf,dead,SamplePlayer
2,status,2,seer,alive,SamplePlayer
2,status,3,villager,dead,SamplePlayer
2,status,4,medium,alive,SamplePlayer
2,status,5,villager,dead,SamplePlayer
2,status,6,villager,alive,SamplePlayer
2,status,7,villager,alive,SamplePlayer
2,status,8,possessed,dead,SamplePlayer
2,status,9,villager,alive,SamplePlayer
2,status,10,werewolf,alive,SamplePlayer
2,status,11,bodyguard,alive,SamplePlayer
2,status,12,villager,alive,SamplePlayer
2,talk,0,6,10 werewolf
2,talk,1,9,7 werewolf
2,talk,2,10,( 5 werewolf ) and ( 6 inspected werewolf ) 
2,talk,3,7,6 werewolf
2,talk,4,12,6 werewolf
2,talk,5,11,6 werewolf
2,talk,6,4,10 werewolf
2,talk,7,2,( 10 werewolf ) and ( 2 comingout seer ) and ( 11 inspected HUMAN ) and ( 5 inspected HUMAN ) 
2,whisper,0,10,Over
2,talk,8,7,Over
2,talk,9,2,Over
2,talk,10,9,6 werewolf
2,talk,11,4,Over
2,talk,12,10,Over
2,talk,13,6,7 werewolf
2,talk,14,12,Over
2,talk,15,11,Over
2,whisper,1,10,Over
2,talk,16,10,Over
2,talk,17,9,Over
2,talk,18,6,Over
2,talk,19,7,Over
2,talk,20,4,Over
2,talk,21,11,Over
2,talk,22,2,Over
2,talk,23,12,Over
2,whisper,2,10,Over
2,vote,4,10
2,vote,2,10
2,vote,7,6
2,vote,6,7
2,vote,11,6
2,vote,12,6
2,vote,9,6
2,vote,10,5
2,divine,2,4,Human
2,guard,11,2,seer
2,attackVote,10,2
2,execute,6,villager
2,attack,2,false
3,status,1,werewolf,dead,SamplePlayer
3,status,2,seer,alive,SamplePlayer
3,status,3,villager,dead,SamplePlayer
3,status,4,medium,alive,SamplePlayer
3,status,5,villager,dead,SamplePlayer
3,status,6,villager,dead,SamplePlayer
3,status,7,villager,alive,SamplePlayer
3,status,8,possessed,dead,SamplePlayer
3,status,9,villager,alive,SamplePlayer
3,status,10,werewolf,alive,SamplePlayer
3,status,11,bodyguard,alive,SamplePlayer
3,status,12,villager,alive,SamplePlayer
3,talk,0,11,4 werewolf
3,talk,1,4,( 10 werewolf ) and ( 4 comingout medium ) and ( 1 medium_telled werewolf ) and ( 5 medium_telled HUMAN ) and ( 6 medium_telled HUMAN ) 
3,talk,2,12,10 werewolf
3,talk,3,9,12 werewolf
3,talk,4,2,( 10 werewolf ) and ( 4 inspected HUMAN ) 
3,talk,5,7,2 werewolf
3,talk,6,10,( 6 werewolf ) and ( 11 inspected HUMAN ) 
3,whisper,0,10,Over
3,talk,7,10,Over
3,talk,8,2,Over
3,talk,9,4,Over
3,talk,10,9,4 werewolf
3,talk,11,11,Over
3,talk,12,12,7 werewolf
3,talk,13,7,10 werewolf
3,whisper,1,10,Over
3,talk,14,4,Over
3,talk,15,2,Over
3,talk,16,11,Over
3,talk,17,10,Over
3,talk,18,12,Over
3,talk,19,7,Over
3,talk,20,9,Over
3,whisper,2,10,Over
3,vote,4,10
3,vote,2,10
3,vote,7,10
3,vote,11,4
3,vote,12,7
3,vote,9,4
3,vote,10,6
3,divine,2,7,Human
3,guard,11,2,seer
3,attackVote,10,11
3,execute,10,werewolf
4,status,1,werewolf,dead,SamplePlayer
4,status,2,seer,alive,SamplePlayer
4,status,3,villager,dead,SamplePlayer
4,status,4,medium,alive,SamplePlayer
4,status,5,villager,dead,SamplePlayer
4,status,6,villager,dead,SamplePlayer
4,status,7,villager,alive,SamplePlayer
4,status,8,possessed,dead,SamplePlayer
4,status,9,villager,alive,SamplePlayer
4,status,10,werewolf,dead,SamplePlayer
4,status,11,bodyguard,alive,SamplePlayer
4,status,12,villager,alive,SamplePlayer
4,result,6,0,villager
