0,status,1,villager,alive,SamplePlayer
0,status,2,medium,alive,SamplePlayer
0,status,3,villager,alive,SamplePlayer
0,status,4,villager,alive,SamplePlayer
0,status,5,villager,alive,SamplePlayer
0,status,6,bodyguard,alive,SamplePlayer
0,status,7,villager,alive,SamplePlayer
0,status,8,possessed,alive,SamplePlayer
0,status,9,seer,alive,SamplePlayer
0,status,10,villager,alive,SamplePlayer
0,status,11,werewolf,alive,SamplePlayer
0,status,12,werewolf,alive,SamplePlayer
0,talk,0,4,12 werewolf
0,talk,1,12,12 werewolf
0,talk,2,10,12 werewolf
0,talk,3,1,10 werewolf
0,talk,4,11,4 werewolf
0,talk,5,6,4 werewolf
0,talk,6,7,5 werewolf
0,talk,7,8,5 werewolf
0,talk,8,9,4 werewolf
0,talk,9,2,7 werewolf
0,talk,10,3,9 werewolf
0,talk,11,5,10 werewolf
0,whisper,0,12,Over
0,whisper,1,11,Over
0,talk,12,6,Over
0,talk,13,4,Over
0,talk,14,7,Over
0,talk,15,9,Over
0,talk,16,8,Over
0,talk,17,1,Over
0,talk,18,2,Over
0,talk,19,10,Over
0,talk,20,11,Over
0,talk,21,5,Over
0,talk,22,3,Over
0,talk,23,12,Over
0,whisper,2,12,Over
0,whisper,3,11,Over
0,vote,3,9
0,vote,4,12
0,vote,1,10
0,vote,2,7
0,vote,7,5
0,vote,8,5
0,vote,5,10
0,vote,6,4
0,vote,11,4
0,vote,12,12
0,vote,9,4
0,vote,10,12
0,divine,9,6,Human
0,guard,6,12,werewolf
0,attackVote,11,10
0,attackVote,12,8
0,execute,12,werewolf
0,attack,8,true
1,status,1,villager,alive,SamplePlayer
1,status,2,medium,alive,SamplePlayer
1,status,3,villager,alive,SamplePlayer
1,status,4,villager,alive,SamplePlayer
1,status,5,villager,alive,SamplePlayer
1,status,6,bodyguard,alive,SamplePlayer
1,status,7,villager,alive,SamplePlayer
1,status,8,possessed,dead,SamplePlayer
1,status,9,seer,alive,SamplePlayer
1,status,10,villager,alive,SamplePlayer
1,status,11,werewolf,alive,SamplePlayer
1,status,12,werewolf,dead,SamplePlayer
1,talk,0,9,10 werewolf
1,talk,1,3,4 werewolf
1,talk,2,10,11 werewolf
1,talk,3,1,6 werewolf
1,talk,4,4,2 werewolf
1,talk,5,11,10 werewolf
1,talk,6,5,4 werewolf
1,talk,7,7,9 werewolf
1,talk,8,6,5 werewolf
1,talk,9,2,( 7 werewolf ) and ( 2 comingout medium ) and ( 12 medium_telled werewolf ) 
1,whisper,0,11,Over
1,talk,10,2,Over
1,talk,11,1,Over
1,talk,12,6,Over
1,talk,13,5,Over
1,talk,14,4,Over
1,talk,15,3,Over
1,talk,16,10,Over
1,talk,17,11,Over
1,talk,18,9,Over
1,talk,19,7,Over
1,whisper,1,11,Over
1,vote,3,4
1,vote,4,2
1,vote,1,6
1,vote,2,7
1,vote,7,9
1,vote,5,4
1,vote,6,5
1,vote,11,10
1,vote,9,10
1,vote,10,11
1,divine,9,4,Human
1,guard,6,2,medium
1,attackVote,11,2
1,execute,10,villager
1,attack,2,false
2,status,1,villager,alive,SamplePlayer
2,status,2,medium,alive,SamplePlayer
2,status,3,villager,alive,SamplePlayer
2,status,4,villager,alive,SamplePlayer
2,status,5,villager,alive,SamplePlayer
2,status,6,bodyguard,alive,SamplePlayer
2,status,7,villager,alive,SamplePlayer
2,status,8,possessed,dead,SamplePlayer
2,status,9,seer,alive,SamplePlayer
2,status,10,villager,dead,SamplePlayer
2,status,11,werewolf,alive,SamplePlayer
2,status,12,werewolf,dead,SamplePlayer
2,talk,0,6,4 werewolf
2,talk,1,5,6 werewolf
2,talk,2,2,( 3 werewolf ) and ( 10 medium_telled HUMAN ) 
2,talk,3,11,10 werewolf
2,talk,4,9,5 werewolf
2,talk,5,7,6 werewolf
2,talk,6,1,4 werewolf
2,talk,7,3,9 werewolf
2,talk,8,4,3 werewolf
2,whisper,0,11,Over
2,talk,9,4,Over
2,talk,10,2,Over
2,talk,11,1,Over
2,talk,12,11,Over
2,talk,13,3,Over
2,talk,14,6,Over
2,talk,15,7,Over
2,talk,16,9,Over
2,talk,17,5,Over
2,whisper,1,11,Over
2,vote,3,9
2,vote,4,3
2,vote,1,4
2,vote,2,3
2,vote,7,6
2,vote,5,6
2,vote,6,4
2,vote,11,10
2,vote,9,5
2,divine,9,11,Werewolf
2,guard,6,2,medium
2,attackVote,11,2
2,execute,6,bodyguard
2,attack,2,false
3,status,1,villager,alive,SamplePlayer
3,status,2,medium,alive,SamplePlayer
3,status,3,villager,alive,SamplePlayer
3,status,4,villager,alive,SamplePlayer
3,status,5,villager,alive,SamplePlayer
3,status,6,bodyguard,dead,SamplePlayer
3,status,7,villager,alive,SamplePlayer
3,status,8,possessed,dead,SamplePlayer
3,status,9,seer,alive,SamplePlayer
3,status,10,villager,dead,SamplePlayer
3,status,11,werewolf,alive,SamplePlayer
3,status,12,werewolf,dead,SamplePlayer
3,talk,0,7,9 werewolf
3,talk,1,5,7 werewolf
3,talk,2,1,2 werewolf
3,talk,3,3,9 werewolf
3,talk,4,11,( 10 werewolf ) and ( 11 comingout seer ) and ( 10 inspected werewolf ) and ( 6 inspected werewolf ) and ( 3 inspected HUMAN ) 
3,talk,5,2,( 11 werewolf ) and ( 6 medium_telled HUMAN ) 
3,talk,6,9,( 11 werewolf ) and ( 9 comingout seer ) and ( 6 inspected HUMAN ) and ( 4 inspected HUMAN ) and ( 11 inspected werewolf ) 
3,talk,7,4,11 werewolf
3,whisper,0,11,Over
3,talk,8,11,Over
3,talk,9,7,11 werewolf
3,talk,10,2,Over
3,talk,11,9,Over
3,talk,12,3,11 werewolf
3,talk,13,1,11 werewolf
3,talk,14,4,Over
3,talk,15,5,11 werewolf
3,whisper,1,11,Over
3,talk,16,1,Over
3,talk,17,5,Over
3,talk,18,11,Over
3,talk,19,4,Over
3,talk,20,9,Over
3,talk,21,7,Over
3,talk,22,3,Over
3,talk,23,2,Over
3,whisper,2,11,Over
3,vote,3,11
3,vote,4,11
3,vote,1,11
3,vote,2,11
3,vote,7,11
3,vote,5,11
3,vote,11,10
3,vote,9,11
3,divine,9,1,Human
3,attackVote,11,4
3,execute,11,werewolf
4,status,1,villager,alive,SamplePlayer
4,status,2,medium,alive,SamplePlayer
4,status,3,villager,alive,SamplePlayer
4,status,4,villager,alive,SamplePlayer
4,status,5,villager,alive,SamplePlayer
4,status,6,bodyguard,dead,SamplePlayer
4,status,7,villager,alive,SamplePlayer
4,status,8,possessed,dead,SamplePlayer
4,status,9,seer,alive,SamplePlayer
4,status,10,villager,dead,SamplePlayer
4,status,11,werewolf,dead,SamplePlayer
4,status,12,werewolf,dead,SamplePlayer
4,result,7,0,villager
