0,status,1,seer,alive,SamplePlayer
0,status,2,bodyguard,alive,SamplePlayer
0,status,3,villager,alive,SamplePlayer
0,status,4,possessed,alive,SamplePlayer
0,status,5,villager,alive,SamplePlayer
0,status,6,villager,alive,SamplePlayer
0,status,7,medium,alive,SamplePlayer
0,status,8,villager,alive,SamplePlayer
0,status,9,werewolf,alive,SamplePlayer
0,status,10,werewolf,alive,SamplePlayer
0,status,11,villager,alive,SamplePlayer
0,status,12,villager,alive,SamplePlayer
0,talk,0,1,10 werewolf
0,talk,1,4,9 werewolf
0,talk,2,7,1 werewolf
0,talk,3,6,12 werewolf
0,talk,4,10,3 werewolf
0,talk,5,2,9 werewolf
0,talk,6,11,3 werewolf
0,talk,7,3,8 werewolf
0,talk,8,8,12 werewolf
0,talk,9,12,11 werewolf
0,talk,10,9,2 werewolf
0,talk,11,5,12 werewolf
0,whisper,0,10,Over
0,whisper,1,9,Over
0,talk,12,6,Over
0,talk,13,8,Over
0,talk,14,4,Over
0,talk,15,11,Over
0,talk,16,2,Over
0,talk,17,5,Over
0,talk,18,1,Over
0,talk,19,10,Over
0,talk,20,3,Over
0,talk,21,7,Over
0,talk,22,9,Over
0,talk,23,12,Over
0,whisper,2,10,Over
0,whisper,3,9,Over
0,vote,3,8
0,vote,4,9
0,vote,1,10
0,vote,2,9
0,vote,7,1
0,vote,8,12
0,vote,5,12
0,vote,6,12
0,vote,11,3
0,vote,12,11
0,vote,9,2
0,vote,10,3
0,divine,1,10,Werewolf
0,guard,2,1,seer
0,attackVote,9,7
0,attackVote,10,12
0,execute,12,villager
0,attack,12,true
1,status,1,seer,alive,SamplePlayer
1,status,2,bodyguard,alive,SamplePlayer
1,status,3,villager,alive,SamplePlayer
1,status,4,possessed,alive,SamplePlayer
1,status,5,villager,alive,SamplePlayer
1,status,6,villager,alive,SamplePlayer
1,status,7,medium,alive,SamplePlayer
1,status,8,villager,alive,SamplePlayer
1,status,9,werewolf,alive,SamplePlayer
1,status,10,werewolf,alive,SamplePlayer
1,status,11,villager,alive,SamplePlayer
1,status,12,villager,dead,SamplePlayer
1,talk,0,11,2 werewolf
1,talk,1,2,9 werewolf
1,talk,2,6,10 werewolf
1,talk,3,4,3 werewolf
1,talk,4,1,10 werewolf
1,talk,5,3,5 werewolf
1,talk,6,9,8 werewolf
1,talk,7,7,8 werewolf
1,talk,8,5,10 werewolf
1,talk,9,8,5 werewolf
1,talk,10,10,( 12 werewolf ) and ( 10 comingout seer ) and ( 12 inspected werewolf ) 
1,whisper,0,9,Over
1,whisper,1,10,Over
1,talk,11,8,1 werewolf
1,talk,12,11,5 werewolf
1,talk,13,3,Over
1,talk,14,4,Over
1,talk,15,2,8 werewolf
1,talk,16,1,Over
1,talk,17,6,11 werewolf
1,talk,18,10,Over
1,talk,19,9,Over
1,talk,20,5,1 werewolf
1,talk,21,7,10 werewolf
1,whisper,2,10,Over
1,whisper,3,9,Over
1,talk,22,4,Over
1,talk,23,6,Over
1,talk,24,8,Over
1,talk,25,1,Over
1,talk,26,7,Over
1,talk,27,10,Over
1,talk,28,5,Over
1,talk,29,2,Over
1,talk,30,11,Over
1,talk,31,9,Over
1,talk,32,3,Over
1,whisper,4,9,Over
1,whisper,5,10,Over
1,vote,3,5
1,vote,4,3
1,vote,1,10
1,vote,2,8
1,vote,7,10
1,vote,8,1
1,vote,5,1
1,vote,6,11
1,vote,11,5
1,vote,9,8
1,vote,10,12
1,divine,1,3,Human
1,guard,2,10,werewolf
1,attackVote,9,2
1,attackVote,10,8
1,execute,5,villager
1,attack,8,true
2,status,1,seer,alive,SamplePlayer
2,status,2,bodyguard,alive,SamplePlayer
2,status,3,villager,alive,SamplePlayer
2,status,4,possessed,alive,SamplePlayer
2,status,5,villager,dead,SamplePlayer
2,status,6,villager,alive,SamplePlayer
2,status,7,medium,alive,SamplePlayer
2,status,8,villager,dead,SamplePlayer
2,status,9,werewolf,alive,SamplePlayer
2,status,10,werewolf,alive,SamplePlayer
2,status,11,villager,alive,SamplePlayer
2,status,12,villager,dead,SamplePlayer
2,talk,0,6,3 werewolf
2,talk,1,1,10 werewolf
2,talk,2,11,4 werewolf
2,talk,3,10,( 12 werewolf ) and ( 9 inspected HUMAN ) 
2,talk,4,7,( 10 werewolf ) and ( 7 comingout medium ) and ( 12 medium_telled HUMAN ) and ( 5 medium_telled HUMAN ) 
2,talk,5,3,9 werewolf
2,talk,6,2,7 werewolf
2,talk,7,4,11 werewolf
2,talk,8,9,8 werewolf
2,whisper,0,10,Over
2,whisper,1,9,Over
2,talk,9,10,Over
2,talk,10,9,Over
2,talk,11,6,4 werewolf
2,talk,12,2,Over
2,talk,13,1,Over
2,talk,14,11,3 werewolf
2,talk,15,7,Over
2,talk,16,4,Over
2,talk,17,3,Over
2,whisper,2,10,Over
2,whisper,3,9,Over
2,talk,18,6,Over
2,talk,19,4,Over
2,talk,20,2,Over
2,talk,21,9,Over
2,talk,22,7,Over
2,talk,23,10,Over
2,talk,24,11,Over
2,talk,25,3,Over
2,talk,26,1,Over
2,whisper,4,9,Over
2,whisper,5,10,Over
2,vote,3,9
2,vote,4,11
2,vote,1,10
2,vote,2,7
2,vote,7,10
2,vote,6,4
2,vote,11,3
2,vote,9,8
2,vote,10,12
2,divine,1,4,Human
2,guard,2,10,werewolf
2,attackVote,9,7
2,attackVote,10,7
2,execute,10,werewolf
2,attack,7,true
3,status,1,seer,alive,SamplePlayer
3,status,2,bodyguard,alive,SamplePlayer
3,status,3,villager,alive,SamplePlayer
3,status,4,possessed,alive,SamplePlayer
3,status,5,villager,dead,SamplePlayer
3,status,6,villager,alive,SamplePlayer
3,status,7,medium,dead,SamplePlayer
3,status,8,villager,dead,SamplePlayer
3,status,9,werewolf,alive,SamplePlayer
3,status,10,werewolf,dead,SamplePlayer
3,status,11,villager,alive,SamplePlayer
3,status,12,villager,dead,SamplePlayer
3,talk,0,3,1 werewolf
3,talk,1,11,1 werewolf
3,talk,2,6,1 werewolf
3,talk,3,1,( 4 werewolf ) and ( 1 comingout seer ) and ( 10 inspected werewolf ) and ( 3 inspected HUMAN ) and ( 4 inspected HUMAN ) 
3,talk,4,4,11 werewolf
3,talk,5,9,( 8 werewolf ) and ( 9 comingout medium ) and ( 8 medium_telled werewolf ) and ( 4 medium_telled HUMAN ) and ( 6 medium_telled HUMAN ) 
3,talk,6,2,1 werewolf
3,whisper,0,9,Over
3,talk,7,4,Over
3,talk,8,3,6 werewolf
3,talk,9,6,9 werewolf
3,talk,10,11,9 werewolf
3,talk,11,1,Over
3,talk,12,9,Over
3,talk,13,2,Over
3,whisper,1,9,Over
3,talk,14,3,Over
3,talk,15,4,Over
3,talk,16,9,Over
3,talk,17,11,Over
3,talk,18,6,Over
3,talk,19,2,Over
3,talk,20,1,Over
3,whisper,2,9,Over
3,vote,3,6
3,vote,4,11
3,vote,1,4
3,vote,2,1
3,vote,6,9
3,vote,11,9
3,vote,9,8
3,divine,1,11,Human
3,guard,2,9,werewolf
3,attackVote,9,6
3,execute,9,werewolf
4,status,1,seer,alive,SamplePlayer
4,status,2,bodyguard,alive,SamplePlayer
4,status,3,villager,alive,SamplePlayer
4,status,4,possessed,alive,SamplePlayer
4,status,5,villager,dead,SamplePlayer
4,status,6,villager,alive,SamplePlayer
4,status,7,medium,dead,SamplePlayer
4,status,8,villager,dead,SamplePlayer
4,status,9,werewolf,dead,SamplePlayer
4,status,10,werewolf,dead,SamplePlayer
4,status,11,villager,alive,SamplePlayer
4,status,12,villager,dead,SamplePlayer
4,result,6,0,villager
