0,status,1,seer,alive,SamplePlayer
0,status,2,werewolf,alive,SamplePlayer
0,status,3,villager,alive,SamplePlayer
0,status,4,werewolf,alive,SamplePlayer
0,status,5,villager,alive,SamplePlayer
0,status,6,medium,alive,SamplePlayer
0,status,7,bodyguard,alive,SamplePlayer
0,status,8,villager,alive,SamplePlayer
0,status,9,possessed,alive,SamplePlayer
0,status,10,villager,alive,SamplePlayer
0,status,11,villager,alive,SamplePlayer
0,status,12,villager,alive,SamplePlayer
0,talk,0,5,11 werewolf
0,talk,1,2,11 werewolf
0,talk,2,4,7 werewolf
0,talk,3,10,9 werewolf
0,talk,4,8,1 werewolf
0,talk,5,12,11 werewolf
0,talk,6,3,7 werewolf
0,talk,7,6,7 werewolf
0,talk,8,7,4 werewolf
0,talk,9,1,8 werewolf
0,talk,10,11,8 werewolf
0,talk,11,9,10 werewolf
0,whisper,0,2,Over
0,whisper,1,4,Over
0,talk,12,2,Over
0,talk,13,4,Over
0,talk,14,1,Over
0,talk,15,9,Over
0,talk,16,3,Over
0,talk,17,12,Over
0,talk,18,7,Over
0,talk,19,6,Over
0,talk,20,8,Over
0,talk,21,5,Over
0,talk,22,11,Over
0,talk,23,10,Over
0,whisper,2,4,Over
0,whisper,3,2,Over
0,vote,3,7
0,vote,4,7
0,vote,1,8
0,vote,2,11
0,vote,7,4
0,vote,8,1
0,vote,5,11
0,vote,6,7
0,vote,11,8
0,vote,12,11
0,vote,9,10
0,vote,10,9
0,divine,1,9,Human
0,guard,7,1,seer
0,attackVote,4,9
0,attackVote,2,3
0,execute,7,bodyguard
0,attack,9,true
1,status,1,seer,alive,SamplePlayer
1,status,2,werewolf,alive,SamplePlayer
1,status,3,villager,alive,SamplePlayer
1,status,4,werewolf,alive,SamplePlayer
1,status,5,villager,alive,SamplePlayer
1,status,6,medium,alive,SamplePlayer
1,status,7,bodyguard,dead,SamplePlayer
1,status,8,villager,alive,SamplePlayer
1,status,9,possessed,dead,SamplePlayer
1,status,10,villager,alive,SamplePlayer
1,status,11,villager,alive,SamplePlayer
1,status,12,villager,alive,SamplePlayer
1,talk,0,1,( 8 werewolf ) and ( 1 comingout seer ) and ( 9 inspected HUMAN ) 
1,talk,1,10,6 werewolf
1,talk,2,12,8 werewolf
1,talk,3,11,6 werewolf
1,talk,4,4,1 werewolf
1,talk,5,3,6 werewolf
1,talk,6,2,( 12 werewolf ) and ( 2 comingout medium ) and ( 11 medium_telled HUMAN ) 
1,talk,7,8,4 werewolf
1,talk,8,6,2 werewolf
1,talk,9,5,6 werewolf
1,whisper,0,2,Over
1,whisper,1,4,Over
1,talk,10,11,Over
1,talk,11,12,Over
1,talk,12,4,Over
1,talk,13,5,Over
1,talk,14,3,Over
1,talk,15,6,Over
1,talk,16,2,Over
1,talk,17,10,Over
1,talk,18,1,Over
1,talk,19,8,Over
1,whisper,2,4,Over
1,whisper,3,2,Over
1,vote,3,6
1,vote,4,1
1,vote,1,8
1,vote,2,12
1,vote,8,4
1,vote,5,6
1,vote,6,2
1,vote,11,6
1,vote,12,8
1,vote,10,6
1,divine,1,8,Human
1,attackVote,4,1
1,attackVote,2,1
1,execute,6,medium
1,attack,1,true
2,status,1,seer,dead,SamplePlayer
2,status,2,werewolf,alive,SamplePlayer
2,status,3,villager,alive,SamplePlayer
2,status,4,werewolf,alive,SamplePlayer
2,status,5,villager,alive,SamplePlayer
2,status,6,medium,dead,SamplePlayer
2,status,7,bodyguard,dead,SamplePlayer
2,status,8,villager,alive,SamplePlayer
2,status,9,possessed,dead,SamplePlayer
2,status,10,villager,alive,SamplePlayer
2,status,11,villager,alive,SamplePlayer
2,status,12,villager,alive,SamplePlayer
2,talk,0,2,( 5 werewolf ) and ( 4 medium_telled HUMAN ) 
2,talk,1,10,8 werewolf
2,talk,2,4,( 5 werewolf ) and ( 4 comingout seer ) and ( 2 inspected HUMAN ) and ( 8 inspected HUMAN ) 
2,talk,3,8,5 werewolf
2,talk,4,12,5 werewolf
2,talk,5,11,2 werewolf
2,talk,6,3,2 werewolf
2,talk,7,5,8 werewolf
2,whisper,0,4,Over
2,whisper,1,2,Over
2,talk,8,4,12 werewolf
2,talk,9,8,Over
2,talk,10,10,Over
2,talk,11,2,3 werewolf
2,talk,12,11,Over
2,talk,13,12,Over
2,talk,14,3,Over
2,talk,15,5,Over
2,whisper,2,4,Over
2,whisper,3,2,Over
2,talk,16,10,Over
2,talk,17,12,Over
2,talk,18,4,Over
2,talk,19,3,Over
2,talk,20,5,Over
2,talk,21,8,Over
2,talk,22,2,Over
2,talk,23,11,Over
2,whisper,4,2,Over
2,whisper,5,4,Over
2,vote,3,2
2,vote,4,12
2,vote,2,3
2,vote,8,5
2,vote,5,8
2,vote,11,2
2,vote,12,5
2,vote,10,8
2,attackVote,4,12
2,attackVote,2,5
2,execute,8,villager
2,attack,12,true
3,status,1,seer,dead,SamplePlayer
3,status,2,werewolf,alive,SamplePlayer
3,status,3,villager,alive,SamplePlayer
3,status,4,werewolf,alive,SamplePlayer
3,status,5,villager,alive,SamplePlayer
3,status,6,medium,dead,SamplePlayer
3,status,7,bodyguard,dead,SamplePlayer
3,status,8,villager,dead,SamplePlayer
3,status,9,possessed,dead,SamplePlayer
3,status,10,villager,alive,SamplePlayer
3,status,11,villager,alive,SamplePlayer
3,status,12,villager,dead,SamplePlayer
3,talk,0,2,( 10 werewolf ) and ( 11 medium_telled HUMAN ) 
3,talk,1,4,( 4 werewolf ) and ( 10 inspected HUMAN ) 
3,talk,2,10,2 werewolf
3,talk,3,3,10 werewolf
3,talk,4,11,2 werewolf
3,talk,5,5,2 werewolf
3,whisper,0,4,Over
3,whisper,1,2,Over
3,talk,6,3,Over
3,talk,7,5,Over
3,talk,8,10,Over
3,talk,9,2,Over
3,talk,10,11,Over
3,talk,11,4,Over
3,whisper,2,2,Over
3,whisper,3,4,Over
3,vote,3,10
3,vote,4,4
3,vote,2,10
3,vote,5,2
3,vote,11,2
3,vote,10,2
3,attackVote,4,11
3,attackVote,2,5
3,execute,2,werewolf
3,attack,11,true
4,status,1,seer,dead,SamplePlayer
4,status,2,werewolf,dead,SamplePlayer
4,status,3,villager,alive,SamplePlayer
4,status,4,werewolf,alive,SamplePlayer
4,status,5,villager,alive,SamplePlayer
4,status,6,medium,dead,SamplePlayer
4,status,7,bodyguard,dead,SamplePlayer
4,status,8,villager,dead,SamplePlayer
4,status,9,possessed,dead,SamplePlayer
4,status,10,villager,alive,SamplePlayer
4,status,11,villager,dead,SamplePlayer
4,status,12,villager,dead,SamplePlayer
4,talk,0,3,4 werewolf
4,talk,1,10,4 werewolf
4,talk,2,4,( 5 werewolf ) and ( 10 inspected HUMAN ) 
4,talk,3,5,10 werewolf
4,whisper,0,4,Over
4,talk,4,3,Over
4,talk,5,4,Over
4,talk,6,5,Over
4,talk,7,10,3 werewolf
4,whisper,1,4,Over
4,talk,8,4,Over
4,talk,9,3,Over
4,talk,10,10,Over
4,talk,11,5,Over
4,whisper,2,4,Over
4,vote,3,4
4,vote,4,5
4,vote,5,10
4,vote,10,3
4,attackVote,4,3
4,execute,10,villager
4,attack,3,true
5,status,1,seer,dead,SamplePlayer
5,status,2,werewolf,dead,SamplePlayer
5,status,3,villager,dead,SamplePlayer
5,status,4,werewolf,alive,SamplePlayer
5,status,5,villager,alive,SamplePlayer
5,status,6,medium,dead,SamplePlayer
5,status,7,bodyguard,dead,SamplePlayer
5,status,8,villager,dead,SamplePlayer
5,status,9,possessed,dead,SamplePlayer
5,status,10,villager,dead,SamplePlayer
5,status,11,villager,dead,SamplePlayer
5,status,12,villager,dead,SamplePlayer
5,result,1,1,werewolf
