0,status,1,possessed,alive,SamplePlayer
0,status,2,villager,alive,SamplePlayer
0,status,3,seer,alive,SamplePlayer
0,status,4,werewolf,alive,SamplePlayer
0,status,5,villager,alive,SamplePlayer
0,status,6,medium,alive,SamplePlayer
0,status,7,villager,alive,SamplePlayer
0,status,8,villager,alive,SamplePlayer
0,status,9,villager,alive,SamplePlayer
0,status,10,bodyguard,alive,SamplePlayer
0,status,11,villager,alive,SamplePlayer
0,status,12,werewolf,alive,SamplePlayer
0,talk,0,9,11 werewolf
0,talk,1,3,11 werewolf
0,talk,2,12,10 werewolf
0,talk,3,8,2 werewolf
0,talk,4,7,3 werewolf
0,talk,5,2,9 werewolf
0,talk,6,1,4 werewolf
0,talk,7,11,4 werewolf
0,talk,8,10,1 werewolf
0,talk,9,5,9 werewolf
0,talk,10,4,5 werewolf
0,talk,11,6,9 werewolf
0,whisper,0,12,Over
0,whisper,1,4,Over
0,talk,12,4,Over
0,talk,13,2,Over
0,talk,14,6,Over
0,talk,15,3,Over
0,talk,16,7,Over
0,talk,17,11,Over
0,talk,18,12,Over
0,talk,19,8,Over
0,talk,20,5,Over
0,talk,21,1,Over
0,talk,22,9,Over
0,talk,23,10,Over
0,whisper,2,4,Over
0,whisper,3,12,Over
0,vote,3,11
0,vote,4,5
0,vote,1,4
0,vote,2,9
0,vote,7,3
0,vote,8,2
0,vote,5,9
0,vote,6,9
0,vote,11,4
0,vote,12,10
0,vote,9,11
0,vote,10,1
0,divine,3,5,Human
0,guard,10,11,villager
0,attackVote,4,1
0,attackVote,12,7
0,execute,9,villager
0,attack,1,true
1,status,1,possessed,dead,SamplePlayer
1,status,2,villager,alive,SamplePlayer
1,status,3,seer,alive,SamplePlayer
1,status,4,werewolf,alive,SamplePlayer
1,status,5,villager,alive,SamplePlayer
1,status,6,medium,alive,SamplePlayer
1,status,7,villager,alive,SamplePlayer
1,status,8,villager,alive,SamplePlayer
1,status,9,villager,dead,SamplePlayer
1,status,10,bodyguard,alive,SamplePlayer
1,status,11,villager,alive,SamplePlayer
1,status,12,werewolf,alive,SamplePlayer
1,talk,0,4,( 4 werewolf ) and ( 4 comingout seer ) and ( 8 inspected HUMAN ) 
1,talk,1,6,( 4 werewolf ) and ( 6 comingout medium ) and ( 9 medium_telled HUMAN ) 
1,talk,2,8,7 werewolf
1,talk,3,5,3 werewolf
1,talk,4,12,( 8 werewolf ) and ( 12 comingout medium ) and ( 8 medium_telled werewolf ) 
1,talk,5,10,4 werewolf
1,talk,6,3,( 4 werewolf ) and ( 3 comingout seer ) and ( 5 inspected HUMAN ) 
1,talk,7,2,5 werewolf
1,talk,8,11,12 werewolf
1,talk,9,7,4 werewolf
1,whisper,0,4,Over
1,whisper,1,12,Over
1,talk,10,8,11 werewolf
1,talk,11,5,12 werewolf
1,talk,12,7,Over
1,talk,13,4,3 werewolf
1,talk,14,12,Over
1,talk,15,6,12 werewolf
1,talk,16,11,Over
1,talk,17,3,Over
1,talk,18,10,7 werewolf
1,talk,19,2,Over
1,whisper,2,12,Over
1,whisper,3,4,Over
1,talk,20,11,Over
1,talk,21,12,Over
1,talk,22,5,Over
1,talk,23,4,Over
1,talk,24,3,Over
1,talk,25,2,Over
1,talk,26,7,Over
1,talk,27,6,Over
1,talk,28,10,Over
1,talk,29,8,Over
1,whisper,4,4,Over
1,whisper,5,12,Over
1,vote,3,4
1,vote,4,3
1,vote,2,5
1,vote,7,4
1,vote,8,11
1,vote,5,12
1,vote,6,12
1,vote,11,12
1,vote,12,8
1,vote,10,7
1,divine,3,5,Human
1,guard,10,12,werewolf
1,attackVote,4,3
1,attackVote,12,11
1,execute,12,werewolf
1,attack,11,true
2,status,1,possessed,dead,SamplePlayer
2,status,2,villager,alive,SamplePlayer
2,status,3,seer,alive,SamplePlayer
2,status,4,werewolf,alive,SamplePlayer
2,status,5,villager,alive,SamplePlayer
2,status,6,medium,alive,SamplePlayer
2,status,7,villager,alive,SamplePlayer
2,status,8,villager,alive,SamplePlayer
2,status,9,villager,dead,SamplePlayer
2,status,10,bodyguard,alive,SamplePlayer
2,status,11,villager,dead,SamplePlayer
2,status,12,werewolf,dead,SamplePlayer
2,talk,0,5,8 werewolf
2,talk,1,3,( 4 werewolf ) and ( 5 inspected HUMAN ) 
2,talk,2,6,( 10 werewolf ) and ( 12 medium_telled werewolf ) 
2,talk,3,10,8 werewolf
2,talk,4,4,( 3 werewolf ) and ( 6 inspected werewolf ) 
2,talk,5,2,5 werewolf
2,talk,6,8,6 werewolf
2,talk,7,7,6 werewolf
2,whisper,0,4,Over
2,talk,8,10,Over
2,talk,9,6,7 werewolf
2,talk,10,3,Over
2,talk,11,2,Over
2,talk,12,7,Over
2,talk,13,8,Over
2,talk,14,5,Over
2,talk,15,4,Over
2,whisper,1,4,Over
2,talk,16,5,Over
2,talk,17,6,Over
2,talk,18,10,Over
2,talk,19,8,Over
2,talk,20,3,Over
2,talk,21,2,Over
2,talk,22,4,Over
2,talk,23,7,Over
2,whisper,2,4,Over
2,vote,3,4
2,vote,4,3
2,vote,2,5
2,vote,7,6
2,vote,8,6
2,vote,5,8
2,vote,6,7
2,vote,10,8
2,divine,3,4,Werewolf
2,guard,10,3,seer
2,attackVote,4,6
2,execute,8,villager
2,attack,6,true
3,status,1,possessed,dead,SamplePlayer
3,status,2,villager,alive,SamplePlayer
3,status,3,seer,alive,SamplePlayer
3,status,4,werewolf,alive,SamplePlayer
3,status,5,villager,alive,SamplePlayer
3,status,6,medium,dead,SamplePlayer
3,status,7,villager,alive,SamplePlayer
3,status,8,villager,dead,SamplePlayer
3,status,9,villager,dead,SamplePlayer
3,status,10,bodyguard,alive,SamplePlayer
3,status,11,villager,dead,SamplePlayer
3,status,12,werewolf,dead,SamplePlayer
3,talk,0,3,( 4 werewolf ) and ( 4 inspected werewolf ) 
3,talk,1,10,4 werewolf
3,talk,2,7,5 werewolf
3,talk,3,2,4 werewolf
3,talk,4,5,4 werewolf
3,talk,5,4,( 3 werewolf ) and ( 2 inspected werewolf ) 
3,whisper,0,4,Over
3,talk,6,2,Over
3,talk,7,3,Over
3,talk,8,10,Over
3,talk,9,4,Over
3,talk,10,7,Over
3,talk,11,5,Over
3,whisper,1,4,Over
3,vote,3,4
3,vote,4,3
3,vote,2,4
3,vote,7,5
3,vote,5,4
3,vote,10,4
3,divine,3,2,Human
3,guard,10,4,werewolf
3,attackVote,4,3
3,execute,4,werewolf
4,status,1,possessed,dead,SamplePlayer
4,status,2,villager,alive,SamplePlayer
4,status,3,seer,alive,SamplePlayer
4,status,4,werewolf,dead,SamplePlayer
4,status,5,villager,alive,SamplePlayer
4,status,6,medium,dead,SamplePlayer
4,status,7,villager,alive,SamplePlayer
4,status,8,villager,dead,SamplePlayer
4,status,9,villager,dead,SamplePlayer
4,status,10,bodyguard,alive,SamplePlayer
4,status,11,villager,dead,SamplePlayer
4,status,12,werewolf,dead,SamplePlayer
4,result,5,0,villager
