0,status,1,villager,alive,SamplePlayer
0,status,2,bodyguard,alive,SamplePlayer
0,status,3,seer,alive,SamplePlayer
0,status,4,villager,alive,SamplePlayer
0,status,5,villager,alive,SamplePlayer
0,status,6,werewolf,alive,SamplePlayer
0,status,7,medium,alive,SamplePlayer
0,status,8,possessed,alive,SamplePlayer
0,status,9,villager,alive,SamplePlayer
0,status,10,villager,alive,SamplePlayer
0,status,11,werewolf,alive,SamplePlayer
0,status,12,villager,alive,SamplePlayer
0,talk,0,12,8 werewolf
0,talk,1,4,8 werewolf
0,talk,2,1,12 werewolf
0,talk,3,6,4 werewolf
0,talk,4,3,5 werewolf
0,talk,5,10,4 werewolf
0,talk,6,2,9 werewolf
0,talk,7,5,7 werewolf
0,talk,8,8,12 werewolf
0,talk,9,9,6 werewolf
0,talk,10,7,4 werewolf
0,talk,11,11,8 werewolf
0,whisper,0,6,Over
0,whisper,1,11,Over
0,talk,12,7,Over
0,talk,13,11,Over
0,talk,14,6,Over
0,talk,15,5,Over
0,talk,16,4,Over
0,talk,17,10,Over
0,talk,18,9,Over
0,talk,19,12,Over
0,talk,20,2,Over
0,talk,21,1,Over
0,talk,22,3,Over
0,talk,23,8,Over
0,whisper,2,6,Over
0,whisper,3,11,Over
0,vote,3,5
0,vote,4,8
0,vote,1,12
0,vote,2,9
0,vote,7,4
0,vote,8,12
0,vote,5,7
0,vote,6,4
0,vote,11,8
0,vote,12,8
0,vote,9,6
0,vote,10,4
0,divine,3,1,Human
0,guard,2,4,villager
0,attackVote,6,10
0,attackVote,11,8
0,execute,4,villager
0,attack,8,true
1,status,1,villager,alive,SamplePlayer
1,status,2,bodyguard,alive,SamplePlayer
1,status,3,seer,alive,SamplePlayer
1,status,4,villager,dead,SamplePlayer
1,status,5,villager,alive,SamplePlayer
1,status,6,werewolf,alive,SamplePlayer
1,status,7,medium,alive,SamplePlayer
1,status,8,possessed,dead,SamplePlayer
1,status,9,villager,alive,SamplePlayer
1,status,10,villager,alive,SamplePlayer
1,status,11,werewolf,alive,SamplePlayer
1,status,12,villager,alive,SamplePlayer
1,talk,0,10,2 werewolf
1,talk,1,9,1 werewolf
1,talk,2,1,2 werewolf
1,talk,3,12,7 werewolf
1,talk,4,6,( 12 werewolf ) and ( 6 comingout seer ) and ( 12 inspected werewolf ) 
1,talk,5,5,12 werewolf
1,talk,6,2,12 werewolf
1,talk,7,3,6 werewolf
1,talk,8,11,10 werewolf
1,talk,9,7,( 12 werewolf ) and ( 7 comingout medium ) and ( 4 medium_telled HUMAN ) 
1,whisper,0,11,Over
1,whisper,1,6,Over
1,talk,10,2,Over
1,talk,11,5,Over
1,talk,12,3,Over
1,talk,13,9,12 werewolf
1,talk,14,1,12 werewolf
1,talk,15,12,Over
1,talk,16,6,Over
1,talk,17,11,Over
1,talk,18,7,Over
1,talk,19,10,12 werewolf
1,whisper,2,6,Over
1,whisper,3,11,Over
1,talk,20,2,Over
1,talk,21,11,Over
1,talk,22,10,Over
1,talk,23,6,Over
1,talk,24,1,Over
1,talk,25,5,Over
1,talk,26,12,Over
1,talk,27,9,Over
1,talk,28,7,Over
1,talk,29,3,Over
1,whisper,4,11,Over
1,whisper,5,6,Over
1,vote,3,6
1,vote,1,12
1,vote,2,12
1,vote,7,12
1,vote,5,12
1,vote,6,12
1,vote,11,10
1,vote,12,7
1,vote,9,12
1,vote,10,12
1,divine,3,6,Werewolf
1,guard,2,7,medium
1,attackVote,6,7
1,attackVote,11,7
1,execute,12,villager
1,attack,7,false
2,status,1,villager,alive,SamplePlayer
2,status,2,bodyguard,alive,SamplePlayer
2,status,3,seer,alive,SamplePlayer
2,status,4,villager,dead,SamplePlayer
2,status,5,villager,alive,SamplePlayer
2,status,6,werewolf,alive,SamplePlayer
2,status,7,medium,alive,SamplePlayer
2,status,8,possessed,dead,SamplePlayer
2,status,9,villager,alive,SamplePlayer
2,status,10,villager,alive,SamplePlayer
2,status,11,werewolf,alive,SamplePlayer
2,status,12,villager,dead,SamplePlayer
2,talk,0,5,10 werewolf
2,talk,1,2,11 werewolf
2,talk,2,1,10 werewolf
2,talk,3,11,9 werewolf
2,talk,4,3,6 werewolf
2,talk,5,9,7 werewolf
2,talk,6,7,( 6 werewolf ) and ( 12 medium_telled HUMAN ) 
2,talk,7,10,3 werewolf
2,talk,8,6,( 12 werewolf ) and ( 1 inspected werewolf ) 
2,whisper,0,11,Over
2,whisper,1,6,Over
2,talk,9,3,Over
2,talk,10,1,Over
2,talk,11,11,Over
2,talk,12,5,1 werewolf
2,talk,13,9,1 werewolf
2,talk,14,10,1 werewolf
2,talk,15,2,1 werewolf
2,talk,16,6,Over
2,talk,17,7,Over
2,whisper,2,11,Over
2,whisper,3,6,Over
2,talk,18,3,Over
2,talk,19,2,Over
2,talk,20,7,Over
2,talk,21,5,Over
2,talk,22,10,Over
2,talk,23,11,Over
2,talk,24,9,Over
2,talk,25,6,Over
2,talk,26,1,Over
2,whisper,4,11,Over
2,whisper,5,6,Over
2,vote,3,6
2,vote,1,10
2,vote,2,1
2,vote,7,6
2,vote,5,1
2,vote,6,12
2,vote,11,9
2,vote,9,1
2,vote,10,1
2,divine,3,5,Human
2,guard,2,7,medium
2,attackVote,6,7
2,attackVote,11,7
2,execute,1,villager
2,attack,7,false
3,status,1,villager,dead,SamplePlayer
3,status,2,bodyguard,alive,SamplePlayer
3,status,3,seer,alive,SamplePlayer
3,status,4,villager,dead,SamplePlayer
3,status,5,villager,alive,SamplePlayer
3,status,6,werewolf,alive,SamplePlayer
3,status,7,medium,alive,SamplePlayer
3,status,8,possessed,dead,SamplePlayer
3,status,9,villager,alive,SamplePlayer
3,status,10,villager,alive,SamplePlayer
3,status,11,werewolf,alive,SamplePlayer
3,status,12,villager,dead,SamplePlayer
3,talk,0,2,7 werewolf
3,talk,1,6,( 12 werewolf ) and ( 2 inspected HUMAN ) 
3,talk,2,7,( 6 werewolf ) and ( 1 medium_telled HUMAN ) 
3,talk,3,3,( 6 werewolf ) and ( 3 comingout seer ) and ( 1 inspected HUMAN ) and ( 6 inspected werewolf ) and ( 5 inspected HUMAN ) 
3,talk,4,11,7 werewolf
3,talk,5,5,6 werewolf
3,talk,6,10,6 werewolf
3,talk,7,9,6 werewolf
3,whisper,0,11,Over
3,whisper,1,6,Over
3,talk,8,3,Over
3,talk,9,5,Over
3,talk,10,9,Over
3,talk,11,11,Over
3,talk,12,2,6 werewolf
3,talk,13,10,Over
3,talk,14,7,Over
3,talk,15,6,Over
3,whisper,2,11,Over
3,whisper,3,6,Over
3,talk,16,2,Over
3,talk,17,3,Over
3,talk,18,11,Over
3,talk,19,5,Over
3,talk,20,6,Over
3,talk,21,10,Over
3,talk,22,9,Over
3,talk,23,7,Over
3,whisper,4,6,Over
3,whisper,5,11,Over
3,vote,3,6
3,vote,2,6
3,vote,7,6
3,vote,5,6
3,vote,6,12
3,vote,11,7
3,vote,9,6
3,vote,10,6
3,divine,3,5,Human
3,guard,2,6,werewolf
3,attackVote,6,3
3,attackVote,11,7
3,execute,6,werewolf
3,attack,7,true
4,status,1,villager,dead,SamplePlayer
4,status,2,bodyguard,alive,SamplePlayer
4,status,3,seer,alive,SamplePlayer
4,status,4,villager,dead,SamplePlayer
4,status,5,villager,alive,SamplePlayer
4,status,6,werewolf,dead,SamplePlayer
4,status,7,medium,dead,SamplePlayer
4,status,8,possessed,dead,SamplePlayer
4,status,9,villager,alive,SamplePlayer
4,status,10,villager,alive,SamplePlayer
4,status,11,werewolf,alive,SamplePlayer
4,status,12,villager,dead,SamplePlayer
4,talk,0,5,3 werewolf
4,talk,1,9,2 werewolf
4,talk,2,3,( 9 werewolf ) and ( 5 inspected HUMAN ) 
4,talk,3,2,9 werewolf
4,talk,4,11,9 werewolf
4,talk,5,10,2 werewolf
4,whisper,0,11,Over
4,talk,6,2,Over
4,talk,7,10,Over
4,talk,8,3,Over
4,talk,9,11,Over
4,talk,10,5,9 werewolf
4,talk,11,9,Over
4,whisper,1,11,Over
4,talk,12,11,Over
4,talk,13,5,Over
4,talk,14,3,Over
4,talk,15,2,Over
4,talk,16,10,Over
4,talk,17,9,Over
4,whisper,2,11,Over
4,vote,3,9
4,vote,2,9
4,vote,5,9
4,vote,11,9
4,vote,9,2
4,vote,10,2
4,divine,3,2,Human
4,guard,2,3,seer
4,attackVote,11,3
4,execute,9,villager
4,attack,3,false
5,status,1,villager,dead,SamplePlayer
5,status,2,bodyguard,alive,SamplePlayer
5,status,3,seer,alive,SamplePlayer
5,status,4,villager,dead,SamplePlayer
5,status,5,villager,alive,SamplePlayer
5,status,6,werewolf,dead,SamplePlayer
5,status,7,medium,dead,SamplePlayer
5,status,8,possessed,dead,SamplePlayer
5,status,9,villager,dead,SamplePlayer
5,status,10,villager,alive,SamplePlayer
5,status,11,werewolf,alive,SamplePlayer
5,status,12,villager,dead,SamplePlayer
5,talk,0,2,5 werewolf
5,talk,1,11,5 werewolf
5,talk,2,3,( 10 werewolf ) and ( 2 inspected HUMAN ) 
5,talk,3,10,5 werewolf
5,talk,4,5,10 werewolf
5,whisper,0,11,Over
5,talk,5,10,Over
5,talk,6,3,Over
5,talk,7,2,Over
5,talk,8,11,Over
5,talk,9,5,Over
5,whisper,1,11,Over
5,vote,3,10
5,vote,2,5
5,vote,5,10
5,vote,11,5
5,vote,10,5
5,divine,3,5,Human
5,guard,2,3,seer
5,attackVote,11,10
5,execute,5,villager
5,attack,10,true
6,status,1,villager,dead,SamplePlayer
6,status,2,bodyguard,alive,SamplePlayer
6,status,3,seer,alive,SamplePlayer
6,status,4,villager,dead,SamplePlayer
6,status,5,villager,dead,SamplePlayer
6,status,6,werewolf,dead,SamplePlayer
6,status,7,medium,dead,SamplePlayer
6,status,8,possessed,dead,SamplePlayer
6,status,9,villager,dead,SamplePlayer
6,status,10,villager,dead,SamplePlayer
6,status,11,werewolf,alive,SamplePlayer
6,status,12,villager,dead,SamplePlayer
6,talk,0,3,( 2 werewolf ) and ( 5 inspected HUMAN ) 
6,talk,1,11,3 werewolf
6,talk,2,2,3 werewolf
6,whisper,0,11,Over
6,talk,3,3,Over
6,talk,4,11,Over
6,talk,5,2,Over
6,whisper,1,11,Over
6,vote,3,2
6,vote,2,3
6,vote,11,3
6,divine,3,11,Werewolf
6,guard,2,3,seer
6,attackVote,11,3
6,execute,3,seer
6,attack,3,false
7,status,1,villager,dead,SamplePlayer
7,status,2,bodyguard,alive,SamplePlayer
7,status,3,seer,dead,SamplePlayer
7,status,4,villager,dead,SamplePlayer
7,status,5,villager,dead,SamplePlayer
7,status,6,werewolf,dead,SamplePlayer
7,status,7,medium,dead,SamplePlayer
7,status,8,possessed,dead,SamplePlayer
7,status,9,villager,dead,SamplePlayer
7,status,10,villager,dead,SamplePlayer
7,status,11,werewolf,alive,SamplePlayer
7,status,12,villager,dead,SamplePlayer
7,result,1,1,werewolf
