0,status,1,villager,alive,SamplePlayer
0,status,2,werewolf,alive,SamplePlayer
0,status,3,bodyguard,alive,SamplePlayer
0,status,4,medium,alive,SamplePlayer
0,status,5,villager,alive,SamplePlayer
0,status,6,seer,alive,SamplePlayer
0,status,7,werewolf,alive,SamplePlayer
0,status,8,villager,alive,SamplePlayer
0,status,9,villager,alive,SamplePlayer
0,status,10,villager,alive,SamplePlayer
0,status,11,possessed,alive,SamplePlayer
0,status,12,villager,alive,SamplePlayer
0,talk,0,4,11 werewolf
0,talk,1,12,8 werewolf
0,talk,2,10,7 werewolf
0,talk,3,9,10 werewolf
0,talk,4,11,1 werewolf
0,talk,5,1,5 werewolf
0,talk,6,3,9 werewolf
0,talk,7,2,10 werewolf
0,talk,8,5,3 werewolf
0,talk,9,8,6 werewolf
0,talk,10,6,3 werewolf
0,talk,11,7,9 werewolf
0,whisper,0,2,Over
0,whisper,1,7,Over
0,talk,12,7,Over
0,talk,13,8,Over
0,talk,14,1,Over
0,talk,15,3,Over
0,talk,16,11,Over
0,talk,17,5,Over
0,talk,18,9,Over
0,talk,19,12,Over
0,talk,20,4,Over
0,talk,21,10,Over
0,talk,22,2,Over
0,talk,23,6,Over
0,whisper,2,2,Over
0,whisper,3,7,Over
0,vote,3,9
0,vote,4,11
0,vote,1,5
0,vote,2,10
0,vote,7,9
0,vote,8,6
0,vote,5,3
0,vote,6,3
0,vote,11,1
0,vote,12,8
0,vote,9,10
0,vote,10,7
0,divine,6,6,Human
0,guard,3,5,villager
0,attackVote,2,1
0,attackVote,7,4
0,execute,9,villager
0,attack,1,true
1,status,1,villager,dead,SamplePlayer
1,status,2,werewolf,alive,SamplePlayer
1,status,3,bodyguard,alive,SamplePlayer
1,status,4,medium,alive,SamplePlayer
1,status,5,villager,alive,SamplePlayer
1,status,6,seer,alive,SamplePlayer
1,status,7,werewolf,alive,SamplePlayer
1,status,8,villager,alive,SamplePlayer
1,status,9,villager,dead,SamplePlayer
1,status,10,villager,alive,SamplePlayer
1,status,11,possessed,alive,SamplePlayer
1,status,12,villager,alive,SamplePlayer
1,talk,0,12,7 werewolf
1,talk,1,10,4 werewolf
1,talk,2,4,7 werewolf
1,talk,3,6,5 werewolf
1,talk,4,7,( 3 werewolf ) and ( 7 comingout seer ) and ( 12 inspected HUMAN ) 
1,talk,5,3,6 werewolf
1,talk,6,2,( 5 werewolf ) and ( 2 comingout medium ) and ( 5 medium_telled werewolf ) 
1,talk,7,8,12 werewolf
1,talk,8,5,4 werewolf
1,talk,9,11,2 werewolf
1,whisper,0,2,Over
1,whisper,1,7,Over
1,talk,10,8,Over
1,talk,11,7,Over
1,talk,12,2,Over
1,talk,13,6,7 werewolf
1,talk,14,12,11 werewolf
1,talk,15,11,Over
1,talk,16,10,2 werewolf
1,talk,17,5,Over
1,talk,18,3,Over
1,talk,19,4,2 werewolf
1,whisper,2,7,Over
1,whisper,3,2,Over
1,talk,20,6,Over
1,talk,21,3,Over
1,talk,22,8,Over
1,talk,23,2,Over
1,talk,24,12,Over
1,talk,25,7,Over
1,talk,26,10,Over
1,talk,27,11,Over
1,talk,28,4,Over
1,talk,29,5,Over
1,whisper,4,7,Over
1,whisper,5,2,Over
1,vote,3,6
1,vote,4,2
1,vote,2,5
1,vote,7,3
1,vote,8,12
1,vote,5,4
1,vote,6,7
1,vote,11,2
1,vote,12,11
1,vote,10,2
1,divine,6,5,Human
1,guard,3,7,werewolf
1,attackVote,2,3
1,attackVote,7,12
1,execute,2,werewolf
1,attack,12,true
2,status,1,villager,dead,SamplePlayer
2,status,2,werewolf,dead,SamplePlayer
2,status,3,bodyguard,alive,SamplePlayer
2,status,4,medium,alive,SamplePlayer
2,status,5,villager,alive,SamplePlayer
2,status,6,seer,alive,SamplePlayer
2,status,7,werewolf,alive,SamplePlayer
2,status,8,villager,alive,SamplePlayer
2,status,9,villager,dead,SamplePlayer
2,status,10,villager,alive,SamplePlayer
2,status,11,possessed,alive,SamplePlayer
2,status,12,villager,dead,SamplePlayer
2,talk,0,6,7 werewolf
2,talk,1,5,11 werewolf
2,talk,2,11,5 werewolf
2,talk,3,3,4 werewolf
2,talk,4,10,6 werewolf
2,talk,5,8,11 werewolf
2,talk,6,4,8 werewolf
2,talk,7,7,( 7 werewolf ) and ( 6 inspected HUMAN ) 
2,whisper,0,7,Over
2,talk,8,6,Over
2,talk,9,3,7 werewolf
2,talk,10,4,7 werewolf
2,talk,11,10,Over
2,talk,12,11,Over
2,talk,13,5,10 werewolf
2,talk,14,8,3 werewolf
2,talk,15,7,Over
2,whisper,1,7,Over
2,talk,16,5,Over
2,talk,17,10,Over
2,talk,18,11,Over
2,talk,19,7,Over
2,talk,20,8,Over
2,talk,21,6,Over
2,talk,22,3,Over
2,talk,23,4,Over
2,whisper,2,7,Over
2,vote,3,7
2,vote,4,7
2,vote,7,7
2,vote,8,3
2,vote,5,10
2,vote,6,7
2,vote,11,5
2,vote,10,6
2,divine,6,3,Human
2,guard,3,7,werewolf
2,attackVote,7,8
2,execute,7,werewolf
3,status,1,villager,dead,SamplePlayer
3,status,2,werewolf,dead,SamplePlayer
3,status,3,bodyguard,alive,SamplePlayer
3,status,4,medium,alive,SamplePlayer
3,status,5,villager,alive,SamplePlayer
3,status,6,seer,alive,SamplePlayer
3,status,7,werewolf,dead,SamplePlayer
3,status,8,villager,alive,SamplePlayer
3,status,9,villager,dead,SamplePlayer
3,status,10,villager,alive,SamplePlayer
3,status,11,possessed,alive,SamplePlayer
3,status,12,villager,dead,SamplePlayer
3,result,7,0,villager
