0,status,1,villager,alive,SamplePlayer
0,status,2,possessed,alive,SamplePlayer
0,status,3,medium,alive,SamplePlayer
0,status,4,villager,alive,SamplePlayer
0,status,5,villager,alive,SamplePlayer
0,status,6,villager,alive,SamplePlayer
0,status,7,villager,alive,SamplePlayer
0,status,8,villager,alive,SamplePlayer
0,status,9,bodyguard,alive,SamplePlayer
0,status,10,seer,alive,SamplePlayer
0,status,11,werewolf,alive,SamplePlayer
0,status,12,werewolf,alive,SamplePlayer
0,talk,0,10,3 werewolf
0,talk,1,5,12 werewolf
0,talk,2,7,3 werewolf
0,talk,3,12,6 werewolf
0,talk,4,8,12 werewolf
0,talk,5,1,11 werewolf
0,talk,6,2,11 werewolf
0,talk,7,3,12 werewolf
0,talk,8,6,4 werewolf
0,talk,9,4,12 werewolf
0,talk,10,9,1 werewolf
0,talk,11,11,8 werewolf
0,whisper,0,11,Over
0,whisper,1,12,Over
0,talk,12,10,Over
0,talk,13,5,Over
0,talk,14,6,Over
0,talk,15,7,Over
0,talk,16,8,Over
0,talk,17,1,Over
0,talk,18,4,Over
0,talk,19,9,Over
0,talk,20,3,Over
0,talk,21,2,Over
0,talk,22,11,Over
0,talk,23,12,Over
0,whisper,2,11,Over
0,whisper,3,12,Over
0,vote,3,12
0,vote,4,12
0,vote,1,11
0,vote,2,11
0,vote,7,3
0,vote,8,12
0,vote,5,12
0,vote,6,4
0,vote,11,8
0,vote,12,6
0,vote,9,1
0,vote,10,3
0,divine,10,12,Werewolf
0,guard,9,1,villager
0,attackVote,11,3
0,attackVote,12,8
0,execute,12,werewolf
0,attack,3,true
1,status,1,villager,alive,SamplePlayer
1,status,2,possessed,alive,SamplePlayer
1,status,3,medium,dead,SamplePlayer
1,status,4,villager,alive,SamplePlayer
1,status,5,villager,alive,SamplePlayer
1,status,6,villager,alive,SamplePlayer
1,status,7,villager,alive,SamplePlayer
1,status,8,villager,alive,SamplePlayer
1,status,9,bodyguard,alive,SamplePlayer
1,status,10,seer,alive,SamplePlayer
1,status,11,werewolf,alive,SamplePlayer
1,status,12,werewolf,dead,SamplePlayer
1,talk,0,4,8 werewolf
1,talk,1,10,( 4 werewolf ) and ( 10 comingout seer ) and ( 12 inspected werewolf ) 
1,talk,2,1,2 werewolf
1,talk,3,6,2 werewolf
1,talk,4,11,( 10 werewolf ) and ( 11 comingout medium ) and ( 10 medium_telled werewolf ) 
1,talk,5,2,( 11 werewolf ) and ( 2 comingout medium ) and ( 10 medium_telled HUMAN ) 
1,talk,6,8,5 werewolf
1,talk,7,9,2 werewolf
1,talk,8,5,10 werewolf
1,talk,9,7,5 werewolf
1,whisper,0,11,Over
1,talk,10,9,Over
1,talk,11,11,Over
1,talk,12,10,Over
1,talk,13,4,2 werewolf
1,talk,14,8,Over
1,talk,15,1,Over
1,talk,16,2,Over
1,talk,17,6,Over
1,talk,18,7,Over
1,talk,19,5,Over
1,whisper,1,11,Over
1,talk,20,7,Over
1,talk,21,5,Over
1,talk,22,4,Over
1,talk,23,2,Over
1,talk,24,1,Over
1,talk,25,6,Over
1,talk,26,8,Over
1,talk,27,10,Over
1,talk,28,11,Over
1,talk,29,9,Over
1,whisper,2,11,Over
1,vote,4,2
1,vote,1,2
1,vote,2,11
1,vote,7,5
1,vote,8,5
1,vote,5,10
1,vote,6,2
1,vote,11,10
1,vote,9,2
1,vote,10,4
1,divine,10,5,Human
1,guard,9,2,possessed
1,attackVote,11,9
1,execute,2,possessed
1,attack,9,true
2,status,1,villager,alive,SamplePlayer
2,status,2,possessed,dead,SamplePlayer
2,status,3,medium,dead,SamplePlayer
2,status,4,villager,alive,SamplePlayer
2,status,5,villager,alive,SamplePlayer
2,status,6,villager,alive,SamplePlayer
2,status,7,villager,alive,SamplePlayer
2,status,8,villager,alive,SamplePlayer
2,status,9,bodyguard,dead,SamplePlayer
2,status,10,seer,alive,SamplePlayer
2,status,11,werewolf,alive,SamplePlayer
2,status,12,werewolf,dead,SamplePlayer
2,talk,0,11,( 10 werewolf ) and ( 4 medium_telled werewolf ) 
2,talk,1,5,4 werewolf
2,talk,2,8,4 werewolf
2,talk,3,10,( 1 werewolf ) and ( 5 inspected HUMAN ) 
2,talk,4,6,4 werewolf
2,talk,5,4,10 werewolf
2,talk,6,1,5 werewolf
2,talk,7,7,5 werewolf
2,whisper,0,11,Over
2,talk,8,8,1 werewolf
2,talk,9,1,Over
2,talk,10,5,7 werewolf
2,talk,11,7,Over
2,talk,12,4,Over
2,talk,13,6,Over
2,talk,14,11,Over
2,talk,15,10,Over
2,whisper,1,11,Over
2,talk,16,10,Over
2,talk,17,1,Over
2,talk,18,6,Over
2,talk,19,4,Over
2,talk,20,5,Over
2,talk,21,11,Over
2,talk,22,8,Over
2,talk,23,7,Over
2,whisper,2,11,Over
2,vote,4,10
2,vote,1,5
2,vote,7,5
2,vote,8,1
2,vote,5,7
2,vote,6,4
2,vote,11,10
2,vote,10,1
2,divine,10,1,Human
2,attackVote,11,10
2,execute,10,seer
2,attack,10,true
3,status,1,villager,alive,SamplePlayer
3,status,2,possessed,dead,SamplePlayer
3,status,3,medium,dead,SamplePlayer
3,status,4,villager,alive,SamplePlayer
3,status,5,villager,alive,SamplePlayer
3,status,6,villager,alive,SamplePlayer
3,status,7,villager,alive,SamplePlayer
3,status,8,villager,alive,SamplePlayer
3,status,9,bodyguard,dead,SamplePlayer
3,status,10,seer,dead,SamplePlayer
3,status,11,werewolf,alive,SamplePlayer
3,status,12,werewolf,dead,SamplePlayer
3,talk,0,7,5 werewolf
3,talk,1,1,5 werewolf
3,talk,2,8,4 werewolf
3,talk,3,6,5 werewolf
3,talk,4,5,11 werewolf
3,talk,5,4,7 werewolf
3,talk,6,11,( 4 werewolf ) and ( 6 medium_telled HUMAN ) 
3,whisper,0,11,Over
3,talk,7,5,Over
3,talk,8,6,Over
3,talk,9,7,Over
3,talk,10,4,Over
3,talk,11,1,Over
3,talk,12,11,Over
3,talk,13,8,Over
3,whisper,1,11,Over
3,vote,4,7
3,vote,1,5
3,vote,7,5
3,vote,8,4
3,vote,5,11
3,vote,6,5
3,vote,11,4
3,attackVote,11,7
3,execute,5,villager
3,attack,7,true
4,status,1,villager,alive,SamplePlayer
4,status,2,possessed,dead,SamplePlayer
4,status,3,medium,dead,SamplePlayer
4,status,4,villager,alive,SamplePlayer
4,status,5,villager,dead,SamplePlayer
4,status,6,villager,alive,SamplePlayer
4,status,7,villager,dead,SamplePlayer
4,status,8,villager,alive,SamplePlayer
4,status,9,bodyguard,dead,SamplePlayer
4,status,10,seer,dead,SamplePlayer
4,status,11,werewolf,alive,SamplePlayer
4,status,12,werewolf,dead,SamplePlayer
4,talk,0,6,8 werewolf
4,talk,1,1,8 werewolf
4,talk,2,8,6 werewolf
4,talk,3,11,( 4 werewolf ) and ( 8 medium_telled HUMAN ) 
4,talk,4,4,11 werewolf
4,whisper,0,11,Over
4,talk,5,6,Over
4,talk,6,11,Over
4,talk,7,4,Over
4,talk,8,8,Over
4,talk,9,1,Over
4,whisper,1,11,Over
4,vote,4,11
4,vote,1,8
4,vote,8,6
4,vote,6,8
4,vote,11,4
4,attackVote,11,6
4,execute,8,villager
4,attack,6,true
5,status,1,villager,alive,SamplePlayer
5,status,2,possessed,dead,SamplePlayer
5,status,3,medium,dead,SamplePlayer
5,status,4,villager,alive,SamplePlayer
5,status,5,villager,dead,SamplePlayer
5,status,6,villager,dead,SamplePlayer
5,status,7,villager,dead,SamplePlayer
5,status,8,villager,dead,SamplePlayer
5,status,9,bodyguard,dead,SamplePlayer
5,status,10,seer,dead,SamplePlayer
5,status,11,werewolf,alive,SamplePlayer
5,status,12,werewolf,dead,SamplePlayer
5,talk,0,1,11 werewolf
5,talk,1,4,11 werewolf
5,talk,2,11,( 10 werewolf ) and ( 4 medium_telled HUMAN ) 
5,whisper,0,11,Over
5,talk,3,4,Over
5,talk,4,1,Over
5,talk,5,11,Over
5,whisper,1,11,Over
5,vote,4,11
5,vote,1,11
5,vote,11,10
5,attackVote,11,4
5,execute,11,werewolf
6,status,1,villager,alive,SamplePlayer
6,status,2,possessed,dead,SamplePlayer
6,status,3,medium,dead,SamplePlayer
6,status,4,villager,alive,SamplePlayer
6,status,5,villager,dead,SamplePlayer
6,status,6,villager,dead,SamplePlayer
6,status,7,villager,dead,SamplePlayer
6,status,8,villager,dead,SamplePlayer
6,status,9,bodyguard,dead,SamplePlayer
6,status,10,seer,dead,SamplePlayer
6,status,11,werewolf,dead,SamplePlayer
6,status,12,werewolf,dead,SamplePlayer
6,result,2,0,villager
