0,status,1,possessed,alive,SamplePlayer
0,status,2,villager,alive,SamplePlayer
0,status,3,seer,alive,SamplePlayer
0,status,4,werewolf,alive,SamplePlayer
0,status,5,villager,alive,SamplePlayer
0,status,6,medium,alive,SamplePlayer
0,status,7,villager,alive,SamplePlayer
0,status,8,bodyguard,alive,SamplePlayer
0,status,9,werewolf,alive,SamplePlayer
0,status,10,villager,alive,SamplePlayer
0,status,11,villager,alive,SamplePlayer
0,status,12,villager,alive,SamplePlayer
0,talk,0,4,12 werewolf
0,talk,1,12,6 werewolf
0,talk,2,3,6 werewolf
0,talk,3,7,9 werewolf
0,talk,4,5,9 werewolf
0,talk,5,9,9 werewolf
0,talk,6,10,2 werewolf
0,talk,7,11,8 werewolf
0,talk,8,6,12 werewolf
0,talk,9,2,10 werewolf
0,talk,10,1,2 werewolf
0,talk,11,8,9 werewolf
0,whisper,0,4,Over
0,whisper,1,9,Over
0,talk,12,9,Over
0,talk,13,5,Over
0,talk,14,4,Over
0,talk,15,10,Over
0,talk,16,3,Over
0,talk,17,7,Over
0,talk,18,6,Over
0,talk,19,1,Over
0,talk,20,8,Over
0,talk,21,12,Over
0,talk,22,2,Over
0,talk,23,11,Over
0,whisper,2,4,Over
0,whisper,3,9,Over
0,vote,3,6
0,vote,4,12
0,vote,1,2
0,vote,2,10
0,vote,7,9
0,vote,8,9
0,vote,5,9
0,vote,6,12
0,vote,11,8
0,vote,12,6
0,vote,9,9
0,vote,10,2
0,divine,3,2,Human
0,guard,8,6,medium
0,attackVote,4,3
0,attackVote,9,1
0,execute,9,werewolf
0,attack,3,true
1,status,1,possessed,alive,SamplePlayer
1,status,2,villager,alive,SamplePlayer
1,status,3,seer,dead,SamplePlayer
1,status,4,werewolf,alive,SamplePlayer
1,status,5,villager,alive,SamplePlayer
1,status,6,medium,alive,SamplePlayer
1,status,7,villager,alive,SamplePlayer
1,status,8,bodyguard,alive,SamplePlayer
1,status,9,werewolf,dead,SamplePlayer
1,status,10,villager,alive,SamplePlayer
1,status,11,villager,alive,SamplePlayer
1,status,12,villager,alive,SamplePlayer
1,talk,0,11,8 werewolf
1,talk,1,10,12 werewolf
1,talk,2,1,5 werewolf
1,talk,3,2,4 werewolf
1,talk,4,5,7 werewolf
1,talk,5,8,2 werewolf
1,talk,6,12,5 werewolf
1,talk,7,4,11 werewolf
1,talk,8,6,11 werewolf
1,talk,9,7,6 werewolf
1,whisper,0,4,Over
1,talk,10,4,Over
1,talk,11,11,Over
1,talk,12,1,Over
1,talk,13,6,Over
1,talk,14,5,Over
1,talk,15,2,Over
1,talk,16,8,Over
1,talk,17,10,Over
1,talk,18,7,Over
1,talk,19,12,Over
1,whisper,1,4,Over
1,vote,4,11
1,vote,1,5
1,vote,2,4
1,vote,7,6
1,vote,8,2
1,vote,5,7
1,vote,6,11
1,vote,11,8
1,vote,12,5
1,vote,10,12
1,guard,8,4,werewolf
1,attackVote,4,2
1,execute,5,villager
1,attack,2,true
2,status,1,possessed,alive,SamplePlayer
2,status,2,villager,dead,SamplePlayer
2,status,3,seer,dead,SamplePlayer
2,status,4,werewolf,alive,SamplePlayer
2,status,5,villager,dead,SamplePlayer
2,status,6,medium,alive,SamplePlayer
2,status,7,villager,alive,SamplePlayer
2,status,8,bodyguard,alive,SamplePlayer
2,status,9,werewolf,dead,SamplePlayer
2,status,10,villager,alive,SamplePlayer
2,status,11,villager,alive,SamplePlayer
2,status,12,villager,alive,SamplePlayer
2,talk,0,12,10 werewolf
2,talk,1,1,5 werewolf
2,talk,2,6,7 werewolf
2,talk,3,4,( 11 werewolf ) and ( 4 comingout medium ) and ( 11 medium_telled werewolf ) and ( 8 medium_telled HUMAN ) 
2,talk,4,8,11 werewolf
2,talk,5,7,12 werewolf
2,talk,6,11,12 werewolf
2,talk,7,10,7 werewolf
2,whisper,0,4,Over
2,talk,8,12,Over
2,talk,9,11,Over
2,talk,10,4,Over
2,talk,11,8,Over
2,talk,12,7,Over
2,talk,13,1,Over
2,talk,14,10,Over
2,talk,15,6,4 werewolf
2,whisper,1,4,Over
2,talk,16,12,Over
2,talk,17,6,Over
2,talk,18,10,Over
2,talk,19,11,Over
2,talk,20,7,Over
2,talk,21,1,Over
2,talk,22,8,Over
2,talk,23,4,Over
2,whisper,2,4,Over
2,vote,4,11
2,vote,1,5
2,vote,7,12
2,vote,8,11
2,vote,6,4
2,vote,11,12
2,vote,12,10
2,vote,10,7
2,guard,8,4,werewolf
2,attackVote,4,12
2,execute,12,villager
2,attack,12,true
3,status,1,possessed,alive,SamplePlayer
3,status,2,villager,dead,SamplePlayer
3,status,3,seer,dead,SamplePlayer
3,status,4,werewolf,alive,SamplePlayer
3,status,5,villager,dead,SamplePlayer
3,status,6,medium,alive,SamplePlayer
3,status,7,villager,alive,SamplePlayer
3,status,8,bodyguard,alive,SamplePlayer
3,status,9,werewolf,dead,SamplePlayer
3,status,10,villager,alive,SamplePlayer
3,status,11,villager,alive,SamplePlayer
3,status,12,villager,dead,SamplePlayer
3,talk,0,11,6 werewolf
3,talk,1,10,7 werewolf
3,talk,2,6,( 4 werewolf ) and ( 6 comingout medium ) and ( 9 medium_telled werewolf ) and ( 5 medium_telled HUMAN ) and ( 12 medium_telled HUMAN ) 
3,talk,3,8,10 werewolf
3,talk,4,1,( 5 werewolf ) and ( 1 comingout seer ) and ( 5 inspected werewolf ) and ( 12 inspected HUMAN ) and ( 8 inspected HUMAN ) 
3,talk,5,4,( 11 werewolf ) and ( 8 medium_telled werewolf ) 
3,talk,6,7,8 werewolf
3,whisper,0,4,Over
3,talk,7,8,4 werewolf
3,talk,8,1,Over
3,talk,9,10,4 werewolf
3,talk,10,6,Over
3,talk,11,11,1 werewolf
3,talk,12,7,Over
3,talk,13,4,Over
3,whisper,1,4,Over
3,talk,14,8,Over
3,talk,15,1,Over
3,talk,16,6,Over
3,talk,17,10,Over
3,talk,18,11,Over
3,talk,19,7,Over
3,talk,20,4,Over
3,whisper,2,4,Over
3,vote,4,11
3,vote,1,5
3,vote,7,8
3,vote,8,4
3,vote,6,4
3,vote,11,1
3,vote,10,4
3,guard,8,4,werewolf
3,attackVote,4,6
3,execute,4,werewolf
4,status,1,possessed,alive,SamplePlayer
4,status,2,villager,dead,SamplePlayer
4,status,3,seer,dead,SamplePlayer
4,status,4,werewolf,dead,SamplePlayer
4,status,5,villager,dead,SamplePlayer
4,status,6,medium,alive,SamplePlayer
4,status,7,villager,alive,SamplePlayer
4,status,8,bodyguard,alive,SamplePlayer
4,status,9,werewolf,dead,SamplePlayer
4,status,10,villager,alive,SamplePlayer
4,status,11,villager,alive,SamplePlayer
4,status,12,villager,dead,SamplePlayer
4,result,6,0,villager
