0,status,1,villager,alive,SamplePlayer
0,status,2,villager,alive,SamplePlayer
0,status,3,villager,alive,SamplePlayer
0,status,4,possessed,alive,SamplePlayer
0,status,5,medium,alive,SamplePlayer
0,status,6,villager,alive,SamplePlayer
0,status,7,seer,alive,SamplePlayer
0,status,8,villager,alive,SamplePlayer
0,status,9,werewolf,alive,SamplePlayer
0,status,10,bodyguard,alive,SamplePlayer
0,status,11,werewolf,alive,SamplePlayer
0,status,12,villager,alive,SamplePlayer
0,talk,0,8,7 werewolf
0,talk,1,1,3 werewolf
0,talk,2,4,5 werewolf
0,talk,3,5,11 werewolf
0,talk,4,3,1 werewolf
0,talk,5,9,10 werewolf
0,talk,6,11,10 werewolf
0,talk,7,6,12 werewolf
0,talk,8,10,7 werewolf
0,talk,9,7,11 werewolf
0,talk,10,2,4 werewolf
0,talk,11,12,4 werewolf
0,whisper,0,11,Over
0,whisper,1,9,Over
0,talk,12,6,Over
0,talk,13,12,Over
0,talk,14,8,Over
0,talk,15,3,Over
0,talk,16,2,Over
0,talk,17,7,Over
0,talk,18,9,Over
0,talk,19,4,Over
0,talk,20,10,Over
0,talk,21,11,Over
0,talk,22,5,Over
0,talk,23,1,Over
0,whisper,2,9,Over
0,whisper,3,11,Over
0,vote,3,1
0,vote,4,5
0,vote,1,3
0,vote,2,4
0,vote,7,11
0,vote,8,7
0,vote,5,11
0,vote,6,12
0,vote,11,10
0,vote,12,4
0,vote,9,10
0,vote,10,7
0,divine,7,11,Werewolf
0,guard,10,6,villager
0,attackVote,11,3
0,attackVote,9,1
0,execute,7,seer
0,attack,3,true
1,status,1,villager,alive,SamplePlayer
1,status,2,villager,alive,SamplePlayer
1,status,3,villager,dead,SamplePlayer
1,status,4,possessed,alive,SamplePlayer
1,status,5,medium,alive,SamplePlayer
1,status,6,villager,alive,SamplePlayer
1,status,7,seer,dead,SamplePlayer
1,status,8,villager,alive,SamplePlayer
1,status,9,werewolf,alive,SamplePlayer
1,status,10,bodyguard,alive,SamplePlayer
1,status,11,werewolf,alive,SamplePlayer
1,status,12,villager,alive,SamplePlayer
1,talk,0,12,2 werewolf
1,talk,1,10,8 werewolf
1,talk,2,1,9 werewolf
1,talk,3,8,10 werewolf
1,talk,4,5,1 werewolf
1,talk,5,2,11 werewolf
1,talk,6,9,11 werewolf
1,talk,7,4,8 werewolf
1,talk,8,11,6 werewolf
1,talk,9,6,9 werewolf
1,whisper,0,11,Over
1,whisper,1,9,Over
1,talk,10,9,Over
1,talk,11,2,Over
1,talk,12,8,Over
1,talk,13,10,Over
1,talk,14,11,Over
1,talk,15,6,Over
1,talk,16,5,Over
1,talk,17,4,Over
1,talk,18,12,Over
1,talk,19,1,Over
1,whisper,2,9,Over
1,whisper,3,11,Over
1,vote,4,8
1,vote,1,9
1,vote,2,11
1,vote,8,10
1,vote,5,1
1,vote,6,9
1,vote,11,6
1,vote,12,2
1,vote,9,11
1,vote,10,8
1,guard,10,6,villager
1,attackVote,11,6
1,attackVote,9,10
1,execute,11,werewolf
1,attack,10,true
2,status,1,villager,alive,SamplePlayer
2,status,2,villager,alive,SamplePlayer
2,status,3,villager,dead,SamplePlayer
2,status,4,possessed,alive,SamplePlayer
2,status,5,medium,alive,SamplePlayer
2,status,6,villager,alive,SamplePlayer
2,status,7,seer,dead,SamplePlayer
2,status,8,villager,alive,SamplePlayer
2,status,9,werewolf,alive,SamplePlayer
2,status,10,bodyguard,dead,SamplePlayer
2,status,11,werewolf,dead,SamplePlayer
2,status,12,villager,alive,SamplePlayer
2,talk,0,4,6 werewolf
2,talk,1,6,9 werewolf
2,talk,2,5,( 9 werewolf ) and ( 5 comingout medium ) and ( 7 medium_telled HUMAN ) and ( 11 medium_telled werewolf ) 
2,talk,3,1,2 werewolf
2,talk,4,12,2 werewolf
2,talk,5,2,9 werewolf
2,talk,6,8,9 werewolf
2,talk,7,9,6 werewolf
2,whisper,0,9,Over
2,talk,8,5,Over
2,talk,9,1,Over
2,talk,10,4,Over
2,talk,11,8,Over
2,talk,12,2,Over
2,talk,13,9,Over
2,talk,14,12,Over
2,talk,15,6,Over
2,whisper,1,9,Over
2,vote,4,6
2,vote,1,2
2,vote,2,9
2,vote,8,9
2,vote,5,9
2,vote,6,9
2,vote,12,2
2,vote,9,6
2,attackVote,9,5
2,execute,9,werewolf
3,status,1,villager,alive,SamplePlayer
3,status,2,villager,alive,SamplePlayer
3,status,3,villager,dead,SamplePlayer
3,status,4,possessed,alive,SamplePlayer
3,status,5,medium,alive,SamplePlayer
3,status,6,villager,alive,SamplePlayer
3,status,7,seer,dead,SamplePlayer
3,status,8,villager,alive,SamplePlayer
3,status,9,werewolf,dead,SamplePlayer
3,status,10,bodyguard,dead,SamplePlayer
3,status,11,werewolf,dead,SamplePlayer
3,status,12,villager,alive,SamplePlayer
3,result,7,0,villager
