0,status,1,werewolf,alive,SamplePlayer
0,status,2,villager,alive,SamplePlayer
0,status,3,villager,alive,SamplePlayer
0,status,4,medium,alive,SamplePlayer
0,status,5,villager,alive,SamplePlayer
0,status,6,werewolf,alive,SamplePlayer
0,status,7,seer,alive,SamplePlayer
0,status,8,villager,alive,SamplePlayer
0,status,9,bodyguard,alive,SamplePlayer
0,status,10,villager,alive,SamplePlayer
0,status,11,possessed,alive,SamplePlayer
0,status,12,villager,alive,SamplePlayer
0,talk,0,3,9 werewolf
0,talk,1,4,3 werewolf
0,talk,2,9,2 werewolf
0,talk,3,6,2 werewolf
0,talk,4,2,12 werewolf
0,talk,5,10,12 werewolf
0,talk,6,7,8 werewolf
0,talk,7,1,6 werewolf
0,talk,8,11,7 werewolf
0,talk,9,12,10 werewolf
0,talk,10,8,10 werewolf
0,talk,11,5,10 werewolf
0,whisper,0,1,Over
0,whisper,1,6,Over
0,talk,12,9,Over
0,talk,13,5,Over
0,talk,14,12,Over
0,talk,15,2,Over
0,talk,16,8,Over
0,talk,17,3,Over
0,talk,18,1,Over
0,talk,19,4,Over
0,talk,20,10,Over
0,talk,21,7,Over
0,talk,22,11,Over
0,talk,23,6,Over
0,whisper,2,1,Over
0,whisper,3,6,Over
0,vote,3,9
0,vote,4,3
0,vote,1,6
0,vote,2,12
0,vote,7,8
0,vote,8,10
0,vote,5,10
0,vote,6,2
0,vote,11,7
0,vote,12,10
0,vote,9,2
0,vote,10,12
0,divine,7,4,Human
0,guard,9,11,possessed
0,attackVote,1,10
0,attackVote,6,2
0,execute,10,villager
0,attack,2,true
1,status,1,werewolf,alive,SamplePlayer
1,status,2,villager,dead,SamplePlayer
1,status,3,villager,alive,SamplePlayer
1,status,4,medium,alive,SamplePlayer
1,status,5,villager,alive,SamplePlayer
1,status,6,werewolf,alive,SamplePlayer
1,status,7,seer,alive,SamplePlayer
1,status,8,villager,alive,SamplePlayer
1,status,9,bodyguard,alive,SamplePlayer
1,status,10,villager,dead,SamplePlayer
1,status,11,possessed,alive,SamplePlayer
1,status,12,villager,alive,SamplePlayer
1,talk,0,11,12 werewolf
1,talk,1,5,3 werewolf
1,talk,2,12,9 werewolf
1,talk,3,7,3 werewolf
1,talk,4,4,1 werewolf
1,talk,5,6,4 werewolf
1,talk,6,9,3 werewolf
1,talk,7,8,6 werewolf
1,talk,8,1,( 6 werewolf ) and ( 1 comingout seer ) and ( 10 inspected HUMAN ) 
1,talk,9,3,5 werewolf
1,whisper,0,6,Over
1,whisper,1,1,Over
1,talk,10,11,Over
1,talk,11,4,11 werewolf
1,talk,12,7,1 werewolf
1,talk,13,3,Over
1,talk,14,12,3 werewolf
1,talk,15,5,4 werewolf
1,talk,16,9,7 werewolf
1,talk,17,1,Over
1,talk,18,8,3 werewolf
1,talk,19,6,Over
1,whisper,2,6,Over
1,whisper,3,1,Over
1,talk,20,4,Over
1,talk,21,7,Over
1,talk,22,8,Over
1,talk,23,12,Over
1,talk,24,3,Over
1,talk,25,1,Over
1,talk,26,5,Over
1,talk,27,11,Over
1,talk,28,9,Over
1,talk,29,6,Over
1,whisper,4,1,Over
1,whisper,5,6,Over
1,vote,3,5
1,vote,4,11
1,vote,1,6
1,vote,7,1
1,vote,8,3
1,vote,5,4
1,vote,6,4
1,vote,11,12
1,vote,12,3
1,vote,9,7
1,divine,7,8,Human
1,guard,9,1,werewolf
1,attackVote,1,12
1,attackVote,6,12
1,execute,4,medium
1,attack,12,true
2,status,1,werewolf,alive,SamplePlayer
2,status,2,villager,dead,SamplePlayer
2,status,3,villager,alive,SamplePlayer
2,status,4,medium,dead,SamplePlayer
2,status,5,villager,alive,SamplePlayer
2,status,6,werewolf,alive,SamplePlayer
2,status,7,seer,alive,SamplePlayer
2,status,8,villager,alive,SamplePlayer
2,status,9,bodyguard,alive,SamplePlayer
2,status,10,villager,dead,SamplePlayer
2,status,11,possessed,alive,SamplePlayer
2,status,12,villager,dead,SamplePlayer
2,talk,0,9,11 werewolf
2,talk,1,5,1 werewolf
2,talk,2,8,1 werewolf
2,talk,3,1,( 6 werewolf ) and ( 5 inspected HUMAN ) 
2,talk,4,6,5 werewolf
2,talk,5,3,9 werewolf
2,talk,6,11,1 werewolf
2,talk,7,7,( 1 werewolf ) and ( 7 comingout seer ) and ( 4 inspected HUMAN ) and ( 8 inspected HUMAN ) 
2,whisper,0,6,Over
2,whisper,1,1,Over
2,talk,8,3,Over
2,talk,9,1,7 werewolf
2,talk,10,8,7 werewolf
2,talk,11,11,Over
2,talk,12,6,Over
2,talk,13,5,9 werewolf
2,talk,14,9,Over
2,talk,15,7,Over
2,whisper,2,1,Over
2,whisper,3,6,Over
2,talk,16,9,Over
2,talk,17,3,Over
2,talk,18,5,Over
2,talk,19,8,Over
2,talk,20,11,Over
2,talk,21,6,Over
2,talk,22,7,Over
2,talk,23,1,Over
2,whisper,4,6,Over
2,whisper,5,1,Over
2,vote,3,9
2,vote,1,7
2,vote,7,1
2,vote,8,7
2,vote,5,9
2,vote,6,5
2,vote,11,1
2,vote,9,11
2,divine,7,5,Human
2,guard,9,1,werewolf
2,attackVote,1,7
2,attackVote,6,7
2,execute,1,werewolf
2,attack,7,true
3,status,1,werewolf,dead,SamplePlayer
3,status,2,villager,dead,SamplePlayer
3,status,3,villager,alive,SamplePlayer
3,status,4,medium,dead,SamplePlayer
3,status,5,villager,alive,SamplePlayer
3,status,6,werewolf,alive,SamplePlayer
3,status,7,seer,dead,SamplePlayer
3,status,8,villager,alive,SamplePlayer
3,status,9,bodyguard,alive,SamplePlayer
3,status,10,villager,dead,SamplePlayer
3,status,11,possessed,alive,SamplePlayer
3,status,12,villager,dead,SamplePlayer
3,talk,0,8,3 werewolf
3,talk,1,11,( 11 werewolf ) and ( 11 comingout medium ) and ( 2 medium_telled HUMAN ) and ( 9 medium_telled HUMAN ) and ( 6 medium_telled HUMAN ) 
3,talk,2,5,6 werewolf
3,talk,3,9,11 werewolf
3,talk,4,6,8 werewolf
3,talk,5,3,9 werewolf
3,whisper,0,6,Over
3,talk,6,9,Over
3,talk,7,11,Over
3,talk,8,3,Over
3,talk,9,5,Over
3,talk,10,8,Over
3,talk,11,6,Over
3,whisper,1,6,Over
3,vote,3,9
3,vote,8,3
3,vote,5,6
3,vote,6,8
3,vote,11,11
3,vote,9,11
3,guard,9,11,possessed
3,attackVote,6,3
3,execute,11,possessed
3,attack,3,true
4,status,1,werewolf,dead,SamplePlayer
4,status,2,villager,dead,SamplePlayer
4,status,3,villager,dead,SamplePlayer
4,status,4,medium,dead,SamplePlayer
4,status,5,villager,alive,SamplePlayer
4,status,6,werewolf,alive,SamplePlayer
4,status,7,seer,dead,SamplePlayer
4,status,8,villager,alive,SamplePlayer
4,status,9,bodyguard,alive,SamplePlayer
4,status,10,villager,dead,SamplePlayer
4,status,11,possessed,dead,SamplePlayer
4,status,12,villager,dead,SamplePlayer
4,talk,0,8,5 werewolf
4,talk,1,9,6 werewolf
4,talk,2,5,8 werewolf
4,talk,3,6,6 werewolf
4,whisper,0,6,Over
4,talk,4,6,Over
4,talk,5,9,Over
4,talk,6,8,Over
4,talk,7,5,Over
4,whisper,1,6,Over
4,vote,8,5
4,vote,5,8
4,vote,6,6
4,vote,9,6
4,guard,9,6,werewolf
4,attackVote,6,8
4,execute,6,werewolf
5,status,1,werewolf,dead,SamplePlayer
5,status,2,villager,dead,SamplePlayer
5,status,3,villager,dead,SamplePlayer
5,status,4,medium,dead,SamplePlayer
5,status,5,villager,alive,SamplePlayer
5,status,6,werewolf,dead,SamplePlayer
5,status,7,seer,dead,SamplePlayer
5,status,8,villager,alive,SamplePlayer
5,status,9,bodyguard,alive,SamplePlayer
5,status,10,villager,dead,SamplePlayer
5,status,11,possessed,dead,SamplePlayer
5,status,12,villager,dead,SamplePlayer
5,result,3,0,villager
