0,status,1,bodyguard,alive,SamplePlayer
0,status,2,werewolf,alive,SamplePlayer
0,status,3,villager,alive,SamplePlayer
0,status,4,werewolf,alive,SamplePlayer
0,status,5,villager,alive,SamplePlayer
0,status,6,seer,alive,SamplePlayer
0,status,7,villager,alive,SamplePlayer
0,status,8,villager,alive,SamplePlayer
0,status,9,possessed,alive,SamplePlayer
0,status,10,villager,alive,SamplePlayer
0,status,11,medium,alive,SamplePlayer
0,status,12,villager,alive,SamplePlayer
0,talk,0,8,7 werewolf
0,talk,1,9,1 werewolf
0,talk,2,1,9 werewolf
0,talk,3,12,11 werewolf
0,talk,4,5,8 werewolf
0,talk,5,7,12 werewolf
0,talk,6,11,10 werewolf
0,talk,7,6,10 werewolf
0,talk,8,3,11 werewolf
0,talk,9,10,6 werewolf
0,talk,10,4,6 werewolf
0,talk,11,2,3 werewolf
0,whisper,0,4,Over
0,whisper,1,2,Over
0,talk,12,10,Over
0,talk,13,11,Over
0,talk,14,1,Over
0,talk,15,12,Over
0,talk,16,9,Over
0,talk,17,6,Over
0,talk,18,8,Over
0,talk,19,5,Over
0,talk,20,2,Over
0,talk,21,3,Over
0,talk,22,4,Over
0,talk,23,7,Over
0,whisper,2,4,Over
0,whisper,3,2,Over
0,vote,3,11
0,vote,4,6
0,vote,1,9
0,vote,2,3
0,vote,7,12
0,vote,8,7
0,vote,5,8
0,vote,6,10
0,vote,11,10
0,vote,12,11
0,vote,9,1
0,vote,10,6
0,divine,6,3,Human
0,guard,1,5,villager
0,attackVote,4,10
0,attackVote,2,11
0,execute,6,seer
0,attack,11,true
1,status,1,bodyguard,alive,SamplePlayer
1,status,2,werewolf,alive,SamplePlayer
1,status,3,villager,alive,SamplePlayer
1,status,4,werewolf,alive,SamplePlayer
1,status,5,villager,alive,SamplePlayer
1,status,6,seer,dead,SamplePlayer
1,status,7,villager,alive,SamplePlayer
1,status,8,villager,alive,SamplePlayer
1,status,9,possessed,alive,SamplePlayer
1,status,10,villager,alive,SamplePlayer
1,status,11,medium,dead,SamplePlayer
1,status,12,villager,alive,SamplePlayer
1,talk,0,3,8 werewolf
1,talk,1,7,9 werewolf
1,talk,2,5,10 werewolf
1,talk,3,1,12 werewolf
1,talk,4,12,3 werewolf
1,talk,5,2,7 werewolf
1,talk,6,4,6 werewolf
1,talk,7,8,12 werewolf
1,talk,8,10,7 werewolf
1,talk,9,9,9 werewolf
1,whisper,0,2,Over
1,whisper,1,4,Over
1,talk,10,9,Over
1,talk,11,4,Over
1,talk,12,10,Over
1,talk,13,7,Over
1,talk,14,8,Over
1,talk,15,5,Over
1,talk,16,3,Over
1,talk,17,1,Over
1,talk,18,12,Over
1,talk,19,2,Over
1,whisper,2,2,Over
1,whisper,3,4,Over
1,vote,3,8
1,vote,4,6
1,vote,1,12
1,vote,2,7
1,vote,7,9
1,vote,8,12
1,vote,5,10
1,vote,12,3
1,vote,9,9
1,vote,10,7
1,guard,1,9,possessed
1,attackVote,4,7
1,attackVote,2,7
1,execute,12,villager
1,attack,7,true
2,status,1,bodyguard,alive,SamplePlayer
2,status,2,werewolf,alive,SamplePlayer
2,status,3,villager,alive,SamplePlayer
2,status,4,werewolf,alive,SamplePlayer
2,status,5,villager,alive,SamplePlayer
2,status,6,seer,dead,SamplePlayer
2,status,7,villager,dead,SamplePlayer
2,status,8,villager,alive,SamplePlayer
2,status,9,possessed,alive,SamplePlayer
2,status,10,villager,alive,SamplePlayer
2,status,11,medium,dead,SamplePlayer
2,status,12,villager,dead,SamplePlayer
2,talk,0,9,1 werewolf
2,talk,1,1,9 werewolf
2,talk,2,4,( 6 werewolf ) and ( 4 comingout seer ) and ( 6 inspected werewolf ) and ( 2 inspected HUMAN ) 
2,talk,3,5,10 werewolf
2,talk,4,3,9 werewolf
2,talk,5,8,3 werewolf
2,talk,6,2,9 werewolf
2,talk,7,10,5 werewolf
2,whisper,0,2,Over
2,whisper,1,4,Over
2,talk,8,5,Over
2,talk,9,4,Over
2,talk,10,10,Over
2,talk,11,9,Over
2,talk,12,3,Over
2,talk,13,2,Over
2,talk,14,8,Over
2,talk,15,1,4 werewolf
2,whisper,2,2,Over
2,whisper,3,4,Over
2,talk,16,5,Over
2,talk,17,2,Over
2,talk,18,9,Over
2,talk,19,1,Over
2,talk,20,3,Over
2,talk,21,8,Over
2,talk,22,10,Over
2,talk,23,4,Over
2,whisper,4,4,Over
2,whisper,5,2,Over
2,vote,3,9
2,vote,4,6
2,vote,1,4
2,vote,2,9
2,vote,8,3
2,vote,5,10
2,vote,9,1
2,vote,10,5
2,guard,1,4,werewolf
2,attackVote,4,3
2,attackVote,2,8
2,execute,9,possessed
2,attack,3,true
3,status,1,bodyguard,alive,SamplePlayer
3,status,2,werewolf,alive,SamplePlayer
3,status,3,villager,dead,SamplePlayer
3,status,4,werewolf,alive,SamplePlayer
3,status,5,villager,alive,SamplePlayer
3,status,6,seer,dead,SamplePlayer
3,status,7,villager,dead,SamplePlayer
3,status,8,villager,alive,SamplePlayer
3,status,9,possessed,dead,SamplePlayer
3,status,10,villager,alive,SamplePlayer
3,status,11,medium,dead,SamplePlayer
3,status,12,villager,dead,SamplePlayer
3,talk,0,5,4 werewolf
3,talk,1,1,2 werewolf
3,talk,2,2,4 werewolf
3,talk,3,8,10 werewolf
3,talk,4,4,( 6 werewolf ) and ( 5 inspected HUMAN ) 
3,talk,5,10,2 werewolf
3,whisper,0,4,Over
3,whisper,1,2,Over
3,talk,6,8,4 werewolf
3,talk,7,4,Over
3,talk,8,5,10 werewolf
3,talk,9,1,Over
3,talk,10,10,Over
3,talk,11,2,Over
3,whisper,2,4,Over
3,whisper,3,2,Over
3,talk,12,10,Over
3,talk,13,2,Over
3,talk,14,1,Over
3,talk,15,4,Over
3,talk,16,5,Over
3,talk,17,8,Over
3,whisper,4,4,Over
3,whisper,5,2,Over
3,vote,4,6
3,vote,1,2
3,vote,2,4
3,vote,8,4
3,vote,5,10
3,vote,10,2
3,guard,1,2,werewolf
3,attackVote,4,8
3,attackVote,2,8
3,execute,2,werewolf
3,attack,8,true
4,status,1,bodyguard,alive,SamplePlayer
4,status,2,werewolf,dead,SamplePlayer
4,status,3,villager,dead,SamplePlayer
4,status,4,werewolf,alive,SamplePlayer
4,status,5,villager,alive,SamplePlayer
4,status,6,seer,dead,SamplePlayer
4,status,7,villager,dead,SamplePlayer
4,status,8,villager,dead,SamplePlayer
4,status,9,possessed,dead,SamplePlayer
4,status,10,villager,alive,SamplePlayer
4,status,11,medium,dead,SamplePlayer
4,status,12,villager,dead,SamplePlayer
4,talk,0,1,4 werewolf
4,talk,1,4,( 6 werewolf ) and ( 5 inspected HUMAN ) 
4,talk,2,5,1 werewolf
4,talk,3,10,5 werewolf
4,whisper,0,4,Over
4,talk,4,4,Over
4,talk,5,5,Over
4,talk,6,10,Over
4,talk,7,1,5 werewolf
4,whisper,1,4,Over
4,talk,8,10,Over
4,talk,9,1,Over
4,talk,10,5,Over
4,talk,11,4,Over
4,whisper,2,4,Over
4,vote,4,6
4,vote,1,5
4,vote,5,1
4,vote,10,5
4,guard,1,10,villager
4,attackVote,4,1
4,execute,5,villager
4,attack,1,true
5,status,1,bodyguard,dead,SamplePlayer
5,status,2,werewolf,dead,SamplePlayer
5,status,3,villager,dead,SamplePlayer
5,status,4,werewolf,alive,SamplePlayer
5,status,5,villager,dead,SamplePlayer
5,status,6,seer,dead,SamplePlayer
5,status,7,villager,dead,SamplePlayer
5,status,8,villager,dead,SamplePlayer
5,status,9,possessed,dead,SamplePlayer
5,status,10,villager,alive,SamplePlayer
5,status,11,medium,dead,SamplePlayer
5,status,12,villager,dead,SamplePlayer
5,result,1,1,werewolf
