0,status,1,villager,alive,SamplePlayer
0,status,2,seer,alive,SamplePlayer
0,status,3,medium,alive,SamplePlayer
0,status,4,villager,alive,SamplePlayer
0,status,5,villager,alive,SamplePlayer
0,status,6,villager,alive,SamplePlayer
0,status,7,villager,alive,SamplePlayer
0,status,8,bodyguard,alive,SamplePlayer
0,status,9,werewolf,alive,SamplePlayer
0,status,10,werewolf,alive,SamplePlayer
0,status,11,possessed,alive,SamplePlayer
0,status,12,villager,alive,SamplePlayer
0,talk,0,2,3 werewolf
0,talk,1,5,7 werewolf
0,talk,2,8,9 werewolf
0,talk,3,4,7 werewolf
0,talk,4,11,7 werewolf
0,talk,5,9,3 werewolf
0,talk,6,6,4 werewolf
0,talk,7,7,5 werewolf
0,talk,8,3,4 werewolf
0,talk,9,10,8 werewolf
0,talk,10,12,10 werewolf
0,talk,11,1,4 werewolf
0,whisper,0,9,Over
0,whisper,1,10,Over
0,talk,12,4,Over
0,talk,13,7,Over
0,talk,14,11,Over
0,talk,15,5,Over
0,talk,16,10,Over
0,talk,17,9,Over
0,talk,18,6,Over
0,talk,19,3,Over
0,talk,20,1,Over
0,talk,21,12,Over
0,talk,22,8,Over
0,talk,23,2,Over
0,whisper,2,9,Over
0,whisper,3,10,Over
0,vote,3,4
0,vote,4,7
0,vote,1,4
0,vote,2,3
0,vote,7,5
0,vote,8,9
0,vote,5,7
0,vote,6,4
0,vote,11,7
0,vote,12,10
0,vote,9,3
0,vote,10,8
0,divine,2,5,Human
0,guard,8,2,seer
0,attackVote,9,2
0,attackVote,10,12
0,execute,7,villager
0,attack,12,true
1,status,1,villager,alive,SamplePlayer
1,status,2,seer,alive,SamplePlayer
1,status,3,medium,alive,SamplePlayer
1,status,4,villager,alive,SamplePlayer
1,status,5,villager,alive,SamplePlayer
1,status,6,villager,alive,SamplePlayer
1,status,7,villager,dead,SamplePlayer
1,status,8,bodyguard,alive,SamplePlayer
1,status,9,werewolf,alive,SamplePlayer
1,status,10,werewolf,alive,SamplePlayer
1,status,11,possessed,alive,SamplePlayer
1,status,12,villager,dead,SamplePlayer
1,talk,0,10,10 werewolf
1,talk,1,4,6 werewolf
1,talk,2,2,( 10 werewolf ) and ( 2 comingout seer ) and ( 5 inspected HUMAN ) 
1,talk,3,8,2 werewolf
1,talk,4,11,4 werewolf
1,talk,5,6,2 werewolf
1,talk,6,3,6 werewolf
1,talk,7,5,11 werewolf
1,talk,8,1,8 werewolf
1,talk,9,9,1 werewolf
1,whisper,0,9,Over
1,whisper,1,10,Over
1,talk,10,10,Over
1,talk,11,6,Over
1,talk,12,2,Over
1,talk,13,8,Over
1,talk,14,4,10 werewolf
1,talk,15,1,Over
1,talk,16,3,Over
1,talk,17,9,Over
1,talk,18,11,Over
1,talk,19,5,Over
1,whisper,2,9,Over
1,whisper,3,10,Over
1,talk,20,10,Over
1,talk,21,8,Over
1,talk,22,9,Over
1,talk,23,1,Over
1,talk,24,4,Over
1,talk,25,6,Over
1,talk,26,5,Over
1,talk,27,2,Over
1,talk,28,11,Over
1,talk,29,3,Over
1,whisper,4,9,Over
1,whisper,5,10,Over
1,vote,3,6
1,vote,4,10
1,vote,1,8
1,vote,2,10
1,vote,8,2
1,vote,5,11
1,vote,6,2
1,vote,11,4
1,vote,9,1
1,vote,10,10
1,divine,2,4,Human
1,guard,8,2,seer
1,attackVote,9,2
1,attackVote,10,2
1,execute,10,werewolf
1,attack,2,false
2,status,1,villager,alive,SamplePlayer
2,status,2,seer,alive,SamplePlayer
2,status,3,medium,alive,SamplePlayer
2,status,4,villager,alive,SamplePlayer
2,status,5,villager,alive,SamplePlayer
2,status,6,villager,alive,SamplePlayer
2,status,7,villager,dead,SamplePlayer
2,status,8,bodyguard,alive,SamplePlayer
2,status,9,werewolf,alive,SamplePlayer
2,status,10,werewolf,dead,SamplePlayer
2,status,11,possessed,alive,SamplePlayer
2,status,12,villager,dead,SamplePlayer
2,talk,0,5,4 werewolf
2,talk,1,3,1 werewolf
2,talk,2,8,9 werewolf
2,talk,3,9,( 1 werewolf ) and ( 9 comingout medium ) and ( 1 medium_telled werewolf ) and ( 6 medium_telled HUMAN ) 
2,talk,4,4,2 werewolf
2,talk,5,11,2 werewolf
2,talk,6,6,2 werewolf
2,talk,7,1,9 werewolf
2,talk,8,2,( 6 werewolf ) and ( 4 inspected HUMAN ) 
2,whisper,0,9,Over
2,talk,9,5,Over
2,talk,10,11,Over
2,talk,11,3,9 werewolf
2,talk,12,6,11 werewolf
2,talk,13,1,11 werewolf
2,talk,14,4,11 werewolf
2,talk,15,8,2 werewolf
2,talk,16,2,Over
2,talk,17,9,Over
2,whisper,1,9,Over
2,talk,18,1,Over
2,talk,19,3,Over
2,talk,20,8,Over
2,talk,21,5,Over
2,talk,22,2,Over
2,talk,23,6,Over
2,talk,24,4,Over
2,talk,25,11,Over
2,talk,26,9,Over
2,whisper,2,9,Over
2,vote,3,9
2,vote,4,11
2,vote,1,11
2,vote,2,6
2,vote,8,2
2,vote,5,4
2,vote,6,11
2,vote,11,2
2,vote,9,1
2,divine,2,4,Human
2,guard,8,6,villager
2,attackVote,9,2
2,execute,11,possessed
2,attack,2,true
3,status,1,villager,alive,SamplePlayer
3,status,2,seer,dead,SamplePlayer
3,status,3,medium,alive,SamplePlayer
3,status,4,villager,alive,SamplePlayer
3,status,5,villager,alive,SamplePlayer
3,status,6,villager,alive,SamplePlayer
3,status,7,villager,dead,SamplePlayer
3,status,8,bodyguard,alive,SamplePlayer
3,status,9,werewolf,alive,SamplePlayer
3,status,10,werewolf,dead,SamplePlayer
3,status,11,possessed,dead,SamplePlayer
3,status,12,villager,dead,SamplePlayer
3,talk,0,4,3 werewolf
3,talk,1,5,6 werewolf
3,talk,2,1,5 werewolf
3,talk,3,8,5 werewolf
3,talk,4,6,5 werewolf
3,talk,5,9,( 1 werewolf ) and ( 5 medium_telled werewolf ) 
3,talk,6,3,( 9 werewolf ) and ( 3 comingout medium ) and ( 7 medium_telled HUMAN ) and ( 10 medium_telled werewolf ) and ( 11 medium_telled HUMAN ) 
3,whisper,0,9,Over
3,talk,7,5,Over
3,talk,8,3,Over
3,talk,9,9,Over
3,talk,10,4,Over
3,talk,11,6,Over
3,talk,12,1,Over
3,talk,13,8,Over
3,whisper,1,9,Over
3,vote,3,9
3,vote,4,3
3,vote,1,5
3,vote,8,5
3,vote,5,6
3,vote,6,5
3,vote,9,1
3,guard,8,6,villager
3,attackVote,9,3
3,execute,5,villager
3,attack,3,true
4,status,1,villager,alive,SamplePlayer
4,status,2,seer,dead,SamplePlayer
4,status,3,medium,dead,SamplePlayer
4,status,4,villager,alive,SamplePlayer
4,status,5,villager,dead,SamplePlayer
4,status,6,villager,alive,SamplePlayer
4,status,7,villager,dead,SamplePlayer
4,status,8,bodyguard,alive,SamplePlayer
4,status,9,werewolf,alive,SamplePlayer
4,status,10,werewolf,dead,SamplePlayer
4,status,11,possessed,dead,SamplePlayer
4,status,12,villager,dead,SamplePlayer
4,talk,0,8,4 werewolf
4,talk,1,6,8 werewolf
4,talk,2,4,8 werewolf
4,talk,3,1,4 werewolf
4,talk,4,9,( 5 werewolf ) and ( 8 medium_telled werewolf ) 
4,whisper,0,9,Over
4,talk,5,9,Over
4,talk,6,1,Over
4,talk,7,4,Over
4,talk,8,6,Over
4,talk,9,8,Over
4,whisper,1,9,Over
4,vote,4,8
4,vote,1,4
4,vote,8,4
4,vote,6,8
4,vote,9,5
4,guard,8,9,werewolf
4,attackVote,9,1
4,execute,8,bodyguard
4,attack,1,true
5,status,1,villager,dead,SamplePlayer
5,status,2,seer,dead,SamplePlayer
5,status,3,medium,dead,SamplePlayer
5,status,4,villager,alive,SamplePlayer
5,status,5,villager,dead,SamplePlayer
5,status,6,villager,alive,SamplePlayer
5,status,7,villager,dead,SamplePlayer
5,status,8,bodyguard,dead,SamplePlayer
5,status,9,werewolf,alive,SamplePlayer
5,status,10,werewolf,dead,SamplePlayer
5,status,11,possessed,dead,SamplePlayer
5,status,12,villager,dead,SamplePlayer
5,talk,0,6,4 werewolf
5,talk,1,4,6 werewolf
5,talk,2,9,( 1 werewolf ) and ( 6 medium_telled werewolf ) 
5,whisper,0,9,Over
5,talk,3,9,Over
5,talk,4,4,Over
5,talk,5,6,Over
5,whisper,1,9,Over
5,vote,4,6
5,vote,6,4
5,vote,9,1
5,attackVote,9,6
5,execute,4,villager
5,attack,6,true
6,status,1,villager,dead,SamplePlayer
6,status,2,seer,dead,SamplePlayer
6,status,3,medium,dead,SamplePlayer
6,status,4,villager,dead,SamplePlayer
6,status,5,villager,dead,SamplePlayer
6,status,6,villager,dead,SamplePlayer
6,status,7,villager,dead,SamplePlayer
6,status,8,bodyguard,dead,SamplePlayer
6,status,9,werewolf,alive,SamplePlayer
6,status,10,werewolf,dead,SamplePlayer
6,status,11,possessed,dead,SamplePlayer
6,status,12,villager,dead,SamplePlayer
6,result,0,1,werewolf
