0,status,1,werewolf,alive,SamplePlayer
0,status,2,seer,alive,SamplePlayer
0,status,3,werewolf,alive,SamplePlayer
0,status,4,villager,alive,SamplePlayer
0,status,5,medium,alive,SamplePlayer
0,status,6,possessed,alive,SamplePlayer
0,status,7,villager,alive,SamplePlayer
0,status,8,villager,alive,SamplePlayer
0,status,9,villager,alive,SamplePlayer
0,status,10,villager,alive,SamplePlayer
0,status,11,villager,alive,SamplePlayer
0,status,12,bodyguard,alive,SamplePlayer
0,talk,0,6,6 werewolf
0,talk,1,11,12 werewolf
0,talk,2,10,12 werewolf
0,talk,3,7,2 werewolf
0,talk,4,4,8 werewolf
0,talk,5,5,6 werewolf
0,talk,6,2,8 werewolf
0,talk,7,12,2 werewolf
0,talk,8,1,4 werewolf
0,talk,9,9,10 werewolf
0,talk,10,8,4 werewolf
0,talk,11,3,4 werewolf
0,whisper,0,1,Over
0,whisper,1,3,Over
0,talk,12,6,Over
0,talk,13,8,Over
0,talk,14,4,Over
0,talk,15,2,Over
0,talk,16,3,Over
0,talk,17,10,Over
0,talk,18,1,Over
0,talk,19,11,Over
0,talk,20,7,Over
0,talk,21,9,Over
0,talk,22,12,Over
0,talk,23,5,Over
0,whisper,2,3,Over
0,whisper,3,1,Over
0,vote,3,4
0,vote,4,8
0,vote,1,4
0,vote,2,8
0,vote,7,2
0,vote,8,4
0,vote,5,6
0,vote,6,6
0,vote,11,12
0,vote,12,2
0,vote,9,10
0,vote,10,12
0,divine,2,2,Human
0,guard,12,7,villager
0,attackVote,3,2
0,attackVote,1,7
0,execute,4,villager
0,attack,2,true
1,status,1,werewolf,alive,SamplePlayer
1,status,2,seer,dead,SamplePlayer
1,status,3,werewolf,alive,SamplePlayer
1,status,4,villager,dead,SamplePlayer
1,status,5,medium,alive,SamplePlayer
1,status,6,possessed,alive,SamplePlayer
1,status,7,villager,alive,SamplePlayer
1,status,8,villager,alive,SamplePlayer
1,status,9,villager,alive,SamplePlayer
1,status,10,villager,alive,SamplePlayer
1,status,11,villager,alive,SamplePlayer
1,status,12,bodyguard,alive,SamplePlayer
1,talk,0,10,1 werewolf
1,talk,1,8,3 werewolf
1,talk,2,5,12 werewolf
1,talk,3,12,7 werewolf
1,talk,4,9,1 werewolf
1,talk,5,6,11 werewolf
1,talk,6,3,( 1 werewolf ) and ( 3 comingout medium ) and ( 7 medium_telled HUMAN ) 
1,talk,7,7,11 werewolf
1,talk,8,1,( 10 werewolf ) and ( 1 comingout medium ) and ( 9 medium_telled HUMAN ) 
1,talk,9,11,1 werewolf
1,whisper,0,3,Over
1,whisper,1,1,Over
1,talk,10,5,3 werewolf
1,talk,11,7,Over
1,talk,12,3,Over
1,talk,13,8,Over
1,talk,14,12,Over
1,talk,15,10,Over
1,talk,16,6,Over
1,talk,17,11,Over
1,talk,18,9,Over
1,talk,19,1,Over
1,whisper,2,1,Over
1,whisper,3,3,Over
1,talk,20,12,Over
1,talk,21,5,Over
1,talk,22,3,Over
1,talk,23,6,Over
1,talk,24,1,Over
1,talk,25,8,Over
1,talk,26,11,Over
1,talk,27,10,Over
1,talk,28,9,Over
1,talk,29,7,Over
1,whisper,4,3,Over
1,whisper,5,1,Over
1,vote,3,1
1,vote,1,10
1,vote,7,11
1,vote,8,3
1,vote,5,3
1,vote,6,11
1,vote,11,1
1,vote,12,7
1,vote,9,1
1,vote,10,1
1,guard,12,1,werewolf
1,attackVote,3,10
1,attackVote,1,6
1,execute,1,werewolf
1,attack,6,true
2,status,1,werewolf,dead,SamplePlayer
2,status,2,seer,dead,SamplePlayer
2,status,3,werewolf,alive,SamplePlayer
2,status,4,villager,dead,SamplePlayer
2,status,5,medium,alive,SamplePlayer
2,status,6,possessed,dead,SamplePlayer
2,status,7,villager,alive,SamplePlayer
2,status,8,villager,alive,SamplePlayer
2,status,9,villager,alive,SamplePlayer
2,status,10,villager,alive,SamplePlayer
2,status,11,villager,alive,SamplePlayer
2,status,12,bodyguard,alive,SamplePlayer
2,talk,0,11,12 werewolf
2,talk,1,9,11 werewolf
2,talk,2,7,10 werewolf
2,talk,3,10,8 werewolf
2,talk,4,12,11 werewolf
2,talk,5,5,( 3 werewolf ) and ( 5 comingout medium ) and ( 4 medium_telled HUMAN ) and ( 1 medium_telled werewolf ) 
2,talk,6,8,11 werewolf
2,talk,7,3,( 5 werewolf ) and ( 12 medium_telled werewolf ) 
2,whisper,0,3,Over
2,talk,8,7,Over
2,talk,9,11,Over
2,talk,10,10,Over
2,talk,11,12,Over
2,talk,12,8,Over
2,talk,13,3,Over
2,talk,14,9,Over
2,talk,15,5,Over
2,whisper,1,3,Over
2,vote,3,5
2,vote,7,10
2,vote,8,11
2,vote,5,3
2,vote,11,12
2,vote,12,11
2,vote,9,11
2,vote,10,8
2,guard,12,5,medium
2,attackVote,3,5
2,execute,11,villager
2,attack,5,false
3,status,1,werewolf,dead,SamplePlayer
3,status,2,seer,dead,SamplePlayer
3,status,3,werewolf,alive,SamplePlayer
3,status,4,villager,dead,SamplePlayer
3,status,5,medium,alive,SamplePlayer
3,status,6,possessed,dead,SamplePlayer
3,status,7,villager,alive,SamplePlayer
3,status,8,villager,alive,SamplePlayer
3,status,9,villager,alive,SamplePlayer
3,status,10,villager,alive,SamplePlayer
3,status,11,villager,dead,SamplePlayer
3,status,12,bodyguard,alive,SamplePlayer
3,talk,0,8,5 werewolf
3,talk,1,9,5 werewolf
3,talk,2,3,( 5 werewolf ) and ( 10 medium_telled HUMAN ) 
3,talk,3,10,8 werewolf
3,talk,4,5,( 3 werewolf ) and ( 11 medium_telled HUMAN ) 
3,talk,5,12,5 werewolf
3,talk,6,7,3 werewolf
3,whisper,0,3,Over
3,talk,7,3,Over
3,talk,8,10,Over
3,talk,9,8,Over
3,talk,10,7,Over
3,talk,11,12,Over
3,talk,12,5,Over
3,talk,13,9,Over
3,whisper,1,3,Over
3,vote,3,5
3,vote,7,3
3,vote,8,5
3,vote,5,3
3,vote,12,5
3,vote,9,5
3,vote,10,8
3,guard,12,3,werewolf
3,attackVote,3,5
3,execute,5,medium
3,attack,5,true
4,status,1,werewolf,dead,SamplePlayer
4,status,2,seer,dead,SamplePlayer
4,status,3,werewolf,alive,SamplePlayer
4,status,4,villager,dead,SamplePlayer
4,status,5,medium,dead,SamplePlayer
4,status,6,possessed,dead,SamplePlayer
4,status,7,villager,alive,SamplePlayer
4,status,8,villager,alive,SamplePlayer
4,status,9,villager,alive,SamplePlayer
4,status,10,villager,alive,SamplePlayer
4,status,11,villager,dead,SamplePlayer
4,status,12,bodyguard,alive,SamplePlayer
4,talk,0,8,12 werewolf
4,talk,1,12,9 werewolf
4,talk,2,10,7 werewolf
4,talk,3,7,3 werewolf
4,talk,4,9,7 werewolf
4,talk,5,3,( 12 werewolf ) and ( 10 medium_telled HUMAN ) 
4,whisper,0,3,Over
4,talk,6,3,Over
4,talk,7,10,Over
4,talk,8,9,Over
4,talk,9,8,Over
4,talk,10,12,Over
4,talk,11,7,Over
4,whisper,1,3,Over
4,vote,3,12
4,vote,7,3
4,vote,8,12
4,vote,12,9
4,vote,9,7
4,vote,10,7
4,guard,12,10,villager
4,attackVote,3,10
4,execute,12,bodyguard
4,attack,10,false
5,status,1,werewolf,dead,SamplePlayer
5,status,2,seer,dead,SamplePlayer
5,status,3,werewolf,alive,SamplePlayer
5,status,4,villager,dead,SamplePlayer
5,status,5,medium,dead,SamplePlayer
5,status,6,possessed,dead,SamplePlayer
5,status,7,villager,alive,SamplePlayer
5,status,8,villager,alive,SamplePlayer
5,status,9,villager,alive,SamplePlayer
5,status,10,villager,alive,SamplePlayer
5,status,11,villager,dead,SamplePlayer
5,status,12,bodyguard,dead,SamplePlayer
5,talk,0,10,9 werewolf
5,talk,1,8,9 werewolf
5,talk,2,3,( 12 werewolf ) and ( 8 medium_telled werewolf ) 
5,talk,3,7,9 werewolf
5,talk,4,9,10 werewolf
5,whisper,0,3,Over
5,talk,5,9,Over
5,talk,6,8,Over
5,talk,7,7,Over
5,talk,8,10,Over
5,talk,9,3,Over
5,whisper,1,3,Over
5,vote,3,12
5,vote,7,9
5,vote,8,9
5,vote,9,10
5,vote,10,9
5,attackVote,3,8
5,execute,9,villager
5,attack,8,true
6,status,1,werewolf,dead,SamplePlayer
6,status,2,seer,dead,SamplePlayer
6,status,3,werewolf,alive,SamplePlayer
6,status,4,villager,dead,SamplePlayer
6,status,5,medium,dead,SamplePlayer
6,status,6,possessed,dead,SamplePlayer
6,status,7,villager,alive,SamplePlayer
6,status,8,villager,dead,SamplePlayer
6,status,9,villager,dead,SamplePlayer
6,status,10,villager,alive,SamplePlayer
6,status,11,villager,dead,SamplePlayer
6,status,12,bodyguard,dead,SamplePlayer
6,talk,0,3,( 12 werewolf ) and ( 7 medium_telled werewolf ) 
6,talk,1,10,7 werewolf
6,talk,2,7,3 werewolf
6,whisper,0,3,Over
6,talk,3,3,Over
6,talk,4,7,Over
6,talk,5,10,Over
6,whisper,1,3,Over
6,vote,3,12
6,vote,7,3
6,vote,10,7
6,attackVote,3,10
6,execute,7,villager
6,attack,10,true
7,status,1,werewolf,dead,SamplePlayer
7,status,2,seer,dead,SamplePlayer
7,status,3,werewolf,alive,SamplePlayer
7,status,4,villager,dead,SamplePlayer
7,status,5,medium,dead,SamplePlayer
7,status,6,possessed,dead,SamplePlayer
7,status,7,villager,dead,SamplePlayer
7,status,8,villager,dead,SamplePlayer
7,status,9,villager,dead,SamplePlayer
7,status,10,villager,dead,SamplePlayer
7,status,11,villager,dead,SamplePlayer
7,status,12,bodyguard,dead,SamplePlayer
7,result,0,1,werewolf
