0,status,1,villager,alive,SamplePlayer
0,status,2,villager,alive,SamplePlayer
0,status,3,villager,alive,SamplePlayer
0,status,4,villager,alive,SamplePlayer
0,status,5,medium,alive,SamplePlayer
0,status,6,villager,alive,SamplePlayer
0,status,7,werewolf,alive,SamplePlayer
0,status,8,bodyguard,alive,SamplePlayer
0,status,9,possessed,alive,SamplePlayer
0,status,10,werewolf,alive,SamplePlayer
0,status,11,seer,alive,SamplePlayer
0,status,12,villager,alive,SamplePlayer
0,talk,0,10,3 werewolf
0,talk,1,7,2 werewolf
0,talk,2,1,9 werewolf
0,talk,3,6,5 werewolf
0,talk,4,8,9 werewolf
0,talk,5,9,8 werewolf
0,talk,6,11,3 werewolf
0,talk,7,2,12 werewolf
0,talk,8,12,7 werewolf
0,talk,9,4,2 werewolf
0,talk,10,3,4 werewolf
0,talk,11,5,8 werewolf
0,whisper,0,7,Over
0,whisper,1,10,Over
0,talk,12,10,Over
0,talk,13,12,Over
0,talk,14,1,Over
0,talk,15,7,Over
0,talk,16,11,Over
0,talk,17,4,Over
0,talk,18,6,Over
0,talk,19,2,Over
0,talk,20,9,Over
0,talk,21,5,Over
0,talk,22,3,Over
0,talk,23,8,Over
0,whisper,2,10,Over
0,whisper,3,7,Over
0,vote,3,4
0,vote,4,2
0,vote,1,9
0,vote,2,12
0,vote,7,2
0,vote,8,9
0,vote,5,8
0,vote,6,5
0,vote,11,3
0,vote,12,7
0,vote,9,8
0,vote,10,3
0,divine,11,2,Human
0,guard,8,10,werewolf
0,attackVote,7,8
0,attackVote,10,9
0,execute,2,villager
0,attack,9,true
1,status,1,villager,alive,SamplePlayer
1,status,2,villager,dead,SamplePlayer
1,status,3,villager,alive,SamplePlayer
1,status,4,villager,alive,SamplePlayer
1,status,5,medium,alive,SamplePlayer
1,status,6,villager,alive,SamplePlayer
1,status,7,werewolf,alive,SamplePlayer
1,status,8,bodyguard,alive,SamplePlayer
1,status,9,possessed,dead,SamplePlayer
1,status,10,werewolf,alive,SamplePlayer
1,status,11,seer,alive,SamplePlayer
1,status,12,villager,alive,SamplePlayer
1,talk,0,3,10 werewolf
1,talk,1,5,( 3 werewolf ) and ( 5 comingout medium ) and ( 2 medium_telled HUMAN ) 
1,talk,2,4,10 werewolf
1,talk,3,11,10 werewolf
1,talk,4,7,5 werewolf
1,talk,5,12,11 werewolf
1,talk,6,1,6 werewolf
1,talk,7,6,10 werewolf
1,talk,8,10,( 12 werewolf ) and ( 10 comingout medium ) and ( 12 medium_telled werewolf ) 
1,talk,9,8,11 werewolf
1,whisper,0,10,Over
1,whisper,1,7,Over
1,talk,10,3,Over
1,talk,11,11,Over
1,talk,12,12,Over
1,talk,13,1,Over
1,talk,14,10,Over
1,talk,15,4,Over
1,talk,16,5,10 werewolf
1,talk,17,8,Over
1,talk,18,7,Over
1,talk,19,6,Over
1,whisper,2,7,Over
1,whisper,3,10,Over
1,talk,20,8,Over
1,talk,21,12,Over
1,talk,22,5,Over
1,talk,23,4,Over
1,talk,24,7,Over
1,talk,25,3,Over
1,talk,26,10,Over
1,talk,27,1,Over
1,talk,28,11,Over
1,talk,29,6,Over
1,whisper,4,7,Over
1,whisper,5,10,Over
1,vote,3,10
1,vote,4,10
1,vote,1,6
1,vote,7,5
1,vote,8,11
1,vote,5,10
1,vote,6,10
1,vote,11,10
1,vote,12,11
1,vote,10,12
1,divine,11,5,Human
1,guard,8,5,medium
1,attackVote,7,5
1,attackVote,10,5
1,execute,10,werewolf
1,attack,5,false
2,status,1,villager,alive,SamplePlayer
2,status,2,villager,dead,SamplePlayer
2,status,3,villager,alive,SamplePlayer
2,status,4,villager,alive,SamplePlayer
2,status,5,medium,alive,SamplePlayer
2,status,6,villager,alive,SamplePlayer
2,status,7,werewolf,alive,SamplePlayer
2,status,8,bodyguard,alive,SamplePlayer
2,status,9,possessed,dead,SamplePlayer
2,status,10,werewolf,dead,SamplePlayer
2,status,11,seer,alive,SamplePlayer
2,status,12,villager,alive,SamplePlayer
2,talk,0,3,1 werewolf
2,talk,1,4,3 werewolf
2,talk,2,8,4 werewolf
2,talk,3,6,12 werewolf
2,talk,4,5,( 8 werewolf ) and ( 10 medium_telled werewolf ) 
2,talk,5,11,1 werewolf
2,talk,6,12,5 werewolf
2,talk,7,1,3 werewolf
2,talk,8,7,1 werewolf
2,whisper,0,7,Over
2,talk,9,8,Over
2,talk,10,7,Over
2,talk,11,3,Over
2,talk,12,6,Over
2,talk,13,11,Over
2,talk,14,4,Over
2,talk,15,5,Over
2,talk,16,12,Over
2,talk,17,1,Over
2,whisper,1,7,Over
2,vote,3,1
2,vote,4,3
2,vote,1,3
2,vote,7,1
2,vote,8,4
2,vote,5,8
2,vote,6,12
2,vote,11,1
2,vote,12,5
2,divine,11,7,Werewolf
2,guard,8,5,medium
2,attackVote,7,5
2,execute,1,villager
2,attack,5,false
3,status,1,villager,dead,SamplePlayer
3,status,2,villager,dead,SamplePlayer
3,status,3,villager,alive,SamplePlayer
3,status,4,villager,alive,SamplePlayer
3,status,5,medium,alive,SamplePlayer
3,status,6,villager,alive,SamplePlayer
3,status,7,werewolf,alive,SamplePlayer
3,status,8,bodyguard,alive,SamplePlayer
3,status,9,possessed,dead,SamplePlayer
3,status,10,werewolf,dead,SamplePlayer
3,status,11,seer,alive,SamplePlayer
3,status,12,villager,alive,SamplePlayer
3,talk,0,8,6 werewolf
3,talk,1,5,( 8 werewolf ) and ( 1 medium_telled HUMAN ) 
3,talk,2,4,5 werewolf
3,talk,3,6,11 werewolf
3,talk,4,11,( 7 werewolf ) and ( 11 comingout seer ) and ( 2 inspected HUMAN ) and ( 5 inspected HUMAN ) and ( 7 inspected werewolf ) 
3,talk,5,7,6 werewolf
3,talk,6,12,7 werewolf
3,talk,7,3,7 werewolf
3,whisper,0,7,Over
3,talk,8,12,Over
3,talk,9,11,Over
3,talk,10,3,Over
3,talk,11,7,Over
3,talk,12,5,7 werewolf
3,talk,13,8,7 werewolf
3,talk,14,4,Over
3,talk,15,6,7 werewolf
3,whisper,1,7,Over
3,talk,16,12,Over
3,talk,17,7,Over
3,talk,18,6,Over
3,talk,19,5,Over
3,talk,20,8,Over
3,talk,21,3,Over
3,talk,22,4,Over
3,talk,23,11,Over
3,whisper,2,7,Over
3,vote,3,7
3,vote,4,5
3,vote,7,6
3,vote,8,7
3,vote,5,7
3,vote,6,7
3,vote,11,7
3,vote,12,7
3,divine,11,4,Human
3,guard,8,5,medium
3,attackVote,7,11
3,execute,7,werewolf
4,status,1,villager,dead,SamplePlayer
4,status,2,villager,dead,SamplePlayer
4,status,3,villager,alive,SamplePlayer
4,status,4,villager,alive,SamplePlayer
4,status,5,medium,alive,SamplePlayer
4,status,6,villager,alive,SamplePlayer
4,status,7,werewolf,dead,SamplePlayer
4,status,8,bodyguard,alive,SamplePlayer
4,status,9,possessed,dead,SamplePlayer
4,status,10,werewolf,dead,SamplePlayer
4,status,11,seer,alive,SamplePlayer
4,status,12,villager,alive,SamplePlayer
4,result,7,0,villager
