0,status,1,villager,alive,SamplePlayer
0,status,2,villager,alive,SamplePlayer
0,status,3,possessed,alive,SamplePlayer
0,status,4,medium,alive,SamplePlayer
0,status,5,villager,alive,SamplePlayer
0,status,6,werewolf,alive,SamplePlayer
0,status,7,villager,alive,SamplePlayer
0,status,8,seer,alive,SamplePlayer
0,status,9,villager,alive,SamplePlayer
0,status,10,bodyguard,alive,SamplePlayer
0,status,11,werewolf,alive,SamplePlayer
0,status,12,villager,alive,SamplePlayer
0,talk,0,3,9 werewolf
0,talk,1,2,8 werewolf
0,talk,2,7,8 werewolf
0,talk,3,1,4 werewolf
0,talk,4,5,12 werewolf
0,talk,5,9,6 werewolf
0,talk,6,12,2 werewolf
0,talk,7,11,9 werewolf
0,talk,8,6,12 werewolf
0,talk,9,4,2 werewolf
0,talk,10,8,4 werewolf
0,talk,11,10,2 werewolf
0,whisper,0,11,Over
0,whisper,1,6,Over
0,talk,12,4,Over
0,talk,13,12,Over
0,talk,14,5,Over
0,talk,15,3,Over
0,talk,16,9,Over
0,talk,17,10,Over
0,talk,18,11,Over
0,talk,19,1,Over
0,talk,20,8,Over
0,talk,21,6,Over
0,talk,22,2,Over
0,talk,23,7,Over
0,whisper,2,6,Over
0,whisper,3,11,Over
0,vote,3,9
0,vote,4,2
0,vote,1,4
0,vote,2,8
0,vote,7,8
0,vote,8,4
0,vote,5,12
0,vote,6,12
0,vote,11,9
0,vote,12,2
0,vote,9,6
0,vote,10,2
0,divine,8,11,Werewolf
0,guard,10,4,medium
0,attackVote,6,7
0,attackVote,11,8
0,execute,2,villager
0,attack,8,true
1,status,1,villager,alive,SamplePlayer
1,status,2,villager,dead,SamplePlayer
1,status,3,possessed,alive,SamplePlayer
1,status,4,medium,alive,SamplePlayer
1,status,5,villager,alive,SamplePlayer
1,status,6,werewolf,alive,SamplePlayer
1,status,7,villager,alive,SamplePlayer
1,status,8,seer,dead,SamplePlayer
1,status,9,villager,alive,SamplePlayer
1,status,10,bodyguard,alive,SamplePlayer
1,status,11,werewolf,alive,SamplePlayer
1,status,12,villager,alive,SamplePlayer
1,talk,0,12,10 werewolf
1,talk,1,3,4 werewolf
1,talk,2,9,6 werewolf
1,talk,3,1,10 werewolf
1,talk,4,7,5 werewolf
1,talk,5,10,5 werewolf
1,talk,6,6,( 5 werewolf ) and ( 6 comingout seer ) and ( 3 inspected HUMAN ) 
1,talk,7,4,7 werewolf
1,talk,8,11,( 11 werewolf ) and ( 11 comingout seer ) and ( 8 inspected HUMAN ) 
1,talk,9,5,11 werewolf
1,whisper,0,6,Over
1,whisper,1,11,Over
1,talk,10,9,12 werewolf
1,talk,11,5,Over
1,talk,12,11,Over
1,talk,13,7,1 werewolf
1,talk,14,3,Over
1,talk,15,4,3 werewolf
1,talk,16,1,11 werewolf
1,talk,17,10,11 werewolf
1,talk,18,6,Over
1,talk,19,12,5 werewolf
1,whisper,2,6,Over
1,whisper,3,11,Over
1,talk,20,7,Over
1,talk,21,3,Over
1,talk,22,9,Over
1,talk,23,6,Over
1,talk,24,11,Over
1,talk,25,5,Over
1,talk,26,12,Over
1,talk,27,4,Over
1,talk,28,1,Over
1,talk,29,10,Over
1,whisper,4,11,Over
1,whisper,5,6,Over
1,vote,3,4
1,vote,4,3
1,vote,1,11
1,vote,7,1
1,vote,5,11
1,vote,6,5
1,vote,11,11
1,vote,12,5
1,vote,9,12
1,vote,10,11
1,guard,10,6,werewolf
1,attackVote,6,9
1,attackVote,11,1
1,execute,11,werewolf
1,attack,9,true
2,status,1,villager,alive,SamplePlayer
2,status,2,villager,dead,SamplePlayer
2,status,3,possessed,alive,SamplePlayer
2,status,4,medium,alive,SamplePlayer
2,status,5,villager,alive,SamplePlayer
2,status,6,werewolf,alive,SamplePlayer
2,status,7,villager,alive,SamplePlayer
2,status,8,seer,dead,SamplePlayer
2,status,9,villager,dead,SamplePlayer
2,status,10,bodyguard,alive,SamplePlayer
2,status,11,werewolf,dead,SamplePlayer
2,status,12,villager,alive,SamplePlayer
2,talk,0,5,6 werewolf
2,talk,1,4,( 12 werewolf ) and ( 4 comingout medium ) and ( 2 medium_telled HUMAN ) and ( 11 medium_telled werewolf ) 
2,talk,2,1,7 werewolf
2,talk,3,3,7 werewolf
2,talk,4,6,( 4 werewolf ) and ( 4 inspected werewolf ) 
2,talk,5,12,4 werewolf
2,talk,6,7,4 werewolf
2,talk,7,10,4 werewolf
2,whisper,0,6,Over
2,talk,8,1,4 werewolf
2,talk,9,3,Over
2,talk,10,7,Over
2,talk,11,6,Over
2,talk,12,12,Over
2,talk,13,5,4 werewolf
2,talk,14,10,Over
2,talk,15,4,10 werewolf
2,whisper,1,6,Over
2,talk,16,12,Over
2,talk,17,1,Over
2,talk,18,5,Over
2,talk,19,6,Over
2,talk,20,10,Over
2,talk,21,7,Over
2,talk,22,4,Over
2,talk,23,3,Over
2,whisper,2,6,Over
2,vote,3,7
2,vote,4,10
2,vote,1,4
2,vote,7,4
2,vote,5,4
2,vote,6,4
2,vote,12,4
2,vote,10,4
2,guard,10,6,werewolf
2,attackVote,6,4
2,execute,4,medium
2,attack,4,true
3,status,1,villager,alive,SamplePlayer
3,status,2,villager,dead,SamplePlayer
3,status,3,possessed,alive,SamplePlayer
3,status,4,medium,dead,SamplePlayer
3,status,5,villager,alive,SamplePlayer
3,status,6,werewolf,alive,SamplePlayer
3,status,7,villager,alive,SamplePlayer
3,status,8,seer,dead,SamplePlayer
3,status,9,villager,dead,SamplePlayer
3,status,10,bodyguard,alive,SamplePlayer
3,status,11,werewolf,dead,SamplePlayer
3,status,12,villager,alive,SamplePlayer
3,talk,0,6,( 4 werewolf ) and ( 10 inspected HUMAN ) 
3,talk,1,5,6 werewolf
3,talk,2,12,10 werewolf
3,talk,3,1,3 werewolf
3,talk,4,10,12 werewolf
3,talk,5,7,12 werewolf
3,talk,6,3,3 werewolf
3,whisper,0,6,Over
3,talk,7,12,Over
3,talk,8,7,Over
3,talk,9,6,Over
3,talk,10,3,Over
3,talk,11,1,Over
3,talk,12,5,Over
3,talk,13,10,Over
3,whisper,1,6,Over
3,vote,3,3
3,vote,1,3
3,vote,7,12
3,vote,5,6
3,vote,6,4
3,vote,12,10
3,vote,10,12
3,guard,10,6,werewolf
3,attackVote,6,7
3,execute,12,villager
3,attack,7,true
4,status,1,villager,alive,SamplePlayer
4,status,2,villager,dead,SamplePlayer
4,status,3,possessed,alive,SamplePlayer
4,status,4,medium,dead,SamplePlayer
4,status,5,villager,alive,SamplePlayer
4,status,6,werewolf,alive,SamplePlayer
4,status,7,villager,dead,SamplePlayer
4,status,8,seer,dead,SamplePlayer
4,status,9,villager,dead,SamplePlayer
4,status,10,bodyguard,alive,SamplePlayer
4,status,11,werewolf,dead,SamplePlayer
4,status,12,villager,dead,SamplePlayer
4,talk,0,5,6 werewolf
4,talk,1,3,6 werewolf
4,talk,2,6,( 4 werewolf ) and ( 5 inspected HUMAN ) 
4,talk,3,10,5 werewolf
4,talk,4,1,5 werewolf
4,whisper,0,6,Over
4,talk,5,3,Over
4,talk,6,10,Over
4,talk,7,5,10 werewolf
4,talk,8,6,Over
4,talk,9,1,Over
4,whisper,1,6,Over
4,talk,10,1,Over
4,talk,11,3,Over
4,talk,12,5,Over
4,talk,13,6,Over
4,talk,14,10,Over
4,whisper,2,6,Over
4,vote,3,6
4,vote,1,5
4,vote,5,10
4,vote,6,4
4,vote,10,5
4,guard,10,6,werewolf
4,attackVote,6,3
4,execute,5,villager
4,attack,3,true
5,status,1,villager,alive,SamplePlayer
5,status,2,villager,dead,SamplePlayer
5,status,3,possessed,dead,SamplePlayer
5,status,4,medium,dead,SamplePlayer
5,status,5,villager,dead,SamplePlayer
5,status,6,werewolf,alive,SamplePlayer
5,status,7,villager,dead,SamplePlayer
5,status,8,seer,dead,SamplePlayer
5,status,9,villager,dead,SamplePlayer
5,status,10,bodyguard,alive,SamplePlayer
5,status,11,werewolf,dead,SamplePlayer
5,status,12,villager,dead,SamplePlayer
5,talk,0,10,1 werewolf
5,talk,1,1,10 werewolf
5,talk,2,6,( 4 werewolf ) and ( 10 inspected HUMAN ) 
5,whisper,0,6,Over
5,talk,3,10,Over
5,talk,4,6,Over
5,talk,5,1,Over
5,whisper,1,6,Over
5,vote,1,10
5,vote,6,4
5,vote,10,1
5,guard,10,6,werewolf
5,attackVote,6,10
5,execute,1,villager
5,attack,10,true
6,status,1,villager,dead,SamplePlayer
6,status,2,villager,dead,SamplePlayer
6,status,3,possessed,dead,SamplePlayer
6,status,4,medium,dead,SamplePlayer
6,status,5,villager,dead,SamplePlayer
6,status,6,werewolf,alive,SamplePlayer
6,status,7,villager,dead,SamplePlayer
6,status,8,seer,dead,SamplePlayer
6,status,9,villager,dead,SamplePlayer
6,status,10,bodyguard,dead,SamplePlayer
6,status,11,werewolf,dead,SamplePlayer
6,status,12,villager,dead,SamplePlayer
6,result,0,1,werewolf
