0,status,1,villager,alive,SamplePlayer
0,status,2,werewolf,alive,SamplePlayer
0,status,3,villager,alive,SamplePlayer
0,status,4,possessed,alive,SamplePlayer
0,status,5,werewolf,alive,SamplePlayer
0,status,6,villager,alive,SamplePlayer
0,status,7,villager,alive,SamplePlayer
0,status,8,medium,alive,SamplePlayer
0,status,9,seer,alive,SamplePlayer
0,status,10,bodyguard,alive,SamplePlayer
0,status,11,villager,alive,SamplePlayer
0,status,12,villager,alive,SamplePlayer
0,talk,0,4,7 werewolf
0,talk,1,11,9 werewolf
0,talk,2,6,3 werewolf
0,talk,3,12,5 werewolf
0,talk,4,3,2 werewolf
0,talk,5,5,3 werewolf
0,talk,6,10,5 werewolf
0,talk,7,2,4 werewolf
0,talk,8,7,3 werewolf
0,talk,9,9,8 werewolf
0,talk,10,8,4 werewolf
0,talk,11,1,3 werewolf
0,whisper,0,5,Over
0,whisper,1,2,Over
0,talk,12,3,Over
0,talk,13,2,Over
0,talk,14,7,Over
0,talk,15,8,Over
0,talk,16,10,Over
0,talk,17,4,Over
0,talk,18,5,Over
0,talk,19,6,Over
0,talk,20,12,Over
0,talk,21,9,Over
0,talk,22,11,Over
0,talk,23,1,Over
0,whisper,2,5,Over
0,whisper,3,2,Over
0,vote,3,2
0,vote,4,7
0,vote,1,3
0,vote,2,4
0,vote,7,3
0,vote,8,4
0,vote,5,3
0,vote,6,3
0,vote,11,9
0,vote,12,5
0,vote,9,8
0,vote,10,5
0,divine,9,7,Human
0,guard,10,5,werewolf
0,attackVote,2,10
0,attackVote,5,12
0,execute,3,villager
0,attack,12,true
1,status,1,villager,alive,SamplePlayer
1,status,2,werewolf,alive,SamplePlayer
1,status,3,villager,dead,SamplePlayer
1,status,4,possessed,alive,SamplePlayer
1,status,5,werewolf,alive,SamplePlayer
1,status,6,villager,alive,SamplePlayer
1,status,7,villager,alive,SamplePlayer
1,status,8,medium,alive,SamplePlayer
1,status,9,seer,alive,SamplePlayer
1,status,10,bodyguard,alive,SamplePlayer
1,status,11,villager,alive,SamplePlayer
1,status,12,villager,dead,SamplePlayer
1,talk,0,8,5 werewolf
1,talk,1,6,1 werewolf
1,talk,2,2,9 werewolf
1,talk,3,11,10 werewolf
1,talk,4,10,4 werewolf
1,talk,5,7,10 werewolf
1,talk,6,5,4 werewolf
1,talk,7,9,( 1 werewolf ) and ( 9 comingout seer ) and ( 7 inspected HUMAN ) 
1,talk,8,4,7 werewolf
1,talk,9,1,5 werewolf
1,whisper,0,2,Over
1,whisper,1,5,Over
1,talk,10,11,1 werewolf
1,talk,11,7,2 werewolf
1,talk,12,10,1 werewolf
1,talk,13,2,Over
1,talk,14,5,Over
1,talk,15,8,Over
1,talk,16,1,Over
1,talk,17,9,Over
1,talk,18,6,2 werewolf
1,talk,19,4,Over
1,whisper,2,5,Over
1,whisper,3,2,Over
1,talk,20,8,Over
1,talk,21,10,Over
1,talk,22,4,Over
1,talk,23,6,Over
1,talk,24,9,Over
1,talk,25,5,Over
1,talk,26,1,Over
1,talk,27,2,Over
1,talk,28,11,Over
1,talk,29,7,Over
1,whisper,4,5,Over
1,whisper,5,2,Over
1,vote,4,7
1,vote,1,5
1,vote,2,9
1,vote,7,2
1,vote,8,5
1,vote,5,4
1,vote,6,2
1,vote,11,1
1,vote,9,1
1,vote,10,1
1,divine,9,11,Human
1,guard,10,9,seer
1,attackVote,2,9
1,attackVote,5,9
1,execute,1,villager
1,attack,9,false
2,status,1,villager,dead,SamplePlayer
2,status,2,werewolf,alive,SamplePlayer
2,status,3,villager,dead,SamplePlayer
2,status,4,possessed,alive,SamplePlayer
2,status,5,werewolf,alive,SamplePlayer
2,status,6,villager,alive,SamplePlayer
2,status,7,villager,alive,SamplePlayer
2,status,8,medium,alive,SamplePlayer
2,status,9,seer,alive,SamplePlayer
2,status,10,bodyguard,alive,SamplePlayer
2,status,11,villager,alive,SamplePlayer
2,status,12,villager,dead,SamplePlayer
2,talk,0,6,11 werewolf
2,talk,1,9,( 7 werewolf ) and ( 11 inspected HUMAN ) 
2,talk,2,4,5 werewolf
2,talk,3,10,9 werewolf
2,talk,4,2,6 werewolf
2,talk,5,7,10 werewolf
2,talk,6,5,4 werewolf
2,talk,7,8,( 9 werewolf ) and ( 8 comingout medium ) and ( 3 medium_telled HUMAN ) and ( 1 medium_telled HUMAN ) 
2,talk,8,11,7 werewolf
2,whisper,0,5,Over
2,whisper,1,2,Over
2,talk,9,6,Over
2,talk,10,5,8 werewolf
2,talk,11,11,Over
2,talk,12,2,8 werewolf
2,talk,13,8,Over
2,talk,14,7,Over
2,talk,15,10,Over
2,talk,16,9,Over
2,talk,17,4,Over
2,whisper,2,5,Over
2,whisper,3,2,Over
2,talk,18,2,Over
2,talk,19,11,Over
2,talk,20,9,Over
2,talk,21,5,Over
2,talk,22,8,Over
2,talk,23,6,Over
2,talk,24,7,Over
2,talk,25,10,Over
2,talk,26,4,Over
2,whisper,4,5,Over
2,whisper,5,2,Over
2,vote,4,5
2,vote,2,8
2,vote,7,10
2,vote,8,9
2,vote,5,8
2,vote,6,11
2,vote,11,7
2,vote,9,7
2,vote,10,9
2,divine,9,5,Werewolf
2,guard,10,9,seer
2,attackVote,2,7
2,attackVote,5,8
2,execute,7,villager
2,attack,8,true
3,status,1,villager,dead,SamplePlayer
3,status,2,werewolf,alive,SamplePlayer
3,status,3,villager,dead,SamplePlayer
3,status,4,possessed,alive,SamplePlayer
3,status,5,werewolf,alive,SamplePlayer
3,status,6,villager,alive,SamplePlayer
3,status,7,villager,dead,SamplePlayer
3,status,8,medium,dead,SamplePlayer
3,status,9,seer,alive,SamplePlayer
3,status,10,bodyguard,alive,SamplePlayer
3,status,11,villager,alive,SamplePlayer
3,status,12,villager,dead,SamplePlayer
3,talk,0,9,( 5 werewolf ) and ( 5 inspected werewolf ) 
3,talk,1,6,5 werewolf
3,talk,2,11,5 werewolf
3,talk,3,4,10 werewolf
3,talk,4,2,( 4 werewolf ) and ( 2 comingout medium ) and ( 4 medium_telled HUMAN ) and ( 4 medium_telled werewolf ) and ( 5 medium_telled HUMAN ) 
3,talk,5,10,5 werewolf
3,talk,6,5,( 8 werewolf ) and ( 5 comingout medium ) and ( 10 medium_telled HUMAN ) and ( 8 medium_telled werewolf ) and ( 9 medium_telled werewolf ) 
3,whisper,0,5,Over
3,whisper,1,2,Over
3,talk,7,9,Over
3,talk,8,4,Over
3,talk,9,2,Over
3,talk,10,10,Over
3,talk,11,5,Over
3,talk,12,11,Over
3,talk,13,6,Over
3,whisper,2,5,Over
3,whisper,3,2,Over
3,vote,4,10
3,vote,2,4
3,vote,5,8
3,vote,6,5
3,vote,11,5
3,vote,9,5
3,vote,10,5
3,divine,9,10,Human
3,guard,10,5,werewolf
3,attackVote,2,9
3,attackVote,5,9
3,execute,5,werewolf
3,attack,9,true
4,status,1,villager,dead,SamplePlayer
4,status,2,werewolf,alive,SamplePlayer
4,status,3,villager,dead,SamplePlayer
4,status,4,possessed,alive,SamplePlayer
4,status,5,werewolf,dead,SamplePlayer
4,status,6,villager,alive,SamplePlayer
4,status,7,villager,dead,SamplePlayer
4,status,8,medium,dead,SamplePlayer
4,status,9,seer,dead,SamplePlayer
4,status,10,bodyguard,alive,SamplePlayer
4,status,11,villager,alive,SamplePlayer
4,status,12,villager,dead,SamplePlayer
4,talk,0,10,6 werewolf
4,talk,1,2,( 4 werewolf ) and ( 10 medium_telled werewolf ) 
4,talk,2,6,11 werewolf
4,talk,3,11,4 werewolf
4,talk,4,4,2 werewolf
4,whisper,0,2,Over
4,talk,5,2,Over
4,talk,6,10,Over
4,talk,7,4,Over
4,talk,8,11,Over
4,talk,9,6,Over
4,whisper,1,2,Over
4,vote,4,2
4,vote,2,4
4,vote,6,11
4,vote,11,4
4,vote,10,6
4,guard,10,2,werewolf
4,attackVote,2,11
4,execute,4,possessed
4,attack,11,true
5,status,1,villager,dead,SamplePlayer
5,status,2,werewolf,alive,SamplePlayer
5,status,3,villager,dead,SamplePlayer
5,status,4,possessed,dead,SamplePlayer
5,status,5,werewolf,dead,SamplePlayer
5,status,6,villager,alive,SamplePlayer
5,status,7,villager,dead,SamplePlayer
5,status,8,medium,dead,SamplePlayer
5,status,9,seer,dead,SamplePlayer
5,status,10,bodyguard,alive,SamplePlayer
5,status,11,villager,dead,SamplePlayer
5,status,12,villager,dead,SamplePlayer
5,talk,0,6,2 werewolf
5,talk,1,10,6 werewolf
5,talk,2,2,( 10 werewolf ) and ( 10 medium_telled werewolf ) 
5,whisper,0,2,Over
5,talk,3,6,Over
5,talk,4,10,Over
5,talk,5,2,Over
5,whisper,1,2,Over
5,vote,2,10
5,vote,6,2
5,vote,10,6
5,guard,10,2,werewolf
5,attackVote,2,10
5,execute,6,villager
5,attack,10,true
6,status,1,villager,dead,SamplePlayer
6,status,2,werewolf,alive,SamplePlayer
6,status,3,villager,dead,SamplePlayer
6,status,4,possessed,dead,SamplePlayer
6,status,5,werewolf,dead,SamplePlayer
6,status,6,villager,dead,SamplePlayer
6,status,7,villager,dead,SamplePlayer
6,status,8,medium,dead,SamplePlayer
6,status,9,seer,dead,SamplePlayer
6,status,10,bodyguard,dead,SamplePlayer
6,status,11,villager,dead,SamplePlayer
6,status,12,villager,dead,SamplePlayer
6,result,0,1,werewolf
