0,status,1,werewolf,alive,SamplePlayer
0,status,2,medium,alive,SamplePlayer
0,status,3,villager,alive,SamplePlayer
0,status,4,villager,alive,SamplePlayer
0,status,5,villager,alive,SamplePlayer
0,status,6,villager,alive,SamplePlayer
0,status,7,seer,alive,SamplePlayer
0,status,8,bodyguard,alive,SamplePlayer
0,status,9,possessed,alive,SamplePlayer
0,status,10,werewolf,alive,SamplePlayer
0,status,11,villager,alive,SamplePlayer
0,status,12,villager,alive,SamplePlayer
0,talk,0,2,11 werewolf
0,talk,1,11,5 werewolf
0,talk,2,4,1 werewolf
0,talk,3,10,9 werewolf
0,talk,4,6,11 werewolf
0,talk,5,7,11 werewolf
0,talk,6,5,12 werewolf
0,talk,7,8,6 werewolf
0,talk,8,9,7 werewolf
0,talk,9,3,6 werewolf
0,talk,10,12,3 werewolf
0,talk,11,1,8 werewolf
0,whisper,0,10,Over
0,whisper,1,1,Over
0,talk,12,7,Over
0,talk,13,1,Over
0,talk,14,6,Over
0,talk,15,10,Over
0,talk,16,11,Over
0,talk,17,5,Over
0,talk,18,2,Over
0,talk,19,8,Over
0,talk,20,12,Over
0,talk,21,3,Over
0,talk,22,4,Over
0,talk,23,9,Over
0,whisper,2,1,Over
0,whisper,3,10,Over
0,vote,3,6
0,vote,4,1
0,vote,1,8
0,vote,2,11
0,vote,7,11
0,vote,8,6
0,vote,5,12
0,vote,6,11
0,vote,11,5
0,vote,12,3
0,vote,9,7
0,vote,10,9
0,divine,7,2,Human
0,guard,8,7,seer
0,attackVote,1,2
0,attackVote,10,9
0,execute,11,villager
0,attack,2,true
1,status,1,werewolf,alive,SamplePlayer
1,status,2,medium,dead,SamplePlayer
1,status,3,villager,alive,SamplePlayer
1,status,4,villager,alive,SamplePlayer
1,status,5,villager,alive,SamplePlayer
1,status,6,villager,alive,SamplePlayer
1,status,7,seer,alive,SamplePlayer
1,status,8,bodyguard,alive,SamplePlayer
1,status,9,possessed,alive,SamplePlayer
1,status,10,werewolf,alive,SamplePlayer
1,status,11,villager,dead,SamplePlayer
1,status,12,villager,alive,SamplePlayer
1,talk,0,12,5 werewolf
1,talk,1,8,9 werewolf
1,talk,2,10,8 werewolf
1,talk,3,3,4 werewolf
1,talk,4,6,7 werewolf
1,talk,5,9,10 werewolf
1,talk,6,7,( 8 werewolf ) and ( 7 comingout seer ) and ( 2 inspected HUMAN ) 
1,talk,7,5,3 werewolf
1,talk,8,1,( 8 werewolf ) and ( 1 comingout medium ) and ( 8 medium_telled werewolf ) 
1,talk,9,4,1 werewolf
1,whisper,0,10,Over
1,whisper,1,1,Over
1,talk,10,4,Over
1,talk,11,10,Over
1,talk,12,7,Over
1,talk,13,6,1 werewolf
1,talk,14,12,9 werewolf
1,talk,15,5,Over
1,talk,16,3,Over
1,talk,17,9,Over
1,talk,18,8,5 werewolf
1,talk,19,1,Over
1,whisper,2,1,Over
1,whisper,3,10,Over
1,talk,20,5,Over
1,talk,21,6,Over
1,talk,22,9,Over
1,talk,23,7,Over
1,talk,24,8,Over
1,talk,25,12,Over
1,talk,26,1,Over
1,talk,27,4,Over
1,talk,28,10,Over
1,talk,29,3,Over
1,whisper,4,1,Over
1,whisper,5,10,Over
1,vote,3,4
1,vote,4,1
1,vote,1,8
1,vote,7,8
1,vote,8,5
1,vote,5,3
1,vote,6,1
1,vote,12,9
1,vote,9,10
1,vote,10,8
1,divine,7,4,Human
1,guard,8,1,werewolf
1,attackVote,1,7
1,attackVote,10,8
1,execute,8,bodyguard
1,attack,8,true
2,status,1,werewolf,alive,SamplePlayer
2,status,2,medium,dead,SamplePlayer
2,status,3,villager,alive,SamplePlayer
2,status,4,villager,alive,SamplePlayer
2,status,5,villager,alive,SamplePlayer
2,status,6,villager,alive,SamplePlayer
2,status,7,seer,alive,SamplePlayer
2,status,8,bodyguard,dead,SamplePlayer
2,status,9,possessed,alive,SamplePlayer
2,status,10,werewolf,alive,SamplePlayer
2,status,11,villager,dead,SamplePlayer
2,status,12,villager,alive,SamplePlayer
2,talk,0,12,9 werewolf
2,talk,1,10,( 8 werewolf ) and ( 10 comingout medium ) and ( 8 medium_telled werewolf ) and ( 5 medium_telled werewolf ) 
2,talk,2,3,9 werewolf
2,talk,3,5,6 werewolf
2,talk,4,1,( 8 werewolf ) and ( 3 medium_telled HUMAN ) 
2,talk,5,7,( 10 werewolf ) and ( 4 inspected HUMAN ) 
2,talk,6,9,10 werewolf
2,talk,7,4,1 werewolf
2,talk,8,6,3 werewolf
2,whisper,0,10,Over
2,whisper,1,1,Over
2,talk,9,7,Over
2,talk,10,10,Over
2,talk,11,6,Over
2,talk,12,12,5 werewolf
2,talk,13,9,Over
2,talk,14,4,Over
2,talk,15,5,9 werewolf
2,talk,16,1,Over
2,talk,17,3,10 werewolf
2,whisper,2,10,Over
2,whisper,3,1,Over
2,talk,18,5,Over
2,talk,19,9,Over
2,talk,20,4,Over
2,talk,21,10,Over
2,talk,22,12,Over
2,talk,23,7,Over
2,talk,24,6,Over
2,talk,25,3,Over
2,talk,26,1,Over
2,whisper,4,10,Over
2,whisper,5,1,Over
2,vote,3,10
2,vote,4,1
2,vote,1,8
2,vote,7,10
2,vote,5,9
2,vote,6,3
2,vote,12,5
2,vote,9,10
2,vote,10,8
2,divine,7,9,Human
2,attackVote,1,7
2,attackVote,10,7
2,execute,10,werewolf
2,attack,7,true
3,status,1,werewolf,alive,SamplePlayer
3,status,2,medium,dead,SamplePlayer
3,status,3,villager,alive,SamplePlayer
3,status,4,villager,alive,SamplePlayer
3,status,5,villager,alive,SamplePlayer
3,status,6,villager,alive,SamplePlayer
3,status,7,seer,dead,SamplePlayer
3,status,8,bodyguard,dead,SamplePlayer
3,status,9,possessed,alive,SamplePlayer
3,status,10,werewolf,dead,SamplePlayer
3,status,11,villager,dead,SamplePlayer
3,status,12,villager,alive,SamplePlayer
3,talk,0,4,12 werewolf
3,talk,1,5,6 werewolf
3,talk,2,1,( 8 werewolf ) and ( 9 medium_telled werewolf ) 
3,talk,3,3,9 werewolf
3,talk,4,6,3 werewolf
3,talk,5,9,5 werewolf
3,talk,6,12,1 werewolf
3,whisper,0,1,Over
3,talk,7,1,Over
3,talk,8,9,Over
3,talk,9,4,Over
3,talk,10,5,Over
3,talk,11,12,Over
3,talk,12,3,Over
3,talk,13,6,Over
3,whisper,1,1,Over
3,vote,3,9
3,vote,4,12
3,vote,1,8
3,vote,5,6
3,vote,6,3
3,vote,12,1
3,vote,9,5
3,attackVote,1,3
3,execute,1,werewolf
4,status,1,werewolf,dead,SamplePlayer
4,status,2,medium,dead,SamplePlayer
4,status,3,villager,alive,SamplePlayer
4,status,4,villager,alive,SamplePlayer
4,status,5,villager,alive,SamplePlayer
4,status,6,villager,alive,SamplePlayer
4,status,7,seer,dead,SamplePlayer
4,status,8,bodyguard,dead,SamplePlayer
4,status,9,possessed,alive,SamplePlayer
4,status,10,werewolf,dead,SamplePlayer
4,status,11,villager,dead,SamplePlayer
4,status,12,villager,alive,SamplePlayer
4,result,6,0,villager
