0,status,1,possessed,alive,SamplePlayer
0,status,2,villager,alive,SamplePlayer
0,status,3,villager,alive,SamplePlayer
0,status,4,medium,alive,SamplePlayer
0,status,5,werewolf,alive,SamplePlayer
0,status,6,villager,alive,SamplePlayer
0,status,7,villager,alive,SamplePlayer
0,status,8,villager,alive,SamplePlayer
0,status,9,villager,alive,SamplePlayer
0,status,10,werewolf,alive,SamplePlayer
0,status,11,bodyguard,alive,SamplePlayer
0,status,12,seer,alive,SamplePlayer
0,talk,0,2,4 werewolf
0,talk,1,3,7 werewolf
0,talk,2,4,10 werewolf
0,talk,3,1,4 werewolf
0,talk,4,5,12 werewolf
0,talk,5,6,2 werewolf
0,talk,6,11,6 werewolf
0,talk,7,10,9 werewolf
0,talk,8,12,11 werewolf
0,talk,9,8,11 werewolf
0,talk,10,7,10 werewolf
0,talk,11,9,1 werewolf
0,whisper,0,5,Over
0,whisper,1,10,Over
0,talk,12,3,Over
0,talk,13,10,Over
0,talk,14,5,Over
0,talk,15,12,Over
0,talk,16,7,Over
0,talk,17,4,Over
0,talk,18,6,Over
0,talk,19,8,Over
0,talk,20,11,Over
0,talk,21,2,Over
0,talk,22,1,Over
0,talk,23,9,Over
0,whisper,2,5,Over
0,whisper,3,10,Over
0,vote,3,7
0,vote,4,10
0,vote,1,4
0,vote,2,4
0,vote,7,10
0,vote,8,11
0,vote,5,12
0,vote,6,2
0,vote,11,6
0,vote,12,11
0,vote,9,1
0,vote,10,9
0,divine,12,8,Human
0,guard,11,5,werewolf
0,attackVote,5,8
0,attackVote,10,7
0,execute,10,werewolf
0,attack,7,true
1,status,1,possessed,alive,SamplePlayer
1,status,2,villager,alive,SamplePlayer
1,status,3,villager,alive,SamplePlayer
1,status,4,medium,alive,SamplePlayer
1,status,5,werewolf,alive,SamplePlayer
1,status,6,villager,alive,SamplePlayer
1,status,7,villager,dead,SamplePlayer
1,status,8,villager,alive,SamplePlayer
1,status,9,villager,alive,SamplePlayer
1,status,10,werewolf,dead,SamplePlayer
1,status,11,bodyguard,alive,SamplePlayer
1,status,12,seer,alive,SamplePlayer
1,talk,0,9,2 werewolf
1,talk,1,6,3 werewolf
1,talk,2,5,3 werewolf
1,talk,3,11,5 werewolf
1,talk,4,8,12 werewolf
1,talk,5,3,11 werewolf
1,talk,6,1,5 werewolf
1,talk,7,12,9 werewolf
1,talk,8,2,4 werewolf
1,talk,9,4,6 werewolf
1,whisper,0,5,Over
1,talk,10,8,Over
1,talk,11,4,Over
1,talk,12,9,Over
1,talk,13,2,Over
1,talk,14,12,Over
1,talk,15,5,Over
1,talk,16,1,Over
1,talk,17,6,Over
1,talk,18,11,Over
1,talk,19,3,Over
1,whisper,1,5,Over
1,vote,3,11
1,vote,4,6
1,vote,1,5
1,vote,2,4
1,vote,8,12
1,vote,5,3
1,vote,6,3
1,vote,11,5
1,vote,12,9
1,vote,9,2
1,divine,12,6,Human
1,guard,11,3,villager
1,attackVote,5,6
1,execute,3,villager
1,attack,6,true
2,status,1,possessed,alive,SamplePlayer
2,status,2,villager,alive,SamplePlayer
2,status,3,villager,dead,SamplePlayer
2,status,4,medium,alive,SamplePlayer
2,status,5,werewolf,alive,SamplePlayer
2,status,6,villager,dead,SamplePlayer
2,status,7,villager,dead,SamplePlayer
2,status,8,villager,alive,SamplePlayer
2,status,9,villager,alive,SamplePlayer
2,status,10,werewolf,dead,SamplePlayer
2,status,11,bodyguard,alive,SamplePlayer
2,status,12,seer,alive,SamplePlayer
2,talk,0,9,1 werewolf
2,talk,1,12,5 werewolf
2,talk,2,2,11 werewolf
2,talk,3,4,5 werewolf
2,talk,4,8,9 werewolf
2,talk,5,11,9 werewolf
2,talk,6,1,4 werewolf
2,talk,7,5,3 werewolf
2,whisper,0,5,Over
2,talk,8,12,Over
2,talk,9,1,Over
2,talk,10,11,Over
2,talk,11,9,Over
2,talk,12,8,Over
2,talk,13,5,Over
2,talk,14,2,Over
2,talk,15,4,Over
2,whisper,1,5,Over
2,vote,4,5
2,vote,1,4
2,vote,2,11
2,vote,8,9
2,vote,5,3
2,vote,11,9
2,vote,12,5
2,vote,9,1
2,divine,12,1,Human
2,guard,11,12,seer
2,attackVote,5,9
2,execute,9,villager
2,attack,9,true
3,status,1,possessed,alive,SamplePlayer
3,status,2,villager,alive,SamplePlayer
3,status,3,villager,dead,SamplePlayer
3,status,4,medium,alive,SamplePlayer
3,status,5,werewolf,alive,SamplePlayer
3,status,6,villager,dead,SamplePlayer
3,status,7,villager,dead,SamplePlayer
3,status,8,villager,alive,SamplePlayer
3,status,9,villager,dead,SamplePlayer
3,status,10,werewolf,dead,SamplePlayer
3,status,11,bodyguard,alive,SamplePlayer
3,status,12,seer,alive,SamplePlayer
3,talk,0,4,( 11 werewolf ) and ( 4 comingout medium ) and ( 10 medium_telled werewolf ) and ( 3 medium_telled HUMAN ) and ( 9 medium_telled HUMAN ) 
3,talk,1,8,11 werewolf
3,talk,2,5,( 3 werewolf ) and ( 5 comingout medium ) and ( 3 medium_telled werewolf ) and ( 4 medium_telled HUMAN ) and ( 12 medium_telled werewolf ) 
3,talk,3,11,5 werewolf
3,talk,4,1,12 werewolf
3,talk,5,2,4 werewolf
3,talk,6,12,( 11 werewolf ) and ( 12 comingout seer ) and ( 8 inspected HUMAN ) and ( 6 inspected HUMAN ) and ( 1 inspected HUMAN ) 
3,whisper,0,5,Over
3,talk,7,8,Over
3,talk,8,12,Over
3,talk,9,2,8 werewolf
3,talk,10,1,Over
3,talk,11,11,Over
3,talk,12,4,5 werewolf
3,talk,13,5,Over
3,whisper,1,5,Over
3,talk,14,5,Over
3,talk,15,4,Over
3,talk,16,8,Over
3,talk,17,1,Over
3,talk,18,12,Over
3,talk,19,11,Over
3,talk,20,2,Over
3,whisper,2,5,Over
3,vote,4,5
3,vote,1,12
3,vote,2,8
3,vote,8,11
3,vote,5,3
3,vote,11,5
3,vote,12,11
3,divine,12,5,Werewolf
3,guard,11,12,seer
3,attackVote,5,11
3,execute,5,werewolf
4,status,1,possessed,alive,SamplePlayer
4,status,2,villager,alive,SamplePlayer
4,status,3,villager,dead,SamplePlayer
4,status,4,medium,alive,SamplePlayer
4,status,5,werewolf,dead,SamplePlayer
4,status,6,villager,dead,SamplePlayer
4,status,7,villager,dead,SamplePlayer
4,status,8,villager,alive,SamplePlayer
4,status,9,villager,dead,SamplePlayer
4,status,10,werewolf,dead,SamplePlayer
4,status,11,bodyguard,alive,SamplePlayer
4,status,12,seer,alive,SamplePlayer
4,result,6,0,villager
