0,status,1,villager,alive,SamplePlayer
0,status,2,seer,alive,SamplePlayer
0,status,3,werewolf,alive,SamplePlayer
0,status,4,villager,alive,SamplePlayer
0,status,5,bodyguard,alive,SamplePlayer
0,status,6,villager,alive,SamplePlayer
0,status,7,possessed,alive,SamplePlayer
0,status,8,villager,alive,SamplePlayer
0,status,9,medium,alive,SamplePlayer
0,status,10,werewolf,alive,SamplePlayer
0,status,11,villager,alive,SamplePlayer
0,status,12,villager,alive,SamplePlayer
0,talk,0,7,2 werewolf
0,talk,1,6,8 werewolf
0,talk,2,10,1 werewolf
0,talk,3,9,8 werewolf
0,talk,4,2,4 werewolf
0,talk,5,4,2 werewolf
0,talk,6,11,7 werewolf
0,talk,7,1,10 werewolf
0,talk,8,8,10 werewolf
0,talk,9,3,8 werewolf
0,talk,10,12,10 werewolf
0,talk,11,5,3 werewolf
0,whisper,0,3,Over
0,whisper,1,10,Over
0,talk,12,8,Over
0,talk,13,2,Over
0,talk,14,5,Over
0,talk,15,11,Over
0,talk,16,4,Over
0,talk,17,3,Over
0,talk,18,1,Over
0,talk,19,9,Over
0,talk,20,7,Over
0,talk,21,12,Over
0,talk,22,10,Over
0,talk,23,6,Over
0,whisper,2,3,Over
0,whisper,3,10,Over
0,vote,3,8
0,vote,4,2
0,vote,1,10
0,vote,2,4
0,vote,7,2
0,vote,8,10
0,vote,5,3
0,vote,6,8
0,vote,11,7
0,vote,12,10
0,vote,9,8
0,vote,10,1
0,divine,2,6,Human
0,guard,5,9,medium
0,attackVote,3,9
0,attackVote,10,11
0,execute,10,werewolf
0,attack,9,false
1,status,1,villager,alive,SamplePlayer
1,status,2,seer,alive,SamplePlayer
1,status,3,werewolf,alive,SamplePlayer
1,status,4,villager,alive,SamplePlayer
1,status,5,bodyguard,alive,SamplePlayer
1,status,6,villager,alive,SamplePlayer
1,status,7,possessed,alive,SamplePlayer
1,status,8,villager,alive,SamplePlayer
1,status,9,medium,alive,SamplePlayer
1,status,10,werewolf,dead,SamplePlayer
1,status,11,villager,alive,SamplePlayer
1,status,12,villager,alive,SamplePlayer
1,talk,0,1,5 werewolf
1,talk,1,7,( 4 werewolf ) and ( 7 comingout seer ) and ( 8 inspected HUMAN ) 
1,talk,2,11,8 werewolf
1,talk,3,3,8 werewolf
1,talk,4,9,( 12 werewolf ) and ( 9 comingout medium ) and ( 10 medium_telled werewolf ) 
1,talk,5,5,8 werewolf
1,talk,6,2,7 werewolf
1,talk,7,4,1 werewolf
1,talk,8,12,4 werewolf
1,talk,9,6,12 werewolf
1,talk,10,8,7 werewolf
1,whisper,0,3,Over
1,talk,11,9,Over
1,talk,12,8,Over
1,talk,13,3,9 werewolf
1,talk,14,7,Over
1,talk,15,2,Over
1,talk,16,12,Over
1,talk,17,11,Over
1,talk,18,6,Over
1,talk,19,5,Over
1,talk,20,1,9 werewolf
1,talk,21,4,Over
1,whisper,1,3,Over
1,talk,22,4,Over
1,talk,23,9,Over
1,talk,24,6,Over
1,talk,25,11,Over
1,talk,26,5,Over
1,talk,27,8,Over
1,talk,28,7,Over
1,talk,29,3,Over
1,talk,30,1,Over
1,talk,31,12,Over
1,talk,32,2,Over
1,whisper,2,3,Over
1,vote,3,9
1,vote,4,1
1,vote,1,9
1,vote,2,7
1,vote,7,4
1,vote,8,7
1,vote,5,8
1,vote,6,12
1,vote,11,8
1,vote,12,4
1,vote,9,12
1,divine,2,8,Human
1,guard,5,7,possessed
1,attackVote,3,9
1,execute,8,villager
1,attack,9,true
2,status,1,villager,alive,SamplePlayer
2,status,2,seer,alive,SamplePlayer
2,status,3,werewolf,alive,SamplePlayer
2,status,4,villager,alive,SamplePlayer
2,status,5,bodyguard,alive,SamplePlayer
2,status,6,villager,alive,SamplePlayer
2,status,7,possessed,alive,SamplePlayer
2,status,8,villager,dead,SamplePlayer
2,status,9,medium,dead,SamplePlayer
2,status,10,werewolf,dead,SamplePlayer
2,status,11,villager,alive,SamplePlayer
2,status,12,villager,alive,SamplePlayer
2,talk,0,12,3 werewolf
2,talk,1,2,( 7 werewolf ) and ( 2 comingout seer ) and ( 6 inspected HUMAN ) and ( 8 inspected HUMAN ) 
2,talk,2,6,7 werewolf
2,talk,3,7,( 1 werewolf ) and ( 1 inspected werewolf ) 
2,talk,4,5,1 werewolf
2,talk,5,11,1 werewolf
2,talk,6,1,3 werewolf
2,talk,7,4,1 werewolf
2,talk,8,3,2 werewolf
2,whisper,0,3,Over
2,talk,9,3,Over
2,talk,10,12,1 werewolf
2,talk,11,6,1 werewolf
2,talk,12,4,Over
2,talk,13,5,Over
2,talk,14,2,Over
2,talk,15,11,Over
2,talk,16,7,Over
2,talk,17,1,Over
2,whisper,1,3,Over
2,talk,18,6,Over
2,talk,19,11,Over
2,talk,20,3,Over
2,talk,21,2,Over
2,talk,22,1,Over
2,talk,23,5,Over
2,talk,24,4,Over
2,talk,25,12,Over
2,talk,26,7,Over
2,whisper,2,3,Over
2,vote,3,2
2,vote,4,1
2,vote,1,3
2,vote,2,7
2,vote,7,1
2,vote,5,1
2,vote,6,1
2,vote,11,1
2,vote,12,1
2,divine,2,1,Human
2,guard,5,7,possessed
2,attackVote,3,6
2,execute,1,villager
2,attack,6,true
3,status,1,villager,dead,SamplePlayer
3,status,2,seer,alive,SamplePlayer
3,status,3,werewolf,alive,SamplePlayer
3,status,4,villager,alive,SamplePlayer
3,status,5,bodyguard,alive,SamplePlayer
3,status,6,villager,dead,SamplePlayer
3,status,7,possessed,alive,SamplePlayer
3,status,8,villager,dead,SamplePlayer
3,status,9,medium,dead,SamplePlayer
3,status,10,werewolf,dead,SamplePlayer
3,status,11,villager,alive,SamplePlayer
3,status,12,villager,alive,SamplePlayer
3,talk,0,12,3 werewolf
3,talk,1,5,12 werewolf
3,talk,2,4,3 werewolf
3,talk,3,3,( 2 werewolf ) and ( 3 comingout medium ) and ( 12 medium_telled HUMAN ) and ( 2 medium_telled werewolf ) and ( 5 medium_telled werewolf ) 
3,talk,4,7,( 2 werewolf ) and ( 12 inspected HUMAN ) 
3,talk,5,11,12 werewolf
3,talk,6,2,( 7 werewolf ) and ( 1 inspected HUMAN ) 
3,whisper,0,3,Over
3,talk,7,7,Over
3,talk,8,11,Over
3,talk,9,5,Over
3,talk,10,12,5 werewolf
3,talk,11,3,Over
3,talk,12,4,5 werewolf
3,talk,13,2,Over
3,whisper,1,3,Over
3,talk,14,11,Over
3,talk,15,12,Over
3,talk,16,5,Over
3,talk,17,7,Over
3,talk,18,2,Over
3,talk,19,3,Over
3,talk,20,4,Over
3,whisper,2,3,Over
3,vote,3,2
3,vote,4,5
3,vote,2,7
3,vote,7,2
3,vote,5,12
3,vote,11,12
3,vote,12,5
3,divine,2,5,Human
3,guard,5,3,werewolf
3,attackVote,3,7
3,execute,12,villager
3,attack,7,true
4,status,1,villager,dead,SamplePlayer
4,status,2,seer,alive,SamplePlayer
4,status,3,werewolf,alive,SamplePlayer
4,status,4,villager,alive,SamplePlayer
4,status,5,bodyguard,alive,SamplePlayer
4,status,6,villager,dead,SamplePlayer
4,status,7,possessed,dead,SamplePlayer
4,status,8,villager,dead,SamplePlayer
4,status,9,medium,dead,SamplePlayer
4,status,10,werewolf,dead,SamplePlayer
4,status,11,villager,alive,SamplePlayer
4,status,12,villager,dead,SamplePlayer
4,talk,0,4,2 werewolf
4,talk,1,5,3 werewolf
4,talk,2,3,( 2 werewolf ) and ( 5 medium_telled HUMAN ) 
4,talk,3,11,3 werewolf
4,talk,4,2,( 3 werewolf ) and ( 5 inspected HUMAN ) 
4,whisper,0,3,Over
4,talk,5,11,5 werewolf
4,talk,6,2,Over
4,talk,7,5,4 werewolf
4,talk,8,4,5 werewolf
4,talk,9,3,Over
4,whisper,1,3,Over
4,talk,10,5,Over
4,talk,11,11,Over
4,talk,12,2,Over
4,talk,13,3,Over
4,talk,14,4,Over
4,whisper,2,3,Over
4,vote,3,2
4,vote,4,5
4,vote,2,3
4,vote,5,4
4,vote,11,5
4,divine,2,5,Human
4,guard,5,3,werewolf
4,attackVote,3,2
4,execute,5,bodyguard
4,attack,2,true
5,status,1,villager,dead,SamplePlayer
5,status,2,seer,dead,SamplePlayer
5,status,3,werewolf,alive,SamplePlayer
5,status,4,villager,alive,SamplePlayer
5,status,5,bodyguard,dead,SamplePlayer
5,status,6,villager,dead,SamplePlayer
5,status,7,possessed,dead,SamplePlayer
5,status,8,villager,dead,SamplePlayer
5,status,9,medium,dead,SamplePlayer
5,status,10,werewolf,dead,SamplePlayer
5,status,11,villager,alive,SamplePlayer
5,status,12,villager,dead,SamplePlayer
5,talk,0,3,( 2 werewolf ) and ( 4 medium_telled werewolf ) 
5,talk,1,11,4 werewolf
5,talk,2,4,3 werewolf
5,whisper,0,3,Over
5,talk,3,11,Over
5,talk,4,3,Over
5,talk,5,4,Over
5,whisper,1,3,Over
5,vote,3,2
5,vote,4,3
5,vote,11,4
5,attackVote,3,4
5,execute,3,werewolf
6,status,1,villager,dead,SamplePlayer
6,status,2,seer,dead,SamplePlayer
6,status,3,werewolf,dead,SamplePlayer
6,status,4,villager,alive,SamplePlayer
6,status,5,bodyguard,dead,SamplePlayer
6,status,6,villager,dead,SamplePlayer
6,status,7,possessed,dead,SamplePlayer
6,status,8,villager,dead,SamplePlayer
6,status,9,medium,dead,SamplePlayer
6,status,10,werewolf,dead,SamplePlayer
6,status,11,villager,alive,SamplePlayer
6,status,12,villager,dead,SamplePlayer
6,result,2,0,villager
