0,status,1,villager,alive,SamplePlayer
0,status,2,villager,alive,SamplePlayer
0,status,3,villager,alive,SamplePlayer
0,status,4,villager,alive,SamplePlayer
0,status,5,possessed,alive,SamplePlayer
0,status,6,werewolf,alive,SamplePlayer
0,status,7,seer,alive,SamplePlayer
0,status,8,villager,alive,SamplePlayer
0,status,9,villager,alive,SamplePlayer
0,status,10,bodyguard,alive,SamplePlayer
0,status,11,werewolf,alive,SamplePlayer
0,status,12,medium,alive,SamplePlayer
0,talk,0,4,7 werewolf
0,talk,1,12,10 werewolf
0,talk,2,11,2 werewolf
0,talk,3,2,10 werewolf
0,talk,4,5,2 werewolf
0,talk,5,9,12 werewolf
0,talk,6,3,11 werewolf
0,talk,7,7,5 werewolf
0,talk,8,10,2 werewolf
0,talk,9,1,4 werewolf
0,talk,10,6,6 werewolf
0,talk,11,8,1 werewolf
0,whisper,0,6,Over
0,whisper,1,11,Over
0,talk,12,12,Over
0,talk,13,10,Over
0,talk,14,3,Over
0,talk,15,2,Over
0,talk,16,8,Over
0,talk,17,7,Over
0,talk,18,5,Over
0,talk,19,6,Over
0,talk,20,11,Over
0,talk,21,9,Over
0,talk,22,4,Over
0,talk,23,1,Over
0,whisper,2,11,Over
0,whisper,3,6,Over
0,vote,3,11
0,vote,4,7
0,vote,1,4
0,vote,2,10
0,vote,7,5
0,vote,8,1
0,vote,5,2
0,vote,6,6
0,vote,11,2
0,vote,12,10
0,vote,9,12
0,vote,10,2
0,divine,7,6,Werewolf
0,guard,10,4,villager
0,attackVote,6,12
0,attackVote,11,9
0,execute,2,villager
0,attack,9,true
1,status,1,villager,alive,SamplePlayer
1,status,2,villager,dead,SamplePlayer
1,status,3,villager,alive,SamplePlayer
1,status,4,villager,alive,SamplePlayer
1,status,5,possessed,alive,SamplePlayer
1,status,6,werewolf,alive,SamplePlayer
1,status,7,seer,alive,SamplePlayer
1,status,8,villager,alive,SamplePlayer
1,status,9,villager,dead,SamplePlayer
1,status,10,bodyguard,alive,SamplePlayer
1,status,11,werewolf,alive,SamplePlayer
1,status,12,medium,alive,SamplePlayer
1,talk,0,8,4 werewolf
1,talk,1,5,4 werewolf
1,talk,2,7,( 6 werewolf ) and ( 7 comingout seer ) and ( 6 inspected werewolf ) 
1,talk,3,1,6 werewolf
1,talk,4,12,( 6 werewolf ) and ( 12 comingout medium ) and ( 2 medium_telled HUMAN ) 
1,talk,5,4,6 werewolf
1,talk,6,6,( 7 werewolf ) and ( 6 comingout seer ) and ( 9 inspected HUMAN ) 
1,talk,7,3,6 werewolf
1,talk,8,11,10 werewolf
1,talk,9,10,6 werewolf
1,whisper,0,6,Over
1,whisper,1,11,Over
1,talk,10,12,Over
1,talk,11,8,6 werewolf
1,talk,12,4,Over
1,talk,13,11,Over
1,talk,14,10,Over
1,talk,15,6,Over
1,talk,16,5,12 werewolf
1,talk,17,7,Over
1,talk,18,1,Over
1,talk,19,3,Over
1,whisper,2,11,Over
1,whisper,3,6,Over
1,talk,20,11,Over
1,talk,21,4,Over
1,talk,22,3,Over
1,talk,23,1,Over
1,talk,24,12,Over
1,talk,25,6,Over
1,talk,26,10,Over
1,talk,27,8,Over
1,talk,28,7,Over
1,talk,29,5,Over
1,whisper,4,11,Over
1,whisper,5,6,Over
1,vote,3,6
1,vote,4,6
1,vote,1,6
1,vote,7,6
1,vote,8,6
1,vote,5,12
1,vote,6,7
1,vote,11,10
1,vote,12,6
1,vote,10,6
1,divine,7,1,Human
1,guard,10,6,werewolf
1,attackVote,6,7
1,attackVote,11,1
1,execute,6,werewolf
1,attack,1,true
2,status,1,villager,dead,SamplePlayer
2,status,2,villager,dead,SamplePlayer
2,status,3,villager,alive,SamplePlayer
2,status,4,villager,alive,SamplePlayer
2,status,5,possessed,alive,SamplePlayer
2,status,6,werewolf,dead,SamplePlayer
2,status,7,seer,alive,SamplePlayer
2,status,8,villager,alive,SamplePlayer
2,status,9,villager,dead,SamplePlayer
2,status,10,bodyguard,alive,SamplePlayer
2,status,11,werewolf,alive,SamplePlayer
2,status,12,medium,alive,SamplePlayer
2,talk,0,7,( 5 werewolf ) and ( 1 inspected HUMAN ) 
2,talk,1,10,11 werewolf
2,talk,2,3,8 werewolf
2,talk,3,11,( 12 werewolf ) and ( 11 comingout medium ) and ( 10 medium_telled werewolf ) and ( 8 medium_telled HUMAN ) 
2,talk,4,8,4 werewolf
2,talk,5,5,( 12 werewolf ) and ( 5 comingout medium ) and ( 1 medium_telled HUMAN ) and ( 10 medium_telled werewolf ) 
2,talk,6,4,5 werewolf
2,talk,7,12,( 11 werewolf ) and ( 6 medium_telled werewolf ) 
2,whisper,0,11,Over
2,talk,8,5,Over
2,talk,9,7,Over
2,talk,10,4,Over
2,talk,11,12,Over
2,talk,12,10,Over
2,talk,13,8,Over
2,talk,14,11,Over
2,talk,15,3,Over
2,whisper,1,11,Over
2,vote,3,8
2,vote,4,5
2,vote,7,5
2,vote,8,4
2,vote,5,12
2,vote,11,12
2,vote,12,11
2,vote,10,11
2,divine,7,11,Werewolf
2,guard,10,11,werewolf
2,attackVote,11,7
2,execute,5,possessed
2,attack,7,true
3,status,1,villager,dead,SamplePlayer
3,status,2,villager,dead,SamplePlayer
3,status,3,villager,alive,SamplePlayer
3,status,4,villager,alive,SamplePlayer
3,status,5,possessed,dead,SamplePlayer
3,status,6,werewolf,dead,SamplePlayer
3,status,7,seer,dead,SamplePlayer
3,status,8,villager,alive,SamplePlayer
3,status,9,villager,dead,SamplePlayer
3,status,10,bodyguard,alive,SamplePlayer
3,status,11,werewolf,alive,SamplePlayer
3,status,12,medium,alive,SamplePlayer
3,talk,0,8,4 werewolf
3,talk,1,10,3 werewolf
3,talk,2,12,( 11 werewolf ) and ( 5 medium_telled HUMAN ) 
3,talk,3,4,10 werewolf
3,talk,4,11,( 12 werewolf ) and ( 10 medium_telled werewolf ) 
3,talk,5,3,12 werewolf
3,whisper,0,11,Over
3,talk,6,3,Over
3,talk,7,4,Over
3,talk,8,10,Over
3,talk,9,12,Over
3,talk,10,8,Over
3,talk,11,11,Over
3,whisper,1,11,Over
3,vote,3,12
3,vote,4,10
3,vote,8,4
3,vote,11,12
3,vote,12,11
3,vote,10,3
3,guard,10,12,medium
3,attackVote,11,12
3,execute,12,medium
3,attack,12,false
4,status,1,villager,dead,SamplePlayer
4,status,2,villager,dead,SamplePlayer
4,status,3,villager,alive,SamplePlayer
4,status,4,villager,alive,SamplePlayer
4,status,5,possessed,dead,SamplePlayer
4,status,6,werewolf,dead,SamplePlayer
4,status,7,seer,dead,SamplePlayer
4,status,8,villager,alive,SamplePlayer
4,status,9,villager,dead,SamplePlayer
4,status,10,bodyguard,alive,SamplePlayer
4,status,11,werewolf,alive,SamplePlayer
4,status,12,medium,dead,SamplePlayer
4,talk,0,11,( 10 werewolf ) and ( 4 medium_telled HUMAN ) 
4,talk,1,3,11 werewolf
4,talk,2,10,4 werewolf
4,talk,3,4,11 werewolf
4,talk,4,8,10 werewolf
4,whisper,0,11,Over
4,talk,5,10,Over
4,talk,6,8,Over
4,talk,7,4,Over
4,talk,8,11,Over
4,talk,9,3,Over
4,whisper,1,11,Over
4,vote,3,11
4,vote,4,11
4,vote,8,10
4,vote,11,10
4,vote,10,4
4,guard,10,11,werewolf
4,attackVote,11,10
4,execute,10,bodyguard
4,attack,10,true
5,status,1,villager,dead,SamplePlayer
5,status,2,villager,dead,SamplePlayer
5,status,3,villager,alive,SamplePlayer
5,status,4,villager,alive,SamplePlayer
5,status,5,possessed,dead,SamplePlayer
5,status,6,werewolf,dead,SamplePlayer
5,status,7,seer,dead,SamplePlayer
5,status,8,villager,alive,SamplePlayer
5,status,9,villager,dead,SamplePlayer
5,status,10,bodyguard,dead,SamplePlayer
5,status,11,werewolf,alive,SamplePlayer
5,status,12,medium,dead,SamplePlayer
5,talk,0,3,11 werewolf
5,talk,1,8,11 werewolf
5,talk,2,11,( 10 werewolf ) and ( 4 medium_telled werewolf ) 
5,talk,3,4,8 werewolf
5,whisper,0,11,Over
5,talk,4,8,Over
5,talk,5,3,Over
5,talk,6,4,Over
5,talk,7,11,Over
5,whisper,1,11,Over
5,vote,3,11
5,vote,4,8
5,vote,8,11
5,vote,11,10
5,attackVote,11,8
5,execute,11,werewolf
6,status,1,villager,dead,SamplePlayer
6,status,2,villager,dead,SamplePlayer
6,status,3,villager,alive,SamplePlayer
6,status,4,villager,alive,SamplePlayer
6,status,5,possessed,dead,SamplePlayer
6,status,6,werewolf,dead,SamplePlayer
6,status,7,seer,dead,SamplePlayer
6,status,8,villager,alive,SamplePlayer
6,status,9,villager,dead,SamplePlayer
6,status,10,bodyguard,dead,SamplePlayer
6,status,11,werewolf,dead,SamplePlayer
6,status,12,medium,dead,SamplePlayer
6,result,3,0,villager
