0,status,1,seer,alive,SamplePlayer
0,status,2,villager,alive,SamplePlayer
0,status,3,werewolf,alive,SamplePlayer
0,status,4,possessed,alive,SamplePlayer
0,status,5,medium,alive,SamplePlayer
0,status,6,villager,alive,SamplePlayer
0,status,7,villager,alive,SamplePlayer
0,status,8,werewolf,alive,SamplePlayer
0,status,9,bodyguard,alive,SamplePlayer
0,status,10,villager,alive,SamplePlayer
0,status,11,villager,alive,SamplePlayer
0,status,12,villager,alive,SamplePlayer
0,talk,0,8,3 werewolf
0,talk,1,11,9 werewolf
0,talk,2,9,3 werewolf
0,talk,3,3,11 werewolf
0,talk,4,6,9 werewolf
0,talk,5,4,12 werewolf
0,talk,6,1,4 werewolf
0,talk,7,7,9 werewolf
0,talk,8,10,3 werewolf
0,talk,9,5,8 werewolf
0,talk,10,2,1 werewolf
0,talk,11,12,11 werewolf
0,whisper,0,3,Over
0,whisper,1,8,Over
0,talk,12,2,Over
0,talk,13,11,Over
0,talk,14,7,Over
0,talk,15,10,Over
0,talk,16,1,Over
0,talk,17,4,Over
0,talk,18,3,Over
0,talk,19,8,Over
0,talk,20,6,Over
0,talk,21,9,Over
0,talk,22,12,Over
0,talk,23,5,Over
0,whisper,2,3,Over
0,whisper,3,8,Over
0,vote,3,11
0,vote,4,12
0,vote,1,4
0,vote,2,1
0,vote,7,9
0,vote,8,3
0,vote,5,8
0,vote,6,9
0,vote,11,9
0,vote,12,11
0,vote,9,3
0,vote,10,3
0,divine,1,10,Human
0,guard,9,6,villager
0,attackVote,3,6
0,attackVote,8,9
0,execute,9,bodyguard
0,attack,6,false
1,status,1,seer,alive,SamplePlayer
1,status,2,villager,alive,SamplePlayer
1,status,3,werewolf,alive,SamplePlayer
1,status,4,possessed,alive,SamplePlayer
1,status,5,medium,alive,SamplePlayer
1,status,6,villager,alive,SamplePlayer
1,status,7,villager,alive,SamplePlayer
1,status,8,werewolf,alive,SamplePlayer
1,status,9,bodyguard,dead,SamplePlayer
1,status,10,villager,alive,SamplePlayer
1,status,11,villager,alive,SamplePlayer
1,status,12,villager,alive,SamplePlayer
1,talk,0,4,1 werewolf
1,talk,1,8,5 werewolf
1,talk,2,7,5 werewolf
1,talk,3,10,1 werewolf
1,talk,4,6,10 werewolf
1,talk,5,12,5 werewolf
1,talk,6,1,( 5 werewolf ) and ( 1 comingout seer ) and ( 10 inspected HUMAN ) 
1,talk,7,5,7 werewolf
1,talk,8,3,2 werewolf
1,talk,9,11,5 werewolf
1,talk,10,2,5 werewolf
1,whisper,0,3,Over
1,whisper,1,8,Over
1,talk,11,10,5 werewolf
1,talk,12,1,Over
1,talk,13,8,Over
1,talk,14,6,Over
1,talk,15,12,Over
1,talk,16,2,Over
1,talk,17,4,Over
1,talk,18,5,Over
1,talk,19,3,Over
1,talk,20,11,Over
1,talk,21,7,11 werewolf
1,whisper,2,3,Over
1,whisper,3,8,Over
1,talk,22,5,Over
1,talk,23,6,Over
1,talk,24,7,Over
1,talk,25,12,Over
1,talk,26,8,Over
1,talk,27,11,Over
1,talk,28,1,Over
1,talk,29,2,Over
1,talk,30,10,Over
1,talk,31,3,Over
1,talk,32,4,Over
1,whisper,4,3,Over
1,whisper,5,8,Over
1,vote,3,2
1,vote,4,1
1,vote,1,5
1,vote,2,5
1,vote,7,11
1,vote,8,5
1,vote,5,7
1,vote,6,10
1,vote,11,5
1,vote,12,5
1,vote,10,5
1,divine,1,4,Human
1,attackVote,3,1
1,attackVote,8,1
1,execute,5,medium
1,attack,1,true
2,status,1,seer,dead,SamplePlayer
2,status,2,villager,alive,SamplePlayer
2,status,3,werewolf,alive,SamplePlayer
2,status,4,possessed,alive,SamplePlayer
2,status,5,medium,dead,SamplePlayer
2,status,6,villager,alive,SamplePlayer
2,status,7,villager,alive,SamplePlayer
2,status,8,werewolf,alive,SamplePlayer
2,status,9,bodyguard,dead,SamplePlayer
2,status,10,villager,alive,SamplePlayer
2,status,11,villager,alive,SamplePlayer
2,status,12,villager,alive,SamplePlayer
2,talk,0,6,2 werewolf
2,talk,1,11,10 werewolf
2,talk,2,2,10 werewolf
2,talk,3,7,3 werewolf
2,talk,4,4,2 werewolf
2,talk,5,8,2 werewolf
2,talk,6,12,4 werewolf
2,talk,7,3,( 2 werewolf ) and ( 3 comingout seer ) and ( 2 inspected werewolf ) and ( 4 inspected werewolf ) 
2,talk,8,10,2 werewolf
2,whisper,0,3,Over
2,whisper,1,8,Over
2,talk,9,3,Over
2,talk,10,2,Over
2,talk,11,10,Over
2,talk,12,7,4 werewolf
2,talk,13,6,Over
2,talk,14,12,Over
2,talk,15,11,Over
2,talk,16,8,Over
2,talk,17,4,Over
2,whisper,2,3,Over
2,whisper,3,8,Over
2,talk,18,2,Over
2,talk,19,11,Over
2,talk,20,6,Over
2,talk,21,7,Over
2,talk,22,12,Over
2,talk,23,3,Over
2,talk,24,4,Over
2,talk,25,8,Over
2,talk,26,10,Over
2,whisper,4,3,Over
2,whisper,5,8,Over
2,vote,3,2
2,vote,4,2
2,vote,2,10
2,vote,7,4
2,vote,8,2
2,vote,6,2
2,vote,11,10
2,vote,12,4
2,vote,10,2
2,attackVote,3,12
2,attackVote,8,12
2,execute,2,villager
2,attack,12,true
3,status,1,seer,dead,SamplePlayer
3,status,2,villager,dead,SamplePlayer
3,status,3,werewolf,alive,SamplePlayer
3,status,4,possessed,alive,SamplePlayer
3,status,5,medium,dead,SamplePlayer
3,status,6,villager,alive,SamplePlayer
3,status,7,villager,alive,SamplePlayer
3,status,8,werewolf,alive,SamplePlayer
3,status,9,bodyguard,dead,SamplePlayer
3,status,10,villager,alive,SamplePlayer
3,status,11,villager,alive,SamplePlayer
3,status,12,villager,dead,SamplePlayer
3,talk,0,6,4 werewolf
3,talk,1,10,4 werewolf
3,talk,2,4,11 werewolf
3,talk,3,7,4 werewolf
3,talk,4,8,6 werewolf
3,talk,5,11,4 werewolf
3,talk,6,3,( 4 werewolf ) and ( 6 inspected HUMAN ) 
3,whisper,0,3,Over
3,whisper,1,8,Over
3,talk,7,11,Over
3,talk,8,6,Over
3,talk,9,4,Over
3,talk,10,3,Over
3,talk,11,7,Over
3,talk,12,10,Over
3,talk,13,8,Over
3,whisper,2,3,Over
3,whisper,3,8,Over
3,vote,3,4
3,vote,4,11
3,vote,7,4
3,vote,8,6
3,vote,6,4
3,vote,11,4
3,vote,10,4
3,attackVote,3,10
3,attackVote,8,6
3,execute,4,possessed
3,attack,6,true
4,status,1,seer,dead,SamplePlayer
4,status,2,villager,dead,SamplePlayer
4,status,3,werewolf,alive,SamplePlayer
4,status,4,possessed,dead,SamplePlayer
4,status,5,medium,dead,SamplePlayer
4,status,6,villager,dead,SamplePlayer
4,status,7,villager,alive,SamplePlayer
4,status,8,werewolf,alive,SamplePlayer
4,status,9,bodyguard,dead,SamplePlayer
4,status,10,villager,alive,SamplePlayer
4,status,11,villager,alive,SamplePlayer
4,status,12,villager,dead,SamplePlayer
4,talk,0,7,3 werewolf
4,talk,1,3,( 2 werewolf ) and ( 7 inspected werewolf ) 
4,talk,2,8,11 werewolf
4,talk,3,11,10 werewolf
4,talk,4,10,7 werewolf
4,whisper,0,3,Over
4,whisper,1,8,Over
4,talk,5,11,Over
4,talk,6,7,8 werewolf
4,talk,7,10,Over
4,talk,8,3,Over
4,talk,9,8,Over
4,whisper,2,8,Over
4,whisper,3,3,Over
4,talk,10,11,Over
4,talk,11,8,Over
4,talk,12,10,Over
4,talk,13,7,Over
4,talk,14,3,Over
4,whisper,4,8,Over
4,whisper,5,3,Over
4,vote,3,2
4,vote,7,8
4,vote,8,11
4,vote,11,10
4,vote,10,7
4,attackVote,3,7
4,attackVote,8,7
4,execute,11,villager
4,attack,7,true
5,status,1,seer,dead,SamplePlayer
5,status,2,villager,dead,SamplePlayer
5,status,3,werewolf,alive,SamplePlayer
5,status,4,possessed,dead,SamplePlayer
5,status,5,medium,dead,SamplePlayer
5,status,6,villager,dead,SamplePlayer
5,status,7,villager,dead,SamplePlayer
5,status,8,werewolf,alive,SamplePlayer
5,status,9,bodyguard,dead,SamplePlayer
5,status,10,villager,alive,SamplePlayer
5,status,11,villager,dead,SamplePlayer
5,status,12,villager,dead,SamplePlayer
5,result,1,2,werewolf
