0,status,1,possessed,alive,SamplePlayer
0,status,2,bodyguard,alive,SamplePlayer
0,status,3,villager,alive,SamplePlayer
0,status,4,villager,alive,SamplePlayer
0,status,5,medium,alive,SamplePlayer
0,status,6,werewolf,alive,SamplePlayer
0,status,7,villager,alive,SamplePlayer
0,status,8,seer,alive,SamplePlayer
0,status,9,werewolf,alive,SamplePlayer
0,status,10,villager,alive,SamplePlayer
0,status,11,villager,alive,SamplePlayer
0,status,12,villager,alive,SamplePlayer
0,talk,0,1,9 werewolf
0,talk,1,3,4 werewolf
0,talk,2,10,2 werewolf
0,talk,3,4,7 werewolf
0,talk,4,12,10 werewolf
0,talk,5,6,10 werewolf
0,talk,6,8,7 werewolf
0,talk,7,5,1 werewolf
0,talk,8,7,9 werewolf
0,talk,9,11,12 werewolf
0,talk,10,9,2 werewolf
0,talk,11,2,12 werewolf
0,whisper,0,6,Over
0,whisper,1,9,Over
0,talk,12,9,Over
0,talk,13,4,Over
0,talk,14,2,Over
0,talk,15,3,Over
0,talk,16,8,Over
0,talk,17,10,Over
0,talk,18,5,Over
0,talk,19,12,Over
0,talk,20,11,Over
0,talk,21,6,Over
0,talk,22,1,Over
0,talk,23,7,Over
0,whisper,2,9,Over
0,whisper,3,6,Over
0,vote,3,4
0,vote,4,7
0,vote,1,9
0,vote,2,12
0,vote,7,9
0,vote,8,7
0,vote,5,1
0,vote,6,10
0,vote,11,12
0,vote,12,10
0,vote,9,2
0,vote,10,2
0,divine,8,3,Human
0,guard,2,11,villager
0,attackVote,6,1
0,attackVote,9,10
0,execute,9,werewolf
0,attack,1,true
1,status,1,possessed,dead,SamplePlayer
1,status,2,bodyguard,alive,SamplePlayer
1,status,3,villager,alive,SamplePlayer
1,status,4,villager,alive,SamplePlayer
1,status,5,medium,alive,SamplePlayer
1,status,6,werewolf,alive,SamplePlayer
1,status,7,villager,alive,SamplePlayer
1,status,8,seer,alive,SamplePlayer
1,status,9,werewolf,dead,SamplePlayer
1,status,10,villager,alive,SamplePlayer
1,status,11,villager,alive,SamplePlayer
1,status,12,villager,alive,SamplePlayer
1,talk,0,3,11 werewolf
1,talk,1,12,2 werewolf
1,talk,2,11,3 werewolf
1,talk,3,10,4 werewolf
1,talk,4,5,( 7 werewolf ) and ( 5 comingout medium ) and ( 9 medium_telled werewolf ) 
1,talk,5,4,5 werewolf
1,talk,6,2,5 werewolf
1,talk,7,8,10 werewolf
1,talk,8,6,11 werewolf
1,talk,9,7,5 werewolf
1,whisper,0,6,Over
1,talk,10,12,Over
1,talk,11,6,Over
1,talk,12,8,Over
1,talk,13,3,Over
1,talk,14,5,Over
1,talk,15,7,Over
1,talk,16,2,Over
1,talk,17,11,Over
1,talk,18,10,Over
1,talk,19,4,Over
1,whisper,1,6,Over
1,vote,3,11
1,vote,4,5
1,vote,2,5
1,vote,7,5
1,vote,8,10
1,vote,5,7
1,vote,6,11
1,vote,11,3
1,vote,12,2
1,vote,10,4
1,divine,8,3,Human
1,guard,2,5,medium
1,attackVote,6,12
1,execute,5,medium
1,attack,12,true
2,status,1,possessed,dead,SamplePlayer
2,status,2,bodyguard,alive,SamplePlayer
2,status,3,villager,alive,SamplePlayer
2,status,4,villager,alive,SamplePlayer
2,status,5,medium,dead,SamplePlayer
2,status,6,werewolf,alive,SamplePlayer
2,status,7,villager,alive,SamplePlayer
2,status,8,seer,alive,SamplePlayer
2,status,9,werewolf,dead,SamplePlayer
2,status,10,villager,alive,SamplePlayer
2,status,11,villager,alive,SamplePlayer
2,status,12,villager,dead,SamplePlayer
2,talk,0,10,2 werewolf
2,talk,1,11,8 werewolf
2,talk,2,7,8 werewolf
2,talk,3,8,4 werewolf
2,talk,4,2,6 werewolf
2,talk,5,6,11 werewolf
2,talk,6,4,8 werewolf
2,talk,7,3,7 werewolf
2,whisper,0,6,Over
2,talk,8,7,Over
2,talk,9,4,Over
2,talk,10,8,Over
2,talk,11,3,Over
2,talk,12,11,Over
2,talk,13,10,Over
2,talk,14,2,Over
2,talk,15,6,Over
2,whisper,1,6,Over
2,vote,3,7
2,vote,4,8
2,vote,2,6
2,vote,7,8
2,vote,8,4
2,vote,6,11
2,vote,11,8
2,vote,10,2
2,divine,8,10,Human
2,guard,2,3,villager
2,attackVote,6,4
2,execute,8,seer
2,attack,4,true
3,status,1,possessed,dead,SamplePlayer
3,status,2,bodyguard,alive,SamplePlayer
3,status,3,villager,alive,SamplePlayer
3,status,4,villager,dead,SamplePlayer
3,status,5,medium,dead,SamplePlayer
3,status,6,werewolf,alive,SamplePlayer
3,status,7,villager,alive,SamplePlayer
3,status,8,seer,dead,SamplePlayer
3,status,9,werewolf,dead,SamplePlayer
3,status,10,villager,alive,SamplePlayer
3,status,11,villager,alive,SamplePlayer
3,status,12,villager,dead,SamplePlayer
3,talk,0,6,( 11 werewolf ) and ( 6 comingout seer ) and ( 11 inspected werewolf ) and ( 10 inspected HUMAN ) and ( 2 inspected werewolf ) 
3,talk,1,3,2 werewolf
3,talk,2,2,11 werewolf
3,talk,3,10,2 werewolf
3,talk,4,7,10 werewolf
3,talk,5,11,2 werewolf
3,whisper,0,6,Over
3,talk,6,11,Over
3,talk,7,3,Over
3,talk,8,10,Over
3,talk,9,7,Over
3,talk,10,2,Over
3,talk,11,6,Over
3,whisper,1,6,Over
3,vote,3,2
3,vote,2,11
3,vote,7,10
3,vote,6,11
3,vote,11,2
3,vote,10,2
3,guard,2,6,werewolf
3,attackVote,6,3
3,execute,2,bodyguard
3,attack,3,true
4,status,1,possessed,dead,SamplePlayer
4,status,2,bodyguard,dead,SamplePlayer
4,status,3,villager,dead,SamplePlayer
4,status,4,villager,dead,SamplePlayer
4,status,5,medium,dead,SamplePlayer
4,status,6,werewolf,alive,SamplePlayer
4,status,7,villager,alive,SamplePlayer
4,status,8,seer,dead,SamplePlayer
4,status,9,werewolf,dead,SamplePlayer
4,status,10,villager,alive,SamplePlayer
4,status,11,villager,alive,SamplePlayer
4,status,12,villager,dead,SamplePlayer
4,talk,0,6,( 11 werewolf ) and ( 11 inspected werewolf ) 
4,talk,1,7,11 werewolf
4,talk,2,11,10 werewolf
4,talk,3,10,11 werewolf
4,whisper,0,6,Over
4,talk,4,6,Over
4,talk,5,7,Over
4,talk,6,10,Over
4,talk,7,11,Over
4,whisper,1,6,Over
4,vote,7,11
4,vote,6,11
4,vote,11,10
4,vote,10,11
4,attackVote,6,7
4,execute,11,villager
4,attack,7,true
5,status,1,possessed,dead,SamplePlayer
5,status,2,bodyguard,dead,SamplePlayer
5,status,3,villager,dead,SamplePlayer
5,status,4,villager,dead,SamplePlayer
5,status,5,medium,dead,SamplePlayer
5,status,6,werewolf,alive,SamplePlayer
5,status,7,villager,dead,SamplePlayer
5,status,8,seer,dead,SamplePlayer
5,status,9,werewolf,dead,SamplePlayer
5,status,10,villager,alive,SamplePlayer
5,status,11,villager,dead,SamplePlayer
5,status,12,villager,dead,SamplePlayer
5,result,1,1,werewolf
