0,status,1,villager,alive,SamplePlayer
0,status,2,werewolf,alive,SamplePlayer
0,status,3,villager,alive,SamplePlayer
0,status,4,bodyguard,alive,SamplePlayer
0,status,5,villager,alive,SamplePlayer
0,status,6,seer,alive,SamplePlayer
0,status,7,villager,alive,SamplePlayer
0,status,8,medium,alive,SamplePlayer
0,status,9,villager,alive,SamplePlayer
0,status,10,werewolf,alive,SamplePlayer
0,status,11,possessed,alive,SamplePlayer
0,status,12,villager,alive,SamplePlayer
0,talk,0,12,4 werewolf
0,talk,1,10,11 werewolf
0,talk,2,6,5 werewolf
0,talk,3,3,1 werewolf
0,talk,4,4,1 werewolf
0,talk,5,7,12 werewolf
0,talk,6,9,3 werewolf
0,talk,7,5,4 werewolf
0,talk,8,1,4 werewolf
0,talk,9,8,5 werewolf
0,talk,10,11,4 werewolf
0,talk,11,2,1 werewolf
0,whisper,0,2,Over
0,whisper,1,10,Over
0,talk,12,6,Over
0,talk,13,3,Over
0,talk,14,1,Over
0,talk,15,9,Over
0,talk,16,5,Over
0,talk,17,8,Over
0,talk,18,4,Over
0,talk,19,2,Over
0,talk,20,12,Over
0,talk,21,7,Over
0,talk,22,10,Over
0,talk,23,11,Over
0,whisper,2,10,Over
0,whisper,3,2,Over
0,vote,3,1
0,vote,4,1
0,vote,1,4
0,vote,2,1
0,vote,7,12
0,vote,8,5
0,vote,5,4
0,vote,6,5
0,vote,11,4
0,vote,12,4
0,vote,9,3
0,vote,10,11
0,divine,6,11,Human
0,guard,4,9,villager
0,attackVote,2,8
0,attackVote,10,1
0,execute,4,bodyguard
0,attack,8,true
1,status,1,villager,alive,SamplePlayer
1,status,2,werewolf,alive,SamplePlayer
1,status,3,villager,alive,SamplePlayer
1,status,4,bodyguard,dead,SamplePlayer
1,status,5,villager,alive,SamplePlayer
1,status,6,seer,alive,SamplePlayer
1,status,7,villager,alive,SamplePlayer
1,status,8,medium,dead,SamplePlayer
1,status,9,villager,alive,SamplePlayer
1,status,10,werewolf,alive,SamplePlayer
1,status,11,possessed,alive,SamplePlayer
1,status,12,villager,alive,SamplePlayer
1,talk,0,7,10 werewolf
1,talk,1,10,5 werewolf
1,talk,2,5,3 werewolf
1,talk,3,12,11 werewolf
1,talk,4,9,12 werewolf
1,talk,5,2,2 werewolf
1,talk,6,6,( 5 werewolf ) and ( 6 comingout seer ) and ( 11 inspected HUMAN ) 
1,talk,7,11,5 werewolf
1,talk,8,3,7 werewolf
1,talk,9,1,2 werewolf
1,whisper,0,10,Over
1,whisper,1,2,Over
1,talk,10,6,Over
1,talk,11,1,Over
1,talk,12,2,6 werewolf
1,talk,13,12,Over
1,talk,14,9,5 werewolf
1,talk,15,5,12 werewolf
1,talk,16,3,Over
1,talk,17,10,Over
1,talk,18,7,5 werewolf
1,talk,19,11,Over
1,whisper,2,10,Over
1,whisper,3,2,Over
1,talk,20,10,Over
1,talk,21,2,Over
1,talk,22,1,Over
1,talk,23,9,Over
1,talk,24,5,Over
1,talk,25,12,Over
1,talk,26,6,Over
1,talk,27,7,Over
1,talk,28,11,Over
1,talk,29,3,Over
1,whisper,4,2,Over
1,whisper,5,10,Over
1,vote,3,7
1,vote,1,2
1,vote,2,6
1,vote,7,5
1,vote,5,12
1,vote,6,5
1,vote,11,5
1,vote,12,11
1,vote,9,5
1,vote,10,5
1,divine,6,5,Human
1,attackVote,2,6
1,attackVote,10,1
1,execute,5,villager
1,attack,1,true
2,status,1,villager,dead,SamplePlayer
2,status,2,werewolf,alive,SamplePlayer
2,status,3,villager,alive,SamplePlayer
2,status,4,bodyguard,dead,SamplePlayer
2,status,5,villager,dead,SamplePlayer
2,status,6,seer,alive,SamplePlayer
2,status,7,villager,alive,SamplePlayer
2,status,8,medium,dead,SamplePlayer
2,status,9,villager,alive,SamplePlayer
2,status,10,werewolf,alive,SamplePlayer
2,status,11,possessed,alive,SamplePlayer
2,status,12,villager,alive,SamplePlayer
2,talk,0,12,3 werewolf
2,talk,1,11,2 werewolf
2,talk,2,3,6 werewolf
2,talk,3,2,6 werewolf
2,talk,4,9,2 werewolf
2,talk,5,10,( 3 werewolf ) and ( 10 comingout medium ) and ( 11 medium_telled HUMAN ) and ( 2 medium_telled HUMAN ) 
2,talk,6,6,( 9 werewolf ) and ( 5 inspected HUMAN ) 
2,talk,7,7,11 werewolf
2,whisper,0,10,Over
2,whisper,1,2,Over
2,talk,8,3,9 werewolf
2,talk,9,11,Over
2,talk,10,9,12 werewolf
2,talk,11,7,Over
2,talk,12,6,Over
2,talk,13,10,10 werewolf
2,talk,14,12,2 werewolf
2,talk,15,2,Over
2,whisper,2,2,Over
2,whisper,3,10,Over
2,talk,16,11,Over
2,talk,17,9,Over
2,talk,18,2,Over
2,talk,19,3,Over
2,talk,20,6,Over
2,talk,21,7,Over
2,talk,22,10,Over
2,talk,23,12,Over
2,whisper,4,10,Over
2,whisper,5,2,Over
2,vote,3,9
2,vote,2,6
2,vote,7,11
2,vote,6,9
2,vote,11,2
2,vote,12,2
2,vote,9,12
2,vote,10,10
2,divine,6,2,Werewolf
2,attackVote,2,6
2,attackVote,10,6
2,execute,9,villager
2,attack,6,true
3,status,1,villager,dead,SamplePlayer
3,status,2,werewolf,alive,SamplePlayer
3,status,3,villager,alive,SamplePlayer
3,status,4,bodyguard,dead,SamplePlayer
3,status,5,villager,dead,SamplePlayer
3,status,6,seer,dead,SamplePlayer
3,status,7,villager,alive,SamplePlayer
3,status,8,medium,dead,SamplePlayer
3,status,9,villager,dead,SamplePlayer
3,status,10,werewolf,alive,SamplePlayer
3,status,11,possessed,alive,SamplePlayer
3,status,12,villager,alive,SamplePlayer
3,talk,0,2,( 11 werewolf ) and ( 2 comingout seer ) and ( 8 inspected HUMAN ) and ( 11 inspected werewolf ) and ( 3 inspected HUMAN ) 
3,talk,1,10,( 10 werewolf ) and ( 12 medium_telled HUMAN ) 
3,talk,2,7,11 werewolf
3,talk,3,12,3 werewolf
3,talk,4,11,2 werewolf
3,talk,5,3,11 werewolf
3,whisper,0,10,Over
3,whisper,1,2,Over
3,talk,6,10,Over
3,talk,7,11,Over
3,talk,8,3,Over
3,talk,9,2,Over
3,talk,10,7,Over
3,talk,11,12,Over
3,whisper,2,2,Over
3,whisper,3,10,Over
3,vote,3,11
3,vote,2,11
3,vote,7,11
3,vote,11,2
3,vote,12,3
3,vote,10,10
3,attackVote,2,12
3,attackVote,10,11
3,execute,11,possessed
3,attack,12,true
4,status,1,villager,dead,SamplePlayer
4,status,2,werewolf,alive,SamplePlayer
4,status,3,villager,alive,SamplePlayer
4,status,4,bodyguard,dead,SamplePlayer
4,status,5,villager,dead,SamplePlayer
4,status,6,seer,dead,SamplePlayer
4,status,7,villager,alive,SamplePlayer
4,status,8,medium,dead,SamplePlayer
4,status,9,villager,dead,SamplePlayer
4,status,10,werewolf,alive,SamplePlayer
4,status,11,possessed,dead,SamplePlayer
4,status,12,villager,dead,SamplePlayer
4,result,2,2,werewolf
