0,status,1,werewolf,alive,SamplePlayer
0,status,2,villager,alive,SamplePlayer
0,status,3,villager,alive,SamplePlayer
0,status,4,possessed,alive,SamplePlayer
0,status,5,bodyguard,alive,SamplePlayer
0,status,6,seer,alive,SamplePlayer
0,status,7,werewolf,alive,SamplePlayer
0,status,8,villager,alive,SamplePlayer
0,status,9,villager,alive,SamplePlayer
0,status,10,medium,alive,SamplePlayer
0,status,11,villager,alive,SamplePlayer
0,status,12,villager,alive,SamplePlayer
0,talk,0,1,8 werewolf
0,talk,1,7,11 werewolf
0,talk,2,10,11 werewolf
0,talk,3,6,5 werewolf
0,talk,4,2,8 werewolf
0,talk,5,12,9 werewolf
0,talk,6,8,12 werewolf
0,talk,7,3,7 werewolf
0,talk,8,11,3 werewolf
0,talk,9,5,3 werewolf
0,talk,10,9,4 werewolf
0,talk,11,4,7 werewolf
0,whisper,0,1,Over
0,whisper,1,7,Over
0,talk,12,11,Over
0,talk,13,1,Over
0,talk,14,3,Over
0,talk,15,8,Over
0,talk,16,4,Over
0,talk,17,6,Over
0,talk,18,2,Over
0,talk,19,10,Over
0,talk,20,5,Over
0,talk,21,9,Over
0,talk,22,12,Over
0,talk,23,7,Over
0,whisper,2,1,Over
0,whisper,3,7,Over
0,vote,3,7
0,vote,4,7
0,vote,1,8
0,vote,2,8
0,vote,7,11
0,vote,8,12
0,vote,5,3
0,vote,6,5
0,vote,11,3
0,vote,12,9
0,vote,9,4
0,vote,10,11
0,divine,6,8,Human
0,guard,5,9,villager
0,attackVote,1,5
0,attackVote,7,11
0,execute,7,werewolf
0,attack,5,true
1,status,1,werewolf,alive,SamplePlayer
1,status,2,villager,alive,SamplePlayer
1,status,3,villager,alive,SamplePlayer
1,status,4,possessed,alive,SamplePlayer
1,status,5,bodyguard,dead,SamplePlayer
1,status,6,seer,alive,SamplePlayer
1,status,7,werewolf,dead,SamplePlayer
1,status,8,villager,alive,SamplePlayer
1,status,9,villager,alive,SamplePlayer
1,status,10,medium,alive,SamplePlayer
1,status,11,villager,alive,SamplePlayer
1,status,12,villager,alive,SamplePlayer
1,talk,0,11,8 werewolf
1,talk,1,4,4 werewolf
1,talk,2,1,8 werewolf
1,talk,3,10,( 1 werewolf ) and ( 10 comingout medium ) and ( 7 medium_telled werewolf ) 
1,talk,4,12,8 werewolf
1,talk,5,3,6 werewolf
1,talk,6,6,10 werewolf
1,talk,7,9,8 werewolf
1,talk,8,8,3 werewolf
1,talk,9,2,10 werewolf
1,whisper,0,1,Over
1,talk,10,12,Over
1,talk,11,10,Over
1,talk,12,6,Over
1,talk,13,3,Over
1,talk,14,4,Over
1,talk,15,2,Over
1,talk,16,8,Over
1,talk,17,11,Over
1,talk,18,9,Over
1,talk,19,1,Over
1,whisper,1,1,Over
1,vote,3,6
1,vote,4,4
1,vote,1,8
1,vote,2,10
1,vote,8,3
1,vote,6,10
1,vote,11,8
1,vote,12,8
1,vote,9,8
1,vote,10,1
1,divine,6,3,Human
1,attackVote,1,10
1,execute,8,villager
1,attack,10,true
2,status,1,werewolf,alive,SamplePlayer
2,status,2,villager,alive,SamplePlayer
2,status,3,villager,alive,SamplePlayer
2,status,4,possessed,alive,SamplePlayer
2,status,5,bodyguard,dead,SamplePlayer
2,status,6,seer,alive,SamplePlayer
2,status,7,werewolf,dead,SamplePlayer
2,status,8,villager,dead,SamplePlayer
2,status,9,villager,alive,SamplePlayer
2,status,10,medium,dead,SamplePlayer
2,status,11,villager,alive,SamplePlayer
2,status,12,villager,alive,SamplePlayer
2,talk,0,4,9 werewolf
2,talk,1,1,11 werewolf
2,talk,2,12,2 werewolf
2,talk,3,6,12 werewolf
2,talk,4,11,6 werewolf
2,talk,5,3,11 werewolf
2,talk,6,2,12 werewolf
2,talk,7,9,4 werewolf
2,whisper,0,1,Over
2,talk,8,12,Over
2,talk,9,4,Over
2,talk,10,2,Over
2,talk,11,9,Over
2,talk,12,3,Over
2,talk,13,6,Over
2,talk,14,11,Over
2,talk,15,1,Over
2,whisper,1,1,Over
2,vote,3,11
2,vote,4,9
2,vote,1,11
2,vote,2,12
2,vote,6,12
2,vote,11,6
2,vote,12,2
2,vote,9,4
2,divine,6,11,Human
2,attackVote,1,12
2,execute,12,villager
2,attack,12,true
3,status,1,werewolf,alive,SamplePlayer
3,status,2,villager,alive,SamplePlayer
3,status,3,villager,alive,SamplePlayer
3,status,4,possessed,alive,SamplePlayer
3,status,5,bodyguard,dead,SamplePlayer
3,status,6,seer,alive,SamplePlayer
3,status,7,werewolf,dead,SamplePlayer
3,status,8,villager,dead,SamplePlayer
3,status,9,villager,alive,SamplePlayer
3,status,10,medium,dead,SamplePlayer
3,status,11,villager,alive,SamplePlayer
3,status,12,villager,dead,SamplePlayer
3,talk,0,1,3 werewolf
3,talk,1,6,( 1 werewolf ) and ( 6 comingout seer ) and ( 8 inspected HUMAN ) and ( 3 inspected HUMAN ) and ( 11 inspected HUMAN ) 
3,talk,2,4,( 6 werewolf ) and ( 4 comingout seer ) and ( 12 inspected HUMAN ) and ( 11 inspected HUMAN ) and ( 3 inspected HUMAN ) 
3,talk,3,3,11 werewolf
3,talk,4,11,6 werewolf
3,talk,5,2,1 werewolf
3,talk,6,9,4 werewolf
3,whisper,0,1,Over
3,talk,7,11,Over
3,talk,8,9,Over
3,talk,9,3,Over
3,talk,10,4,Over
3,talk,11,2,Over
3,talk,12,6,4 werewolf
3,talk,13,1,Over
3,whisper,1,1,Over
3,talk,14,4,Over
3,talk,15,9,Over
3,talk,16,3,Over
3,talk,17,1,Over
3,talk,18,6,Over
3,talk,19,2,Over
3,talk,20,11,Over
3,whisper,2,1,Over
3,vote,3,11
3,vote,4,6
3,vote,1,3
3,vote,2,1
3,vote,6,4
3,vote,11,6
3,vote,9,4
3,divine,6,4,Human
3,attackVote,1,2
3,execute,6,seer
3,attack,2,true
4,status,1,werewolf,alive,SamplePlayer
4,status,2,villager,dead,SamplePlayer
4,status,3,villager,alive,SamplePlayer
4,status,4,possessed,alive,SamplePlayer
4,status,5,bodyguard,dead,SamplePlayer
4,status,6,seer,dead,SamplePlayer
4,status,7,werewolf,dead,SamplePlayer
4,status,8,villager,dead,SamplePlayer
4,status,9,villager,alive,SamplePlayer
4,status,10,medium,dead,SamplePlayer
4,status,11,villager,alive,SamplePlayer
4,status,12,villager,dead,SamplePlayer
4,talk,0,9,1 werewolf
4,talk,1,1,9 werewolf
4,talk,2,3,4 werewolf
4,talk,3,4,( 1 werewolf ) and ( 11 inspected HUMAN ) 
4,talk,4,11,1 werewolf
4,whisper,0,1,Over
4,talk,5,4,Over
4,talk,6,1,Over
4,talk,7,9,Over
4,talk,8,3,1 werewolf
4,talk,9,11,Over
4,whisper,1,1,Over
4,talk,10,11,Over
4,talk,11,1,Over
4,talk,12,4,Over
4,talk,13,9,Over
4,talk,14,3,Over
4,whisper,2,1,Over
4,vote,3,1
4,vote,4,1
4,vote,1,9
4,vote,11,1
4,vote,9,1
4,attackVote,1,4
4,execute,1,werewolf
5,status,1,werewolf,dead,SamplePlayer
5,status,2,villager,dead,SamplePlayer
5,status,3,villager,alive,SamplePlayer
5,status,4,possessed,alive,SamplePlayer
5,status,5,bodyguard,dead,SamplePlayer
5,status,6,seer,dead,SamplePlayer
5,status,7,werewolf,dead,SamplePlayer
5,status,8,villager,dead,SamplePlayer
5,status,9,villager,alive,SamplePlayer
5,status,10,medium,dead,SamplePlayer
5,status,11,villager,alive,SamplePlayer
5,status,12,villager,dead,SamplePlayer
5,result,4,0,villager
