0,status,1,villager,alive,SamplePlayer
0,status,2,villager,alive,SamplePlayer
0,status,3,werewolf,alive,SamplePlayer
0,status,4,seer,alive,SamplePlayer
0,status,5,villager,alive,SamplePlayer
0,status,6,bodyguard,alive,SamplePlayer
0,status,7,werewolf,alive,SamplePlayer
0,status,8,villager,alive,SamplePlayer
0,status,9,possessed,alive,SamplePlayer
0,status,10,medium,alive,SamplePlayer
0,status,11,villager,alive,SamplePlayer
0,status,12,villager,alive,SamplePlayer
0,talk,0,8,10 werewolf
0,talk,1,6,11 werewolf
0,talk,2,11,2 werewolf
0,talk,3,12,8 werewolf
0,talk,4,7,4 werewolf
0,talk,5,2,10 werewolf
0,talk,6,10,6 werewolf
0,talk,7,4,3 werewolf
0,talk,8,9,4 werewolf
0,talk,9,3,5 werewolf
0,talk,10,5,4 werewolf
0,talk,11,1,4 werewolf
0,whisper,0,3,Over
0,whisper,1,7,Over
0,talk,12,6,Over
0,talk,13,7,Over
0,talk,14,5,Over
0,talk,15,11,Over
0,talk,16,3,Over
0,talk,17,9,Over
0,talk,18,1,Over
0,talk,19,10,Over
0,talk,20,12,Over
0,talk,21,4,Over
0,talk,22,2,Over
0,talk,23,8,Over
0,whisper,2,3,Over
0,whisper,3,7,Over
0,vote,3,5
0,vote,4,3
0,vote,1,4
0,vote,2,10
0,vote,7,4
0,vote,8,10
0,vote,5,4
0,vote,6,11
0,vote,11,2
0,vote,12,8
0,vote,9,4
0,vote,10,6
0,divine,4,11,Human
0,guard,6,10,medium
0,attackVote,3,6
0,attackVote,7,12
0,execute,4,seer
0,attack,6,true
1,status,1,villager,alive,SamplePlayer
1,status,2,villager,alive,SamplePlayer
1,status,3,werewolf,alive,SamplePlayer
1,status,4,seer,dead,SamplePlayer
1,status,5,villager,alive,SamplePlayer
1,status,6,bodyguard,dead,SamplePlayer
1,status,7,werewolf,alive,SamplePlayer
1,status,8,villager,alive,SamplePlayer
1,status,9,possessed,alive,SamplePlayer
1,status,10,medium,alive,SamplePlayer
1,status,11,villager,alive,SamplePlayer
1,status,12,villager,alive,SamplePlayer
1,talk,0,11,7 werewolf
1,talk,1,5,10 werewolf
1,talk,2,12,8 werewolf
1,talk,3,8,1 werewolf
1,talk,4,7,11 werewolf
1,talk,5,1,2 werewolf
1,talk,6,10,( 12 werewolf ) and ( 10 comingout medium ) and ( 4 medium_telled HUMAN ) 
1,talk,7,3,10 werewolf
1,talk,8,9,8 werewolf
1,talk,9,2,8 werewolf
1,whisper,0,3,Over
1,whisper,1,7,Over
1,talk,10,3,Over
1,talk,11,5,Over
1,talk,12,10,Over
1,talk,13,12,Over
1,talk,14,8,Over
1,talk,15,11,Over
1,talk,16,7,10 werewolf
1,talk,17,2,Over
1,talk,18,1,Over
1,talk,19,9,Over
1,whisper,2,3,Over
1,whisper,3,7,Over
1,talk,20,10,Over
1,talk,21,8,Over
1,talk,22,1,Over
1,talk,23,5,Over
1,talk,24,3,Over
1,talk,25,2,Over
1,talk,26,9,Over
1,talk,27,11,Over
1,talk,28,7,Over
1,talk,29,12,Over
1,whisper,4,7,Over
1,whisper,5,3,Over
1,vote,3,10
1,vote,1,2
1,vote,2,8
1,vote,7,10
1,vote,8,1
1,vote,5,10
1,vote,11,7
1,vote,12,8
1,vote,9,8
1,vote,10,12
1,attackVote,3,10
1,attackVote,7,10
1,execute,10,medium
1,attack,10,true
2,status,1,villager,alive,SamplePlayer
2,status,2,villager,alive,SamplePlayer
2,status,3,werewolf,alive,SamplePlayer
2,status,4,seer,dead,SamplePlayer
2,status,5,villager,alive,SamplePlayer
2,status,6,bodyguard,dead,SamplePlayer
2,status,7,werewolf,alive,SamplePlayer
2,status,8,villager,alive,SamplePlayer
2,status,9,possessed,alive,SamplePlayer
2,status,10,medium,dead,SamplePlayer
2,status,11,villager,alive,SamplePlayer
2,status,12,villager,alive,SamplePlayer
2,talk,0,5,11 werewolf
2,talk,1,11,8 werewolf
2,talk,2,9,1 werewolf
2,talk,3,3,9 werewolf
2,talk,4,8,3 werewolf
2,talk,5,2,11 werewolf
2,talk,6,1,7 werewolf
2,talk,7,12,2 werewolf
2,talk,8,7,( 12 werewolf ) and ( 7 comingout medium ) and ( 5 medium_telled HUMAN ) and ( 1 medium_telled werewolf ) 
2,whisper,0,3,Over
2,whisper,1,7,Over
2,talk,9,2,Over
2,talk,10,9,Over
2,talk,11,11,Over
2,talk,12,12,Over
2,talk,13,8,Over
2,talk,14,1,Over
2,talk,15,5,Over
2,talk,16,7,1 werewolf
2,talk,17,3,Over
2,whisper,2,7,Over
2,whisper,3,3,Over
2,talk,18,5,Over
2,talk,19,1,Over
2,talk,20,7,Over
2,talk,21,2,Over
2,talk,22,8,Over
2,talk,23,9,Over
2,talk,24,3,Over
2,talk,25,12,Over
2,talk,26,11,Over
2,whisper,4,3,Over
2,whisper,5,7,Over
2,vote,3,9
2,vote,1,7
2,vote,2,11
2,vote,7,1
2,vote,8,3
2,vote,5,11
2,vote,11,8
2,vote,12,2
2,vote,9,1
2,attackVote,3,12
2,attackVote,7,2
2,execute,1,villager
2,attack,12,true
3,status,1,villager,dead,SamplePlayer
3,status,2,villager,alive,SamplePlayer
3,status,3,werewolf,alive,SamplePlayer
3,status,4,seer,dead,SamplePlayer
3,status,5,villager,alive,SamplePlayer
3,status,6,bodyguard,dead,SamplePlayer
3,status,7,werewolf,alive,SamplePlayer
3,status,8,villager,alive,SamplePlayer
3,status,9,possessed,alive,SamplePlayer
3,status,10,medium,dead,SamplePlayer
3,status,11,villager,alive,SamplePlayer
3,status,12,villager,dead,SamplePlayer
3,talk,0,3,8 werewolf
3,talk,1,5,9 werewolf
3,talk,2,2,11 werewolf
3,talk,3,7,( 1 werewolf ) and ( 9 medium_telled HUMAN ) 
3,talk,4,11,7 werewolf
3,talk,5,8,7 werewolf
3,talk,6,9,8 werewolf
3,whisper,0,3,Over
3,whisper,1,7,Over
3,talk,7,3,Over
3,talk,8,9,Over
3,talk,9,5,Over
3,talk,10,7,Over
3,talk,11,11,Over
3,talk,12,2,Over
3,talk,13,8,Over
3,whisper,2,3,Over
3,whisper,3,7,Over
3,vote,3,8
3,vote,2,11
3,vote,7,1
3,vote,8,7
3,vote,5,9
3,vote,11,7
3,vote,9,8
3,attackVote,3,11
3,attackVote,7,8
3,execute,7,werewolf
3,attack,8,true
4,status,1,villager,dead,SamplePlayer
4,status,2,villager,alive,SamplePlayer
4,status,3,werewolf,alive,SamplePlayer
4,status,4,seer,dead,SamplePlayer
4,status,5,villager,alive,SamplePlayer
4,status,6,bodyguard,dead,SamplePlayer
4,status,7,werewolf,dead,SamplePlayer
4,status,8,villager,dead,SamplePlayer
4,status,9,possessed,alive,SamplePlayer
4,status,10,medium,dead,SamplePlayer
4,status,11,villager,alive,SamplePlayer
4,status,12,villager,dead,SamplePlayer
4,talk,0,11,2 werewolf
4,talk,1,9,2 werewolf
4,talk,2,3,9 werewolf
4,talk,3,2,5 werewolf
4,talk,4,5,9 werewolf
4,whisper,0,3,Over
4,talk,5,5,Over
4,talk,6,3,Over
4,talk,7,9,Over
4,talk,8,2,Over
4,talk,9,11,Over
4,whisper,1,3,Over
4,vote,3,9
4,vote,2,5
4,vote,5,9
4,vote,11,2
4,vote,9,2
4,attackVote,3,2
4,execute,2,villager
4,attack,2,true
5,status,1,villager,dead,SamplePlayer
5,status,2,villager,dead,SamplePlayer
5,status,3,werewolf,alive,SamplePlayer
5,status,4,seer,dead,SamplePlayer
5,status,5,villager,alive,SamplePlayer
5,status,6,bodyguard,dead,SamplePlayer
5,status,7,werewolf,dead,SamplePlayer
5,status,8,villager,dead,SamplePlayer
5,status,9,possessed,alive,SamplePlayer
5,status,10,medium,dead,SamplePlayer
5,status,11,villager,alive,SamplePlayer
5,status,12,villager,dead,SamplePlayer
5,talk,0,5,11 werewolf
5,talk,1,3,11 werewolf
5,talk,2,9,9 werewolf
5,talk,3,11,9 werewolf
5,whisper,0,3,Over
5,talk,4,11,Over
5,talk,5,9,Over
5,talk,6,3,Over
5,talk,7,5,Over
5,whisper,1,3,Over
5,vote,3,11
5,vote,5,11
5,vote,11,9
5,vote,9,9
5,attackVote,3,11
5,execute,11,villager
5,attack,11,true
6,status,1,villager,dead,SamplePlayer
6,status,2,villager,dead,SamplePlayer
6,status,3,werewolf,alive,SamplePlayer
6,status,4,seer,dead,SamplePlayer
6,status,5,villager,alive,SamplePlayer
6,status,6,bodyguard,dead,SamplePlayer
6,status,7,werewolf,dead,SamplePlayer
6,status,8,villager,dead,SamplePlayer
6,status,9,possessed,alive,SamplePlayer
6,status,10,medium,dead,SamplePlayer
6,status,11,villager,dead,SamplePlayer
6,status,12,villager,dead,SamplePlayer
6,talk,0,3,5 werewolf
6,talk,1,5,3 werewolf
6,talk,2,9,9 werewolf
6,whisper,0,3,Over
6,talk,3,5,Over
6,talk,4,9,Over
6,talk,5,3,Over
6,whisper,1,3,Over
6,vote,3,5
6,vote,5,3
6,vote,9,9
6,attackVote,3,5
6,execute,3,werewolf
7,status,1,villager,dead,SamplePlayer
7,status,2,villager,dead,SamplePlayer
7,status,3,werewolf,dead,SamplePlayer
7,status,4,seer,dead,SamplePlayer
7,status,5,villager,alive,SamplePlayer
7,status,6,bodyguard,dead,SamplePlayer
7,status,7,werewolf,dead,SamplePlayer
7,status,8,villager,dead,SamplePlayer
7,status,9,possessed,alive,SamplePlayer
7,status,10,medium,dead,SamplePlayer
7,status,11,villager,dead,SamplePlayer
7,status,12,villager,dead,SamplePlayer
7,result,2,0,villager
