0,status,1,villager,alive,SamplePlayer
0,status,2,villager,alive,SamplePlayer
0,status,3,medium,alive,SamplePlayer
0,status,4,villager,alive,SamplePlayer
0,status,5,possessed,alive,SamplePlayer
0,status,6,bodyguard,alive,SamplePlayer
0,status,7,werewolf,alive,SamplePlayer
0,status,8,villager,alive,SamplePlayer
0,status,9,werewolf,alive,SamplePlayer
0,status,10,villager,alive,SamplePlayer
0,status,11,villager,alive,SamplePlayer
0,status,12,seer,alive,SamplePlayer
0,talk,0,7,11 werewolf
0,talk,1,8,4 werewolf
0,talk,2,10,8 werewolf
0,talk,3,11,8 werewolf
0,talk,4,5,7 werewolf
0,talk,5,4,9 werewolf
0,talk,6,6,4 werewolf
0,talk,7,3,8 werewolf
0,talk,8,9,2 werewolf
0,talk,9,1,6 werewolf
0,talk,10,2,9 werewolf
0,talk,11,12,4 werewolf
0,whisper,0,9,Over
0,whisper,1,7,Over
0,talk,12,11,Over
0,talk,13,10,Over
0,talk,14,9,Over
0,talk,15,3,Over
0,talk,16,4,Over
0,talk,17,7,Over
0,talk,18,1,Over
0,talk,19,2,Over
0,talk,20,12,Over
0,talk,21,8,Over
0,talk,22,6,Over
0,talk,23,5,Over
0,whisper,2,9,Over
0,whisper,3,7,Over
0,vote,3,8
0,vote,4,9
0,vote,1,6
0,vote,2,9
0,vote,7,11
0,vote,8,4
0,vote,5,7
0,vote,6,4
0,vote,11,8
0,vote,12,4
0,vote,9,2
0,vote,10,8
0,divine,12,9,Werewolf
0,guard,6,11,villager
0,attackVote,7,6
0,attackVote,9,8
0,execute,8,villager
0,attack,6,true
1,status,1,villager,alive,SamplePlayer
1,status,2,villager,alive,SamplePlayer
1,status,3,medium,alive,SamplePlayer
1,status,4,villager,alive,SamplePlayer
1,status,5,possessed,alive,SamplePlayer
1,status,6,bodyguard,dead,SamplePlayer
1,status,7,werewolf,alive,SamplePlayer
1,status,8,villager,dead,SamplePlayer
1,status,9,werewolf,alive,SamplePlayer
1,status,10,villager,alive,SamplePlayer
1,status,11,villager,alive,SamplePlayer
1,status,12,seer,alive,SamplePlayer
1,talk,0,4,10 werewolf
1,talk,1,5,11 werewolf
1,talk,2,3,1 werewolf
1,talk,3,7,10 werewolf
1,talk,4,12,9 werewolf
1,talk,5,9,3 werewolf
1,talk,6,10,2 werewolf
1,talk,7,1,12 werewolf
1,talk,8,11,2 werewolf
1,talk,9,2,10 werewolf
1,whisper,0,7,Over
1,whisper,1,9,Over
1,talk,10,7,Over
1,talk,11,9,Over
1,talk,12,12,Over
1,talk,13,4,Over
1,talk,14,3,Over
1,talk,15,5,Over
1,talk,16,10,Over
1,talk,17,2,Over
1,talk,18,1,Over
1,talk,19,11,Over
1,whisper,2,9,Over
1,whisper,3,7,Over
1,vote,3,1
1,vote,4,10
1,vote,1,12
1,vote,2,10
1,vote,7,10
1,vote,5,11
1,vote,11,2
1,vote,12,9
1,vote,9,3
1,vote,10,2
1,divine,12,4,Human
1,attackVote,7,2
1,attackVote,9,1
1,execute,10,villager
1,attack,2,true
2,status,1,villager,alive,SamplePlayer
2,status,2,villager,dead,SamplePlayer
2,status,3,medium,alive,SamplePlayer
2,status,4,villager,alive,SamplePlayer
2,status,5,possessed,alive,SamplePlayer
2,status,6,bodyguard,dead,SamplePlayer
2,status,7,werewolf,alive,SamplePlayer
2,status,8,villager,dead,SamplePlayer
2,status,9,werewolf,alive,SamplePlayer
2,status,10,villager,dead,SamplePlayer
2,status,11,villager,alive,SamplePlayer
2,status,12,seer,alive,SamplePlayer
2,talk,0,12,( 9 werewolf ) and ( 12 comingout seer ) and ( 9 inspected werewolf ) and ( 4 inspected HUMAN ) 
2,talk,1,4,9 werewolf
2,talk,2,11,9 werewolf
2,talk,3,7,5 werewolf
2,talk,4,9,( 12 werewolf ) and ( 9 comingout seer ) and ( 5 inspected HUMAN ) and ( 1 inspected werewolf ) 
2,talk,5,5,12 werewolf
2,talk,6,1,9 werewolf
2,talk,7,3,9 werewolf
2,whisper,0,9,Over
2,whisper,1,7,Over
2,talk,8,12,Over
2,talk,9,3,Over
2,talk,10,11,Over
2,talk,11,4,Over
2,talk,12,7,Over
2,talk,13,1,Over
2,talk,14,5,Over
2,talk,15,9,Over
2,whisper,2,9,Over
2,whisper,3,7,Over
2,vote,3,9
2,vote,4,9
2,vote,1,9
2,vote,7,5
2,vote,5,12
2,vote,11,9
2,vote,12,9
2,vote,9,12
2,divine,12,11,Human
2,attackVote,7,12
2,attackVote,9,12
2,execute,9,werewolf
2,attack,12,true
3,status,1,villager,alive,SamplePlayer
3,status,2,villager,dead,SamplePlayer
3,status,3,medium,alive,SamplePlayer
3,status,4,villager,alive,SamplePlayer
3,status,5,possessed,alive,SamplePlayer
3,status,6,bodyguard,dead,SamplePlayer
3,status,7,werewolf,alive,SamplePlayer
3,status,8,villager,dead,SamplePlayer
3,status,9,werewolf,dead,SamplePlayer
3,status,10,villager,dead,SamplePlayer
3,status,11,villager,alive,SamplePlayer
3,status,12,seer,dead,SamplePlayer
3,talk,0,4,1 werewolf
3,talk,1,3,( 1 werewolf ) and ( 3 comingout medium ) and ( 8 medium_telled HUMAN ) and ( 10 medium_telled HUMAN ) and ( 9 medium_telled werewolf ) 
3,talk,2,11,1 werewolf
3,talk,3,7,4 werewolf
3,talk,4,5,( 11 werewolf ) and ( 5 comingout seer ) and ( 2 inspected HUMAN ) and ( 12 inspected HUMAN ) and ( 4 inspected HUMAN ) 
3,talk,5,1,4 werewolf
3,whisper,0,7,Over
3,talk,6,4,Over
3,talk,7,5,Over
3,talk,8,11,Over
3,talk,9,3,Over
3,talk,10,1,Over
3,talk,11,7,Over
3,whisper,1,7,Over
3,vote,3,1
3,vote,4,1
3,vote,1,4
3,vote,7,4
3,vote,5,11
3,vote,11,1
3,attackVote,7,3
3,execute,1,villager
3,attack,3,true
4,status,1,villager,dead,SamplePlayer
4,status,2,villager,dead,SamplePlayer
4,status,3,medium,dead,SamplePlayer
4,status,4,villager,alive,SamplePlayer
4,status,5,possessed,alive,SamplePlayer
4,status,6,bodyguard,dead,SamplePlayer
4,status,7,werewolf,alive,SamplePlayer
4,status,8,villager,dead,SamplePlayer
4,status,9,werewolf,dead,SamplePlayer
4,status,10,villager,dead,SamplePlayer
4,status,11,villager,alive,SamplePlayer
4,status,12,seer,dead,SamplePlayer
4,talk,0,5,( 5 werewolf ) and ( 7 inspected HUMAN ) 
4,talk,1,4,11 werewolf
4,talk,2,7,11 werewolf
4,talk,3,11,5 werewolf
4,whisper,0,7,Over
4,talk,4,7,Over
4,talk,5,4,Over
4,talk,6,11,Over
4,talk,7,5,Over
4,whisper,1,7,Over
4,vote,4,11
4,vote,7,11
4,vote,5,5
4,vote,11,5
4,attackVote,7,4
4,execute,5,possessed
4,attack,4,true
5,status,1,villager,dead,SamplePlayer
5,status,2,villager,dead,SamplePlayer
5,status,3,medium,dead,SamplePlayer
5,status,4,villager,dead,SamplePlayer
5,status,5,possessed,dead,SamplePlayer
5,status,6,bodyguard,dead,SamplePlayer
5,status,7,werewolf,alive,SamplePlayer
5,status,8,villager,dead,SamplePlayer
5,status,9,werewolf,dead,SamplePlayer
5,status,10,villager,dead,SamplePlayer
5,status,11,villager,alive,SamplePlayer
5,status,12,seer,dead,SamplePlayer
5,result,1,1,werewolf
