0,status,1,bodyguard,alive,SamplePlayer
0,status,2,villager,alive,SamplePlayer
0,status,3,werewolf,alive,SamplePlayer
0,status,4,possessed,alive,SamplePlayer
0,status,5,villager,alive,SamplePlayer
0,status,6,seer,alive,SamplePlayer
0,status,7,werewolf,alive,SamplePlayer
0,status,8,medium,alive,SamplePlayer
0,status,9,villager,alive,SamplePlayer
0,status,10,villager,alive,SamplePlayer
0,status,11,villager,alive,SamplePlayer
0,status,12,villager,alive,SamplePlayer
0,talk,0,11,4 werewolf
0,talk,1,1,12 werewolf
0,talk,2,12,3 werewolf
0,talk,3,6,5 werewolf
0,talk,4,5,6 werewolf
0,talk,5,9,10 werewolf
0,talk,6,2,11 werewolf
0,talk,7,3,12 werewolf
0,talk,8,8,12 werewolf
0,talk,9,7,8 werewolf
0,talk,10,10,1 werewolf
0,talk,11,4,5 werewolf
0,whisper,0,3,Over
0,whisper,1,7,Over
0,talk,12,3,Over
0,talk,13,2,Over
0,talk,14,9,Over
0,talk,15,12,Over
0,talk,16,7,Over
0,talk,17,10,Over
0,talk,18,11,Over
0,talk,19,5,Over
0,talk,20,4,Over
0,talk,21,1,Over
0,talk,22,8,Over
0,talk,23,6,Over
0,whisper,2,7,Over
0,whisper,3,3,Over
0,vote,3,12
0,vote,4,5
0,vote,1,12
0,vote,2,11
0,vote,7,8
0,vote,8,12
0,vote,5,6
0,vote,6,5
0,vote,11,4
0,vote,12,3
0,vote,9,10
0,vote,10,1
0,divine,6,11,Human
0,guard,1,12,villager
0,attackVote,3,1
0,attackVote,7,1
0,execute,12,villager
0,attack,1,true
1,status,1,bodyguard,dead,SamplePlayer
1,status,2,villager,alive,SamplePlayer
1,status,3,werewolf,alive,SamplePlayer
1,status,4,possessed,alive,SamplePlayer
1,status,5,villager,alive,SamplePlayer
1,status,6,seer,alive,SamplePlayer
1,status,7,werewolf,alive,SamplePlayer
1,status,8,medium,alive,SamplePlayer
1,status,9,villager,alive,SamplePlayer
1,status,10,villager,alive,SamplePlayer
1,status,11,villager,alive,SamplePlayer
1,status,12,villager,dead,SamplePlayer
1,talk,0,11,8 werewolf
1,talk,1,6,9 werewolf
1,talk,2,10,2 werewolf
1,talk,3,9,6 werewolf
1,talk,4,2,4 werewolf
1,talk,5,5,9 werewolf
1,talk,6,8,11 werewolf
1,talk,7,4,( 10 werewolf ) and ( 4 comingout medium ) and ( 3 medium_telled HUMAN ) 
1,talk,8,7,( 5 werewolf ) and ( 7 comingout medium ) and ( 3 medium_telled HUMAN ) 
1,talk,9,3,8 werewolf
1,whisper,0,7,Over
1,whisper,1,3,Over
1,talk,10,3,Over
1,talk,11,2,Over
1,talk,12,10,Over
1,talk,13,8,4 werewolf
1,talk,14,11,Over
1,talk,15,9,Over
1,talk,16,4,7 werewolf
1,talk,17,7,4 werewolf
1,talk,18,5,Over
1,talk,19,6,Over
1,whisper,2,3,Over
1,whisper,3,7,Over
1,talk,20,3,Over
1,talk,21,6,Over
1,talk,22,4,Over
1,talk,23,11,Over
1,talk,24,8,Over
1,talk,25,7,Over
1,talk,26,9,Over
1,talk,27,10,Over
1,talk,28,5,Over
1,talk,29,2,Over
1,whisper,4,3,Over
1,whisper,5,7,Over
1,vote,3,8
1,vote,4,7
1,vote,2,4
1,vote,7,4
1,vote,8,4
1,vote,5,9
1,vote,6,9
1,vote,11,8
1,vote,9,6
1,vote,10,2
1,divine,6,3,Werewolf
1,attackVote,3,4
1,attackVote,7,8
1,execute,4,possessed
1,attack,4,true
2,status,1,bodyguard,dead,SamplePlayer
2,status,2,villager,alive,SamplePlayer
2,status,3,werewolf,alive,SamplePlayer
2,status,4,possessed,dead,SamplePlayer
2,status,5,villager,alive,SamplePlayer
2,status,6,seer,alive,SamplePlayer
2,status,7,werewolf,alive,SamplePlayer
2,status,8,medium,alive,SamplePlayer
2,status,9,villager,alive,SamplePlayer
2,status,10,villager,alive,SamplePlayer
2,status,11,villager,alive,SamplePlayer
2,status,12,villager,dead,SamplePlayer
2,talk,0,3,10 werewolf
2,talk,1,6,3 werewolf
2,talk,2,2,7 werewolf
2,talk,3,8,( 7 werewolf ) and ( 8 comingout medium ) and ( 12 medium_telled HUMAN ) and ( 4 medium_telled HUMAN ) 
2,talk,4,5,2 werewolf
2,talk,5,7,( 8 werewolf ) and ( 2 medium_telled werewolf ) 
2,talk,6,11,5 werewolf
2,talk,7,10,11 werewolf
2,talk,8,9,6 werewolf
2,whisper,0,7,Over
2,whisper,1,3,Over
2,talk,9,3,8 werewolf
2,talk,10,2,Over
2,talk,11,6,Over
2,talk,12,5,Over
2,talk,13,7,Over
2,talk,14,8,Over
2,talk,15,9,Over
2,talk,16,10,Over
2,talk,17,11,Over
2,whisper,2,7,Over
2,whisper,3,3,Over
2,talk,18,2,Over
2,talk,19,7,Over
2,talk,20,6,Over
2,talk,21,3,Over
2,talk,22,5,Over
2,talk,23,9,Over
2,talk,24,11,Over
2,talk,25,10,Over
2,talk,26,8,Over
2,whisper,4,3,Over
2,whisper,5,7,Over
2,vote,3,8
2,vote,2,7
2,vote,7,8
2,vote,8,7
2,vote,5,2
2,vote,6,3
2,vote,11,5
2,vote,9,6
2,vote,10,11
2,divine,6,11,Human
2,attackVote,3,8
2,attackVote,7,6
2,execute,7,werewolf
2,attack,8,true
3,status,1,bodyguard,dead,SamplePlayer
3,status,2,villager,alive,SamplePlayer
3,status,3,werewolf,alive,SamplePlayer
3,status,4,possessed,dead,SamplePlayer
3,status,5,villager,alive,SamplePlayer
3,status,6,seer,alive,SamplePlayer
3,status,7,werewolf,dead,SamplePlayer
3,status,8,medium,dead,SamplePlayer
3,status,9,villager,alive,SamplePlayer
3,status,10,villager,alive,SamplePlayer
3,status,11,villager,alive,SamplePlayer
3,status,12,villager,dead,SamplePlayer
3,talk,0,9,11 werewolf
3,talk,1,5,2 werewolf
3,talk,2,6,( 3 werewolf ) and ( 6 comingout seer ) and ( 11 inspected HUMAN ) and ( 3 inspected werewolf ) and ( 11 inspected HUMAN ) 
3,talk,3,11,3 werewolf
3,talk,4,3,( 8 werewolf ) and ( 3 comingout seer ) and ( 11 inspected HUMAN ) and ( 8 inspected werewolf ) and ( 11 inspected werewolf ) 
3,talk,5,10,11 werewolf
3,talk,6,2,3 werewolf
3,whisper,0,3,Over
3,talk,7,9,Over
3,talk,8,2,Over
3,talk,9,3,Over
3,talk,10,6,Over
3,talk,11,5,3 werewolf
3,talk,12,11,Over
3,talk,13,10,Over
3,whisper,1,3,Over
3,talk,14,10,Over
3,talk,15,6,Over
3,talk,16,3,Over
3,talk,17,5,Over
3,talk,18,11,Over
3,talk,19,2,Over
3,talk,20,9,Over
3,whisper,2,3,Over
3,vote,3,8
3,vote,2,3
3,vote,5,3
3,vote,6,3
3,vote,11,3
3,vote,9,11
3,vote,10,11
3,divine,6,11,Human
3,attackVote,3,6
3,execute,3,werewolf
4,status,1,bodyguard,dead,SamplePlayer
4,status,2,villager,alive,SamplePlayer
4,status,3,werewolf,dead,SamplePlayer
4,status,4,possessed,dead,SamplePlayer
4,status,5,villager,alive,SamplePlayer
4,status,6,seer,alive,SamplePlayer
4,status,7,werewolf,dead,SamplePlayer
4,status,8,medium,dead,SamplePlayer
4,status,9,villager,alive,SamplePlayer
4,status,10,villager,alive,SamplePlayer
4,status,11,villager,alive,SamplePlayer
4,status,12,villager,dead,SamplePlayer
4,result,6,0,villager
