0,status,1,villager,alive,SamplePlayer
0,status,2,medium,alive,SamplePlayer
0,status,3,possessed,alive,SamplePlayer
0,status,4,villager,alive,SamplePlayer
0,status,5,villager,alive,SamplePlayer
0,status,6,werewolf,alive,SamplePlayer
0,status,7,werewolf,alive,SamplePlayer
0,status,8,seer,alive,SamplePlayer
0,status,9,villager,alive,SamplePlayer
0,status,10,villager,alive,SamplePlayer
0,status,11,bodyguard,alive,SamplePlayer
0,status,12,villager,alive,SamplePlayer
0,talk,0,5,2 werewolf
0,talk,1,3,1 werewolf
0,talk,2,7,6 werewolf
0,talk,3,9,12 werewolf
0,talk,4,1,2 werewolf
0,talk,5,12,4 werewolf
0,talk,6,8,1 werewolf
0,talk,7,4,7 werewolf
0,talk,8,6,1 werewolf
0,talk,9,11,8 werewolf
0,talk,10,10,9 werewolf
0,talk,11,2,7 werewolf
0,whisper,0,6,Over
0,whisper,1,7,Over
0,talk,12,8,Over
0,talk,13,1,Over
0,talk,14,7,Over
0,talk,15,2,Over
0,talk,16,3,Over
0,talk,17,4,Over
0,talk,18,6,Over
0,talk,19,9,Over
0,talk,20,11,Over
0,talk,21,10,Over
0,talk,22,12,Over
0,talk,23,5,Over
0,whisper,2,7,Over
0,whisper,3,6,Over
0,vote,3,1
0,vote,4,7
0,vote,1,2
0,vote,2,7
0,vote,7,6
0,vote,8,1
0,vote,5,2
0,vote,6,1
0,vote,11,8
0,vote,12,4
0,vote,9,12
0,vote,10,9
0,divine,8,7,Werewolf
0,guard,11,7,werewolf
0,attackVote,7,3
0,attackVote,6,1
0,execute,1,villager
0,attack,1,true
1,status,1,villager,dead,SamplePlayer
1,status,2,medium,alive,SamplePlayer
1,status,3,possessed,alive,SamplePlayer
1,status,4,villager,alive,SamplePlayer
1,status,5,villager,alive,SamplePlayer
1,status,6,werewolf,alive,SamplePlayer
1,status,7,werewolf,alive,SamplePlayer
1,status,8,seer,alive,SamplePlayer
1,status,9,villager,alive,SamplePlayer
1,status,10,villager,alive,SamplePlayer
1,status,11,bodyguard,alive,SamplePlayer
1,status,12,villager,alive,SamplePlayer
1,talk,0,2,12 werewolf
1,talk,1,7,9 werewolf
1,talk,2,12,10 werewolf
1,talk,3,6,9 werewolf
1,talk,4,9,2 werewolf
1,talk,5,5,7 werewolf
1,talk,6,10,3 werewolf
1,talk,7,11,7 werewolf
1,talk,8,8,( 7 werewolf ) and ( 8 comingout seer ) and ( 7 inspected werewolf ) 
1,talk,9,4,7 werewolf
1,talk,10,3,( 8 werewolf ) and ( 3 comingout seer ) and ( 1 inspected HUMAN ) 
1,whisper,0,7,Over
1,whisper,1,6,Over
1,talk,11,8,Over
1,talk,12,11,Over
1,talk,13,6,8 werewolf
1,talk,14,9,7 werewolf
1,talk,15,5,Over
1,talk,16,7,Over
1,talk,17,12,7 werewolf
1,talk,18,2,7 werewolf
1,talk,19,4,Over
1,talk,20,10,7 werewolf
1,talk,21,3,Over
1,whisper,2,7,Over
1,whisper,3,6,Over
1,talk,22,2,Over
1,talk,23,6,Over
1,talk,24,9,Over
1,talk,25,10,Over
1,talk,26,11,Over
1,talk,27,7,Over
1,talk,28,12,Over
1,talk,29,4,Over
1,talk,30,3,Over
1,talk,31,8,Over
1,talk,32,5,Over
1,whisper,4,6,Over
1,whisper,5,7,Over
1,vote,3,8
1,vote,4,7
1,vote,2,7
1,vote,7,9
1,vote,8,7
1,vote,5,7
1,vote,6,8
1,vote,11,7
1,vote,12,7
1,vote,9,7
1,vote,10,7
1,divine,8,4,Human
1,guard,11,8,seer
1,attackVote,7,8
1,attackVote,6,3
1,execute,7,werewolf
1,attack,3,true
2,status,1,villager,dead,SamplePlayer
2,status,2,medium,alive,SamplePlayer
2,status,3,possessed,dead,SamplePlayer
2,status,4,villager,alive,SamplePlayer
2,status,5,villager,alive,SamplePlayer
2,status,6,werewolf,alive,SamplePlayer
2,status,7,werewolf,dead,SamplePlayer
2,status,8,seer,alive,SamplePlayer
2,status,9,villager,alive,SamplePlayer
2,status,10,villager,alive,SamplePlayer
2,status,11,bodyguard,alive,SamplePlayer
2,status,12,villager,alive,SamplePlayer
2,talk,0,10,11 werewolf
2,talk,1,12,9 werewolf
2,talk,2,5,6 werewolf
2,talk,3,9,11 werewolf
2,talk,4,11,6 werewolf
2,talk,5,2,( 6 werewolf ) and ( 2 comingout medium ) and ( 1 medium_telled HUMAN ) and ( 7 medium_telled werewolf ) 
2,talk,6,8,( 2 werewolf ) and ( 4 inspected HUMAN ) 
2,talk,7,6,8 werewolf
2,talk,8,4,5 werewolf
2,whisper,0,6,Over
2,talk,9,8,Over
2,talk,10,6,Over
2,talk,11,11,2 werewolf
2,talk,12,12,10 werewolf
2,talk,13,5,11 werewolf
2,talk,14,4,Over
2,talk,15,9,8 werewolf
2,talk,16,10,2 werewolf
2,talk,17,2,10 werewolf
2,whisper,1,6,Over
2,talk,18,9,Over
2,talk,19,11,Over
2,talk,20,6,Over
2,talk,21,12,Over
2,talk,22,4,Over
2,talk,23,8,Over
2,talk,24,5,Over
2,talk,25,10,Over
2,talk,26,2,Over
2,whisper,2,6,Over
2,vote,4,5
2,vote,2,10
2,vote,8,2
2,vote,5,11
2,vote,6,8
2,vote,11,2
2,vote,12,10
2,vote,9,8
2,vote,10,2
2,divine,8,12,Human
2,guard,11,8,seer
2,attackVote,6,2
2,execute,2,medium
2,attack,2,true
3,status,1,villager,dead,SamplePlayer
3,status,2,medium,dead,SamplePlayer
3,status,3,possessed,dead,SamplePlayer
3,status,4,villager,alive,SamplePlayer
3,status,5,villager,alive,SamplePlayer
3,status,6,werewolf,alive,SamplePlayer
3,status,7,werewolf,dead,SamplePlayer
3,status,8,seer,alive,SamplePlayer
3,status,9,villager,alive,SamplePlayer
3,status,10,villager,alive,SamplePlayer
3,status,11,bodyguard,alive,SamplePlayer
3,status,12,villager,alive,SamplePlayer
3,talk,0,5,10 werewolf
3,talk,1,6,( 8 werewolf ) and ( 6 comingout seer ) and ( 8 inspected HUMAN ) and ( 4 inspected HUMAN ) and ( 10 inspected HUMAN ) 
3,talk,2,8,( 6 werewolf ) and ( 12 inspected HUMAN ) 
3,talk,3,9,8 werewolf
3,talk,4,10,4 werewolf
3,talk,5,12,9 werewolf
3,talk,6,4,6 werewolf
3,talk,7,11,8 werewolf
3,whisper,0,6,Over
3,talk,8,4,Over
3,talk,9,12,Over
3,talk,10,10,Over
3,talk,11,8,Over
3,talk,12,6,Over
3,talk,13,11,Over
3,talk,14,9,Over
3,talk,15,5,Over
3,whisper,1,6,Over
3,vote,4,6
3,vote,8,6
3,vote,5,10
3,vote,6,8
3,vote,11,8
3,vote,12,9
3,vote,9,8
3,vote,10,4
3,divine,8,4,Human
3,guard,11,6,werewolf
3,attackVote,6,8
3,execute,8,seer
3,attack,8,true
4,status,1,villager,dead,SamplePlayer
4,status,2,medium,dead,SamplePlayer
4,status,3,possessed,dead,SamplePlayer
4,status,4,villager,alive,SamplePlayer
4,status,5,villager,alive,SamplePlayer
4,status,6,werewolf,alive,SamplePlayer
4,status,7,werewolf,dead,SamplePlayer
4,status,8,seer,dead,SamplePlayer
4,status,9,villager,alive,SamplePlayer
4,status,10,villager,alive,SamplePlayer
4,status,11,bodyguard,alive,SamplePlayer
4,status,12,villager,alive,SamplePlayer
4,talk,0,10,9 werewolf
4,talk,1,12,4 werewolf
4,talk,2,4,10 werewolf
4,talk,3,9,6 werewolf
4,talk,4,11,10 werewolf
4,talk,5,5,9 werewolf
4,talk,6,6,( 11 werewolf ) and ( 4 inspected werewolf ) 
4,whisper,0,6,Over
4,talk,7,5,4 werewolf
4,talk,8,6,4 werewolf
4,talk,9,4,Over
4,talk,10,12,Over
4,talk,11,9,4 werewolf
4,talk,12,11,Over
4,talk,13,10,4 werewolf
4,whisper,1,6,Over
4,talk,14,10,Over
4,talk,15,11,Over
4,talk,16,6,Over
4,talk,17,12,Over
4,talk,18,4,Over
4,talk,19,9,Over
4,talk,20,5,Over
4,whisper,2,6,Over
4,vote,4,10
4,vote,5,4
4,vote,6,4
4,vote,11,10
4,vote,12,4
4,vote,9,4
4,vote,10,4
4,guard,11,6,werewolf
4,attackVote,6,12
4,execute,4,villager
4,attack,12,true
5,status,1,villager,dead,SamplePlayer
5,status,2,medium,dead,SamplePlayer
5,status,3,possessed,dead,SamplePlayer
5,status,4,villager,dead,SamplePlayer
5,status,5,villager,alive,SamplePlayer
5,status,6,werewolf,alive,SamplePlayer
5,status,7,werewolf,dead,SamplePlayer
5,status,8,seer,dead,SamplePlayer
5,status,9,villager,alive,SamplePlayer
5,status,10,villager,alive,SamplePlayer
5,status,11,bodyguard,alive,SamplePlayer
5,status,12,villager,dead,SamplePlayer
5,talk,0,9,11 werewolf
5,talk,1,10,11 werewolf
5,talk,2,6,( 4 werewolf ) and ( 5 inspected HUMAN ) 
5,talk,3,11,5 werewolf
5,talk,4,5,10 werewolf
5,whisper,0,6,Over
5,talk,5,10,6 werewolf
5,talk,6,11,Over
5,talk,7,6,Over
5,talk,8,9,5 werewolf
5,talk,9,5,Over
5,whisper,1,6,Over
5,talk,10,9,Over
5,talk,11,5,Over
5,talk,12,6,Over
5,talk,13,10,Over
5,talk,14,11,Over
5,whisper,2,6,Over
5,vote,5,10
5,vote,6,4
5,vote,11,5
5,vote,9,5
5,vote,10,6
5,guard,11,6,werewolf
5,attackVote,6,10
5,execute,5,villager
5,attack,10,true
6,status,1,villager,dead,SamplePlayer
6,status,2,medium,dead,SamplePlayer
6,status,3,possessed,dead,SamplePlayer
6,status,4,villager,dead,SamplePlayer
6,status,5,villager,dead,SamplePlayer
6,status,6,werewolf,alive,SamplePlayer
6,status,7,werewolf,dead,SamplePlayer
6,status,8,seer,dead,SamplePlayer
6,status,9,villager,alive,SamplePlayer
6,status,10,villager,dead,SamplePlayer
6,status,11,bodyguard,alive,SamplePlayer
6,status,12,villager,dead,SamplePlayer
6,talk,0,9,6 werewolf
6,talk,1,11,9 werewolf
6,talk,2,6,( 4 werewolf ) and ( 9 inspected werewolf ) 
6,whisper,0,6,Over
6,talk,3,9,11 werewolf
6,talk,4,6,Over
6,talk,5,11,Over
6,whisper,1,6,Over
6,talk,6,9,Over
6,talk,7,11,Over
6,talk,8,6,Over
6,whisper,2,6,Over
6,vote,6,4
6,vote,11,9
6,vote,9,11
6,guard,11,6,werewolf
6,attackVote,6,9
6,execute,9,villager
6,attack,9,true
7,status,1,villager,dead,SamplePlayer
7,status,2,medium,dead,SamplePlayer
7,status,3,possessed,dead,SamplePlayer
7,status,4,villager,dead,SamplePlayer
7,status,5,villager,dead,SamplePlayer
7,status,6,werewolf,alive,SamplePlayer
7,status,7,werewolf,dead,SamplePlayer
7,status,8,seer,dead,SamplePlayer
7,status,9,villager,dead,SamplePlayer
7,status,10,villager,dead,SamplePlayer
7,status,11,bodyguard,alive,SamplePlayer
7,status,12,villager,dead,SamplePlayer
7,result,1,1,werewolf
