0,status,1,villager,alive,SamplePlayer
0,status,2,bodyguard,alive,SamplePlayer
0,status,3,villager,alive,SamplePlayer
0,status,4,seer,alive,SamplePlayer
0,status,5,werewolf,alive,SamplePlayer
0,status,6,werewolf,alive,SamplePlayer
0,status,7,medium,alive,SamplePlayer
0,status,8,villager,alive,SamplePlayer
0,status,9,villager,alive,SamplePlayer
0,status,10,villager,alive,SamplePlayer
0,status,11,possessed,alive,SamplePlayer
0,status,12,villager,alive,SamplePlayer
0,talk,0,9,2 werewolf
0,talk,1,4,9 werewolf
0,talk,2,1,7 werewolf
0,talk,3,8,7 werewolf
0,talk,4,3,11 werewolf
0,talk,5,10,6 werewolf
0,talk,6,11,7 werewolf
0,talk,7,5,5 werewolf
0,talk,8,6,2 werewolf
0,talk,9,7,3 werewolf
0,talk,10,12,2 werewolf
0,talk,11,2,4 werewolf
0,whisper,0,6,Over
0,whisper,1,5,Over
0,talk,12,1,Over
0,talk,13,8,Over
0,talk,14,4,Over
0,talk,15,5,Over
0,talk,16,11,Over
0,talk,17,9,Over
0,talk,18,12,Over
0,talk,19,7,Over
0,talk,20,2,Over
0,talk,21,3,Over
0,talk,22,10,Over
0,talk,23,6,Over
0,whisper,2,5,Over
0,whisper,3,6,Over
0,vote,3,11
0,vote,4,9
0,vote,1,7
0,vote,2,4
0,vote,7,3
0,vote,8,7
0,vote,5,5
0,vote,6,2
0,vote,11,7
0,vote,12,2
0,vote,9,2
0,vote,10,6
0,divine,4,8,Human
0,guard,2,6,werewolf
0,attackVote,5,4
0,attackVote,6,10
0,execute,2,bodyguard
0,attack,10,true
1,status,1,villager,alive,SamplePlayer
1,status,2,bodyguard,dead,SamplePlayer
1,status,3,villager,alive,SamplePlayer
1,status,4,seer,alive,SamplePlayer
1,status,5,werewolf,alive,SamplePlayer
1,status,6,werewolf,alive,SamplePlayer
1,status,7,medium,alive,SamplePlayer
1,status,8,villager,alive,SamplePlayer
1,status,9,villager,alive,SamplePlayer
1,status,10,villager,dead,SamplePlayer
1,status,11,possessed,alive,SamplePlayer
1,status,12,villager,alive,SamplePlayer
1,talk,0,5,( 10 werewolf ) and ( 5 comingout medium ) and ( 10 medium_telled werewolf ) 
1,talk,1,7,( 5 werewolf ) and ( 7 comingout medium ) and ( 2 medium_telled HUMAN ) 
1,talk,2,8,6 werewolf
1,talk,3,9,5 werewolf
1,talk,4,1,11 werewolf
1,talk,5,11,11 werewolf
1,talk,6,3,1 werewolf
1,talk,7,12,1 werewolf
1,talk,8,6,8 werewolf
1,talk,9,4,8 werewolf
1,whisper,0,5,Over
1,whisper,1,6,Over
1,talk,10,4,Over
1,talk,11,3,Over
1,talk,12,7,Over
1,talk,13,11,Over
1,talk,14,8,Over
1,talk,15,6,Over
1,talk,16,12,Over
1,talk,17,1,Over
1,talk,18,5,Over
1,talk,19,9,Over
1,whisper,2,5,Over
1,whisper,3,6,Over
1,vote,3,1
1,vote,4,8
1,vote,1,11
1,vote,7,5
1,vote,8,6
1,vote,5,10
1,vote,6,8
1,vote,11,11
1,vote,12,1
1,vote,9,5
1,divine,4,5,Werewolf
1,attackVote,5,7
1,attackVote,6,7
1,execute,1,villager
1,attack,7,true
2,status,1,villager,dead,SamplePlayer
2,status,2,bodyguard,dead,SamplePlayer
2,status,3,villager,alive,SamplePlayer
2,status,4,seer,alive,SamplePlayer
2,status,5,werewolf,alive,SamplePlayer
2,status,6,werewolf,alive,SamplePlayer
2,status,7,medium,dead,SamplePlayer
2,status,8,villager,alive,SamplePlayer
2,status,9,villager,alive,SamplePlayer
2,status,10,villager,dead,SamplePlayer
2,status,11,possessed,alive,SamplePlayer
2,status,12,villager,alive,SamplePlayer
2,talk,0,12,3 werewolf
2,talk,1,3,9 werewolf
2,talk,2,8,9 werewolf
2,talk,3,4,( 5 werewolf ) and ( 4 comingout seer ) and ( 8 inspected HUMAN ) and ( 5 inspected werewolf ) 
2,talk,4,5,( 10 werewolf ) and ( 11 medium_telled HUMAN ) 
2,talk,5,11,12 werewolf
2,talk,6,6,8 werewolf
2,talk,7,9,5 werewolf
2,whisper,0,5,Over
2,whisper,1,6,Over
2,talk,8,8,5 werewolf
2,talk,9,6,Over
2,talk,10,4,Over
2,talk,11,5,Over
2,talk,12,12,5 werewolf
2,talk,13,9,Over
2,talk,14,3,5 werewolf
2,talk,15,11,Over
2,whisper,2,6,Over
2,whisper,3,5,Over
2,talk,16,12,Over
2,talk,17,4,Over
2,talk,18,6,Over
2,talk,19,5,Over
2,talk,20,3,Over
2,talk,21,8,Over
2,talk,22,9,Over
2,talk,23,11,Over
2,whisper,4,6,Over
2,whisper,5,5,Over
2,vote,3,5
2,vote,4,5
2,vote,8,5
2,vote,5,10
2,vote,6,8
2,vote,11,12
2,vote,12,5
2,vote,9,5
2,divine,4,8,Human
2,attackVote,5,4
2,attackVote,6,8
2,execute,5,werewolf
2,attack,8,true
3,status,1,villager,dead,SamplePlayer
3,status,2,bodyguard,dead,SamplePlayer
3,status,3,villager,alive,SamplePlayer
3,status,4,seer,alive,SamplePlayer
3,status,5,werewolf,dead,SamplePlayer
3,status,6,werewolf,alive,SamplePlayer
3,status,7,medium,dead,SamplePlayer
3,status,8,villager,dead,SamplePlayer
3,status,9,villager,alive,SamplePlayer
3,status,10,villager,dead,SamplePlayer
3,status,11,possessed,alive,SamplePlayer
3,status,12,villager,alive,SamplePlayer
3,talk,0,11,3 werewolf
3,talk,1,12,11 werewolf
3,talk,2,4,( 6 werewolf ) and ( 8 inspected HUMAN ) 
3,talk,3,9,6 werewolf
3,talk,4,6,( 8 werewolf ) and ( 6 comingout medium ) and ( 8 medium_telled werewolf ) and ( 8 medium_telled HUMAN ) and ( 11 medium_telled werewolf ) 
3,talk,5,3,9 werewolf
3,whisper,0,6,Over
3,talk,6,3,Over
3,talk,7,4,Over
3,talk,8,12,4 werewolf
3,talk,9,11,Over
3,talk,10,6,Over
3,talk,11,9,Over
3,whisper,1,6,Over
3,talk,12,12,Over
3,talk,13,3,Over
3,talk,14,4,Over
3,talk,15,11,Over
3,talk,16,9,Over
3,talk,17,6,Over
3,whisper,2,6,Over
3,vote,3,9
3,vote,4,6
3,vote,6,8
3,vote,11,3
3,vote,12,4
3,vote,9,6
3,divine,4,9,Human
3,attackVote,6,4
3,execute,6,werewolf
4,status,1,villager,dead,SamplePlayer
4,status,2,bodyguard,dead,SamplePlayer
4,status,3,villager,alive,SamplePlayer
4,status,4,seer,alive,SamplePlayer
4,status,5,werewolf,dead,SamplePlayer
4,status,6,werewolf,dead,SamplePlayer
4,status,7,medium,dead,SamplePlayer
4,status,8,villager,dead,SamplePlayer
4,status,9,villager,alive,SamplePlayer
4,status,10,villager,dead,SamplePlayer
4,status,11,possessed,alive,SamplePlayer
4,status,12,villager,alive,SamplePlayer
4,result,5,0,villager
