0,status,1,possessed,alive,SamplePlayer
0,status,2,werewolf,alive,SamplePlayer
0,status,3,villager,alive,SamplePlayer
0,status,4,villager,alive,SamplePlayer
0,status,5,villager,alive,SamplePlayer
0,status,6,medium,alive,SamplePlayer
0,status,7,werewolf,alive,SamplePlayer
0,status,8,villager,alive,SamplePlayer
0,status,9,bodyguard,alive,SamplePlayer
0,status,10,villager,alive,SamplePlayer
0,status,11,villager,alive,SamplePlayer
0,status,12,seer,alive,SamplePlayer
0,talk,0,8,3 werewolf
0,talk,1,4,11 werewolf
0,talk,2,7,10 werewolf
0,talk,3,2,10 werewolf
0,talk,4,11,8 werewolf
0,talk,5,12,8 werewolf
0,talk,6,10,3 werewolf
0,talk,7,6,2 werewolf
0,talk,8,9,1 werewolf
0,talk,9,5,10 werewolf
0,talk,10,1,5 werewolf
0,talk,11,3,10 werewolf
0,whisper,0,2,Over
0,whisper,1,7,Over
0,talk,12,5,Over
0,talk,13,9,Over
0,talk,14,11,Over
0,talk,15,4,Over
0,talk,16,6,Over
0,talk,17,12,Over
0,talk,18,8,Over
0,talk,19,1,Over
0,talk,20,3,Over
0,talk,21,10,Over
0,talk,22,7,Over
0,talk,23,2,Over
0,whisper,2,2,Over
0,whisper,3,7,Over
0,vote,3,10
0,vote,4,11
0,vote,1,5
0,vote,2,10
0,vote,7,10
0,vote,8,3
0,vote,5,10
0,vote,6,2
0,vote,11,8
0,vote,12,8
0,vote,9,1
0,vote,10,3
0,divine,12,7,Werewolf
0,guard,9,1,possessed
0,attackVote,2,6
0,attackVote,7,10
0,execute,10,villager
0,attack,6,true
1,status,1,possessed,alive,SamplePlayer
1,status,2,werewolf,alive,SamplePlayer
1,status,3,villager,alive,SamplePlayer
1,status,4,villager,alive,SamplePlayer
1,status,5,villager,alive,SamplePlayer
1,status,6,medium,dead,SamplePlayer
1,status,7,werewolf,alive,SamplePlayer
1,status,8,villager,alive,SamplePlayer
1,status,9,bodyguard,alive,SamplePlayer
1,status,10,villager,dead,SamplePlayer
1,status,11,villager,alive,SamplePlayer
1,status,12,seer,alive,SamplePlayer
1,talk,0,5,9 werewolf
1,talk,1,11,7 werewolf
1,talk,2,4,3 werewolf
1,talk,3,8,1 werewolf
1,talk,4,3,9 werewolf
1,talk,5,9,11 werewolf
1,talk,6,7,8 werewolf
1,talk,7,12,7 werewolf
1,talk,8,2,( 5 werewolf ) and ( 2 comingout seer ) and ( 5 inspected werewolf ) 
1,talk,9,1,( 12 werewolf ) and ( 1 comingout medium ) and ( 6 medium_telled HUMAN ) 
1,whisper,0,7,Over
1,whisper,1,2,Over
1,talk,10,2,Over
1,talk,11,12,Over
1,talk,12,4,5 werewolf
1,talk,13,9,5 werewolf
1,talk,14,3,5 werewolf
1,talk,15,7,Over
1,talk,16,8,5 werewolf
1,talk,17,1,Over
1,talk,18,5,4 werewolf
1,talk,19,11,5 werewolf
1,whisper,2,7,Over
1,whisper,3,2,Over
1,talk,20,9,Over
1,talk,21,1,Over
1,talk,22,3,Over
1,talk,23,2,Over
1,talk,24,7,Over
1,talk,25,11,Over
1,talk,26,8,Over
1,talk,27,4,Over
1,talk,28,5,Over
1,talk,29,12,Over
1,whisper,4,2,Over
1,whisper,5,7,Over
1,vote,3,5
1,vote,4,5
1,vote,1,12
1,vote,2,5
1,vote,7,8
1,vote,8,5
1,vote,5,4
1,vote,11,5
1,vote,12,7
1,vote,9,5
1,divine,12,4,Human
1,guard,9,1,possessed
1,attackVote,2,1
1,attackVote,7,1
1,execute,5,villager
1,attack,1,false
2,status,1,possessed,alive,SamplePlayer
2,status,2,werewolf,alive,SamplePlayer
2,status,3,villager,alive,SamplePlayer
2,status,4,villager,alive,SamplePlayer
2,status,5,villager,dead,SamplePlayer
2,status,6,medium,dead,SamplePlayer
2,status,7,werewolf,alive,SamplePlayer
2,status,8,villager,alive,SamplePlayer
2,status,9,bodyguard,alive,SamplePlayer
2,status,10,villager,dead,SamplePlayer
2,status,11,villager,alive,SamplePlayer
2,status,12,seer,alive,SamplePlayer
2,talk,0,1,( 8 werewolf ) and ( 7 medium_telled werewolf ) 
2,talk,1,4,8 werewolf
2,talk,2,9,3 werewolf
2,talk,3,7,7 werewolf
2,talk,4,8,3 werewolf
2,talk,5,3,7 werewolf
2,talk,6,11,4 werewolf
2,talk,7,2,( 5 werewolf ) and ( 8 inspected HUMAN ) 
2,talk,8,12,( 7 werewolf ) and ( 12 comingout seer ) and ( 7 inspected werewolf ) and ( 4 inspected HUMAN ) 
2,whisper,0,2,Over
2,whisper,1,7,Over
2,talk,9,3,Over
2,talk,10,4,Over
2,talk,11,11,Over
2,talk,12,1,Over
2,talk,13,9,7 werewolf
2,talk,14,8,7 werewolf
2,talk,15,2,Over
2,talk,16,12,Over
2,talk,17,7,Over
2,whisper,2,2,Over
2,whisper,3,7,Over
2,talk,18,11,Over
2,talk,19,4,Over
2,talk,20,12,Over
2,talk,21,9,Over
2,talk,22,7,Over
2,talk,23,1,Over
2,talk,24,2,Over
2,talk,25,3,Over
2,talk,26,8,Over
2,whisper,4,7,Over
2,whisper,5,2,Over
2,vote,3,7
2,vote,4,8
2,vote,1,8
2,vote,2,5
2,vote,7,7
2,vote,8,7
2,vote,11,4
2,vote,12,7
2,vote,9,7
2,divine,12,7,Werewolf
2,guard,9,8,villager
2,attackVote,2,12
2,attackVote,7,12
2,execute,7,werewolf
2,attack,12,true
3,status,1,possessed,alive,SamplePlayer
3,status,2,werewolf,alive,SamplePlayer
3,status,3,villager,alive,SamplePlayer
3,status,4,villager,alive,SamplePlayer
3,status,5,villager,dead,SamplePlayer
3,status,6,medium,dead,SamplePlayer
3,status,7,werewolf,dead,SamplePlayer
3,status,8,villager,alive,SamplePlayer
3,status,9,bodyguard,alive,SamplePlayer
3,status,10,villager,dead,SamplePlayer
3,status,11,villager,alive,SamplePlayer
3,status,12,seer,dead,SamplePlayer
3,talk,0,8,3 werewolf
3,talk,1,9,3 werewolf
3,talk,2,4,11 werewolf
3,talk,3,2,( 5 werewolf ) and ( 9 inspected HUMAN ) 
3,talk,4,3,4 werewolf
3,talk,5,1,( 7 werewolf ) and ( 3 medium_telled HUMAN ) 
3,talk,6,11,4 werewolf
3,whisper,0,2,Over
3,talk,7,8,Over
3,talk,8,4,Over
3,talk,9,1,Over
3,talk,10,11,Over
3,talk,11,3,Over
3,talk,12,2,Over
3,talk,13,9,4 werewolf
3,whisper,1,2,Over
3,talk,14,8,Over
3,talk,15,1,Over
3,talk,16,11,Over
3,talk,17,9,Over
3,talk,18,2,Over
3,talk,19,4,Over
3,talk,20,3,Over
3,whisper,2,2,Over
3,vote,3,4
3,vote,4,11
3,vote,1,7
3,vote,2,5
3,vote,8,3
3,vote,11,4
3,vote,9,4
3,guard,9,1,possessed
3,attackVote,2,1
3,execute,4,villager
3,attack,1,false
4,status,1,possessed,alive,SamplePlayer
4,status,2,werewolf,alive,SamplePlayer
4,status,3,villager,alive,SamplePlayer
4,status,4,villager,dead,SamplePlayer
4,status,5,villager,dead,SamplePlayer
4,status,6,medium,dead,SamplePlayer
4,status,7,werewolf,dead,SamplePlayer
4,status,8,villager,alive,SamplePlayer
4,status,9,bodyguard,alive,SamplePlayer
4,status,10,villager,dead,SamplePlayer
4,status,11,villager,alive,SamplePlayer
4,status,12,seer,dead,SamplePlayer
4,talk,0,2,( 5 werewolf ) and ( 8 inspected werewolf ) 
4,talk,1,11,8 werewolf
4,talk,2,3,8 werewolf
4,talk,3,8,9 werewolf
4,talk,4,9,8 werewolf
4,talk,5,1,( 7 werewolf ) and ( 9 medium_telled werewolf ) 
4,whisper,0,2,Over
4,talk,6,8,Over
4,talk,7,3,Over
4,talk,8,9,Over
4,talk,9,11,Over
4,talk,10,1,Over
4,talk,11,2,Over
4,whisper,1,2,Over
4,vote,3,8
4,vote,1,7
4,vote,2,5
4,vote,8,9
4,vote,11,8
4,vote,9,8
4,guard,9,1,possessed
4,attackVote,2,8
4,execute,8,villager
4,attack,8,true
5,status,1,possessed,alive,SamplePlayer
5,status,2,werewolf,alive,SamplePlayer
5,status,3,villager,alive,SamplePlayer
5,status,4,villager,dead,SamplePlayer
5,status,5,villager,dead,SamplePlayer
5,status,6,medium,dead,SamplePlayer
5,status,7,werewolf,dead,SamplePlayer
5,status,8,villager,dead,SamplePlayer
5,status,9,bodyguard,alive,SamplePlayer
5,status,10,villager,dead,SamplePlayer
5,status,11,villager,alive,SamplePlayer
5,status,12,seer,dead,SamplePlayer
5,talk,0,11,9 werewolf
5,talk,1,3,11 werewolf
5,talk,2,9,2 werewolf
5,talk,3,2,( 5 werewolf ) and ( 9 inspected HUMAN ) 
5,talk,4,1,( 9 werewolf ) and ( 2 medium_telled werewolf ) 
5,whisper,0,2,Over
5,talk,5,1,Over
5,talk,6,11,Over
5,talk,7,9,11 werewolf
5,talk,8,2,Over
5,talk,9,3,2 werewolf
5,whisper,1,2,Over
5,talk,10,3,Over
5,talk,11,9,Over
5,talk,12,11,Over
5,talk,13,1,Over
5,talk,14,2,Over
5,whisper,2,2,Over
5,vote,3,2
5,vote,1,9
5,vote,2,5
5,vote,11,9
5,vote,9,11
5,guard,9,2,werewolf
5,attackVote,2,3
5,execute,9,bodyguard
5,attack,3,true
6,status,1,possessed,alive,SamplePlayer
6,status,2,werewolf,alive,SamplePlayer
6,status,3,villager,dead,SamplePlayer
6,status,4,villager,dead,SamplePlayer
6,status,5,villager,dead,SamplePlayer
6,status,6,medium,dead,SamplePlayer
6,status,7,werewolf,dead,SamplePlayer
6,status,8,villager,dead,SamplePlayer
6,status,9,bodyguard,dead,SamplePlayer
6,status,10,villager,dead,SamplePlayer
6,status,11,villager,alive,SamplePlayer
6,status,12,seer,dead,SamplePlayer
6,talk,0,1,( 2 werewolf ) and ( 2 medium_telled werewolf ) 
6,talk,1,2,( 5 werewolf ) and ( 11 inspected HUMAN ) 
6,talk,2,11,1 werewolf
6,whisper,0,2,Over
6,talk,3,1,Over
6,talk,4,11,Over
6,talk,5,2,Over
6,whisper,1,2,Over
6,vote,1,2
6,vote,2,5
6,vote,11,1
6,attackVote,2,11
6,execute,2,werewolf
7,status,1,possessed,alive,SamplePlayer
7,status,2,werewolf,dead,SamplePlayer
7,status,3,villager,dead,SamplePlayer
7,status,4,villager,dead,SamplePlayer
7,status,5,villager,dead,SamplePlayer
7,status,6,medium,dead,SamplePlayer
7,status,7,werewolf,dead,SamplePlayer
7,status,8,villager,dead,SamplePlayer
7,status,9,bodyguard,dead,SamplePlayer
7,status,10,villager,dead,SamplePlayer
7,status,11,villager,alive,SamplePlayer
7,status,12,seer,dead,SamplePlayer
7,result,2,0,villager
