0,status,1,villager,alive,SamplePlayer
0,status,2,villager,alive,SamplePlayer
0,status,3,villager,alive,SamplePlayer
0,status,4,werewolf,alive,SamplePlayer
0,status,5,bodyguard,alive,SamplePlayer
0,status,6,villager,alive,SamplePlayer
0,status,7,villager,alive,SamplePlayer
0,status,8,seer,alive,SamplePlayer
0,status,9,werewolf,alive,SamplePlayer
0,status,10,medium,alive,SamplePlayer
0,status,11,possessed,alive,SamplePlayer
0,status,12,villager,alive,SamplePlayer
0,talk,0,5,3 werewolf
0,talk,1,2,12 werewolf
0,talk,2,7,10 werewolf
0,talk,3,1,6 werewolf
0,talk,4,8,4 werewolf
0,talk,5,3,5 werewolf
0,talk,6,6,2 werewolf
0,talk,7,11,6 werewolf
0,talk,8,9,4 werewolf
0,talk,9,12,6 werewolf
0,talk,10,4,3 werewolf
0,talk,11,10,8 werewolf
0,whisper,0,4,Over
0,whisper,1,9,Over
0,talk,12,12,Over
0,talk,13,3,Over
0,talk,14,8,Over
0,talk,15,5,Over
0,talk,16,4,Over
0,talk,17,1,Over
0,talk,18,11,Over
0,talk,19,9,Over
0,talk,20,10,Over
0,talk,21,7,Over
0,talk,22,2,Over
0,talk,23,6,Over
0,whisper,2,4,Over
0,whisper,3,9,Over
0,vote,3,5
0,vote,4,3
0,vote,1,6
0,vote,2,12
0,vote,7,10
0,vote,8,4
0,vote,5,3
0,vote,6,2
0,vote,11,6
0,vote,12,6
0,vote,9,4
0,vote,10,8
0,divine,8,4,Werewolf
0,guard,5,4,werewolf
0,attackVote,4,2
0,attackVote,9,11
0,execute,6,villager
0,attack,2,true
1,status,1,villager,alive,SamplePlayer
1,status,2,villager,dead,SamplePlayer
1,status,3,villager,alive,SamplePlayer
1,status,4,werewolf,alive,SamplePlayer
1,status,5,bodyguard,alive,SamplePlayer
1,status,6,villager,dead,SamplePlayer
1,status,7,villager,alive,SamplePlayer
1,status,8,seer,alive,SamplePlayer
1,status,9,werewolf,alive,SamplePlayer
1,status,10,medium,alive,SamplePlayer
1,status,11,possessed,alive,SamplePlayer
1,status,12,villager,alive,SamplePlayer
1,talk,0,11,11 werewolf
1,talk,1,1,4 werewolf
1,talk,2,3,9 werewolf
1,talk,3,4,5 werewolf
1,talk,4,5,11 werewolf
1,talk,5,10,( 3 werewolf ) and ( 10 comingout medium ) and ( 6 medium_telled HUMAN ) 
1,talk,6,7,11 werewolf
1,talk,7,12,4 werewolf
1,talk,8,8,4 werewolf
1,talk,9,9,6 werewolf
1,whisper,0,9,Over
1,whisper,1,4,Over
1,talk,10,7,Over
1,talk,11,8,Over
1,talk,12,11,Over
1,talk,13,12,Over
1,talk,14,5,Over
1,talk,15,3,Over
1,talk,16,9,Over
1,talk,17,1,Over
1,talk,18,10,Over
1,talk,19,4,Over
1,whisper,2,9,Over
1,whisper,3,4,Over
1,vote,3,9
1,vote,4,5
1,vote,1,4
1,vote,7,11
1,vote,8,4
1,vote,5,11
1,vote,11,11
1,vote,12,4
1,vote,9,6
1,vote,10,3
1,divine,8,1,Human
1,guard,5,10,medium
1,attackVote,4,10
1,attackVote,9,10
1,execute,4,werewolf
1,attack,10,false
2,status,1,villager,alive,SamplePlayer
2,status,2,villager,dead,SamplePlayer
2,status,3,villager,alive,SamplePlayer
2,status,4,werewolf,dead,SamplePlayer
2,status,5,bodyguard,alive,SamplePlayer
2,status,6,villager,dead,SamplePlayer
2,status,7,villager,alive,SamplePlayer
2,status,8,seer,alive,SamplePlayer
2,status,9,werewolf,alive,SamplePlayer
2,status,10,medium,alive,SamplePlayer
2,status,11,possessed,alive,SamplePlayer
2,status,12,villager,alive,SamplePlayer
2,talk,0,9,6 werewolf
2,talk,1,10,( 7 werewolf ) and ( 4 medium_telled werewolf ) 
2,talk,2,7,10 werewolf
2,talk,3,12,5 werewolf
2,talk,4,1,5 werewolf
2,talk,5,8,( 12 werewolf ) and ( 8 comingout seer ) and ( 4 inspected werewolf ) and ( 1 inspected HUMAN ) 
2,talk,6,11,7 werewolf
2,talk,7,5,1 werewolf
2,talk,8,3,10 werewolf
2,whisper,0,9,Over
2,talk,9,10,12 werewolf
2,talk,10,7,3 werewolf
2,talk,11,1,12 werewolf
2,talk,12,12,8 werewolf
2,talk,13,3,Over
2,talk,14,11,Over
2,talk,15,9,Over
2,talk,16,5,Over
2,talk,17,8,Over
2,whisper,1,9,Over
2,talk,18,8,Over
2,talk,19,3,Over
2,talk,20,11,Over
2,talk,21,10,Over
2,talk,22,1,Over
2,talk,23,12,Over
2,talk,24,9,Over
2,talk,25,5,Over
2,talk,26,7,Over
2,whisper,2,9,Over
2,vote,3,10
2,vote,1,12
2,vote,7,3
2,vote,8,12
2,vote,5,1
2,vote,11,7
2,vote,12,8
2,vote,9,6
2,vote,10,12
2,divine,8,12,Human
2,guard,5,8,seer
2,attackVote,9,8
2,execute,12,villager
2,attack,8,false
3,status,1,villager,alive,SamplePlayer
3,status,2,villager,dead,SamplePlayer
3,status,3,villager,alive,SamplePlayer
3,status,4,werewolf,dead,SamplePlayer
3,status,5,bodyguard,alive,SamplePlayer
3,status,6,villager,dead,SamplePlayer
3,status,7,villager,alive,SamplePlayer
3,status,8,seer,alive,SamplePlayer
3,status,9,werewolf,alive,SamplePlayer
3,status,10,medium,alive,SamplePlayer
3,status,11,possessed,alive,SamplePlayer
3,status,12,villager,dead,SamplePlayer
3,talk,0,7,5 werewolf
3,talk,1,10,( 9 werewolf ) and ( 12 medium_telled HUMAN ) 
3,talk,2,8,( 10 werewolf ) and ( 12 inspected HUMAN ) 
3,talk,3,5,11 werewolf
3,talk,4,9,( 6 werewolf ) and ( 9 comingout seer ) and ( 6 inspected werewolf ) and ( 3 inspected HUMAN ) and ( 7 inspected HUMAN ) 
3,talk,5,11,5 werewolf
3,talk,6,3,7 werewolf
3,talk,7,1,9 werewolf
3,whisper,0,9,Over
3,talk,8,8,9 werewolf
3,talk,9,10,Over
3,talk,10,3,Over
3,talk,11,1,Over
3,talk,12,9,Over
3,talk,13,7,10 werewolf
3,talk,14,5,3 werewolf
3,talk,15,11,Over
3,whisper,1,9,Over
3,talk,16,11,Over
3,talk,17,7,Over
3,talk,18,1,Over
3,talk,19,10,Over
3,talk,20,3,Over
3,talk,21,5,Over
3,talk,22,9,Over
3,talk,23,8,Over
3,whisper,2,9,Over
3,vote,3,7
3,vote,1,9
3,vote,7,10
3,vote,8,9
3,vote,5,3
3,vote,11,5
3,vote,9,6
3,vote,10,9
3,divine,8,1,Human
3,guard,5,8,seer
3,attackVote,9,7
3,execute,9,werewolf
4,status,1,villager,alive,SamplePlayer
4,status,2,villager,dead,SamplePlayer
4,status,3,villager,alive,SamplePlayer
4,status,4,werewolf,dead,SamplePlayer
4,status,5,bodyguard,alive,SamplePlayer
4,status,6,villager,dead,SamplePlayer
4,status,7,villager,alive,SamplePlayer
4,status,8,seer,alive,SamplePlayer
4,status,9,werewolf,dead,SamplePlayer
4,status,10,medium,alive,SamplePlayer
4,status,11,possessed,alive,SamplePlayer
4,status,12,villager,dead,SamplePlayer
4,result,7,0,villager
