0,status,1,werewolf,alive,SamplePlayer
0,status,2,bodyguard,alive,SamplePlayer
0,status,3,villager,alive,SamplePlayer
0,status,4,seer,alive,SamplePlayer
0,status,5,villager,alive,SamplePlayer
0,status,6,villager,alive,SamplePlayer
0,status,7,villager,alive,SamplePlayer
0,status,8,werewolf,alive,SamplePlayer
0,status,9,villager,alive,SamplePlayer
0,status,10,villager,alive,SamplePlayer
0,status,11,possessed,alive,SamplePlayer
0,status,12,medium,alive,SamplePlayer
0,talk,0,7,9 werewolf
0,talk,1,10,1 werewolf
0,talk,2,12,11 werewolf
0,talk,3,5,6 werewolf
0,talk,4,1,3 werewolf
0,talk,5,6,2 werewolf
0,talk,6,11,9 werewolf
0,talk,7,8,6 werewolf
0,talk,8,4,11 werewolf
0,talk,9,2,5 werewolf
0,talk,10,3,1 werewolf
0,talk,11,9,12 werewolf
0,whisper,0,1,Over
0,whisper,1,8,Over
0,talk,12,7,Over
0,talk,13,11,Over
0,talk,14,2,Over
0,talk,15,3,Over
0,talk,16,8,Over
0,talk,17,10,Over
0,talk,18,4,Over
0,talk,19,5,Over
0,talk,20,6,Over
0,talk,21,1,Over
0,talk,22,9,Over
0,talk,23,12,Over
0,whisper,2,1,Over
0,whisper,3,8,Over
0,vote,3,1
0,vote,4,11
0,vote,1,3
0,vote,2,5
0,vote,7,9
0,vote,8,6
0,vote,5,6
0,vote,6,2
0,vote,11,9
0,vote,12,11
0,vote,9,12
0,vote,10,1
0,divine,4,1,Werewolf
0,guard,2,3,villager
0,attackVote,1,2
0,attackVote,8,4
0,execute,6,villager
0,attack,4,true
1,status,1,werewolf,alive,SamplePlayer
1,status,2,bodyguard,alive,SamplePlayer
1,status,3,villager,alive,SamplePlayer
1,status,4,seer,dead,SamplePlayer
1,status,5,villager,alive,SamplePlayer
1,status,6,villager,dead,SamplePlayer
1,status,7,villager,alive,SamplePlayer
1,status,8,werewolf,alive,SamplePlayer
1,status,9,villager,alive,SamplePlayer
1,status,10,villager,alive,SamplePlayer
1,status,11,possessed,alive,SamplePlayer
1,status,12,medium,alive,SamplePlayer
1,talk,0,3,10 werewolf
1,talk,1,12,( 9 werewolf ) and ( 12 comingout medium ) and ( 6 medium_telled HUMAN ) 
1,talk,2,5,9 werewolf
1,talk,3,8,12 werewolf
1,talk,4,1,6 werewolf
1,talk,5,11,9 werewolf
1,talk,6,7,1 werewolf
1,talk,7,9,11 werewolf
1,talk,8,10,12 werewolf
1,talk,9,2,12 werewolf
1,whisper,0,1,Over
1,whisper,1,8,Over
1,talk,10,11,Over
1,talk,11,10,Over
1,talk,12,8,Over
1,talk,13,7,Over
1,talk,14,9,Over
1,talk,15,1,Over
1,talk,16,2,Over
1,talk,17,5,Over
1,talk,18,3,Over
1,talk,19,12,Over
1,whisper,2,8,Over
1,whisper,3,1,Over
1,vote,3,10
1,vote,1,6
1,vote,2,12
1,vote,7,1
1,vote,8,12
1,vote,5,9
1,vote,11,9
1,vote,12,9
1,vote,9,11
1,vote,10,12
1,guard,2,12,medium
1,attackVote,1,12
1,attackVote,8,11
1,execute,12,medium
1,attack,12,false
2,status,1,werewolf,alive,SamplePlayer
2,status,2,bodyguard,alive,SamplePlayer
2,status,3,villager,alive,SamplePlayer
2,status,4,seer,dead,SamplePlayer
2,status,5,villager,alive,SamplePlayer
2,status,6,villager,dead,SamplePlayer
2,status,7,villager,alive,SamplePlayer
2,status,8,werewolf,alive,SamplePlayer
2,status,9,villager,alive,SamplePlayer
2,status,10,villager,alive,SamplePlayer
2,status,11,possessed,alive,SamplePlayer
2,status,12,medium,dead,SamplePlayer
2,talk,0,10,5 werewolf
2,talk,1,9,8 werewolf
2,talk,2,11,( 7 werewolf ) and ( 11 comingout seer ) and ( 6 inspected HUMAN ) and ( 2 inspected werewolf ) 
2,talk,3,1,6 werewolf
2,talk,4,5,2 werewolf
2,talk,5,2,10 werewolf
2,talk,6,3,2 werewolf
2,talk,7,7,2 werewolf
2,talk,8,8,( 9 werewolf ) and ( 8 comingout medium ) and ( 5 medium_telled HUMAN ) and ( 9 medium_telled werewolf ) 
2,whisper,0,1,Over
2,whisper,1,8,Over
2,talk,9,7,Over
2,talk,10,9,2 werewolf
2,talk,11,2,Over
2,talk,12,3,Over
2,talk,13,11,Over
2,talk,14,5,Over
2,talk,15,10,2 werewolf
2,talk,16,1,Over
2,talk,17,8,Over
2,whisper,2,8,Over
2,whisper,3,1,Over
2,talk,18,11,Over
2,talk,19,8,Over
2,talk,20,7,Over
2,talk,21,3,Over
2,talk,22,2,Over
2,talk,23,5,Over
2,talk,24,10,Over
2,talk,25,9,Over
2,talk,26,1,Over
2,whisper,4,1,Over
2,whisper,5,8,Over
2,vote,3,2
2,vote,1,6
2,vote,2,10
2,vote,7,2
2,vote,8,9
2,vote,5,2
2,vote,11,7
2,vote,9,2
2,vote,10,2
2,guard,2,11,possessed
2,attackVote,1,11
2,attackVote,8,11
2,execute,2,bodyguard
2,attack,11,false
3,status,1,werewolf,alive,SamplePlayer
3,status,2,bodyguard,dead,SamplePlayer
3,status,3,villager,alive,SamplePlayer
3,status,4,seer,dead,SamplePlayer
3,status,5,villager,alive,SamplePlayer
3,status,6,villager,dead,SamplePlayer
3,status,7,villager,alive,SamplePlayer
3,status,8,werewolf,alive,SamplePlayer
3,status,9,villager,alive,SamplePlayer
3,status,10,villager,alive,SamplePlayer
3,status,11,possessed,alive,SamplePlayer
3,status,12,medium,dead,SamplePlayer
3,talk,0,11,( 2 werewolf ) and ( 3 inspected HUMAN ) 
3,talk,1,10,11 werewolf
3,talk,2,8,( 9 werewolf ) and ( 11 medium_telled werewolf ) 
3,talk,3,9,1 werewolf
3,talk,4,3,7 werewolf
3,talk,5,7,9 werewolf
3,talk,6,1,( 9 werewolf ) and ( 1 comingout medium ) and ( 6 medium_telled werewolf ) and ( 9 medium_telled werewolf ) and ( 10 medium_telled werewolf ) 
3,talk,7,5,3 werewolf
3,whisper,0,1,Over
3,whisper,1,8,Over
3,talk,8,10,Over
3,talk,9,3,Over
3,talk,10,8,Over
3,talk,11,7,Over
3,talk,12,9,Over
3,talk,13,11,Over
3,talk,14,5,Over
3,talk,15,1,Over
3,whisper,2,1,Over
3,whisper,3,8,Over
3,vote,3,7
3,vote,1,9
3,vote,7,9
3,vote,8,9
3,vote,5,3
3,vote,11,2
3,vote,9,1
3,vote,10,11
3,attackVote,1,11
3,attackVote,8,11
3,execute,9,villager
3,attack,11,true
4,status,1,werewolf,alive,SamplePlayer
4,status,2,bodyguard,dead,SamplePlayer
4,status,3,villager,alive,SamplePlayer
4,status,4,seer,dead,SamplePlayer
4,status,5,villager,alive,SamplePlayer
4,status,6,villager,dead,SamplePlayer
4,status,7,villager,alive,SamplePlayer
4,status,8,werewolf,alive,SamplePlayer
4,status,9,villager,dead,SamplePlayer
4,status,10,villager,alive,SamplePlayer
4,status,11,possessed,dead,SamplePlayer
4,status,12,medium,dead,SamplePlayer
4,talk,0,10,7 werewolf
4,talk,1,7,5 werewolf
4,talk,2,3,8 werewolf
4,talk,3,1,( 6 werewolf ) and ( 7 medium_telled werewolf ) 
4,talk,4,5,1 werewolf
4,talk,5,8,( 11 werewolf ) and ( 10 medium_telled werewolf ) 
4,whisper,0,8,Over
4,whisper,1,1,Over
4,talk,6,8,Over
4,talk,7,10,Over
4,talk,8,3,Over
4,talk,9,1,Over
4,talk,10,5,Over
4,talk,11,7,Over
4,whisper,2,8,Over
4,whisper,3,1,Over
4,vote,3,8
4,vote,1,6
4,vote,7,5
4,vote,8,11
4,vote,5,1
4,vote,10,7
4,attackVote,1,5
4,attackVote,8,10
4,execute,5,villager
4,attack,5,true
5,status,1,werewolf,alive,SamplePlayer
5,status,2,bodyguard,dead,SamplePlayer
5,status,3,villager,alive,SamplePlayer
5,status,4,seer,dead,SamplePlayer
5,status,5,villager,dead,SamplePlayer
5,status,6,villager,dead,SamplePlayer
5,status,7,villager,alive,SamplePlayer
5,status,8,werewolf,alive,SamplePlayer
5,status,9,villager,dead,SamplePlayer
5,status,10,villager,alive,SamplePlayer
5,status,11,possessed,dead,SamplePlayer
5,status,12,medium,dead,SamplePlayer
5,talk,0,3,1 werewolf
5,talk,1,7,3 werewolf
5,talk,2,1,( 7 werewolf ) and ( 7 medium_telled HUMAN ) 
5,talk,3,10,7 werewolf
5,talk,4,8,( 11 werewolf ) and ( 10 medium_telled werewolf ) 
5,whisper,0,1,Over
5,whisper,1,8,Over
5,talk,5,7,Over
5,talk,6,1,Over
5,talk,7,3,Over
5,talk,8,8,Over
5,talk,9,10,Over
5,whisper,2,8,Over
5,whisper,3,1,Over
5,vote,3,1
5,vote,1,7
5,vote,7,3
5,vote,8,11
5,vote,10,7
5,attackVote,1,7
5,attackVote,8,3
5,execute,7,villager
5,attack,3,true
6,status,1,werewolf,alive,SamplePlayer
6,status,2,bodyguard,dead,SamplePlayer
6,status,3,villager,dead,SamplePlayer
6,status,4,seer,dead,SamplePlayer
6,status,5,villager,dead,SamplePlayer
6,status,6,villager,dead,SamplePlayer
6,status,7,villager,dead,SamplePlayer
6,status,8,werewolf,alive,SamplePlayer
6,status,9,villager,dead,SamplePlayer
6,status,10,villager,alive,SamplePlayer
6,status,11,possessed,dead,SamplePlayer
6,status,12,medium,dead,SamplePlayer
6,result,1,2,werewolf
