0,status,1,villager,alive,SamplePlayer
0,status,2,seer,alive,SamplePlayer
0,status,3,villager,alive,SamplePlayer
0,status,4,werewolf,alive,SamplePlayer
0,status,5,villager,alive,SamplePlayer
0,status,6,werewolf,alive,SamplePlayer
0,status,7,bodyguard,alive,SamplePlayer
0,status,8,medium,alive,SamplePlayer
0,status,9,villager,alive,SamplePlayer
0,status,10,villager,alive,SamplePlayer
0,status,11,possessed,alive,SamplePlayer
0,status,12,villager,alive,SamplePlayer
0,talk,0,10,12 werewolf
0,talk,1,4,12 werewolf
0,talk,2,12,6 werewolf
0,talk,3,3,2 werewolf
0,talk,4,7,12 werewolf
0,talk,5,5,3 werewolf
0,talk,6,1,8 werewolf
0,talk,7,2,9 werewolf
0,talk,8,9,8 werewolf
0,talk,9,8,1 werewolf
0,talk,10,11,10 werewolf
0,talk,11,6,9 werewolf
0,whisper,0,6,Over
0,whisper,1,4,Over
0,talk,12,3,Over
0,talk,13,1,Over
0,talk,14,12,Over
0,talk,15,6,Over
0,talk,16,2,Over
0,talk,17,8,Over
0,talk,18,7,Over
0,talk,19,11,Over
0,talk,20,4,Over
0,talk,21,10,Over
0,talk,22,5,Over
0,talk,23,9,Over
0,whisper,2,4,Over
0,whisper,3,6,Over
0,vote,3,2
0,vote,4,12
0,vote,1,8
0,vote,2,9
0,vote,7,12
0,vote,8,1
0,vote,5,3
0,vote,6,9
0,vote,11,10
0,vote,12,6
0,vote,9,8
0,vote,10,12
0,divine,2,10,Human
0,guard,7,9,villager
0,attackVote,4,1
0,attackVote,6,8
0,execute,12,villager
0,attack,8,true
1,status,1,villager,alive,SamplePlayer
1,status,2,seer,alive,SamplePlayer
1,status,3,villager,alive,SamplePlayer
1,status,4,werewolf,alive,SamplePlayer
1,status,5,villager,alive,SamplePlayer
1,status,6,werewolf,alive,SamplePlayer
1,status,7,bodyguard,alive,SamplePlayer
1,status,8,medium,dead,SamplePlayer
1,status,9,villager,alive,SamplePlayer
1,status,10,villager,alive,SamplePlayer
1,status,11,possessed,alive,SamplePlayer
1,status,12,villager,dead,SamplePlayer
1,talk,0,6,( 1 werewolf ) and ( 6 comingout medium ) and ( 1 medium_telled werewolf ) 
1,talk,1,10,2 werewolf
1,talk,2,11,9 werewolf
1,talk,3,1,6 werewolf
1,talk,4,7,9 werewolf
1,talk,5,5,4 werewolf
1,talk,6,3,4 werewolf
1,talk,7,9,4 werewolf
1,talk,8,2,9 werewolf
1,talk,9,4,10 werewolf
1,whisper,0,6,Over
1,whisper,1,4,Over
1,talk,10,9,Over
1,talk,11,4,Over
1,talk,12,3,Over
1,talk,13,10,Over
1,talk,14,2,Over
1,talk,15,1,Over
1,talk,16,11,Over
1,talk,17,5,Over
1,talk,18,7,Over
1,talk,19,6,Over
1,whisper,2,4,Over
1,whisper,3,6,Over
1,vote,3,4
1,vote,4,10
1,vote,1,6
1,vote,2,9
1,vote,7,9
1,vote,5,4
1,vote,6,1
1,vote,11,9
1,vote,9,4
1,vote,10,2
1,divine,2,4,Werewolf
1,guard,7,6,werewolf
1,attackVote,4,3
1,attackVote,6,10
1,execute,9,villager
1,attack,3,true
2,status,1,villager,alive,SamplePlayer
2,status,2,seer,alive,SamplePlayer
2,status,3,villager,dead,SamplePlayer
2,status,4,werewolf,alive,SamplePlayer
2,status,5,villager,alive,SamplePlayer
2,status,6,werewolf,alive,SamplePlayer
2,status,7,bodyguard,alive,SamplePlayer
2,status,8,medium,dead,SamplePlayer
2,status,9,villager,dead,SamplePlayer
2,status,10,villager,alive,SamplePlayer
2,status,11,possessed,alive,SamplePlayer
2,status,12,villager,dead,SamplePlayer
2,talk,0,6,( 1 werewolf ) and ( 7 medium_telled HUMAN ) 
2,talk,1,5,6 werewolf
2,talk,2,10,2 werewolf
2,talk,3,7,11 werewolf
2,talk,4,11,9 werewolf
2,talk,5,2,( 4 werewolf ) and ( 2 comingout seer ) and ( 10 inspected HUMAN ) and ( 4 inspected werewolf ) 
2,talk,6,1,4 werewolf
2,talk,7,4,10 werewolf
2,whisper,0,4,Over
2,whisper,1,6,Over
2,talk,8,2,Over
2,talk,9,1,Over
2,talk,10,5,4 werewolf
2,talk,11,7,4 werewolf
2,talk,12,4,Over
2,talk,13,6,Over
2,talk,14,11,Over
2,talk,15,10,4 werewolf
2,whisper,2,6,Over
2,whisper,3,4,Over
2,talk,16,6,Over
2,talk,17,1,Over
2,talk,18,10,Over
2,talk,19,2,Over
2,talk,20,7,Over
2,talk,21,4,Over
2,talk,22,11,Over
2,talk,23,5,Over
2,whisper,4,4,Over
2,whisper,5,6,Over
2,vote,4,10
2,vote,1,4
2,vote,2,4
2,vote,7,4
2,vote,5,4
2,vote,6,1
2,vote,11,9
2,vote,10,4
2,divine,2,5,Human
2,guard,7,2,seer
2,attackVote,4,2
2,attackVote,6,2
2,execute,4,werewolf
2,attack,2,false
3,status,1,villager,alive,SamplePlayer
3,status,2,seer,alive,SamplePlayer
3,status,3,villager,dead,SamplePlayer
3,status,4,werewolf,dead,SamplePlayer
3,status,5,villager,alive,SamplePlayer
3,status,6,werewolf,alive,SamplePlayer
3,status,7,bodyguard,alive,SamplePlayer
3,status,8,medium,dead,SamplePlayer
3,status,9,villager,dead,SamplePlayer
3,status,10,villager,alive,SamplePlayer
3,status,11,possessed,alive,SamplePlayer
3,status,12,villager,dead,SamplePlayer
3,talk,0,10,11 werewolf
3,talk,1,1,6 werewolf
3,talk,2,7,2 werewolf
3,talk,3,5,10 werewolf
3,talk,4,11,( 2 werewolf ) and ( 11 comingout seer ) and ( 9 inspected werewolf ) and ( 7 inspected HUMAN ) and ( 1 inspected HUMAN ) 
3,talk,5,2,( 11 werewolf ) and ( 5 inspected HUMAN ) 
3,talk,6,6,( 1 werewolf ) and ( 10 medium_telled HUMAN ) 
3,whisper,0,6,Over
3,talk,7,1,2 werewolf
3,talk,8,5,Over
3,talk,9,6,Over
3,talk,10,11,Over
3,talk,11,2,Over
3,talk,12,10,2 werewolf
3,talk,13,7,1 werewolf
3,whisper,1,6,Over
3,talk,14,7,Over
3,talk,15,10,Over
3,talk,16,1,Over
3,talk,17,2,Over
3,talk,18,11,Over
3,talk,19,6,Over
3,talk,20,5,Over
3,whisper,2,6,Over
3,vote,1,2
3,vote,2,11
3,vote,7,1
3,vote,5,10
3,vote,6,1
3,vote,11,2
3,vote,10,2
3,divine,2,1,Human
3,guard,7,2,seer
3,attackVote,6,2
3,execute,2,seer
3,attack,2,false
4,status,1,villager,alive,SamplePlayer
4,status,2,seer,dead,SamplePlayer
4,status,3,villager,dead,SamplePlayer
4,status,4,werewolf,dead,SamplePlayer
4,status,5,villager,alive,SamplePlayer
4,status,6,werewolf,alive,SamplePlayer
4,status,7,bodyguard,alive,SamplePlayer
4,status,8,medium,dead,SamplePlayer
4,status,9,villager,dead,SamplePlayer
4,status,10,villager,alive,SamplePlayer
4,status,11,possessed,alive,SamplePlayer
4,status,12,villager,dead,SamplePlayer
4,talk,0,5,6 werewolf
4,talk,1,7,1 werewolf
4,talk,2,11,( 9 werewolf ) and ( 7 inspected werewolf ) 
4,talk,3,6,( 1 werewolf ) and ( 10 medium_telled HUMAN ) 
4,talk,4,10,1 werewolf
4,talk,5,1,5 werewolf
4,whisper,0,6,Over
4,talk,6,10,Over
4,talk,7,6,Over
4,talk,8,1,Over
4,talk,9,5,7 werewolf
4,talk,10,11,Over
4,talk,11,7,Over
4,whisper,1,6,Over
4,talk,12,7,Over
4,talk,13,1,Over
4,talk,14,11,Over
4,talk,15,10,Over
4,talk,16,6,Over
4,talk,17,5,Over
4,whisper,2,6,Over
4,vote,1,5
4,vote,7,1
4,vote,5,7
4,vote,6,1
4,vote,11,9
4,vote,10,1
4,guard,7,11,possessed
4,attackVote,6,5
4,execute,1,villager
4,attack,5,true
5,status,1,villager,dead,SamplePlayer
5,status,2,seer,dead,SamplePlayer
5,status,3,villager,dead,SamplePlayer
5,status,4,werewolf,dead,SamplePlayer
5,status,5,villager,dead,SamplePlayer
5,status,6,werewolf,alive,SamplePlayer
5,status,7,bodyguard,alive,SamplePlayer
5,status,8,medium,dead,SamplePlayer
5,status,9,villager,dead,SamplePlayer
5,status,10,villager,alive,SamplePlayer
5,status,11,possessed,alive,SamplePlayer
5,status,12,villager,dead,SamplePlayer
5,talk,0,6,( 1 werewolf ) and ( 10 medium_telled werewolf ) 
5,talk,1,11,( 7 werewolf ) and ( 6 inspected HUMAN ) 
5,talk,2,7,10 werewolf
5,talk,3,10,7 werewolf
5,whisper,0,6,Over
5,talk,4,11,Over
5,talk,5,6,Over
5,talk,6,10,Over
5,talk,7,7,Over
5,whisper,1,6,Over
5,vote,7,10
5,vote,6,1
5,vote,11,7
5,vote,10,7
5,guard,7,6,werewolf
5,attackVote,6,7
5,execute,7,bodyguard
5,attack,7,true
6,status,1,villager,dead,SamplePlayer
6,status,2,seer,dead,SamplePlayer
6,status,3,villager,dead,SamplePlayer
6,status,4,werewolf,dead,SamplePlayer
6,status,5,villager,dead,SamplePlayer
6,status,6,werewolf,alive,SamplePlayer
6,status,7,bodyguard,dead,SamplePlayer
6,status,8,medium,dead,SamplePlayer
6,status,9,villager,dead,SamplePlayer
6,status,10,villager,alive,SamplePlayer
6,status,11,possessed,alive,SamplePlayer
6,status,12,villager,dead,SamplePlayer
6,talk,0,11,( 7 werewolf ) and ( 10 inspected HUMAN ) 
6,talk,1,10,6 werewolf
6,talk,2,6,( 1 werewolf ) and ( 11 medium_telled werewolf ) 
6,whisper,0,6,Over
6,talk,3,6,Over
6,talk,4,11,Over
6,talk,5,10,Over
6,whisper,1,6,Over
6,vote,6,1
6,vote,11,7
6,vote,10,6
6,attackVote,6,11
6,execute,6,werewolf
7,status,1,villager,dead,SamplePlayer
7,status,2,seer,dead,SamplePlayer
7,status,3,villager,dead,SamplePlayer
7,status,4,werewolf,dead,SamplePlayer
7,status,5,villager,dead,SamplePlayer
7,status,6,werewolf,dead,SamplePlayer
7,status,7,bodyguard,dead,SamplePlayer
7,status,8,medium,dead,SamplePlayer
7,status,9,villager,dead,SamplePlayer
7,status,10,villager,alive,SamplePlayer
7,status,11,possessed,alive,SamplePlayer
7,status,12,villager,dead,SamplePlayer
7,result,2,0,villager
