0,status,1,villager,alive,SamplePlayer
0,status,2,villager,alive,SamplePlayer
0,status,3,werewolf,alive,SamplePlayer
0,status,4,seer,alive,SamplePlayer
0,status,5,villager,alive,SamplePlayer
0,status,6,medium,alive,SamplePlayer
0,status,7,possessed,alive,SamplePlayer
0,status,8,bodyguard,alive,SamplePlayer
0,status,9,werewolf,alive,SamplePlayer
0,status,10,villager,alive,SamplePlayer
0,status,11,villager,alive,SamplePlayer
0,status,12,villager,alive,SamplePlayer
0,talk,0,11,1 werewolf
0,talk,1,3,6 werewolf
0,talk,2,7,4 werewolf
0,talk,3,4,8 werewolf
0,talk,4,5,11 werewolf
0,talk,5,2,10 werewolf
0,talk,6,9,7 werewolf
0,talk,7,8,7 werewolf
0,talk,8,12,9 werewolf
0,talk,9,10,9 werewolf
0,talk,10,1,8 werewolf
0,talk,11,6,2 werewolf
0,whisper,0,9,Over
0,whisper,1,3,Over
0,talk,12,6,Over
0,talk,13,9,Over
0,talk,14,1,Over
0,talk,15,10,Over
0,talk,16,4,Over
0,talk,17,12,Over
0,talk,18,2,Over
0,talk,19,11,Over
0,talk,20,5,Over
0,talk,21,7,Over
0,talk,22,3,Over
0,talk,23,8,Over
0,whisper,2,3,Over
0,whisper,3,9,Over
0,vote,3,6
0,vote,4,8
0,vote,1,8
0,vote,2,10
0,vote,7,4
0,vote,8,7
0,vote,5,11
0,vote,6,2
0,vote,11,1
0,vote,12,9
0,vote,9,7
0,vote,10,9
0,divine,4,8,Human
0,guard,8,9,werewolf
0,attackVote,3,1
0,attackVote,9,5
0,execute,9,werewolf
0,attack,5,true
1,status,1,villager,alive,SamplePlayer
1,status,2,villager,alive,SamplePlayer
1,status,3,werewolf,alive,SamplePlayer
1,status,4,seer,alive,SamplePlayer
1,status,5,villager,dead,SamplePlayer
1,status,6,medium,alive,SamplePlayer
1,status,7,possessed,alive,SamplePlayer
1,status,8,bodyguard,alive,SamplePlayer
1,status,9,werewolf,dead,SamplePlayer
1,status,10,villager,alive,SamplePlayer
1,status,11,villager,alive,SamplePlayer
1,status,12,villager,alive,SamplePlayer
1,talk,0,6,7 werewolf
1,talk,1,1,12 werewolf
1,talk,2,3,( 7 werewolf ) and ( 3 comingout seer ) and ( 7 inspected werewolf ) 
1,talk,3,12,7 werewolf
1,talk,4,4,3 werewolf
1,talk,5,10,7 werewolf
1,talk,6,7,10 werewolf
1,talk,7,8,7 werewolf
1,talk,8,2,7 werewolf
1,talk,9,11,7 werewolf
1,whisper,0,3,Over
1,talk,10,4,Over
1,talk,11,8,Over
1,talk,12,3,Over
1,talk,13,12,Over
1,talk,14,10,Over
1,talk,15,2,Over
1,talk,16,6,Over
1,talk,17,11,Over
1,talk,18,7,Over
1,talk,19,1,7 werewolf
1,whisper,1,3,Over
1,talk,20,7,Over
1,talk,21,1,Over
1,talk,22,12,Over
1,talk,23,10,Over
1,talk,24,3,Over
1,talk,25,8,Over
1,talk,26,4,Over
1,talk,27,6,Over
1,talk,28,2,Over
1,talk,29,11,Over
1,whisper,2,3,Over
1,vote,3,7
1,vote,4,3
1,vote,1,7
1,vote,2,7
1,vote,7,10
1,vote,8,7
1,vote,6,7
1,vote,11,7
1,vote,12,7
1,vote,10,7
1,divine,4,7,Human
1,guard,8,3,werewolf
1,attackVote,3,6
1,execute,7,possessed
1,attack,6,true
2,status,1,villager,alive,SamplePlayer
2,status,2,villager,alive,SamplePlayer
2,status,3,werewolf,alive,SamplePlayer
2,status,4,seer,alive,SamplePlayer
2,status,5,villager,dead,SamplePlayer
2,status,6,medium,dead,SamplePlayer
2,status,7,possessed,dead,SamplePlayer
2,status,8,bodyguard,alive,SamplePlayer
2,status,9,werewolf,dead,SamplePlayer
2,status,10,villager,alive,SamplePlayer
2,status,11,villager,alive,SamplePlayer
2,status,12,villager,alive,SamplePlayer
2,talk,0,4,3 werewolf
2,talk,1,11,1 werewolf
2,talk,2,10,4 werewolf
2,talk,3,8,1 werewolf
2,talk,4,12,8 werewolf
2,talk,5,1,4 werewolf
2,talk,6,3,( 7 werewolf ) and ( 12 inspected HUMAN ) 
2,talk,7,2,12 werewolf
2,whisper,0,3,Over
2,talk,8,11,3 werewolf
2,talk,9,2,Over
2,talk,10,12,Over
2,talk,11,3,Over
2,talk,12,8,4 werewolf
2,talk,13,4,Over
2,talk,14,10,2 werewolf
2,talk,15,1,3 werewolf
2,whisper,1,3,Over
2,talk,16,4,Over
2,talk,17,10,Over
2,talk,18,1,Over
2,talk,19,12,Over
2,talk,20,3,Over
2,talk,21,2,Over
2,talk,22,8,Over
2,talk,23,11,Over
2,whisper,2,3,Over
2,vote,3,7
2,vote,4,3
2,vote,1,3
2,vote,2,12
2,vote,8,4
2,vote,11,3
2,vote,12,8
2,vote,10,2
2,divine,4,11,Human
2,guard,8,3,werewolf
2,attackVote,3,4
2,execute,3,werewolf
3,status,1,villager,alive,SamplePlayer
3,status,2,villager,alive,SamplePlayer
3,status,3,werewolf,dead,SamplePlayer
3,status,4,seer,alive,SamplePlayer
3,status,5,villager,dead,SamplePlayer
3,status,6,medium,dead,SamplePlayer
3,status,7,possessed,dead,SamplePlayer
3,status,8,bodyguard,alive,SamplePlayer
3,status,9,werewolf,dead,SamplePlayer
3,status,10,villager,alive,SamplePlayer
3,status,11,villager,alive,SamplePlayer
3,status,12,villager,alive,SamplePlayer
3,result,7,0,villager
