0,status,1,villager,alive,SamplePlayer
0,status,2,villager,alive,SamplePlayer
0,status,3,villager,alive,SamplePlayer
0,status,4,seer,alive,SamplePlayer
0,status,5,werewolf,alive,SamplePlayer
0,status,6,possessed,alive,SamplePlayer
0,status,7,villager,alive,SamplePlayer
0,status,8,werewolf,alive,SamplePlayer
0,status,9,medium,alive,SamplePlayer
0,status,10,villager,alive,SamplePlayer
0,status,11,bodyguard,alive,SamplePlayer
0,status,12,villager,alive,SamplePlayer
0,talk,0,12,6 werewolf
0,talk,1,5,10 werewolf
0,talk,2,2,1 werewolf
0,talk,3,7,11 werewolf
0,talk,4,11,4 werewolf
0,talk,5,10,7 werewolf
0,talk,6,1,8 werewolf
0,talk,7,8,12 werewolf
0,talk,8,6,11 werewolf
0,talk,9,3,10 werewolf
0,talk,10,4,1 werewolf
0,talk,11,9,8 werewolf
0,whisper,0,5,Over
0,whisper,1,8,Over
0,talk,12,2,Over
0,talk,13,7,Over
0,talk,14,5,Over
0,talk,15,9,Over
0,talk,16,11,Over
0,talk,17,12,Over
0,talk,18,4,Over
0,talk,19,1,Over
0,talk,20,8,Over
0,talk,21,10,Over
0,talk,22,3,Over
0,talk,23,6,Over
0,whisper,2,8,Over
0,whisper,3,5,Over
0,vote,3,10
0,vote,4,1
0,vote,1,8
0,vote,2,1
0,vote,7,11
0,vote,8,12
0,vote,5,10
0,vote,6,11
0,vote,11,4
0,vote,12,6
0,vote,9,8
0,vote,10,7
0,divine,4,12,Human
0,guard,11,12,villager
0,attackVote,8,10
0,attackVote,5,9
0,execute,8,werewolf
0,attack,10,true
1,status,1,villager,alive,SamplePlayer
1,status,2,villager,alive,SamplePlayer
1,status,3,villager,alive,SamplePlayer
1,status,4,seer,alive,SamplePlayer
1,status,5,werewolf,alive,SamplePlayer
1,status,6,possessed,alive,SamplePlayer
1,status,7,villager,alive,SamplePlayer
1,status,8,werewolf,dead,SamplePlayer
1,status,9,medium,alive,SamplePlayer
1,status,10,villager,dead,SamplePlayer
1,status,11,bodyguard,alive,SamplePlayer
1,status,12,villager,alive,SamplePlayer
1,talk,0,7,1 werewolf
1,talk,1,9,1 werewolf
1,talk,2,2,1 werewolf
1,talk,3,1,3 werewolf
1,talk,4,12,11 werewolf
1,talk,5,5,9 werewolf
1,talk,6,6,4 werewolf
1,talk,7,11,1 werewolf
1,talk,8,3,11 werewolf
1,talk,9,4,5 werewolf
1,whisper,0,5,Over
1,talk,10,5,Over
1,talk,11,9,Over
1,talk,12,6,Over
1,talk,13,4,Over
1,talk,14,7,Over
1,talk,15,2,Over
1,talk,16,3,Over
1,talk,17,12,Over
1,talk,18,1,Over
1,talk,19,11,Over
1,whisper,1,5,Over
1,vote,3,11
1,vote,4,5
1,vote,1,3
1,vote,2,1
1,vote,7,1
1,vote,5,9
1,vote,6,4
1,vote,11,1
1,vote,12,11
1,vote,9,1
1,divine,4,5,Werewolf
1,guard,11,7,villager
1,attackVote,5,1
1,execute,1,villager
1,attack,1,true
2,status,1,villager,dead,SamplePlayer
2,status,2,villager,alive,SamplePlayer
2,status,3,villager,alive,SamplePlayer
2,status,4,seer,alive,SamplePlayer
2,status,5,werewolf,alive,SamplePlayer
2,status,6,possessed,alive,SamplePlayer
2,status,7,villager,alive,SamplePlayer
2,status,8,werewolf,dead,SamplePlayer
2,status,9,medium,alive,SamplePlayer
2,status,10,villager,dead,SamplePlayer
2,status,11,bodyguard,alive,SamplePlayer
2,status,12,villager,alive,SamplePlayer
2,talk,0,3,12 werewolf
2,talk,1,4,( 5 werewolf ) and ( 4 comingout seer ) and ( 12 inspected HUMAN ) and ( 5 inspected werewolf ) 
2,talk,2,7,5 werewolf
2,talk,3,12,5 werewolf
2,talk,4,5,9 werewolf
2,talk,5,6,( 4 werewolf ) and ( 6 comingout seer ) and ( 11 inspected HUMAN ) and ( 9 inspected HUMAN ) 
2,talk,6,11,5 werewolf
2,talk,7,9,( 5 werewolf ) and ( 9 comingout medium ) and ( 8 medium_telled werewolf ) and ( 1 medium_telled HUMAN ) 
2,talk,8,2,5 werewolf
2,whisper,0,5,Over
2,talk,9,5,Over
2,talk,10,11,Over
2,talk,11,3,Over
2,talk,12,2,Over
2,talk,13,4,Over
2,talk,14,6,Over
2,talk,15,9,Over
2,talk,16,7,Over
2,talk,17,12,Over
2,whisper,1,5,Over
2,vote,3,12
2,vote,4,5
2,vote,2,5
2,vote,7,5
2,vote,5,9
2,vote,6,4
2,vote,11,5
2,vote,12,5
2,vote,9,5
2,divine,4,9,Human
2,guard,11,9,medium
2,attackVote,5,4
2,execute,5,werewolf
3,status,1,villager,dead,SamplePlayer
3,status,2,villager,alive,SamplePlayer
3,status,3,villager,alive,SamplePlayer
3,status,4,seer,alive,SamplePlayer
3,status,5,werewolf,dead,SamplePlayer
3,status,6,possessed,alive,SamplePlayer
3,status,7,villager,alive,SamplePlayer
3,status,8,werewolf,dead,SamplePlayer
3,status,9,medium,alive,SamplePlayer
3,status,10,villager,dead,SamplePlayer
3,status,11,bodyguard,alive,SamplePlayer
3,status,12,villager,alive,SamplePlayer
3,result,8,0,villager
