0,status,1,villager,alive,SamplePlayer
0,status,2,villager,alive,SamplePlayer
0,status,3,werewolf,alive,SamplePlayer
0,status,4,bodyguard,alive,SamplePlayer
0,status,5,villager,alive,SamplePlayer
0,status,6,villager,alive,SamplePlayer
0,status,7,medium,alive,SamplePlayer
0,status,8,villager,alive,SamplePlayer
0,status,9,werewolf,alive,SamplePlayer
0,status,10,possessed,alive,SamplePlayer
0,status,11,villager,alive,SamplePlayer
0,status,12,seer,alive,SamplePlayer
0,talk,0,2,3 werewolf
0,talk,1,3,1 werewolf
0,talk,2,6,10 werewolf
0,talk,3,9,2 werewolf
0,talk,4,12,3 werewolf
0,talk,5,4,11 werewolf
0,talk,6,5,11 werewolf
0,talk,7,10,10 werewolf
0,talk,8,7,9 werewolf
0,talk,9,8,4 werewolf
0,talk,10,1,12 werewolf
0,talk,11,11,2 werewolf
0,whisper,0,3,Over
0,whisper,1,9,Over
0,talk,12,3,Over
0,talk,13,9,Over
0,talk,14,2,Over
0,talk,15,8,Over
0,talk,16,1,Over
0,talk,17,10,Over
0,talk,18,7,Over
0,talk,19,11,Over
0,talk,20,12,Over
0,talk,21,4,Over
0,talk,22,5,Over
0,talk,23,6,Over
0,whisper,2,9,Over
0,whisper,3,3,Over
0,vote,3,1
0,vote,4,11
0,vote,1,12
0,vote,2,3
0,vote,7,9
0,vote,8,4
0,vote,5,11
0,vote,6,10
0,vote,11,2
0,vote,12,3
0,vote,9,2
0,vote,10,10
0,divine,12,8,Human
0,guard,4,7,medium
0,attackVote,3,8
0,attackVote,9,7
0,execute,10,possessed
0,attack,7,false
1,status,1,villager,alive,SamplePlayer
1,status,2,villager,alive,SamplePlayer
1,status,3,werewolf,alive,SamplePlayer
1,status,4,bodyguard,alive,SamplePlayer
1,status,5,villager,alive,SamplePlayer
1,status,6,villager,alive,SamplePlayer
1,status,7,medium,alive,SamplePlayer
1,status,8,villager,alive,SamplePlayer
1,status,9,werewolf,alive,SamplePlayer
1,status,10,possessed,dead,SamplePlayer
1,status,11,villager,alive,SamplePlayer
1,status,12,seer,alive,SamplePlayer
1,talk,0,5,7 werewolf
1,talk,1,4,2 werewolf
1,talk,2,9,5 werewolf
1,talk,3,11,7 werewolf
1,talk,4,3,7 werewolf
1,talk,5,2,7 werewolf
1,talk,6,8,4 werewolf
1,talk,7,1,8 werewolf
1,talk,8,7,9 werewolf
1,talk,9,6,5 werewolf
1,talk,10,12,( 8 werewolf ) and ( 12 comingout seer ) and ( 8 inspected HUMAN ) 
1,whisper,0,3,Over
1,whisper,1,9,Over
1,talk,11,8,Over
1,talk,12,1,Over
1,talk,13,5,11 werewolf
1,talk,14,7,1 werewolf
1,talk,15,9,Over
1,talk,16,11,12 werewolf
1,talk,17,6,2 werewolf
1,talk,18,12,Over
1,talk,19,4,6 werewolf
1,talk,20,3,Over
1,talk,21,2,5 werewolf
1,whisper,2,9,Over
1,whisper,3,3,Over
1,talk,22,12,Over
1,talk,23,9,Over
1,talk,24,7,Over
1,talk,25,11,Over
1,talk,26,4,Over
1,talk,27,3,Over
1,talk,28,2,Over
1,talk,29,1,Over
1,talk,30,8,Over
1,talk,31,5,Over
1,talk,32,6,Over
1,whisper,4,9,Over
1,whisper,5,3,Over
1,vote,3,7
1,vote,4,6
1,vote,1,8
1,vote,2,5
1,vote,7,1
1,vote,8,4
1,vote,5,11
1,vote,6,2
1,vote,11,12
1,vote,12,8
1,vote,9,5
1,divine,12,1,Human
1,guard,4,12,seer
1,attackVote,3,1
1,attackVote,9,12
1,execute,5,villager
1,attack,12,false
2,status,1,villager,alive,SamplePlayer
2,status,2,villager,alive,SamplePlayer
2,status,3,werewolf,alive,SamplePlayer
2,status,4,bodyguard,alive,SamplePlayer
2,status,5,villager,dead,SamplePlayer
2,status,6,villager,alive,SamplePlayer
2,status,7,medium,alive,SamplePlayer
2,status,8,villager,alive,SamplePlayer
2,status,9,werewolf,alive,SamplePlayer
2,status,10,possessed,dead,SamplePlayer
2,status,11,villager,alive,SamplePlayer
2,status,12,seer,alive,SamplePlayer
2,talk,0,11,12 werewolf
2,talk,1,2,12 werewolf
2,talk,2,4,1 werewolf
2,talk,3,1,3 werewolf
2,talk,4,9,11 werewolf
2,talk,5,3,( 7 werewolf ) and ( 3 comingout seer ) and ( 7 inspected werewolf ) and ( 11 inspected HUMAN ) 
2,talk,6,7,4 werewolf
2,talk,7,6,11 werewolf
2,talk,8,8,7 werewolf
2,talk,9,12,( 3 werewolf ) and ( 1 inspected HUMAN ) 
2,whisper,0,3,Over
2,whisper,1,9,Over
2,talk,10,2,7 werewolf
2,talk,11,9,Over
2,talk,12,7,1 werewolf
2,talk,13,8,Over
2,talk,14,11,7 werewolf
2,talk,15,6,Over
2,talk,16,12,Over
2,talk,17,3,Over
2,talk,18,4,Over
2,talk,19,1,7 werewolf
2,whisper,2,9,Over
2,whisper,3,3,Over
2,talk,20,7,Over
2,talk,21,8,Over
2,talk,22,3,Over
2,talk,23,4,Over
2,talk,24,11,Over
2,talk,25,9,Over
2,talk,26,12,Over
2,talk,27,6,Over
2,talk,28,2,Over
2,talk,29,1,Over
2,whisper,4,3,Over
2,whisper,5,9,Over
2,vote,3,7
2,vote,4,1
2,vote,1,7
2,vote,2,7
2,vote,7,1
2,vote,8,7
2,vote,6,11
2,vote,11,7
2,vote,12,3
2,vote,9,11
2,divine,12,7,Human
2,guard,4,12,seer
2,attackVote,3,12
2,attackVote,9,12
2,execute,7,medium
2,attack,12,false
3,status,1,villager,alive,SamplePlayer
3,status,2,villager,alive,SamplePlayer
3,status,3,werewolf,alive,SamplePlayer
3,status,4,bodyguard,alive,SamplePlayer
3,status,5,villager,dead,SamplePlayer
3,status,6,villager,alive,SamplePlayer
3,status,7,medium,dead,SamplePlayer
3,status,8,villager,alive,SamplePlayer
3,status,9,werewolf,alive,SamplePlayer
3,status,10,possessed,dead,SamplePlayer
3,status,11,villager,alive,SamplePlayer
3,status,12,seer,alive,SamplePlayer
3,talk,0,4,12 werewolf
3,talk,1,9,12 werewolf
3,talk,2,1,2 werewolf
3,talk,3,11,1 werewolf
3,talk,4,6,8 werewolf
3,talk,5,2,4 werewolf
3,talk,6,12,( 3 werewolf ) and ( 7 inspected HUMAN ) 
3,talk,7,3,( 7 werewolf ) and ( 4 inspected HUMAN ) 
3,talk,8,8,9 werewolf
3,whisper,0,9,Over
3,whisper,1,3,Over
3,talk,9,4,3 werewolf
3,talk,10,6,Over
3,talk,11,12,Over
3,talk,12,1,11 werewolf
3,talk,13,8,Over
3,talk,14,11,Over
3,talk,15,3,Over
3,talk,16,2,Over
3,talk,17,9,Over
3,whisper,2,9,Over
3,whisper,3,3,Over
3,talk,18,1,Over
3,talk,19,8,Over
3,talk,20,4,Over
3,talk,21,11,Over
3,talk,22,6,Over
3,talk,23,12,Over
3,talk,24,3,Over
3,talk,25,2,Over
3,talk,26,9,Over
3,whisper,4,3,Over
3,whisper,5,9,Over
3,vote,3,7
3,vote,4,3
3,vote,1,11
3,vote,2,4
3,vote,8,9
3,vote,6,8
3,vote,11,1
3,vote,12,3
3,vote,9,12
3,divine,12,2,Human
3,guard,4,3,werewolf
3,attackVote,3,12
3,attackVote,9,8
3,execute,3,werewolf
3,attack,8,true
4,status,1,villager,alive,SamplePlayer
4,status,2,villager,alive,SamplePlayer
4,status,3,werewolf,dead,SamplePlayer
4,status,4,bodyguard,alive,SamplePlayer
4,status,5,villager,dead,SamplePlayer
4,status,6,villager,alive,SamplePlayer
4,status,7,medium,dead,SamplePlayer
4,status,8,villager,dead,SamplePlayer
4,status,9,werewolf,alive,SamplePlayer
4,status,10,possessed,dead,SamplePlayer
4,status,11,villager,alive,SamplePlayer
4,status,12,seer,alive,SamplePlayer
4,talk,0,9,11 werewolf
4,talk,1,6,12 werewolf
4,talk,2,2,11 werewolf
4,talk,3,11,6 werewolf
4,talk,4,4,2 werewolf
4,talk,5,1,6 werewolf
4,talk,6,12,( 9 werewolf ) and ( 2 inspected HUMAN ) 
4,whisper,0,9,Over
4,talk,7,1,Over
4,talk,8,2,Over
4,talk,9,6,Over
4,talk,10,11,9 werewolf
4,talk,11,9,Over
4,talk,12,4,Over
4,talk,13,12,Over
4,whisper,1,9,Over
4,talk,14,2,Over
4,talk,15,11,Over
4,talk,16,1,Over
4,talk,17,9,Over
4,talk,18,6,Over
4,talk,19,12,Over
4,talk,20,4,Over
4,whisper,2,9,Over
4,vote,4,2
4,vote,1,6
4,vote,2,11
4,vote,6,12
4,vote,11,9
4,vote,12,9
4,vote,9,11
4,divine,12,4,Human
4,guard,4,12,seer
4,attackVote,9,12
4,execute,11,villager
4,attack,12,false
5,status,1,villager,alive,SamplePlayer
5,status,2,villager,alive,SamplePlayer
5,status,3,werewolf,dead,SamplePlayer
5,status,4,bodyguard,alive,SamplePlayer
5,status,5,villager,dead,SamplePlayer
5,status,6,villager,alive,SamplePlayer
5,status,7,medium,dead,SamplePlayer
5,status,8,villager,dead,SamplePlayer
5,status,9,werewolf,alive,SamplePlayer
5,status,10,possessed,dead,SamplePlayer
5,status,11,villager,dead,SamplePlayer
5,status,12,seer,alive,SamplePlayer
5,talk,0,1,6 werewolf
5,talk,1,6,4 werewolf
5,talk,2,9,9 werewolf
5,talk,3,12,( 2 werewolf ) and ( 4 inspected HUMAN ) 
5,talk,4,2,6 werewolf
5,talk,5,4,1 werewolf
5,whisper,0,9,Over
5,talk,6,2,Over
5,talk,7,9,Over
5,talk,8,1,4 werewolf
5,talk,9,6,Over
5,talk,10,12,Over
5,talk,11,4,Over
5,whisper,1,9,Over
5,talk,12,6,Over
5,talk,13,2,Over
5,talk,14,9,Over
5,talk,15,1,Over
5,talk,16,4,Over
5,talk,17,12,Over
5,whisper,2,9,Over
5,vote,4,1
5,vote,1,4
5,vote,2,6
5,vote,6,4
5,vote,12,2
5,vote,9,9
5,divine,12,6,Human
5,guard,4,2,villager
5,attackVote,9,12
5,execute,4,bodyguard
5,attack,12,true
6,status,1,villager,alive,SamplePlayer
6,status,2,villager,alive,SamplePlayer
6,status,3,werewolf,dead,SamplePlayer
6,status,4,bodyguard,dead,SamplePlayer
6,status,5,villager,dead,SamplePlayer
6,status,6,villager,alive,SamplePlayer
6,status,7,medium,dead,SamplePlayer
6,status,8,villager,dead,SamplePlayer
6,status,9,werewolf,alive,SamplePlayer
6,status,10,possessed,dead,SamplePlayer
6,status,11,villager,dead,SamplePlayer
6,status,12,seer,dead,SamplePlayer
6,talk,0,9,6 werewolf
6,talk,1,1,9 werewolf
6,talk,2,2,9 werewolf
6,talk,3,6,2 werewolf
6,whisper,0,9,Over
6,talk,4,9,Over
6,talk,5,1,Over
6,talk,6,2,Over
6,talk,7,6,Over
6,whisper,1,9,Over
6,vote,1,9
6,vote,2,9
6,vote,6,2
6,vote,9,6
6,attackVote,9,6
6,execute,9,werewolf
7,status,1,villager,alive,SamplePlayer
7,status,2,villager,alive,SamplePlayer
7,status,3,werewolf,dead,SamplePlayer
7,status,4,bodyguard,dead,SamplePlayer
7,status,5,villager,dead,SamplePlayer
7,status,6,villager,alive,SamplePlayer
7,status,7,medium,dead,SamplePlayer
7,status,8,villager,dead,SamplePlayer
7,status,9,werewolf,dead,SamplePlayer
7,status,10,possessed,dead,SamplePlayer
7,status,11,villager,dead,SamplePlayer
7,status,12,seer,dead,SamplePlayer
7,result,3,0,villager
