0,status,1,werewolf,alive,SamplePlayer
0,status,2,villager,alive,SamplePlayer
0,status,3,villager,alive,SamplePlayer
0,status,4,medium,alive,SamplePlayer
0,status,5,villager,alive,SamplePlayer
0,status,6,seer,alive,SamplePlayer
0,status,7,werewolf,alive,SamplePlayer
0,status,8,villager,alive,SamplePlayer
0,status,9,villager,alive,SamplePlayer
0,status,10,bodyguard,alive,SamplePlayer
0,status,11,possessed,alive,SamplePlayer
0,status,12,villager,alive,SamplePlayer
0,talk,0,2,3 werewolf
0,talk,1,3,6 werewolf
0,talk,2,1,9 werewolf
0,talk,3,8,7 werewolf
0,talk,4,6,7 werewolf
0,talk,5,4,11 werewolf
0,talk,6,10,6 werewolf
0,talk,7,7,3 werewolf
0,talk,8,5,1 werewolf
0,talk,9,11,9 werewolf
0,talk,10,12,6 werewolf
0,talk,11,9,8 werewolf
0,whisper,0,7,Over
0,whisper,1,1,Over
0,talk,12,11,Over
0,talk,13,10,Over
0,talk,14,4,Over
0,talk,15,2,Over
0,talk,16,9,Over
0,talk,17,7,Over
0,talk,18,3,Over
0,talk,19,1,Over
0,talk,20,12,Over
0,talk,21,6,Over
0,talk,22,8,Over
0,talk,23,5,Over
0,whisper,2,7,Over
0,whisper,3,1,Over
0,vote,3,6
0,vote,4,11
0,vote,1,9
0,vote,2,3
0,vote,7,3
0,vote,8,7
0,vote,5,1
0,vote,6,7
0,vote,11,9
0,vote,12,6
0,vote,9,8
0,vote,10,6
0,divine,6,8,Human
0,guard,10,4,medium
0,attackVote,1,2
0,attackVote,7,3
0,execute,6,seer
0,attack,3,true
1,status,1,werewolf,alive,SamplePlayer
1,status,2,villager,alive,SamplePlayer
1,status,3,villager,dead,SamplePlayer
1,status,4,medium,alive,SamplePlayer
1,status,5,villager,alive,SamplePlayer
1,status,6,seer,dead,SamplePlayer
1,status,7,werewolf,alive,SamplePlayer
1,status,8,villager,alive,SamplePlayer
1,status,9,villager,alive,SamplePlayer
1,status,10,bodyguard,alive,SamplePlayer
1,status,11,possessed,alive,SamplePlayer
1,status,12,villager,alive,SamplePlayer
1,talk,0,4,( 5 werewolf ) and ( 4 comingout medium ) and ( 6 medium_telled HUMAN ) 
1,talk,1,10,9 werewolf
1,talk,2,12,11 werewolf
1,talk,3,7,4 werewolf
1,talk,4,11,2 werewolf
1,talk,5,2,11 werewolf
1,talk,6,9,11 werewolf
1,talk,7,8,7 werewolf
1,talk,8,1,9 werewolf
1,talk,9,5,8 werewolf
1,whisper,0,7,Over
1,whisper,1,1,Over
1,talk,10,7,Over
1,talk,11,10,Over
1,talk,12,12,Over
1,talk,13,8,Over
1,talk,14,11,Over
1,talk,15,1,Over
1,talk,16,4,Over
1,talk,17,5,Over
1,talk,18,2,Over
1,talk,19,9,Over
1,whisper,2,1,Over
1,whisper,3,7,Over
1,vote,4,5
1,vote,1,9
1,vote,2,11
1,vote,7,4
1,vote,8,7
1,vote,5,8
1,vote,11,2
1,vote,12,11
1,vote,9,11
1,vote,10,9
1,guard,10,4,medium
1,attackVote,1,4
1,attackVote,7,4
1,execute,11,possessed
1,attack,4,false
2,status,1,werewolf,alive,SamplePlayer
2,status,2,villager,alive,SamplePlayer
2,status,3,villager,dead,SamplePlayer
2,status,4,medium,alive,SamplePlayer
2,status,5,villager,alive,SamplePlayer
2,status,6,seer,dead,SamplePlayer
2,status,7,werewolf,alive,SamplePlayer
2,status,8,villager,alive,SamplePlayer
2,status,9,villager,alive,SamplePlayer
2,status,10,bodyguard,alive,SamplePlayer
2,status,11,possessed,dead,SamplePlayer
2,status,12,villager,alive,SamplePlayer
2,talk,0,4,( 8 werewolf ) and ( 11 medium_telled HUMAN ) 
2,talk,1,7,4 werewolf
2,talk,2,1,( 9 werewolf ) and ( 1 comingout medium ) and ( 9 medium_telled werewolf ) and ( 8 medium_telled werewolf ) 
2,talk,3,12,5 werewolf
2,talk,4,10,1 werewolf
2,talk,5,8,5 werewolf
2,talk,6,9,1 werewolf
2,talk,7,2,9 werewolf
2,talk,8,5,9 werewolf
2,whisper,0,7,Over
2,whisper,1,1,Over
2,talk,9,12,Over
2,talk,10,1,Over
2,talk,11,9,Over
2,talk,12,7,Over
2,talk,13,8,Over
2,talk,14,2,Over
2,talk,15,5,Over
2,talk,16,10,Over
2,talk,17,4,1 werewolf
2,whisper,2,1,Over
2,whisper,3,7,Over
2,talk,18,12,Over
2,talk,19,8,Over
2,talk,20,5,Over
2,talk,21,4,Over
2,talk,22,2,Over
2,talk,23,1,Over
2,talk,24,10,Over
2,talk,25,7,Over
2,talk,26,9,Over
2,whisper,4,7,Over
2,whisper,5,1,Over
2,vote,4,1
2,vote,1,9
2,vote,2,9
2,vote,7,4
2,vote,8,5
2,vote,5,9
2,vote,12,5
2,vote,9,1
2,vote,10,1
2,guard,10,4,medium
2,attackVote,1,4
2,attackVote,7,4
2,execute,9,villager
2,attack,4,false
3,status,1,werewolf,alive,SamplePlayer
3,status,2,villager,alive,SamplePlayer
3,status,3,villager,dead,SamplePlayer
3,status,4,medium,alive,SamplePlayer
3,status,5,villager,alive,SamplePlayer
3,status,6,seer,dead,SamplePlayer
3,status,7,werewolf,alive,SamplePlayer
3,status,8,villager,alive,SamplePlayer
3,status,9,villager,dead,SamplePlayer
3,status,10,bodyguard,alive,SamplePlayer
3,status,11,possessed,dead,SamplePlayer
3,status,12,villager,alive,SamplePlayer
3,talk,0,2,1 werewolf
3,talk,1,8,1 werewolf
3,talk,2,5,8 werewolf
3,talk,3,10,4 werewolf
3,talk,4,4,( 1 werewolf ) and ( 9 medium_telled HUMAN ) 
3,talk,5,12,10 werewolf
3,talk,6,7,( 4 werewolf ) and ( 7 comingout medium ) and ( 9 medium_telled HUMAN ) and ( 8 medium_telled werewolf ) and ( 2 medium_telled werewolf ) 
3,talk,7,1,( 9 werewolf ) and ( 2 medium_telled werewolf ) 
3,whisper,0,7,Over
3,whisper,1,1,Over
3,talk,8,1,Over
3,talk,9,2,Over
3,talk,10,5,Over
3,talk,11,7,Over
3,talk,12,4,Over
3,talk,13,10,Over
3,talk,14,8,Over
3,talk,15,12,Over
3,whisper,2,1,Over
3,whisper,3,7,Over
3,vote,4,1
3,vote,1,9
3,vote,2,1
3,vote,7,4
3,vote,8,1
3,vote,5,8
3,vote,12,10
3,vote,10,4
3,guard,10,7,werewolf
3,attackVote,1,4
3,attackVote,7,4
3,execute,1,werewolf
3,attack,4,true
4,status,1,werewolf,dead,SamplePlayer
4,status,2,villager,alive,SamplePlayer
4,status,3,villager,dead,SamplePlayer
4,status,4,medium,dead,SamplePlayer
4,status,5,villager,alive,SamplePlayer
4,status,6,seer,dead,SamplePlayer
4,status,7,werewolf,alive,SamplePlayer
4,status,8,villager,alive,SamplePlayer
4,status,9,villager,dead,SamplePlayer
4,status,10,bodyguard,alive,SamplePlayer
4,status,11,possessed,dead,SamplePlayer
4,status,12,villager,alive,SamplePlayer
4,talk,0,8,2 werewolf
4,talk,1,2,7 werewolf
4,talk,2,7,( 2 werewolf ) and ( 5 medium_telled HUMAN ) 
4,talk,3,12,2 werewolf
4,talk,4,5,12 werewolf
4,talk,5,10,12 werewolf
4,whisper,0,7,Over
4,talk,6,7,Over
4,talk,7,10,Over
4,talk,8,5,Over
4,talk,9,2,Over
4,talk,10,12,Over
4,talk,11,8,Over
4,whisper,1,7,Over
4,vote,2,7
4,vote,7,2
4,vote,8,2
4,vote,5,12
4,vote,12,2
4,vote,10,12
4,guard,10,7,werewolf
4,attackVote,7,10
4,execute,2,villager
4,attack,10,true
5,status,1,werewolf,dead,SamplePlayer
5,status,2,villager,dead,SamplePlayer
5,status,3,villager,dead,SamplePlayer
5,status,4,medium,dead,SamplePlayer
5,status,5,villager,alive,SamplePlayer
5,status,6,seer,dead,SamplePlayer
5,status,7,werewolf,alive,SamplePlayer
5,status,8,villager,alive,SamplePlayer
5,status,9,villager,dead,SamplePlayer
5,status,10,bodyguard,dead,SamplePlayer
5,status,11,possessed,dead,SamplePlayer
5,status,12,villager,alive,SamplePlayer
5,talk,0,12,5 werewolf
5,talk,1,8,12 werewolf
5,talk,2,5,8 werewolf
5,talk,3,7,( 2 werewolf ) and ( 8 medium_telled werewolf ) 
5,whisper,0,7,Over
5,talk,4,12,Over
5,talk,5,7,Over
5,talk,6,5,Over
5,talk,7,8,Over
5,whisper,1,7,Over
5,vote,7,2
5,vote,8,12
5,vote,5,8
5,vote,12,5
5,attackVote,7,8
5,execute,12,villager
5,attack,8,true
6,status,1,werewolf,dead,SamplePlayer
6,status,2,villager,dead,SamplePlayer
6,status,3,villager,dead,SamplePlayer
6,status,4,medium,dead,SamplePlayer
6,status,5,villager,alive,SamplePlayer
6,status,6,seer,dead,SamplePlayer
6,status,7,werewolf,alive,SamplePlayer
6,status,8,villager,dead,SamplePlayer
6,status,9,villager,dead,SamplePlayer
6,status,10,bodyguard,dead,SamplePlayer
6,status,11,possessed,dead,SamplePlayer
6,status,12,villager,dead,SamplePlayer
6,result,1,1,werewolf
