0,status,1,villager,alive,SamplePlayer
0,status,2,villager,alive,SamplePlayer
0,status,3,bodyguard,alive,SamplePlayer
0,status,4,possessed,alive,SamplePlayer
0,status,5,werewolf,alive,SamplePlayer
0,status,6,villager,alive,SamplePlayer
0,status,7,villager,alive,SamplePlayer
0,status,8,seer,alive,SamplePlayer
0,status,9,villager,alive,SamplePlayer
0,status,10,villager,alive,SamplePlayer
0,status,11,werewolf,alive,SamplePlayer
0,status,12,medium,alive,SamplePlayer
0,talk,0,4,6 werewolf
0,talk,1,11,9 werewolf
0,talk,2,2,10 werewolf
0,talk,3,7,2 werewolf
0,talk,4,1,9 werewolf
0,talk,5,6,10 werewolf
0,talk,6,8,2 werewolf
0,talk,7,9,5 werewolf
0,talk,8,5,10 werewolf
0,talk,9,12,5 werewolf
0,talk,10,3,6 werewolf
0,talk,11,10,1 werewolf
0,whisper,0,11,Over
0,whisper,1,5,Over
0,talk,12,7,Over
0,talk,13,6,Over
0,talk,14,10,Over
0,talk,15,8,Over
0,talk,16,4,Over
0,talk,17,11,Over
0,talk,18,12,Over
0,talk,19,2,Over
0,talk,20,1,Over
0,talk,21,5,Over
0,talk,22,3,Over
0,talk,23,9,Over
0,whisper,2,11,Over
0,whisper,3,5,Over
0,vote,3,6
0,vote,4,6
0,vote,1,9
0,vote,2,10
0,vote,7,2
0,vote,8,2
0,vote,5,10
0,vote,6,10
0,vote,11,9
0,vote,12,5
0,vote,9,5
0,vote,10,1
0,divine,8,6,Human
0,guard,3,8,seer
0,attackVote,5,7
0,attackVote,11,1
0,execute,10,villager
0,attack,1,true
1,status,1,villager,dead,SamplePlayer
1,status,2,villager,alive,SamplePlayer
1,status,3,bodyguard,alive,SamplePlayer
1,status,4,possessed,alive,SamplePlayer
1,status,5,werewolf,alive,SamplePlayer
1,status,6,villager,alive,SamplePlayer
1,status,7,villager,alive,SamplePlayer
1,status,8,seer,alive,SamplePlayer
1,status,9,villager,alive,SamplePlayer
1,status,10,villager,dead,SamplePlayer
1,status,11,werewolf,alive,SamplePlayer
1,status,12,medium,alive,SamplePlayer
1,talk,0,12,7 werewolf
1,talk,1,9,4 werewolf
1,talk,2,7,6 werewolf
1,talk,3,5,( 3 werewolf ) and ( 5 comingout seer ) and ( 3 inspected werewolf ) 
1,talk,4,3,4 werewolf
1,talk,5,4,( 5 werewolf ) and ( 4 comingout medium ) and ( 5 medium_telled werewolf ) 
1,talk,6,2,3 werewolf
1,talk,7,6,3 werewolf
1,talk,8,8,5 werewolf
1,talk,9,11,6 werewolf
1,whisper,0,5,Over
1,whisper,1,11,Over
1,talk,10,4,Over
1,talk,11,5,Over
1,talk,12,11,Over
1,talk,13,7,3 werewolf
1,talk,14,6,Over
1,talk,15,2,Over
1,talk,16,9,3 werewolf
1,talk,17,8,Over
1,talk,18,12,4 werewolf
1,talk,19,3,Over
1,whisper,2,5,Over
1,whisper,3,11,Over
1,talk,20,6,Over
1,talk,21,7,Over
1,talk,22,11,Over
1,talk,23,5,Over
1,talk,24,12,Over
1,talk,25,2,Over
1,talk,26,8,Over
1,talk,27,4,Over
1,talk,28,3,Over
1,talk,29,9,Over
1,whisper,4,11,Over
1,whisper,5,5,Over
1,vote,3,4
1,vote,4,5
1,vote,2,3
1,vote,7,3
1,vote,8,5
1,vote,5,3
1,vote,6,3
1,vote,11,6
1,vote,12,4
1,vote,9,3
1,divine,8,6,Human
1,guard,3,9,villager
1,attackVote,5,4
1,attackVote,11,4
1,execute,3,bodyguard
1,attack,4,true
2,status,1,villager,dead,SamplePlayer
2,status,2,villager,alive,SamplePlayer
2,status,3,bodyguard,dead,SamplePlayer
2,status,4,possessed,dead,SamplePlayer
2,status,5,werewolf,alive,SamplePlayer
2,status,6,villager,alive,SamplePlayer
2,status,7,villager,alive,SamplePlayer
2,status,8,seer,alive,SamplePlayer
2,status,9,villager,alive,SamplePlayer
2,status,10,villager,dead,SamplePlayer
2,status,11,werewolf,alive,SamplePlayer
2,status,12,medium,alive,SamplePlayer
2,talk,0,7,9 werewolf
2,talk,1,5,( 3 werewolf ) and ( 11 inspected HUMAN ) 
2,talk,2,12,( 5 werewolf ) and ( 12 comingout medium ) and ( 10 medium_telled HUMAN ) and ( 3 medium_telled HUMAN ) 
2,talk,3,6,7 werewolf
2,talk,4,11,8 werewolf
2,talk,5,9,11 werewolf
2,talk,6,8,5 werewolf
2,talk,7,2,7 werewolf
2,whisper,0,5,Over
2,whisper,1,11,Over
2,talk,8,6,Over
2,talk,9,12,Over
2,talk,10,2,Over
2,talk,11,9,Over
2,talk,12,8,Over
2,talk,13,7,11 werewolf
2,talk,14,11,Over
2,talk,15,5,Over
2,whisper,2,11,Over
2,whisper,3,5,Over
2,talk,16,6,Over
2,talk,17,12,Over
2,talk,18,9,Over
2,talk,19,2,Over
2,talk,20,5,Over
2,talk,21,7,Over
2,talk,22,8,Over
2,talk,23,11,Over
2,whisper,4,11,Over
2,whisper,5,5,Over
2,vote,2,7
2,vote,7,11
2,vote,8,5
2,vote,5,3
2,vote,6,7
2,vote,11,8
2,vote,12,5
2,vote,9,11
2,divine,8,6,Human
2,attackVote,5,12
2,attackVote,11,12
2,execute,7,villager
2,attack,12,true
3,status,1,villager,dead,SamplePlayer
3,status,2,villager,alive,SamplePlayer
3,status,3,bodyguard,dead,SamplePlayer
3,status,4,possessed,dead,SamplePlayer
3,status,5,werewolf,alive,SamplePlayer
3,status,6,villager,alive,SamplePlayer
3,status,7,villager,dead,SamplePlayer
3,status,8,seer,alive,SamplePlayer
3,status,9,villager,alive,SamplePlayer
3,status,10,villager,dead,SamplePlayer
3,status,11,werewolf,alive,SamplePlayer
3,status,12,medium,dead,SamplePlayer
3,talk,0,9,6 werewolf
3,talk,1,2,11 werewolf
3,talk,2,11,2 werewolf
3,talk,3,8,( 5 werewolf ) and ( 8 comingout seer ) and ( 6 inspected HUMAN ) and ( 6 inspected HUMAN ) and ( 6 inspected HUMAN ) 
3,talk,4,5,( 3 werewolf ) and ( 2 inspected werewolf ) 
3,talk,5,6,2 werewolf
3,whisper,0,5,Over
3,whisper,1,11,Over
3,talk,6,5,Over
3,talk,7,2,Over
3,talk,8,9,Over
3,talk,9,11,Over
3,talk,10,8,Over
3,talk,11,6,Over
3,whisper,2,5,Over
3,whisper,3,11,Over
3,vote,2,11
3,vote,8,5
3,vote,5,3
3,vote,6,2
3,vote,11,2
3,vote,9,6
3,divine,8,6,Human
3,attackVote,5,8
3,attackVote,11,8
3,execute,2,villager
3,attack,8,true
4,status,1,villager,dead,SamplePlayer
4,status,2,villager,dead,SamplePlayer
4,status,3,bodyguard,dead,SamplePlayer
4,status,4,possessed,dead,SamplePlayer
4,status,5,werewolf,alive,SamplePlayer
4,status,6,villager,alive,SamplePlayer
4,status,7,villager,dead,SamplePlayer
4,status,8,seer,dead,SamplePlayer
4,status,9,villager,alive,SamplePlayer
4,status,10,villager,dead,SamplePlayer
4,status,11,werewolf,alive,SamplePlayer
4,status,12,medium,dead,SamplePlayer
4,result,2,2,werewolf
