0,status,1,bodyguard,alive,SamplePlayer
0,status,2,villager,alive,SamplePlayer
0,status,3,werewolf,alive,SamplePlayer
0,status,4,medium,alive,SamplePlayer
0,status,5,villager,alive,SamplePlayer
0,status,6,villager,alive,SamplePlayer
0,status,7,seer,alive,SamplePlayer
0,status,8,villager,alive,SamplePlayer
0,status,9,possessed,alive,SamplePlayer
0,status,10,villager,alive,SamplePlayer
0,status,11,werewolf,alive,SamplePlayer
0,status,12,villager,alive,SamplePlayer
0,talk,0,8,7 werewolf
0,talk,1,10,3 werewolf
0,talk,2,3,5 werewolf
0,talk,3,6,5 werewolf
0,talk,4,7,4 werewolf
0,talk,5,4,1 werewolf
0,talk,6,5,12 werewolf
0,talk,7,2,7 werewolf
0,talk,8,11,10 werewolf
0,talk,9,12,5 werewolf
0,talk,10,1,6 werewolf
0,talk,11,9,8 werewolf
0,whisper,0,3,Over
0,whisper,1,11,Over
0,talk,12,7,Over
0,talk,13,1,Over
0,talk,14,6,Over
0,talk,15,3,Over
0,talk,16,5,Over
0,talk,17,2,Over
0,talk,18,9,Over
0,talk,19,8,Over
0,talk,20,11,Over
0,talk,21,12,Over
0,talk,22,10,Over
0,talk,23,4,Over
0,whisper,2,3,Over
0,whisper,3,11,Over
0,vote,3,5
0,vote,4,1
0,vote,1,6
0,vote,2,7
0,vote,7,4
0,vote,8,7
0,vote,5,12
0,vote,6,5
0,vote,11,10
0,vote,12,5
0,vote,9,8
0,vote,10,3
0,divine,7,10,Human
0,guard,1,7,seer
0,attackVote,3,4
0,attackVote,11,4
0,execute,5,villager
0,attack,4,true
1,status,1,bodyguard,alive,SamplePlayer
1,status,2,villager,alive,SamplePlayer
1,status,3,werewolf,alive,SamplePlayer
1,status,4,medium,dead,SamplePlayer
1,status,5,villager,dead,SamplePlayer
1,status,6,villager,alive,SamplePlayer
1,status,7,seer,alive,SamplePlayer
1,status,8,villager,alive,SamplePlayer
1,status,9,possessed,alive,SamplePlayer
1,status,10,villager,alive,SamplePlayer
1,status,11,werewolf,alive,SamplePlayer
1,status,12,villager,alive,SamplePlayer
1,talk,0,9,8 werewolf
1,talk,1,3,5 werewolf
1,talk,2,12,6 werewolf
1,talk,3,11,7 werewolf
1,talk,4,7,10 werewolf
1,talk,5,2,12 werewolf
1,talk,6,6,10 werewolf
1,talk,7,8,9 werewolf
1,talk,8,10,1 werewolf
1,talk,9,1,6 werewolf
1,whisper,0,11,Over
1,whisper,1,3,Over
1,talk,10,1,Over
1,talk,11,3,Over
1,talk,12,2,Over
1,talk,13,8,Over
1,talk,14,10,Over
1,talk,15,6,Over
1,talk,16,9,Over
1,talk,17,11,Over
1,talk,18,7,Over
1,talk,19,12,Over
1,whisper,2,11,Over
1,whisper,3,3,Over
1,vote,3,5
1,vote,1,6
1,vote,2,12
1,vote,7,10
1,vote,8,9
1,vote,6,10
1,vote,11,7
1,vote,12,6
1,vote,9,8
1,vote,10,1
1,divine,7,6,Human
1,guard,1,8,villager
1,attackVote,3,10
1,attackVote,11,10
1,execute,10,villager
1,attack,10,true
2,status,1,bodyguard,alive,SamplePlayer
2,status,2,villager,alive,SamplePlayer
2,status,3,werewolf,alive,SamplePlayer
2,status,4,medium,dead,SamplePlayer
2,status,5,villager,dead,SamplePlayer
2,status,6,villager,alive,SamplePlayer
2,status,7,seer,alive,SamplePlayer
2,status,8,villager,alive,SamplePlayer
2,status,9,possessed,alive,SamplePlayer
2,status,10,villager,dead,SamplePlayer
2,status,11,werewolf,alive,SamplePlayer
2,status,12,villager,alive,SamplePlayer
2,talk,0,1,2 werewolf
2,talk,1,6,7 werewolf
2,talk,2,8,7 werewolf
2,talk,3,2,1 werewolf
2,talk,4,3,( 5 werewolf ) and ( 3 comingout medium ) and ( 5 medium_telled werewolf ) and ( 6 medium_telled HUMAN ) 
2,talk,5,11,2 werewolf
2,talk,6,12,3 werewolf
2,talk,7,7,( 1 werewolf ) and ( 7 comingout seer ) and ( 10 inspected HUMAN ) and ( 6 inspected HUMAN ) 
2,talk,8,9,3 werewolf
2,whisper,0,11,Over
2,whisper,1,3,Over
2,talk,9,2,7 werewolf
2,talk,10,6,2 werewolf
2,talk,11,3,Over
2,talk,12,8,3 werewolf
2,talk,13,12,7 werewolf
2,talk,14,7,Over
2,talk,15,1,11 werewolf
2,talk,16,11,7 werewolf
2,talk,17,9,Over
2,whisper,2,3,Over
2,whisper,3,11,Over
2,talk,18,6,Over
2,talk,19,8,Over
2,talk,20,7,Over
2,talk,21,1,Over
2,talk,22,11,Over
2,talk,23,12,Over
2,talk,24,3,Over
2,talk,25,2,Over
2,talk,26,9,Over
2,whisper,4,11,Over
2,whisper,5,3,Over
2,vote,3,5
2,vote,1,11
2,vote,2,7
2,vote,7,1
2,vote,8,3
2,vote,6,2
2,vote,11,7
2,vote,12,7
2,vote,9,3
2,divine,7,1,Human
2,guard,1,9,possessed
2,attackVote,3,7
2,attackVote,11,7
2,execute,7,seer
2,attack,7,true
3,status,1,bodyguard,alive,SamplePlayer
3,status,2,villager,alive,SamplePlayer
3,status,3,werewolf,alive,SamplePlayer
3,status,4,medium,dead,SamplePlayer
3,status,5,villager,dead,SamplePlayer
3,status,6,villager,alive,SamplePlayer
3,status,7,seer,dead,SamplePlayer
3,status,8,villager,alive,SamplePlayer
3,status,9,possessed,alive,SamplePlayer
3,status,10,villager,dead,SamplePlayer
3,status,11,werewolf,alive,SamplePlayer
3,status,12,villager,alive,SamplePlayer
3,talk,0,11,( 6 werewolf ) and ( 11 comingout seer ) and ( 8 inspected HUMAN ) and ( 12 inspected HUMAN ) and ( 8 inspected HUMAN ) 
3,talk,1,2,1 werewolf
3,talk,2,1,12 werewolf
3,talk,3,12,6 werewolf
3,talk,4,3,( 5 werewolf ) and ( 8 medium_telled werewolf ) 
3,talk,5,9,( 3 werewolf ) and ( 9 comingout medium ) and ( 3 medium_telled HUMAN ) and ( 7 medium_telled HUMAN ) and ( 6 medium_telled HUMAN ) 
3,talk,6,6,9 werewolf
3,talk,7,8,12 werewolf
3,whisper,0,11,Over
3,whisper,1,3,Over
3,talk,8,12,Over
3,talk,9,8,Over
3,talk,10,2,Over
3,talk,11,3,Over
3,talk,12,9,Over
3,talk,13,6,Over
3,talk,14,11,1 werewolf
3,talk,15,1,Over
3,whisper,2,3,Over
3,whisper,3,11,Over
3,talk,16,6,Over
3,talk,17,9,Over
3,talk,18,3,Over
3,talk,19,12,Over
3,talk,20,2,Over
3,talk,21,11,Over
3,talk,22,1,Over
3,talk,23,8,Over
3,whisper,4,11,Over
3,whisper,5,3,Over
3,vote,3,5
3,vote,1,12
3,vote,2,1
3,vote,8,12
3,vote,6,9
3,vote,11,1
3,vote,12,6
3,vote,9,3
3,guard,1,12,villager
3,attackVote,3,6
3,attackVote,11,2
3,execute,1,bodyguard
3,attack,2,true
4,status,1,bodyguard,dead,SamplePlayer
4,status,2,villager,dead,SamplePlayer
4,status,3,werewolf,alive,SamplePlayer
4,status,4,medium,dead,SamplePlayer
4,status,5,villager,dead,SamplePlayer
4,status,6,villager,alive,SamplePlayer
4,status,7,seer,dead,SamplePlayer
4,status,8,villager,alive,SamplePlayer
4,status,9,possessed,alive,SamplePlayer
4,status,10,villager,dead,SamplePlayer
4,status,11,werewolf,alive,SamplePlayer
4,status,12,villager,alive,SamplePlayer
4,talk,0,12,3 werewolf
4,talk,1,8,3 werewolf
4,talk,2,6,8 werewolf
4,talk,3,9,( 3 werewolf ) and ( 6 medium_telled HUMAN ) 
4,talk,4,11,( 6 werewolf ) and ( 12 inspected HUMAN ) 
4,talk,5,3,( 5 werewolf ) and ( 8 medium_telled HUMAN ) 
4,whisper,0,11,Over
4,whisper,1,3,Over
4,talk,6,3,Over
4,talk,7,9,Over
4,talk,8,8,11 werewolf
4,talk,9,6,Over
4,talk,10,11,Over
4,talk,11,12,Over
4,whisper,2,3,Over
4,whisper,3,11,Over
4,talk,12,12,Over
4,talk,13,6,Over
4,talk,14,9,Over
4,talk,15,11,Over
4,talk,16,3,Over
4,talk,17,8,Over
4,whisper,4,11,Over
4,whisper,5,3,Over
4,vote,3,5
4,vote,8,11
4,vote,6,8
4,vote,11,6
4,vote,12,3
4,vote,9,3
4,attackVote,3,6
4,attackVote,11,12
4,execute,3,werewolf
4,attack,6,true
5,status,1,bodyguard,dead,SamplePlayer
5,status,2,villager,dead,SamplePlayer
5,status,3,werewolf,dead,SamplePlayer
5,status,4,medium,dead,SamplePlayer
5,status,5,villager,dead,SamplePlayer
5,status,6,villager,dead,SamplePlayer
5,status,7,seer,dead,SamplePlayer
5,status,8,villager,alive,SamplePlayer
5,status,9,possessed,alive,SamplePlayer
5,status,10,villager,dead,SamplePlayer
5,status,11,werewolf,alive,SamplePlayer
5,status,12,villager,alive,SamplePlayer
5,talk,0,8,12 werewolf
5,talk,1,9,( 9 werewolf ) and ( 11 medium_telled HUMAN ) 
5,talk,2,12,9 werewolf
5,talk,3,11,( 11 werewolf ) and ( 8 inspected HUMAN ) 
5,whisper,0,11,Over
5,talk,4,11,Over
5,talk,5,12,8 werewolf
5,talk,6,9,Over
5,talk,7,8,Over
5,whisper,1,11,Over
5,talk,8,12,Over
5,talk,9,8,Over
5,talk,10,11,Over
5,talk,11,9,Over
5,whisper,2,11,Over
5,vote,8,12
5,vote,11,11
5,vote,12,8
5,vote,9,9
5,attackVote,11,12
5,execute,8,villager
5,attack,12,true
6,status,1,bodyguard,dead,SamplePlayer
6,status,2,villager,dead,SamplePlayer
6,status,3,werewolf,dead,SamplePlayer
6,status,4,medium,dead,SamplePlayer
6,status,5,villager,dead,SamplePlayer
6,status,6,villager,dead,SamplePlayer
6,status,7,seer,dead,SamplePlayer
6,status,8,villager,dead,SamplePlayer
6,status,9,possessed,alive,SamplePlayer
6,status,10,villager,dead,SamplePlayer
6,status,11,werewolf,alive,SamplePlayer
6,status,12,villager,dead,SamplePlayer
6,result,1,1,werewolf
