0,status,1,bodyguard,alive,SamplePlayer
0,status,2,werewolf,alive,SamplePlayer
0,status,3,seer,alive,SamplePlayer
0,status,4,villager,alive,SamplePlayer
0,status,5,villager,alive,SamplePlayer
0,status,6,villager,alive,SamplePlayer
0,status,7,werewolf,alive,SamplePlayer
0,status,8,villager,alive,SamplePlayer
0,status,9,medium,alive,SamplePlayer
0,status,10,villager,alive,SamplePlayer
0,status,11,villager,alive,SamplePlayer
0,status,12,possessed,alive,SamplePlayer
0,talk,0,4,10 werewolf
0,talk,1,7,9 werewolf
0,talk,2,8,7 werewolf
0,talk,3,5,9 werewolf
0,talk,4,10,9 werewolf
0,talk,5,1,4 werewolf
0,talk,6,6,12 werewolf
0,talk,7,12,2 werewolf
0,talk,8,9,2 werewolf
0,talk,9,3,1 werewolf
0,talk,10,2,3 werewolf
0,talk,11,11,9 werewolf
0,whisper,0,2,Over
0,whisper,1,7,Over
0,talk,12,7,Over
0,talk,13,8,Over
0,talk,14,6,Over
0,talk,15,11,Over
0,talk,16,5,Over
0,talk,17,3,Over
0,talk,18,12,Over
0,talk,19,9,Over
0,talk,20,2,Over
0,talk,21,1,Over
0,talk,22,4,Over
0,talk,23,10,Over
0,whisper,2,7,Over
0,whisper,3,2,Over
0,vote,3,1
0,vote,4,10
0,vote,1,4
0,vote,2,3
0,vote,7,9
0,vote,8,7
0,vote,5,9
0,vote,6,12
0,vote,11,9
0,vote,12,2
0,vote,9,2
0,vote,10,9
0,divine,3,10,Human
0,guard,1,2,werewolf
0,attackVote,2,3
0,attackVote,7,6
0,execute,9,medium
0,attack,3,true
1,status,1,bodyguard,alive,SamplePlayer
1,status,2,werewolf,alive,SamplePlayer
1,status,3,seer,dead,SamplePlayer
1,status,4,villager,alive,SamplePlayer
1,status,5,villager,alive,SamplePlayer
1,status,6,villager,alive,SamplePlayer
1,status,7,werewolf,alive,SamplePlayer
1,status,8,villager,alive,SamplePlayer
1,status,9,medium,dead,SamplePlayer
1,status,10,villager,alive,SamplePlayer
1,status,11,villager,alive,SamplePlayer
1,status,12,possessed,alive,SamplePlayer
1,talk,0,8,10 werewolf
1,talk,1,4,10 werewolf
1,talk,2,11,1 werewolf
1,talk,3,10,12 werewolf
1,talk,4,5,10 werewolf
1,talk,5,1,10 werewolf
1,talk,6,7,7 werewolf
1,talk,7,12,5 werewolf
1,talk,8,6,4 werewolf
1,talk,9,2,10 werewolf
1,whisper,0,7,Over
1,whisper,1,2,Over
1,talk,10,6,Over
1,talk,11,8,Over
1,talk,12,7,Over
1,talk,13,12,Over
1,talk,14,11,Over
1,talk,15,2,Over
1,talk,16,5,Over
1,talk,17,10,Over
1,talk,18,1,Over
1,talk,19,4,Over
1,whisper,2,7,Over
1,whisper,3,2,Over
1,vote,4,10
1,vote,1,10
1,vote,2,10
1,vote,7,7
1,vote,8,10
1,vote,5,10
1,vote,6,4
1,vote,11,1
1,vote,12,5
1,vote,10,12
1,guard,1,8,villager
1,attackVote,2,5
1,attackVote,7,8
1,execute,10,villager
1,attack,8,false
2,status,1,bodyguard,alive,SamplePlayer
2,status,2,werewolf,alive,SamplePlayer
2,status,3,seer,dead,SamplePlayer
2,status,4,villager,alive,SamplePlayer
2,status,5,villager,alive,SamplePlayer
2,status,6,villager,alive,SamplePlayer
2,status,7,werewolf,alive,SamplePlayer
2,status,8,villager,alive,SamplePlayer
2,status,9,medium,dead,SamplePlayer
2,status,10,villager,dead,SamplePlayer
2,status,11,villager,alive,SamplePlayer
2,status,12,possessed,alive,SamplePlayer
2,talk,0,4,5 werewolf
2,talk,1,12,( 8 werewolf ) and ( 12 comingout seer ) and ( 1 inspected HUMAN ) and ( 5 inspected HUMAN ) 
2,talk,2,11,5 werewolf
2,talk,3,7,4 werewolf
2,talk,4,1,5 werewolf
2,talk,5,2,10 werewolf
2,talk,6,8,12 werewolf
2,talk,7,5,2 werewolf
2,talk,8,6,2 werewolf
2,whisper,0,2,Over
2,whisper,1,7,Over
2,talk,9,11,Over
2,talk,10,5,Over
2,talk,11,1,Over
2,talk,12,4,Over
2,talk,13,8,Over
2,talk,14,2,Over
2,talk,15,12,Over
2,talk,16,6,Over
2,talk,17,7,Over
2,whisper,2,2,Over
2,whisper,3,7,Over
2,vote,4,5
2,vote,1,5
2,vote,2,10
2,vote,7,4
2,vote,8,12
2,vote,5,2
2,vote,6,2
2,vote,11,5
2,vote,12,8
2,guard,1,12,possessed
2,attackVote,2,12
2,attackVote,7,5
2,execute,5,villager
2,attack,5,true
3,status,1,bodyguard,alive,SamplePlayer
3,status,2,werewolf,alive,SamplePlayer
3,status,3,seer,dead,SamplePlayer
3,status,4,villager,alive,SamplePlayer
3,status,5,villager,dead,SamplePlayer
3,status,6,villager,alive,SamplePlayer
3,status,7,werewolf,alive,SamplePlayer
3,status,8,villager,alive,SamplePlayer
3,status,9,medium,dead,SamplePlayer
3,status,10,villager,dead,SamplePlayer
3,status,11,villager,alive,SamplePlayer
3,status,12,possessed,alive,SamplePlayer
3,talk,0,12,( 7 werewolf ) and ( 11 inspected HUMAN ) 
3,talk,1,11,12 werewolf
3,talk,2,6,1 werewolf
3,talk,3,1,8 werewolf
3,talk,4,8,6 werewolf
3,talk,5,4,2 werewolf
3,talk,6,2,( 12 werewolf ) and ( 2 comingout seer ) and ( 10 inspected werewolf ) and ( 1 inspected HUMAN ) and ( 1 inspected HUMAN ) 
3,talk,7,7,4 werewolf
3,whisper,0,2,Over
3,whisper,1,7,Over
3,talk,8,2,Over
3,talk,9,6,Over
3,talk,10,1,11 werewolf
3,talk,11,8,7 werewolf
3,talk,12,7,Over
3,talk,13,12,2 werewolf
3,talk,14,11,6 werewolf
3,talk,15,4,8 werewolf
3,whisper,2,2,Over
3,whisper,3,7,Over
3,talk,16,1,Over
3,talk,17,7,Over
3,talk,18,6,Over
3,talk,19,8,Over
3,talk,20,12,Over
3,talk,21,11,Over
3,talk,22,4,Over
3,talk,23,2,Over
3,whisper,4,2,Over
3,whisper,5,7,Over
3,vote,4,8
3,vote,1,11
3,vote,2,12
3,vote,7,4
3,vote,8,7
3,vote,6,1
3,vote,11,6
3,vote,12,2
3,guard,1,2,werewolf
3,attackVote,2,12
3,attackVote,7,12
3,execute,1,bodyguard
3,attack,12,true
4,status,1,bodyguard,dead,SamplePlayer
4,status,2,werewolf,alive,SamplePlayer
4,status,3,seer,dead,SamplePlayer
4,status,4,villager,alive,SamplePlayer
4,status,5,villager,dead,SamplePlayer
4,status,6,villager,alive,SamplePlayer
4,status,7,werewolf,alive,SamplePlayer
4,status,8,villager,alive,SamplePlayer
4,status,9,medium,dead,SamplePlayer
4,status,10,villager,dead,SamplePlayer
4,status,11,villager,alive,SamplePlayer
4,status,12,possessed,dead,SamplePlayer
4,talk,0,7,4 werewolf
4,talk,1,8,7 werewolf
4,talk,2,2,( 10 werewolf ) and ( 11 inspected HUMAN ) 
4,talk,3,4,11 werewolf
4,talk,4,6,2 werewolf
4,talk,5,11,7 werewolf
4,whisper,0,7,Over
4,whisper,1,2,Over
4,talk,6,4,Over
4,talk,7,11,Over
4,talk,8,7,Over
4,talk,9,8,Over
4,talk,10,6,Over
4,talk,11,2,Over
4,whisper,2,2,Over
4,whisper,3,7,Over
4,vote,4,11
4,vote,2,10
4,vote,7,4
4,vote,8,7
4,vote,6,2
4,vote,11,7
4,attackVote,2,8
4,attackVote,7,8
4,execute,7,werewolf
4,attack,8,true
5,status,1,bodyguard,dead,SamplePlayer
5,status,2,werewolf,alive,SamplePlayer
5,status,3,seer,dead,SamplePlayer
5,status,4,villager,alive,SamplePlayer
5,status,5,villager,dead,SamplePlayer
5,status,6,villager,alive,SamplePlayer
5,status,7,werewolf,dead,SamplePlayer
5,status,8,villager,dead,SamplePlayer
5,status,9,medium,dead,SamplePlayer
5,status,10,villager,dead,SamplePlayer
5,status,11,villager,alive,SamplePlayer
5,status,12,possessed,dead,SamplePlayer
5,talk,0,4,2 werewolf
5,talk,1,2,( 10 werewolf ) and ( 4 inspected werewolf ) 
5,talk,2,6,11 werewolf
5,talk,3,11,4 werewolf
5,whisper,0,2,Over
5,talk,4,4,6 werewolf
5,talk,5,6,Over
5,talk,6,11,Over
5,talk,7,2,Over
5,whisper,1,2,Over
5,talk,8,6,Over
5,talk,9,4,Over
5,talk,10,2,Over
5,talk,11,11,Over
5,whisper,2,2,Over
5,vote,4,6
5,vote,2,10
5,vote,6,11
5,vote,11,4
5,attackVote,2,4
5,execute,6,villager
5,attack,4,true
6,status,1,bodyguard,dead,SamplePlayer
6,status,2,werewolf,alive,SamplePlayer
6,status,3,seer,dead,SamplePlayer
6,status,4,villager,dead,SamplePlayer
6,status,5,villager,dead,SamplePlayer
6,status,6,villager,dead,SamplePlayer
6,status,7,werewolf,dead,SamplePlayer
6,status,8,villager,dead,SamplePlayer
6,status,9,medium,dead,SamplePlayer
6,status,10,villager,dead,SamplePlayer
6,status,11,villager,alive,SamplePlayer
6,status,12,possessed,dead,SamplePlayer
6,result,1,1,werewolf
