0,status,1,medium,alive,SamplePlayer
0,status,2,villager,alive,SamplePlayer
0,status,3,werewolf,alive,SamplePlayer
0,status,4,villager,alive,SamplePlayer
0,status,5,seer,alive,SamplePlayer
0,status,6,villager,alive,SamplePlayer
0,status,7,villager,alive,SamplePlayer
0,status,8,bodyguard,alive,SamplePlayer
0,status,9,villager,alive,SamplePlayer
0,status,10,werewolf,alive,SamplePlayer
0,status,11,possessed,alive,SamplePlayer
0,status,12,villager,alive,SamplePlayer
0,talk,0,6,2 werewolf
0,talk,1,5,9 werewolf
0,talk,2,10,4 werewolf
0,talk,3,11,10 werewolf
0,talk,4,3,8 werewolf
0,talk,5,7,9 werewolf
0,talk,6,8,4 werewolf
0,talk,7,1,11 werewolf
0,talk,8,12,2 werewolf
0,talk,9,2,4 werewolf
0,talk,10,9,8 werewolf
0,talk,11,4,2 werewolf
0,whisper,0,10,Over
0,whisper,1,3,Over
0,talk,12,10,Over
0,talk,13,1,Over
0,talk,14,8,Over
0,talk,15,9,Over
0,talk,16,3,Over
0,talk,17,11,Over
0,talk,18,4,Over
0,talk,19,7,Over
0,talk,20,5,Over
0,talk,21,6,Over
0,talk,22,12,Over
0,talk,23,2,Over
0,whisper,2,10,Over
0,whisper,3,3,Over
0,vote,3,8
0,vote,4,2
0,vote,1,11
0,vote,2,4
0,vote,7,9
0,vote,8,4
0,vote,5,9
0,vote,6,2
0,vote,11,10
0,vote,12,2
0,vote,9,8
0,vote,10,4
0,divine,5,2,Human
0,guard,8,12,villager
0,attackVote,3,4
0,attackVote,10,2
0,execute,4,villager
0,attack,4,true
1,status,1,medium,alive,SamplePlayer
1,status,2,villager,alive,SamplePlayer
1,status,3,werewolf,alive,SamplePlayer
1,status,4,villager,dead,SamplePlayer
1,status,5,seer,alive,SamplePlayer
1,status,6,villager,alive,SamplePlayer
1,status,7,villager,alive,SamplePlayer
1,status,8,bodyguard,alive,SamplePlayer
1,status,9,villager,alive,SamplePlayer
1,status,10,werewolf,alive,SamplePlayer
1,status,11,possessed,alive,SamplePlayer
1,status,12,villager,alive,SamplePlayer
1,talk,0,12,11 werewolf
1,talk,1,5,( 6 werewolf ) and ( 5 comingout seer ) and ( 2 inspected HUMAN ) 
1,talk,2,7,5 werewolf
1,talk,3,10,6 werewolf
1,talk,4,3,8 werewolf
1,talk,5,9,5 werewolf
1,talk,6,1,6 werewolf
1,talk,7,2,5 werewolf
1,talk,8,11,8 werewolf
1,talk,9,8,12 werewolf
1,talk,10,6,3 werewolf
1,whisper,0,10,Over
1,whisper,1,3,Over
1,talk,11,1,Over
1,talk,12,7,Over
1,talk,13,12,8 werewolf
1,talk,14,6,Over
1,talk,15,8,Over
1,talk,16,5,Over
1,talk,17,10,Over
1,talk,18,2,Over
1,talk,19,11,Over
1,talk,20,3,Over
1,talk,21,9,Over
1,whisper,2,3,Over
1,whisper,3,10,Over
1,talk,22,5,Over
1,talk,23,11,Over
1,talk,24,10,Over
1,talk,25,8,Over
1,talk,26,12,Over
1,talk,27,1,Over
1,talk,28,3,Over
1,talk,29,6,Over
1,talk,30,7,Over
1,talk,31,2,Over
1,talk,32,9,Over
1,whisper,4,3,Over
1,whisper,5,10,Over
1,vote,3,8
1,vote,1,6
1,vote,2,5
1,vote,7,5
1,vote,8,12
1,vote,5,6
1,vote,6,3
1,vote,11,8
1,vote,12,8
1,vote,9,5
1,vote,10,6
1,divine,5,9,Human
1,guard,8,5,seer
1,attackVote,3,11
1,attackVote,10,5
1,execute,8,bodyguard
1,attack,11,true
2,status,1,medium,alive,SamplePlayer
2,status,2,villager,alive,SamplePlayer
2,status,3,werewolf,alive,SamplePlayer
2,status,4,villager,dead,SamplePlayer
2,status,5,seer,alive,SamplePlayer
2,status,6,villager,alive,SamplePlayer
2,status,7,villager,alive,SamplePlayer
2,status,8,bodyguard,dead,SamplePlayer
2,status,9,villager,alive,SamplePlayer
2,status,10,werewolf,alive,SamplePlayer
2,status,11,possessed,dead,SamplePlayer
2,status,12,villager,alive,SamplePlayer
2,talk,0,10,9 werewolf
2,talk,1,9,10 werewolf
2,talk,2,7,9 werewolf
2,talk,3,2,1 werewolf
2,talk,4,12,9 werewolf
2,talk,5,3,9 werewolf
2,talk,6,1,( 5 werewolf ) and ( 1 comingout medium ) and ( 4 medium_telled HUMAN ) and ( 8 medium_telled HUMAN ) 
2,talk,7,5,( 6 werewolf ) and ( 9 inspected HUMAN ) 
2,talk,8,6,5 werewolf
2,whisper,0,10,Over
2,whisper,1,3,Over
2,talk,9,2,12 werewolf
2,talk,10,10,Over
2,talk,11,6,Over
2,talk,12,7,Over
2,talk,13,9,Over
2,talk,14,5,Over
2,talk,15,3,Over
2,talk,16,12,Over
2,talk,17,1,7 werewolf
2,whisper,2,3,Over
2,whisper,3,10,Over
2,talk,18,12,Over
2,talk,19,3,Over
2,talk,20,6,Over
2,talk,21,2,Over
2,talk,22,10,Over
2,talk,23,7,Over
2,talk,24,1,Over
2,talk,25,9,Over
2,talk,26,5,Over
2,whisper,4,10,Over
2,whisper,5,3,Over
2,vote,3,9
2,vote,1,7
2,vote,2,12
2,vote,7,9
2,vote,5,6
2,vote,6,5
2,vote,12,9
2,vote,9,10
2,vote,10,9
2,divine,5,10,Werewolf
2,attackVote,3,5
2,attackVote,10,5
2,execute,9,villager
2,attack,5,true
3,status,1,medium,alive,SamplePlayer
3,status,2,villager,alive,SamplePlayer
3,status,3,werewolf,alive,SamplePlayer
3,status,4,villager,dead,SamplePlayer
3,status,5,seer,dead,SamplePlayer
3,status,6,villager,alive,SamplePlayer
3,status,7,villager,alive,SamplePlayer
3,status,8,bodyguard,dead,SamplePlayer
3,status,9,villager,dead,SamplePlayer
3,status,10,werewolf,alive,SamplePlayer
3,status,11,possessed,dead,SamplePlayer
3,status,12,villager,alive,SamplePlayer
3,talk,0,7,10 werewolf
3,talk,1,2,10 werewolf
3,talk,2,1,( 10 werewolf ) and ( 9 medium_telled HUMAN ) 
3,talk,3,3,6 werewolf
3,talk,4,12,2 werewolf
3,talk,5,10,3 werewolf
3,talk,6,6,12 werewolf
3,whisper,0,10,Over
3,whisper,1,3,Over
3,talk,7,3,Over
3,talk,8,1,Over
3,talk,9,10,Over
3,talk,10,6,Over
3,talk,11,7,Over
3,talk,12,12,Over
3,talk,13,2,Over
3,whisper,2,3,Over
3,whisper,3,10,Over
3,vote,3,6
3,vote,1,10
3,vote,2,10
3,vote,7,10
3,vote,6,12
3,vote,12,2
3,vote,10,3
3,attackVote,3,1
3,attackVote,10,1
3,execute,10,werewolf
3,attack,1,true
4,status,1,medium,dead,SamplePlayer
4,status,2,villager,alive,SamplePlayer
4,status,3,werewolf,alive,SamplePlayer
4,status,4,villager,dead,SamplePlayer
4,status,5,seer,dead,SamplePlayer
4,status,6,villager,alive,SamplePlayer
4,status,7,villager,alive,SamplePlayer
4,status,8,bodyguard,dead,SamplePlayer
4,status,9,villager,dead,SamplePlayer
4,status,10,werewolf,dead,SamplePlayer
4,status,11,possessed,dead,SamplePlayer
4,status,12,villager,alive,SamplePlayer
4,talk,0,6,3 werewolf
4,talk,1,12,7 werewolf
4,talk,2,7,2 werewolf
4,talk,3,3,3 werewolf
4,talk,4,2,3 werewolf
4,whisper,0,3,Over
4,talk,5,6,Over
4,talk,6,12,Over
4,talk,7,2,Over
4,talk,8,7,Over
4,talk,9,3,Over
4,whisper,1,3,Over
4,vote,3,3
4,vote,2,3
4,vote,7,2
4,vote,6,3
4,vote,12,7
4,attackVote,3,2
4,execute,3,werewolf
5,status,1,medium,dead,SamplePlayer
5,status,2,villager,alive,SamplePlayer
5,status,3,werewolf,dead,SamplePlayer
5,status,4,villager,dead,SamplePlayer
5,status,5,seer,dead,SamplePlayer
5,status,6,villager,alive,SamplePlayer
5,status,7,villager,alive,SamplePlayer
5,status,8,bodyguard,dead,SamplePlayer
5,status,9,villager,dead,SamplePlayer
5,status,10,werewolf,dead,SamplePlayer
5,status,11,possessed,dead,SamplePlayer
5,status,12,villager,alive,SamplePlayer
5,result,4,0,villager
