0,status,1,villager,alive,SamplePlayer
0,status,2,bodyguard,alive,SamplePlayer
0,status,3,werewolf,alive,SamplePlayer
0,status,4,possessed,alive,SamplePlayer
0,status,5,seer,alive,SamplePlayer
0,status,6,werewolf,alive,SamplePlayer
0,status,7,villager,alive,SamplePlayer
0,status,8,villager,alive,SamplePlayer
0,status,9,villager,alive,SamplePlayer
0,status,10,villager,alive,SamplePlayer
0,status,11,villager,alive,SamplePlayer
0,status,12,medium,alive,SamplePlayer
0,talk,0,11,7 werewolf
0,talk,1,6,5 werewolf
0,talk,2,7,8 werewolf
0,talk,3,10,5 werewolf
0,talk,4,12,3 werewolf
0,talk,5,3,12 werewolf
0,talk,6,9,5 werewolf
0,talk,7,1,10 werewolf
0,talk,8,4,4 werewolf
0,talk,9,5,12 werewolf
0,talk,10,8,2 werewolf
0,talk,11,2,4 werewolf
0,whisper,0,3,Over
0,whisper,1,6,Over
0,talk,12,3,Over
0,talk,13,2,Over
0,talk,14,5,Over
0,talk,15,12,Over
0,talk,16,11,Over
0,talk,17,7,Over
0,talk,18,9,Over
0,talk,19,6,Over
0,talk,20,10,Over
0,talk,21,8,Over
0,talk,22,4,Over
0,talk,23,1,Over
0,whisper,2,6,Over
0,whisper,3,3,Over
0,vote,3,12
0,vote,4,4
0,vote,1,10
0,vote,2,4
0,vote,7,8
0,vote,8,2
0,vote,5,12
0,vote,6,5
0,vote,11,7
0,vote,12,3
0,vote,9,5
0,vote,10,5
0,divine,5,10,Human
0,guard,2,8,villager
0,attackVote,3,8
0,attackVote,6,4
0,execute,5,seer
0,attack,8,false
1,status,1,villager,alive,SamplePlayer
1,status,2,bodyguard,alive,SamplePlayer
1,status,3,werewolf,alive,SamplePlayer
1,status,4,possessed,alive,SamplePlayer
1,status,5,seer,dead,SamplePlayer
1,status,6,werewolf,alive,SamplePlayer
1,status,7,villager,alive,SamplePlayer
1,status,8,villager,alive,SamplePlayer
1,status,9,villager,alive,SamplePlayer
1,status,10,villager,alive,SamplePlayer
1,status,11,villager,alive,SamplePlayer
1,status,12,medium,alive,SamplePlayer
1,talk,0,4,5 werewolf
1,talk,1,1,6 werewolf
1,talk,2,7,4 werewolf
1,talk,3,6,( 3 werewolf ) and ( 6 comingout seer ) and ( 7 inspected HUMAN ) 
1,talk,4,11,7 werewolf
1,talk,5,10,7 werewolf
1,talk,6,8,3 werewolf
1,talk,7,2,7 werewolf
1,talk,8,3,4 werewolf
1,talk,9,12,9 werewolf
1,talk,10,9,7 werewolf
1,whisper,0,3,Over
1,whisper,1,6,Over
1,talk,11,1,9 werewolf
1,talk,12,7,2 werewolf
1,talk,13,4,Over
1,talk,14,9,Over
1,talk,15,3,Over
1,talk,16,2,Over
1,talk,17,12,Over
1,talk,18,8,Over
1,talk,19,6,Over
1,talk,20,10,Over
1,talk,21,11,Over
1,whisper,2,6,Over
1,whisper,3,3,Over
1,talk,22,8,Over
1,talk,23,4,Over
1,talk,24,12,Over
1,talk,25,3,Over
1,talk,26,6,Over
1,talk,27,9,Over
1,talk,28,10,Over
1,talk,29,2,Over
1,talk,30,7,Over
1,talk,31,11,Over
1,talk,32,1,Over
1,whisper,4,6,Over
1,whisper,5,3,Over
1,vote,3,4
1,vote,4,5
1,vote,1,9
1,vote,2,7
1,vote,7,2
1,vote,8,3
1,vote,6,3
1,vote,11,7
1,vote,12,9
1,vote,9,7
1,vote,10,7
1,guard,2,6,werewolf
1,attackVote,3,9
1,attackVote,6,1
1,execute,7,villager
1,attack,9,true
2,status,1,villager,alive,SamplePlayer
2,status,2,bodyguard,alive,SamplePlayer
2,status,3,werewolf,alive,SamplePlayer
2,status,4,possessed,alive,SamplePlayer
2,status,5,seer,dead,SamplePlayer
2,status,6,werewolf,alive,SamplePlayer
2,status,7,villager,dead,SamplePlayer
2,status,8,villager,alive,SamplePlayer
2,status,9,villager,dead,SamplePlayer
2,status,10,villager,alive,SamplePlayer
2,status,11,villager,alive,SamplePlayer
2,status,12,medium,alive,SamplePlayer
2,talk,0,8,1 werewolf
2,talk,1,3,4 werewolf
2,talk,2,1,8 werewolf
2,talk,3,12,10 werewolf
2,talk,4,11,8 werewolf
2,talk,5,10,3 werewolf
2,talk,6,6,( 12 werewolf ) and ( 8 inspected werewolf ) 
2,talk,7,2,8 werewolf
2,talk,8,4,( 5 werewolf ) and ( 4 comingout medium ) and ( 5 medium_telled werewolf ) and ( 2 medium_telled werewolf ) 
2,whisper,0,6,Over
2,whisper,1,3,Over
2,talk,9,10,8 werewolf
2,talk,10,12,4 werewolf
2,talk,11,1,Over
2,talk,12,11,Over
2,talk,13,2,Over
2,talk,14,4,Over
2,talk,15,8,Over
2,talk,16,3,Over
2,talk,17,6,8 werewolf
2,whisper,2,6,Over
2,whisper,3,3,Over
2,talk,18,12,Over
2,talk,19,8,Over
2,talk,20,6,Over
2,talk,21,2,Over
2,talk,22,1,Over
2,talk,23,4,Over
2,talk,24,10,Over
2,talk,25,3,Over
2,talk,26,11,Over
2,whisper,4,6,Over
2,whisper,5,3,Over
2,vote,3,4
2,vote,4,5
2,vote,1,8
2,vote,2,8
2,vote,8,1
2,vote,6,8
2,vote,11,8
2,vote,12,4
2,vote,10,8
2,guard,2,4,possessed
2,attackVote,3,10
2,attackVote,6,10
2,execute,8,villager
2,attack,10,true
3,status,1,villager,alive,SamplePlayer
3,status,2,bodyguard,alive,SamplePlayer
3,status,3,werewolf,alive,SamplePlayer
3,status,4,possessed,alive,SamplePlayer
3,status,5,seer,dead,SamplePlayer
3,status,6,werewolf,alive,SamplePlayer
3,status,7,villager,dead,SamplePlayer
3,status,8,villager,dead,SamplePlayer
3,status,9,villager,dead,SamplePlayer
3,status,10,villager,dead,SamplePlayer
3,status,11,villager,alive,SamplePlayer
3,status,12,medium,alive,SamplePlayer
3,talk,0,3,( 4 werewolf ) and ( 3 comingout seer ) and ( 4 inspected werewolf ) and ( 1 inspected werewolf ) and ( 2 inspected HUMAN ) 
3,talk,1,4,( 2 werewolf ) and ( 1 medium_telled HUMAN ) 
3,talk,2,6,( 8 werewolf ) and ( 4 inspected werewolf ) 
3,talk,3,2,1 werewolf
3,talk,4,1,4 werewolf
3,talk,5,12,( 4 werewolf ) and ( 12 comingout medium ) and ( 5 medium_telled HUMAN ) and ( 7 medium_telled HUMAN ) and ( 8 medium_telled HUMAN ) 
3,talk,6,11,4 werewolf
3,whisper,0,6,Over
3,whisper,1,3,Over
3,talk,7,6,Over
3,talk,8,12,Over
3,talk,9,11,Over
3,talk,10,2,Over
3,talk,11,4,Over
3,talk,12,3,Over
3,talk,13,1,Over
3,whisper,2,3,Over
3,whisper,3,6,Over
3,vote,3,4
3,vote,4,2
3,vote,1,4
3,vote,2,1
3,vote,6,8
3,vote,11,4
3,vote,12,4
3,guard,2,6,werewolf
3,attackVote,3,11
3,attackVote,6,4
3,execute,4,possessed
3,attack,11,true
4,status,1,villager,alive,SamplePlayer
4,status,2,bodyguard,alive,SamplePlayer
4,status,3,werewolf,alive,SamplePlayer
4,status,4,possessed,dead,SamplePlayer
4,status,5,seer,dead,SamplePlayer
4,status,6,werewolf,alive,SamplePlayer
4,status,7,villager,dead,SamplePlayer
4,status,8,villager,dead,SamplePlayer
4,status,9,villager,dead,SamplePlayer
4,status,10,villager,dead,SamplePlayer
4,status,11,villager,dead,SamplePlayer
4,status,12,medium,alive,SamplePlayer
4,talk,0,3,( 4 werewolf ) and ( 2 inspected werewolf ) 
4,talk,1,6,( 8 werewolf ) and ( 12 inspected werewolf ) 
4,talk,2,2,1 werewolf
4,talk,3,1,2 werewolf
4,talk,4,12,( 3 werewolf ) and ( 4 medium_telled HUMAN ) 
4,whisper,0,6,Over
4,whisper,1,3,Over
4,talk,5,2,Over
4,talk,6,3,Over
4,talk,7,6,Over
4,talk,8,1,Over
4,talk,9,12,Over
4,whisper,2,3,Over
4,whisper,3,6,Over
4,vote,3,4
4,vote,1,2
4,vote,2,1
4,vote,6,8
4,vote,12,3
4,guard,2,12,medium
4,attackVote,3,12
4,attackVote,6,12
4,execute,1,villager
4,attack,12,false
5,status,1,villager,dead,SamplePlayer
5,status,2,bodyguard,alive,SamplePlayer
5,status,3,werewolf,alive,SamplePlayer
5,status,4,possessed,dead,SamplePlayer
5,status,5,seer,dead,SamplePlayer
5,status,6,werewolf,alive,SamplePlayer
5,status,7,villager,dead,SamplePlayer
5,status,8,villager,dead,SamplePlayer
5,status,9,villager,dead,SamplePlayer
5,status,10,villager,dead,SamplePlayer
5,status,11,villager,dead,SamplePlayer
5,status,12,medium,alive,SamplePlayer
5,result,2,2,werewolf
