0,status,1,villager,alive,SamplePlayer
0,status,2,possessed,alive,SamplePlayer
0,status,3,villager,alive,SamplePlayer
0,status,4,seer,alive,SamplePlayer
0,status,5,villager,alive,SamplePlayer
0,status,6,medium,alive,SamplePlayer
0,status,7,werewolf,alive,SamplePlayer
0,status,8,bodyguard,alive,SamplePlayer
0,status,9,villager,alive,SamplePlayer
0,status,10,werewolf,alive,SamplePlayer
0,status,11,villager,alive,SamplePlayer
0,status,12,villager,alive,SamplePlayer
0,talk,0,7,4 werewolf
0,talk,1,9,12 werewolf
0,talk,2,6,9 werewolf
0,talk,3,8,1 werewolf
0,talk,4,1,7 werewolf
0,talk,5,4,9 werewolf
0,talk,6,5,1 werewolf
0,talk,7,3,6 werewolf
0,talk,8,10,5 werewolf
0,talk,9,2,7 werewolf
0,talk,10,12,4 werewolf
0,talk,11,11,2 werewolf
0,whisper,0,10,Over
0,whisper,1,7,Over
0,talk,12,12,Over
0,talk,13,10,Over
0,talk,14,8,Over
0,talk,15,7,Over
0,talk,16,9,Over
0,talk,17,4,Over
0,talk,18,6,Over
0,talk,19,11,Over
0,talk,20,5,Over
0,talk,21,2,Over
0,talk,22,3,Over
0,talk,23,1,Over
0,whisper,2,7,Over
0,whisper,3,10,Over
0,vote,3,6
0,vote,4,9
0,vote,1,7
0,vote,2,7
0,vote,7,4
0,vote,8,1
0,vote,5,1
0,vote,6,9
0,vote,11,2
0,vote,12,4
0,vote,9,12
0,vote,10,5
0,divine,4,6,Human
0,guard,8,3,villager
0,attackVote,7,9
0,attackVote,10,4
0,execute,7,werewolf
0,attack,4,true
1,status,1,villager,alive,SamplePlayer
1,status,2,possessed,alive,SamplePlayer
1,status,3,villager,alive,SamplePlayer
1,status,4,seer,dead,SamplePlayer
1,status,5,villager,alive,SamplePlayer
1,status,6,medium,alive,SamplePlayer
1,status,7,werewolf,dead,SamplePlayer
1,status,8,bodyguard,alive,SamplePlayer
1,status,9,villager,alive,SamplePlayer
1,status,10,werewolf,alive,SamplePlayer
1,status,11,villager,alive,SamplePlayer
1,status,12,villager,alive,SamplePlayer
1,talk,0,2,8 werewolf
1,talk,1,12,3 werewolf
1,talk,2,6,( 8 werewolf ) and ( 6 comingout medium ) and ( 7 medium_telled werewolf ) 
1,talk,3,8,1 werewolf
1,talk,4,5,12 werewolf
1,talk,5,3,2 werewolf
1,talk,6,10,( 12 werewolf ) and ( 10 comingout medium ) and ( 12 medium_telled werewolf ) 
1,talk,7,1,6 werewolf
1,talk,8,9,8 werewolf
1,talk,9,11,1 werewolf
1,whisper,0,10,Over
1,talk,10,3,Over
1,talk,11,12,Over
1,talk,12,10,Over
1,talk,13,5,Over
1,talk,14,8,Over
1,talk,15,9,Over
1,talk,16,6,10 werewolf
1,talk,17,11,Over
1,talk,18,2,Over
1,talk,19,1,Over
1,whisper,1,10,Over
1,talk,20,5,Over
1,talk,21,1,Over
1,talk,22,2,Over
1,talk,23,6,Over
1,talk,24,12,Over
1,talk,25,8,Over
1,talk,26,9,Over
1,talk,27,11,Over
1,talk,28,10,Over
1,talk,29,3,Over
1,whisper,2,10,Over
1,vote,3,2
1,vote,1,6
1,vote,2,8
1,vote,8,1
1,vote,5,12
1,vote,6,10
1,vote,11,1
1,vote,12,3
1,vote,9,8
1,vote,10,12
1,guard,8,12,villager
1,attackVote,10,6
1,execute,8,bodyguard
1,attack,6,true
2,status,1,villager,alive,SamplePlayer
2,status,2,possessed,alive,SamplePlayer
2,status,3,villager,alive,SamplePlayer
2,status,4,seer,dead,SamplePlayer
2,status,5,villager,alive,SamplePlayer
2,status,6,medium,dead,SamplePlayer
2,status,7,werewolf,dead,SamplePlayer
2,status,8,bodyguard,dead,SamplePlayer
2,status,9,villager,alive,SamplePlayer
2,status,10,werewolf,alive,SamplePlayer
2,status,11,villager,alive,SamplePlayer
2,status,12,villager,alive,SamplePlayer
2,talk,0,10,( 12 werewolf ) and ( 2 medium_telled werewolf ) 
2,talk,1,1,5 werewolf
2,talk,2,9,11 werewolf
2,talk,3,3,1 werewolf
2,talk,4,11,10 werewolf
2,talk,5,12,1 werewolf
2,talk,6,2,5 werewolf
2,talk,7,5,9 werewolf
2,whisper,0,10,Over
2,talk,8,9,Over
2,talk,9,2,Over
2,talk,10,3,Over
2,talk,11,11,Over
2,talk,12,12,Over
2,talk,13,5,Over
2,talk,14,10,Over
2,talk,15,1,Over
2,whisper,1,10,Over
2,vote,3,1
2,vote,1,5
2,vote,2,5
2,vote,5,9
2,vote,11,10
2,vote,12,1
2,vote,9,11
2,vote,10,12
2,attackVote,10,3
2,execute,5,villager
2,attack,3,true
3,status,1,villager,alive,SamplePlayer
3,status,2,possessed,alive,SamplePlayer
3,status,3,villager,dead,SamplePlayer
3,status,4,seer,dead,SamplePlayer
3,status,5,villager,dead,SamplePlayer
3,status,6,medium,dead,SamplePlayer
3,status,7,werewolf,dead,SamplePlayer
3,status,8,bodyguard,dead,SamplePlayer
3,status,9,villager,alive,SamplePlayer
3,status,10,werewolf,alive,SamplePlayer
3,status,11,villager,alive,SamplePlayer
3,status,12,villager,alive,SamplePlayer
3,talk,0,11,10 werewolf
3,talk,1,12,10 werewolf
3,talk,2,10,( 2 werewolf ) and ( 9 medium_telled werewolf ) 
3,talk,3,1,10 werewolf
3,talk,4,2,( 2 werewolf ) and ( 2 comingout seer ) and ( 9 inspected HUMAN ) and ( 1 inspected HUMAN ) and ( 10 inspected HUMAN ) 
3,talk,5,9,10 werewolf
3,whisper,0,10,Over
3,talk,6,9,Over
3,talk,7,11,Over
3,talk,8,12,Over
3,talk,9,10,Over
3,talk,10,1,Over
3,talk,11,2,Over
3,whisper,1,10,Over
3,vote,1,10
3,vote,2,2
3,vote,11,10
3,vote,12,10
3,vote,9,10
3,vote,10,2
3,attackVote,10,11
3,execute,10,werewolf
4,status,1,villager,alive,SamplePlayer
4,status,2,possessed,alive,SamplePlayer
4,status,3,villager,dead,SamplePlayer
4,status,4,seer,dead,SamplePlayer
4,status,5,villager,dead,SamplePlayer
4,status,6,medium,dead,SamplePlayer
4,status,7,werewolf,dead,SamplePlayer
4,status,8,bodyguard,dead,SamplePlayer
4,status,9,villager,alive,SamplePlayer
4,status,10,werewolf,dead,SamplePlayer
4,status,11,villager,alive,SamplePlayer
4,status,12,villager,alive,SamplePlayer
4,result,5,0,villager
