0,status,1,bodyguard,alive,SamplePlayer
0,status,2,villager,alive,SamplePlayer
0,status,3,villager,alive,SamplePlayer
0,status,4,medium,alive,SamplePlayer
0,status,5,villager,alive,SamplePlayer
0,status,6,werewolf,alive,SamplePlayer
0,status,7,seer,alive,SamplePlayer
0,status,8,possessed,alive,SamplePlayer
0,status,9,villager,alive,SamplePlayer
0,status,10,werewolf,alive,SamplePlayer
0,status,11,villager,alive,SamplePlayer
0,status,12,villager,alive,SamplePlayer
0,talk,0,11,9 werewolf
0,talk,1,8,12 werewolf
0,talk,2,5,10 werewolf
0,talk,3,6,4 werewolf
0,talk,4,7,11 werewolf
0,talk,5,4,12 werewolf
0,talk,6,10,3 werewolf
0,talk,7,9,5 werewolf
0,talk,8,3,11 werewolf
0,talk,9,2,7 werewolf
0,talk,10,12,3 werewolf
0,talk,11,1,5 werewolf
0,whisper,0,10,Over
0,whisper,1,6,Over
0,talk,12,7,Over
0,talk,13,9,Over
0,talk,14,4,Over
0,talk,15,3,Over
0,talk,16,10,Over
0,talk,17,6,Over
0,talk,18,2,Over
0,talk,19,5,Over
0,talk,20,1,Over
0,talk,21,12,Over
0,talk,22,11,Over
0,talk,23,8,Over
0,whisper,2,6,Over
0,whisper,3,10,Over
0,vote,3,11
0,vote,4,12
0,vote,1,5
0,vote,2,7
0,vote,7,11
0,vote,8,12
0,vote,5,10
0,vote,6,4
0,vote,11,9
0,vote,12,3
0,vote,9,5
0,vote,10,3
0,divine,7,9,Human
0,guard,1,5,villager
0,attackVote,6,9
0,attackVote,10,2
0,execute,12,villager
0,attack,2,true
1,status,1,bodyguard,alive,SamplePlayer
1,status,2,villager,dead,SamplePlayer
1,status,3,villager,alive,SamplePlayer
1,status,4,medium,alive,SamplePlayer
1,status,5,villager,alive,SamplePlayer
1,status,6,werewolf,alive,SamplePlayer
1,status,7,seer,alive,SamplePlayer
1,status,8,possessed,alive,SamplePlayer
1,status,9,villager,alive,SamplePlayer
1,status,10,werewolf,alive,SamplePlayer
1,status,11,villager,alive,SamplePlayer
1,status,12,villager,dead,SamplePlayer
1,talk,0,7,8 werewolf
1,talk,1,1,7 werewolf
1,talk,2,4,( 6 werewolf ) and ( 4 comingout medium ) and ( 12 medium_telled HUMAN ) 
1,talk,3,6,( 5 werewolf ) and ( 6 comingout seer ) and ( 10 inspected HUMAN ) 
1,talk,4,11,10 werewolf
1,talk,5,5,6 werewolf
1,talk,6,9,4 werewolf
1,talk,7,10,8 werewolf
1,talk,8,3,11 werewolf
1,talk,9,8,10 werewolf
1,whisper,0,10,Over
1,whisper,1,6,Over
1,talk,10,11,Over
1,talk,11,9,Over
1,talk,12,10,Over
1,talk,13,5,Over
1,talk,14,6,4 werewolf
1,talk,15,1,Over
1,talk,16,7,6 werewolf
1,talk,17,4,10 werewolf
1,talk,18,8,Over
1,talk,19,3,Over
1,whisper,2,10,Over
1,whisper,3,6,Over
1,talk,20,3,Over
1,talk,21,7,Over
1,talk,22,5,Over
1,talk,23,8,Over
1,talk,24,1,Over
1,talk,25,11,Over
1,talk,26,9,Over
1,talk,27,10,Over
1,talk,28,4,Over
1,talk,29,6,Over
1,whisper,4,10,Over
1,whisper,5,6,Over
1,vote,3,11
1,vote,4,10
1,vote,1,7
1,vote,7,6
1,vote,8,10
1,vote,5,6
1,vote,6,4
1,vote,11,10
1,vote,9,4
1,vote,10,8
1,divine,7,4,Human
1,guard,1,6,werewolf
1,attackVote,6,4
1,attackVote,10,4
1,execute,10,werewolf
1,attack,4,true
2,status,1,bodyguard,alive,SamplePlayer
2,status,2,villager,dead,SamplePlayer
2,status,3,villager,alive,SamplePlayer
2,status,4,medium,dead,SamplePlayer
2,status,5,villager,alive,SamplePlayer
2,status,6,werewolf,alive,SamplePlayer
2,status,7,seer,alive,SamplePlayer
2,status,8,possessed,alive,SamplePlayer
2,status,9,villager,alive,SamplePlayer
2,status,10,werewolf,dead,SamplePlayer
2,status,11,villager,alive,SamplePlayer
2,status,12,villager,dead,SamplePlayer
2,talk,0,9,8 werewolf
2,talk,1,8,6 werewolf
2,talk,2,1,8 werewolf
2,talk,3,3,11 werewolf
2,talk,4,6,( 9 werewolf ) and ( 3 inspected werewolf ) 
2,talk,5,11,3 werewolf
2,talk,6,5,3 werewolf
2,talk,7,7,( 6 werewolf ) and ( 7 comingout seer ) and ( 9 inspected HUMAN ) and ( 4 inspected HUMAN ) 
2,whisper,0,6,Over
2,talk,8,8,Over
2,talk,9,1,3 werewolf
2,talk,10,7,Over
2,talk,11,3,8 werewolf
2,talk,12,6,3 werewolf
2,talk,13,11,Over
2,talk,14,9,3 werewolf
2,talk,15,5,Over
2,whisper,1,6,Over
2,talk,16,11,Over
2,talk,17,6,Over
2,talk,18,5,Over
2,talk,19,8,Over
2,talk,20,3,Over
2,talk,21,1,Over
2,talk,22,9,Over
2,talk,23,7,Over
2,whisper,2,6,Over
2,vote,3,8
2,vote,1,3
2,vote,7,6
2,vote,8,6
2,vote,5,3
2,vote,6,3
2,vote,11,3
2,vote,9,3
2,divine,7,8,Human
2,guard,1,7,seer
2,attackVote,6,7
2,execute,3,villager
2,attack,7,false
3,status,1,bodyguard,alive,SamplePlayer
3,status,2,villager,dead,SamplePlayer
3,status,3,villager,dead,SamplePlayer
3,status,4,medium,dead,SamplePlayer
3,status,5,villager,alive,SamplePlayer
3,status,6,werewolf,alive,SamplePlayer
3,status,7,seer,alive,SamplePlayer
3,status,8,possessed,alive,SamplePlayer
3,status,9,villager,alive,SamplePlayer
3,status,10,werewolf,dead,SamplePlayer
3,status,11,villager,alive,SamplePlayer
3,status,12,villager,dead,SamplePlayer
3,talk,0,6,( 3 werewolf ) and ( 9 inspected HUMAN ) 
3,talk,1,5,8 werewolf
3,talk,2,9,8 werewolf
3,talk,3,7,( 6 werewolf ) and ( 8 inspected HUMAN ) 
3,talk,4,8,7 werewolf
3,talk,5,11,5 werewolf
3,talk,6,1,8 werewolf
3,whisper,0,6,Over
3,talk,7,6,Over
3,talk,8,8,Over
3,talk,9,11,Over
3,talk,10,9,Over
3,talk,11,7,Over
3,talk,12,1,Over
3,talk,13,5,Over
3,whisper,1,6,Over
3,vote,1,8
3,vote,7,6
3,vote,8,7
3,vote,5,8
3,vote,6,3
3,vote,11,5
3,vote,9,8
3,divine,7,9,Human
3,guard,1,7,seer
3,attackVote,6,7
3,execute,8,possessed
3,attack,7,false
4,status,1,bodyguard,alive,SamplePlayer
4,status,2,villager,dead,SamplePlayer
4,status,3,villager,dead,SamplePlayer
4,status,4,medium,dead,SamplePlayer
4,status,5,villager,alive,SamplePlayer
4,status,6,werewolf,alive,SamplePlayer
4,status,7,seer,alive,SamplePlayer
4,status,8,possessed,dead,SamplePlayer
4,status,9,villager,alive,SamplePlayer
4,status,10,werewolf,dead,SamplePlayer
4,status,11,villager,alive,SamplePlayer
4,status,12,villager,dead,SamplePlayer
4,talk,0,7,( 6 werewolf ) and ( 9 inspected HUMAN ) 
4,talk,1,9,1 werewolf
4,talk,2,6,( 7 werewolf ) and ( 9 inspected HUMAN ) 
4,talk,3,5,9 werewolf
4,talk,4,1,9 werewolf
4,talk,5,11,5 werewolf
4,whisper,0,6,Over
4,talk,6,5,Over
4,talk,7,11,Over
4,talk,8,6,Over
4,talk,9,7,Over
4,talk,10,9,6 werewolf
4,talk,11,1,Over
4,whisper,1,6,Over
4,talk,12,7,Over
4,talk,13,9,Over
4,talk,14,6,Over
4,talk,15,1,Over
4,talk,16,5,Over
4,talk,17,11,Over
4,whisper,2,6,Over
4,vote,1,9
4,vote,7,6
4,vote,5,9
4,vote,6,7
4,vote,11,5
4,vote,9,6
4,divine,7,5,Human
4,guard,1,6,werewolf
4,attackVote,6,7
4,execute,6,werewolf
5,status,1,bodyguard,alive,SamplePlayer
5,status,2,villager,dead,SamplePlayer
5,status,3,villager,dead,SamplePlayer
5,status,4,medium,dead,SamplePlayer
5,status,5,villager,alive,SamplePlayer
5,status,6,werewolf,dead,SamplePlayer
5,status,7,seer,alive,SamplePlayer
5,status,8,possessed,dead,SamplePlayer
5,status,9,villager,alive,SamplePlayer
5,status,10,werewolf,dead,SamplePlayer
5,status,11,villager,alive,SamplePlayer
5,status,12,villager,dead,SamplePlayer
5,result,5,0,villager
