0,status,1,werewolf,alive,SamplePlayer
0,status,2,villager,alive,SamplePlayer
0,status,3,possessed,alive,SamplePlayer
0,status,4,villager,alive,SamplePlayer
0,status,5,seer,alive,SamplePlayer
0,status,6,villager,alive,SamplePlayer
0,status,7,medium,alive,SamplePlayer
0,status,8,villager,alive,SamplePlayer
0,status,9,villager,alive,SamplePlayer
0,status,10,werewolf,alive,SamplePlayer
0,status,11,villager,alive,SamplePlayer
0,status,12,bodyguard,alive,SamplePlayer
0,talk,0,4,7 werewolf
0,talk,1,1,7 werewolf
0,talk,2,3,10 werewolf
0,talk,3,10,7 werewolf
0,talk,4,8,3 werewolf
0,talk,5,11,4 werewolf
0,talk,6,6,5 werewolf
0,talk,7,7,1 werewolf
0,talk,8,5,9 werewolf
0,talk,9,12,8 werewolf
0,talk,10,9,10 werewolf
0,talk,11,2,3 werewolf
0,whisper,0,1,Over
0,whisper,1,10,Over
0,talk,12,12,Over
0,talk,13,9,Over
0,talk,14,10,Over
0,talk,15,11,Over
0,talk,16,7,Over
0,talk,17,3,Over
0,talk,18,4,Over
0,talk,19,5,Over
0,talk,20,1,Over
0,talk,21,6,Over
0,talk,22,2,Over
0,talk,23,8,Over
0,whisper,2,10,Over
0,whisper,3,1,Over
0,vote,3,10
0,vote,4,7
0,vote,1,7
0,vote,2,3
0,vote,7,1
0,vote,8,3
0,vote,5,9
0,vote,6,5
0,vote,11,4
0,vote,12,8
0,vote,9,10
0,vote,10,7
0,divine,5,8,Human
0,guard,12,11,villager
0,attackVote,1,8
0,attackVote,10,6
0,execute,7,medium
0,attack,8,true
1,status,1,werewolf,alive,SamplePlayer
1,status,2,villager,alive,SamplePlayer
1,status,3,possessed,alive,SamplePlayer
1,status,4,villager,alive,SamplePlayer
1,status,5,seer,alive,SamplePlayer
1,status,6,villager,alive,SamplePlayer
1,status,7,medium,dead,SamplePlayer
1,status,8,villager,dead,SamplePlayer
1,status,9,villager,alive,SamplePlayer
1,status,10,werewolf,alive,SamplePlayer
1,status,11,villager,alive,SamplePlayer
1,status,12,bodyguard,alive,SamplePlayer
1,talk,0,2,9 werewolf
1,talk,1,4,5 werewolf
1,talk,2,5,6 werewolf
1,talk,3,10,( 2 werewolf ) and ( 10 comingout medium ) and ( 8 medium_telled HUMAN ) 
1,talk,4,9,6 werewolf
1,talk,5,6,9 werewolf
1,talk,6,1,7 werewolf
1,talk,7,3,1 werewolf
1,talk,8,11,3 werewolf
1,talk,9,12,4 werewolf
1,whisper,0,10,Over
1,whisper,1,1,Over
1,talk,10,5,Over
1,talk,11,9,Over
1,talk,12,1,Over
1,talk,13,11,Over
1,talk,14,2,Over
1,talk,15,6,Over
1,talk,16,12,Over
1,talk,17,4,Over
1,talk,18,3,Over
1,talk,19,10,Over
1,whisper,2,10,Over
1,whisper,3,1,Over
1,vote,3,1
1,vote,4,5
1,vote,1,7
1,vote,2,9
1,vote,5,6
1,vote,6,9
1,vote,11,3
1,vote,12,4
1,vote,9,6
1,vote,10,2
1,divine,5,2,Human
1,guard,12,10,werewolf
1,attackVote,1,11
1,attackVote,10,4
1,execute,9,villager
1,attack,11,true
2,status,1,werewolf,alive,SamplePlayer
2,status,2,villager,alive,SamplePlayer
2,status,3,possessed,alive,SamplePlayer
2,status,4,villager,alive,SamplePlayer
2,status,5,seer,alive,SamplePlayer
2,status,6,villager,alive,SamplePlayer
2,status,7,medium,dead,SamplePlayer
2,status,8,villager,dead,SamplePlayer
2,status,9,villager,dead,SamplePlayer
2,status,10,werewolf,alive,SamplePlayer
2,status,11,villager,dead,SamplePlayer
2,status,12,bodyguard,alive,SamplePlayer
2,talk,0,4,5 werewolf
2,talk,1,10,( 6 werewolf ) and ( 2 medium_telled werewolf ) 
2,talk,2,2,3 werewolf
2,talk,3,3,4 werewolf
2,talk,4,1,7 werewolf
2,talk,5,6,2 werewolf
2,talk,6,5,1 werewolf
2,talk,7,12,2 werewolf
2,whisper,0,1,Over
2,whisper,1,10,Over
2,talk,8,5,Over
2,talk,9,3,Over
2,talk,10,10,2 werewolf
2,talk,11,12,Over
2,talk,12,6,Over
2,talk,13,4,Over
2,talk,14,1,Over
2,talk,15,2,Over
2,whisper,2,1,Over
2,whisper,3,10,Over
2,talk,16,1,Over
2,talk,17,10,Over
2,talk,18,5,Over
2,talk,19,3,Over
2,talk,20,6,Over
2,talk,21,4,Over
2,talk,22,2,Over
2,talk,23,12,Over
2,whisper,4,1,Over
2,whisper,5,10,Over
2,vote,3,4
2,vote,4,5
2,vote,1,7
2,vote,2,3
2,vote,5,1
2,vote,6,2
2,vote,12,2
2,vote,10,2
2,divine,5,2,Human
2,guard,12,10,werewolf
2,attackVote,1,12
2,attackVote,10,2
2,execute,2,villager
2,attack,12,true
3,status,1,werewolf,alive,SamplePlayer
3,status,2,villager,dead,SamplePlayer
3,status,3,possessed,alive,SamplePlayer
3,status,4,villager,alive,SamplePlayer
3,status,5,seer,alive,SamplePlayer
3,status,6,villager,alive,SamplePlayer
3,status,7,medium,dead,SamplePlayer
3,status,8,villager,dead,SamplePlayer
3,status,9,villager,dead,SamplePlayer
3,status,10,werewolf,alive,SamplePlayer
3,status,11,villager,dead,SamplePlayer
3,status,12,bodyguard,dead,SamplePlayer
3,talk,0,10,( 2 werewolf ) and ( 5 medium_telled werewolf ) 
3,talk,1,6,10 werewolf
3,talk,2,5,( 6 werewolf ) and ( 5 comingout seer ) and ( 8 inspected HUMAN ) and ( 2 inspected HUMAN ) and ( 2 inspected HUMAN ) 
3,talk,3,3,6 werewolf
3,talk,4,4,5 werewolf
3,talk,5,1,( 7 werewolf ) and ( 1 comingout medium ) and ( 7 medium_telled werewolf ) and ( 5 medium_telled HUMAN ) and ( 5 medium_telled werewolf ) 
3,whisper,0,1,Over
3,whisper,1,10,Over
3,talk,6,4,Over
3,talk,7,5,Over
3,talk,8,1,Over
3,talk,9,10,Over
3,talk,10,3,Over
3,talk,11,6,1 werewolf
3,whisper,2,10,Over
3,whisper,3,1,Over
3,talk,12,3,Over
3,talk,13,5,Over
3,talk,14,4,Over
3,talk,15,6,Over
3,talk,16,10,Over
3,talk,17,1,Over
3,whisper,4,1,Over
3,whisper,5,10,Over
3,vote,3,6
3,vote,4,5
3,vote,1,7
3,vote,5,6
3,vote,6,1
3,vote,10,2
3,divine,5,3,Human
3,attackVote,1,5
3,attackVote,10,5
3,execute,6,villager
3,attack,5,true
4,status,1,werewolf,alive,SamplePlayer
4,status,2,villager,dead,SamplePlayer
4,status,3,possessed,alive,SamplePlayer
4,status,4,villager,alive,SamplePlayer
4,status,5,seer,dead,SamplePlayer
4,status,6,villager,dead,SamplePlayer
4,status,7,medium,dead,SamplePlayer
4,status,8,villager,dead,SamplePlayer
4,status,9,villager,dead,SamplePlayer
4,status,10,werewolf,alive,SamplePlayer
4,status,11,villager,dead,SamplePlayer
4,status,12,bodyguard,dead,SamplePlayer
4,result,2,2,werewolf
