0,status,1,villager,alive,SamplePlayer
0,status,2,villager,alive,SamplePlayer
0,status,3,werewolf,alive,SamplePlayer
0,status,4,seer,alive,SamplePlayer
0,status,5,villager,alive,SamplePlayer
0,status,6,villager,alive,SamplePlayer
0,status,7,villager,alive,SamplePlayer
0,status,8,villager,alive,SamplePlayer
0,status,9,possessed,alive,SamplePlayer
0,status,10,werewolf,alive,SamplePlayer
0,status,11,medium,alive,SamplePlayer
0,status,12,bodyguard,alive,SamplePlayer
0,talk,0,10,3 werewolf
0,talk,1,8,4 werewolf
0,talk,2,7,2 werewolf
0,talk,3,12,8 werewolf
0,talk,4,4,2 werewolf
0,talk,5,11,10 werewolf
0,talk,6,5,9 werewolf
0,talk,7,2,5 werewolf
0,talk,8,6,1 werewolf
0,talk,9,3,7 werewolf
0,talk,10,9,3 werewolf
0,talk,11,1,10 werewolf
0,whisper,0,10,Over
0,whisper,1,3,Over
0,talk,12,12,Over
0,talk,13,2,Over
0,talk,14,6,Over
0,talk,15,10,Over
0,talk,16,9,Over
0,talk,17,3,Over
0,talk,18,7,Over
0,talk,19,11,Over
0,talk,20,5,Over
0,talk,21,1,Over
0,talk,22,4,Over
0,talk,23,8,Over
0,whisper,2,10,Over
0,whisper,3,3,Over
0,vote,3,7
0,vote,4,2
0,vote,1,10
0,vote,2,5
0,vote,7,2
0,vote,8,4
0,vote,5,9
0,vote,6,1
0,vote,11,10
0,vote,12,8
0,vote,9,3
0,vote,10,3
0,divine,4,4,Human
0,guard,12,11,medium
0,attackVote,3,6
0,attackVote,10,7
0,execute,10,werewolf
0,attack,7,true
1,status,1,villager,alive,SamplePlayer
1,status,2,villager,alive,SamplePlayer
1,status,3,werewolf,alive,SamplePlayer
1,status,4,seer,alive,SamplePlayer
1,status,5,villager,alive,SamplePlayer
1,status,6,villager,alive,SamplePlayer
1,status,7,villager,dead,SamplePlayer
1,status,8,villager,alive,SamplePlayer
1,status,9,possessed,alive,SamplePlayer
1,status,10,werewolf,dead,SamplePlayer
1,status,11,medium,alive,SamplePlayer
1,status,12,bodyguard,alive,SamplePlayer
1,talk,0,11,12 werewolf
1,talk,1,1,3 werewolf
1,talk,2,12,9 werewolf
1,talk,3,9,12 werewolf
1,talk,4,8,9 werewolf
1,talk,5,2,5 werewolf
1,talk,6,5,11 werewolf
1,talk,7,6,11 werewolf
1,talk,8,3,6 werewolf
1,talk,9,4,6 werewolf
1,whisper,0,3,Over
1,talk,10,8,Over
1,talk,11,12,Over
1,talk,12,5,Over
1,talk,13,1,Over
1,talk,14,2,Over
1,talk,15,4,Over
1,talk,16,11,Over
1,talk,17,9,Over
1,talk,18,3,Over
1,talk,19,6,Over
1,whisper,1,3,Over
1,vote,3,6
1,vote,4,6
1,vote,1,3
1,vote,2,5
1,vote,8,9
1,vote,5,11
1,vote,6,11
1,vote,11,12
1,vote,12,9
1,vote,9,12
1,divine,4,8,Human
1,guard,12,2,villager
1,attackVote,3,11
1,execute,11,medium
1,attack,11,true
2,status,1,villager,alive,SamplePlayer
2,status,2,villager,alive,SamplePlayer
2,status,3,werewolf,alive,SamplePlayer
2,status,4,seer,alive,SamplePlayer
2,status,5,villager,alive,SamplePlayer
2,status,6,villager,alive,SamplePlayer
2,status,7,villager,dead,SamplePlayer
2,status,8,villager,alive,SamplePlayer
2,status,9,possessed,alive,SamplePlayer
2,status,10,werewolf,dead,SamplePlayer
2,status,11,medium,dead,SamplePlayer
2,status,12,bodyguard,alive,SamplePlayer
2,talk,0,3,8 werewolf
2,talk,1,4,8 werewolf
2,talk,2,12,2 werewolf
2,talk,3,2,6 werewolf
2,talk,4,8,3 werewolf
2,talk,5,5,2 werewolf
2,talk,6,9,( 12 werewolf ) and ( 9 comingout medium ) and ( 5 medium_telled HUMAN ) and ( 12 medium_telled HUMAN ) 
2,talk,7,1,3 werewolf
2,talk,8,6,2 werewolf
2,whisper,0,3,Over
2,talk,9,2,Over
2,talk,10,3,Over
2,talk,11,6,Over
2,talk,12,5,Over
2,talk,13,12,Over
2,talk,14,4,Over
2,talk,15,9,Over
2,talk,16,8,Over
2,talk,17,1,Over
2,whisper,1,3,Over
2,vote,3,8
2,vote,4,8
2,vote,1,3
2,vote,2,6
2,vote,8,3
2,vote,5,2
2,vote,6,2
2,vote,12,2
2,vote,9,12
2,divine,4,1,Human
2,guard,12,9,possessed
2,attackVote,3,9
2,execute,2,villager
2,attack,9,false
3,status,1,villager,alive,SamplePlayer
3,status,2,villager,dead,SamplePlayer
3,status,3,werewolf,alive,SamplePlayer
3,status,4,seer,alive,SamplePlayer
3,status,5,villager,alive,SamplePlayer
3,status,6,villager,alive,SamplePlayer
3,status,7,villager,dead,SamplePlayer
3,status,8,villager,alive,SamplePlayer
3,status,9,possessed,alive,SamplePlayer
3,status,10,werewolf,dead,SamplePlayer
3,status,11,medium,dead,SamplePlayer
3,status,12,bodyguard,alive,SamplePlayer
3,talk,0,6,1 werewolf
3,talk,1,9,( 4 werewolf ) and ( 1 medium_telled werewolf ) 
3,talk,2,8,9 werewolf
3,talk,3,3,5 werewolf
3,talk,4,1,4 werewolf
3,talk,5,12,1 werewolf
3,talk,6,5,4 werewolf
3,talk,7,4,( 9 werewolf ) and ( 4 comingout seer ) and ( 4 inspected HUMAN ) and ( 8 inspected HUMAN ) and ( 1 inspected HUMAN ) 
3,whisper,0,3,Over
3,talk,8,5,Over
3,talk,9,3,Over
3,talk,10,12,Over
3,talk,11,6,Over
3,talk,12,4,Over
3,talk,13,1,Over
3,talk,14,8,4 werewolf
3,talk,15,9,Over
3,whisper,1,3,Over
3,talk,16,1,Over
3,talk,17,6,Over
3,talk,18,8,Over
3,talk,19,12,Over
3,talk,20,3,Over
3,talk,21,9,Over
3,talk,22,4,Over
3,talk,23,5,Over
3,whisper,2,3,Over
3,vote,3,5
3,vote,4,9
3,vote,1,4
3,vote,8,4
3,vote,5,4
3,vote,6,1
3,vote,12,1
3,vote,9,4
3,divine,4,9,Human
3,guard,12,9,possessed
3,attackVote,3,4
3,execute,4,seer
3,attack,4,true
4,status,1,villager,alive,SamplePlayer
4,status,2,villager,dead,SamplePlayer
4,status,3,werewolf,alive,SamplePlayer
4,status,4,seer,dead,SamplePlayer
4,status,5,villager,alive,SamplePlayer
4,status,6,villager,alive,SamplePlayer
4,status,7,villager,dead,SamplePlayer
4,status,8,villager,alive,SamplePlayer
4,status,9,possessed,alive,SamplePlayer
4,status,10,werewolf,dead,SamplePlayer
4,status,11,medium,dead,SamplePlayer
4,status,12,bodyguard,alive,SamplePlayer
4,talk,0,9,( 1 werewolf ) and ( 5 medium_telled HUMAN ) 
4,talk,1,8,6 werewolf
4,talk,2,3,12 werewolf
4,talk,3,12,5 werewolf
4,talk,4,6,9 werewolf
4,talk,5,5,9 werewolf
4,talk,6,1,6 werewolf
4,whisper,0,3,Over
4,talk,7,12,Over
4,talk,8,8,Over
4,talk,9,1,Over
4,talk,10,3,Over
4,talk,11,5,Over
4,talk,12,9,Over
4,talk,13,6,Over
4,whisper,1,3,Over
4,vote,3,12
4,vote,1,6
4,vote,8,6
4,vote,5,9
4,vote,6,9
4,vote,12,5
4,vote,9,1
4,guard,12,8,villager
4,attackVote,3,1
4,execute,6,villager
4,attack,1,true
5,status,1,villager,dead,SamplePlayer
5,status,2,villager,dead,SamplePlayer
5,status,3,werewolf,alive,SamplePlayer
5,status,4,seer,dead,SamplePlayer
5,status,5,villager,alive,SamplePlayer
5,status,6,villager,dead,SamplePlayer
5,status,7,villager,dead,SamplePlayer
5,status,8,villager,alive,SamplePlayer
5,status,9,possessed,alive,SamplePlayer
5,status,10,werewolf,dead,SamplePlayer
5,status,11,medium,dead,SamplePlayer
5,status,12,bodyguard,alive,SamplePlayer
5,talk,0,9,( 1 werewolf ) and ( 5 medium_telled HUMAN ) 
5,talk,1,5,3 werewolf
5,talk,2,3,3 werewolf
5,talk,3,8,9 werewolf
5,talk,4,12,9 werewolf
5,whisper,0,3,Over
5,talk,5,5,Over
5,talk,6,3,Over
5,talk,7,8,Over
5,talk,8,12,Over
5,talk,9,9,Over
5,whisper,1,3,Over
5,vote,3,3
5,vote,8,9
5,vote,5,3
5,vote,12,9
5,vote,9,1
5,guard,12,9,possessed
5,attackVote,3,5
5,execute,3,werewolf
6,status,1,villager,dead,SamplePlayer
6,status,2,villager,dead,SamplePlayer
6,status,3,werewolf,dead,SamplePlayer
6,status,4,seer,dead,SamplePlayer
6,status,5,villager,alive,SamplePlayer
6,status,6,villager,dead,SamplePlayer
6,status,7,villager,dead,SamplePlayer
6,status,8,villager,alive,SamplePlayer
6,status,9,possessed,alive,SamplePlayer
6,status,10,werewolf,dead,SamplePlayer
6,status,11,medium,dead,SamplePlayer
6,status,12,bodyguard,alive,SamplePlayer
6,result,4,0,villager
