0,status,1,possessed,alive,SamplePlayer
0,status,2,bodyguard,alive,SamplePlayer
0,status,3,villager,alive,SamplePlayer
0,status,4,villager,alive,SamplePlayer
0,status,5,villager,alive,SamplePlayer
0,status,6,villager,alive,SamplePlayer
0,status,7,seer,alive,SamplePlayer
0,status,8,villager,alive,SamplePlayer
0,status,9,villager,alive,SamplePlayer
0,status,10,werewolf,alive,SamplePlayer
0,status,11,werewolf,alive,SamplePlayer
0,status,12,medium,alive,SamplePlayer
0,talk,0,6,7 werewolf
0,talk,1,7,4 werewolf
0,talk,2,5,6 werewolf
0,talk,3,8,11 werewolf
0,talk,4,2,9 werewolf
0,talk,5,11,8 werewolf
0,talk,6,4,11 werewolf
0,talk,7,3,1 werewolf
0,talk,8,9,4 werewolf
0,talk,9,10,10 werewolf
0,talk,10,12,2 werewolf
0,talk,11,1,5 werewolf
0,whisper,0,10,Over
0,whisper,1,11,Over
0,talk,12,3,Over
0,talk,13,6,Over
0,talk,14,7,Over
0,talk,15,10,Over
0,talk,16,4,Over
0,talk,17,1,Over
0,talk,18,11,Over
0,talk,19,12,Over
0,talk,20,2,Over
0,talk,21,8,Over
0,talk,22,9,Over
0,talk,23,5,Over
0,whisper,2,10,Over
0,whisper,3,11,Over
0,vote,3,1
0,vote,4,11
0,vote,1,5
0,vote,2,9
0,vote,7,4
0,vote,8,11
0,vote,5,6
0,vote,6,7
0,vote,11,8
0,vote,12,2
0,vote,9,4
0,vote,10,10
0,divine,7,11,Werewolf
0,guard,2,12,medium
0,attackVote,11,12
0,attackVote,10,4
0,execute,4,villager
0,attack,12,false
1,status,1,possessed,alive,SamplePlayer
1,status,2,bodyguard,alive,SamplePlayer
1,status,3,villager,alive,SamplePlayer
1,status,4,villager,dead,SamplePlayer
1,status,5,villager,alive,SamplePlayer
1,status,6,villager,alive,SamplePlayer
1,status,7,seer,alive,SamplePlayer
1,status,8,villager,alive,SamplePlayer
1,status,9,villager,alive,SamplePlayer
1,status,10,werewolf,alive,SamplePlayer
1,status,11,werewolf,alive,SamplePlayer
1,status,12,medium,alive,SamplePlayer
1,talk,0,6,2 werewolf
1,talk,1,12,3 werewolf
1,talk,2,1,3 werewolf
1,talk,3,3,1 werewolf
1,talk,4,10,8 werewolf
1,talk,5,7,11 werewolf
1,talk,6,9,11 werewolf
1,talk,7,2,11 werewolf
1,talk,8,11,( 3 werewolf ) and ( 11 comingout medium ) and ( 8 medium_telled HUMAN ) 
1,talk,9,8,9 werewolf
1,talk,10,5,10 werewolf
1,whisper,0,10,Over
1,whisper,1,11,Over
1,talk,11,2,Over
1,talk,12,6,Over
1,talk,13,7,Over
1,talk,14,10,Over
1,talk,15,8,Over
1,talk,16,1,Over
1,talk,17,12,11 werewolf
1,talk,18,11,Over
1,talk,19,3,Over
1,talk,20,5,Over
1,talk,21,9,Over
1,whisper,2,10,Over
1,whisper,3,11,Over
1,talk,22,3,Over
1,talk,23,1,Over
1,talk,24,11,Over
1,talk,25,7,Over
1,talk,26,9,Over
1,talk,27,2,Over
1,talk,28,12,Over
1,talk,29,10,Over
1,talk,30,8,Over
1,talk,31,6,Over
1,talk,32,5,Over
1,whisper,4,11,Over
1,whisper,5,10,Over
1,vote,3,1
1,vote,1,3
1,vote,2,11
1,vote,7,11
1,vote,8,9
1,vote,5,10
1,vote,6,2
1,vote,11,3
1,vote,12,11
1,vote,9,11
1,vote,10,8
1,divine,7,8,Human
1,guard,2,11,werewolf
1,attackVote,11,3
1,attackVote,10,12
1,execute,11,werewolf
1,attack,12,true
2,status,1,possessed,alive,SamplePlayer
2,status,2,bodyguard,alive,SamplePlayer
2,status,3,villager,alive,SamplePlayer
2,status,4,villager,dead,SamplePlayer
2,status,5,villager,alive,SamplePlayer
2,status,6,villager,alive,SamplePlayer
2,status,7,seer,alive,SamplePlayer
2,status,8,villager,alive,SamplePlayer
2,status,9,villager,alive,SamplePlayer
2,status,10,werewolf,alive,SamplePlayer
2,status,11,werewolf,dead,SamplePlayer
2,status,12,medium,dead,SamplePlayer
2,talk,0,5,1 werewolf
2,talk,1,2,3 werewolf
2,talk,2,10,8 werewolf
2,talk,3,1,10 werewolf
2,talk,4,3,9 werewolf
2,talk,5,8,3 werewolf
2,talk,6,6,8 werewolf
2,talk,7,9,10 werewolf
2,talk,8,7,1 werewolf
2,whisper,0,10,Over
2,talk,9,2,Over
2,talk,10,9,Over
2,talk,11,3,Over
2,talk,12,6,Over
2,talk,13,10,Over
2,talk,14,1,Over
2,talk,15,8,Over
2,talk,16,5,Over
2,talk,17,7,Over
2,whisper,1,10,Over
2,vote,3,9
2,vote,1,10
2,vote,2,3
2,vote,7,1
2,vote,8,3
2,vote,5,1
2,vote,6,8
2,vote,9,10
2,vote,10,8
2,divine,7,3,Human
2,guard,2,6,villager
2,attackVote,10,9
2,execute,10,werewolf
3,status,1,possessed,alive,SamplePlayer
3,status,2,bodyguard,alive,SamplePlayer
3,status,3,villager,alive,SamplePlayer
3,status,4,villager,dead,SamplePlayer
3,status,5,villager,alive,SamplePlayer
3,status,6,villager,alive,SamplePlayer
3,status,7,seer,alive,SamplePlayer
3,status,8,villager,alive,SamplePlayer
3,status,9,villager,alive,SamplePlayer
3,status,10,werewolf,dead,SamplePlayer
3,status,11,werewolf,dead,SamplePlayer
3,status,12,medium,dead,SamplePlayer
3,result,8,0,villager
