0,status,1,villager,alive,SamplePlayer
0,status,2,villager,alive,SamplePlayer
0,status,3,villager,alive,SamplePlayer
0,status,4,werewolf,alive,SamplePlayer
0,status,5,werewolf,alive,SamplePlayer
0,status,6,villager,alive,SamplePlayer
0,status,7,villager,alive,SamplePlayer
0,status,8,possessed,alive,SamplePlayer
0,status,9,seer,alive,SamplePlayer
0,status,10,villager,alive,SamplePlayer
0,status,11,bodyguard,alive,SamplePlayer
0,status,12,medium,alive,SamplePlayer
0,talk,0,6,11 werewolf
0,talk,1,3,2 werewolf
0,talk,2,11,12 werewolf
0,talk,3,2,3 werewolf
0,talk,4,12,11 werewolf
0,talk,5,8,10 werewolf
0,talk,6,4,1 werewolf
0,talk,7,1,5 werewolf
0,talk,8,10,2 werewolf
0,talk,9,9,3 werewolf
0,talk,10,7,4 werewolf
0,talk,11,5,11 werewolf
0,whisper,0,4,Over
0,whisper,1,5,Over
0,talk,12,12,Over
0,talk,13,10,Over
0,talk,14,7,Over
0,talk,15,11,Over
0,talk,16,8,Over
0,talk,17,5,Over
0,talk,18,4,Over
0,talk,19,2,Over
0,talk,20,9,Over
0,talk,21,6,Over
0,talk,22,1,Over
0,talk,23,3,Over
0,whisper,2,4,Over
0,whisper,3,5,Over
0,vote,3,2
0,vote,4,1
0,vote,1,5
0,vote,2,3
0,vote,7,4
0,vote,8,10
0,vote,5,11
0,vote,6,11
0,vote,11,12
0,vote,12,11
0,vote,9,3
0,vote,10,2
0,divine,9,4,Werewolf
0,guard,11,9,seer
0,attackVote,4,11
0,attackVote,5,6
0,execute,11,bodyguard
0,attack,6,true
1,status,1,villager,alive,SamplePlayer
1,status,2,villager,alive,SamplePlayer
1,status,3,villager,alive,SamplePlayer
1,status,4,werewolf,alive,SamplePlayer
1,status,5,werewolf,alive,SamplePlayer
1,status,6,villager,dead,SamplePlayer
1,status,7,villager,alive,SamplePlayer
1,status,8,possessed,alive,SamplePlayer
1,status,9,seer,alive,SamplePlayer
1,status,10,villager,alive,SamplePlayer
1,status,11,bodyguard,dead,SamplePlayer
1,status,12,medium,alive,SamplePlayer
1,talk,0,4,10 werewolf
1,talk,1,2,1 werewolf
1,talk,2,10,1 werewolf
1,talk,3,12,2 werewolf
1,talk,4,7,12 werewolf
1,talk,5,3,2 werewolf
1,talk,6,1,2 werewolf
1,talk,7,5,3 werewolf
1,talk,8,8,7 werewolf
1,talk,9,9,( 4 werewolf ) and ( 9 comingout seer ) and ( 4 inspected werewolf ) 
1,whisper,0,5,Over
1,whisper,1,4,Over
1,talk,10,10,4 werewolf
1,talk,11,5,Over
1,talk,12,2,4 werewolf
1,talk,13,4,Over
1,talk,14,1,4 werewolf
1,talk,15,7,4 werewolf
1,talk,16,8,Over
1,talk,17,9,Over
1,talk,18,12,4 werewolf
1,talk,19,3,4 werewolf
1,whisper,2,4,Over
1,whisper,3,5,Over
1,talk,20,10,Over
1,talk,21,12,Over
1,talk,22,9,Over
1,talk,23,3,Over
1,talk,24,7,Over
1,talk,25,1,Over
1,talk,26,2,Over
1,talk,27,8,Over
1,talk,28,4,Over
1,talk,29,5,Over
1,whisper,4,4,Over
1,whisper,5,5,Over
1,vote,3,4
1,vote,4,10
1,vote,1,4
1,vote,2,4
1,vote,7,4
1,vote,8,7
1,vote,5,3
1,vote,12,4
1,vote,9,4
1,vote,10,4
1,divine,9,5,Werewolf
1,attackVote,4,10
1,attackVote,5,9
1,execute,4,werewolf
1,attack,9,true
2,status,1,villager,alive,SamplePlayer
2,status,2,villager,alive,SamplePlayer
2,status,3,villager,alive,SamplePlayer
2,status,4,werewolf,dead,SamplePlayer
2,status,5,werewolf,alive,SamplePlayer
2,status,6,villager,dead,SamplePlayer
2,status,7,villager,alive,SamplePlayer
2,status,8,possessed,alive,SamplePlayer
2,status,9,seer,dead,SamplePlayer
2,status,10,villager,alive,SamplePlayer
2,status,11,bodyguard,dead,SamplePlayer
2,status,12,medium,alive,SamplePlayer
2,talk,0,7,2 werewolf
2,talk,1,8,( 7 werewolf ) and ( 8 comingout seer ) and ( 7 inspected werewolf ) and ( 12 inspected werewolf ) 
2,talk,2,1,7 werewolf
2,talk,3,3,7 werewolf
2,talk,4,5,( 2 werewolf ) and ( 5 comingout medium ) and ( 1 medium_telled HUMAN ) and ( 2 medium_telled werewolf ) 
2,talk,5,2,12 werewolf
2,talk,6,10,7 werewolf
2,talk,7,12,5 werewolf
2,whisper,0,5,Over
2,talk,8,12,Over
2,talk,9,3,Over
2,talk,10,5,Over
2,talk,11,2,Over
2,talk,12,7,12 werewolf
2,talk,13,8,Over
2,talk,14,10,Over
2,talk,15,1,Over
2,whisper,1,5,Over
2,talk,16,8,Over
2,talk,17,7,Over
2,talk,18,5,Over
2,talk,19,1,Over
2,talk,20,10,Over
2,talk,21,3,Over
2,talk,22,12,Over
2,talk,23,2,Over
2,whisper,2,5,Over
2,vote,3,7
2,vote,1,7
2,vote,2,12
2,vote,7,12
2,vote,8,7
2,vote,5,2
2,vote,12,5
2,vote,10,7
2,attackVote,5,8
2,execute,7,villager
2,attack,8,true
3,status,1,villager,alive,SamplePlayer
3,status,2,villager,alive,SamplePlayer
3,status,3,villager,alive,SamplePlayer
3,status,4,werewolf,dead,SamplePlayer
3,status,5,werewolf,alive,SamplePlayer
3,status,6,villager,dead,SamplePlayer
3,status,7,villager,dead,SamplePlayer
3,status,8,possessed,dead,SamplePlayer
3,status,9,seer,dead,SamplePlayer
3,status,10,villager,alive,SamplePlayer
3,status,11,bodyguard,dead,SamplePlayer
3,status,12,medium,alive,SamplePlayer
3,talk,0,1,12 werewolf
3,talk,1,12,( 5 werewolf ) and ( 12 comingout medium ) and ( 11 medium_telled HUMAN ) and ( 4 medium_telled werewolf ) and ( 7 medium_telled HUMAN ) 
3,talk,2,10,12 werewolf
3,talk,3,3,12 werewolf
3,talk,4,2,12 werewolf
3,talk,5,5,( 2 werewolf ) and ( 2 medium_telled HUMAN ) 
3,whisper,0,5,Over
3,talk,6,5,Over
3,talk,7,1,Over
3,talk,8,10,Over
3,talk,9,2,Over
3,talk,10,3,Over
3,talk,11,12,Over
3,whisper,1,5,Over
3,vote,3,12
3,vote,1,12
3,vote,2,12
3,vote,5,2
3,vote,12,5
3,vote,10,12
3,attackVote,5,12
3,execute,12,medium
3,attack,12,true
4,status,1,villager,alive,SamplePlayer
4,status,2,villager,alive,SamplePlayer
4,status,3,villager,alive,SamplePlayer
4,status,4,werewolf,dead,SamplePlayer
4,status,5,werewolf,alive,SamplePlayer
4,status,6,villager,dead,SamplePlayer
4,status,7,villager,dead,SamplePlayer
4,status,8,possessed,dead,SamplePlayer
4,status,9,seer,dead,SamplePlayer
4,status,10,villager,alive,SamplePlayer
4,status,11,bodyguard,dead,SamplePlayer
4,status,12,medium,dead,SamplePlayer
4,talk,0,5,( 2 werewolf ) and ( 1 medium_telled HUMAN ) 
4,talk,1,1,10 werewolf
4,talk,2,2,5 werewolf
4,talk,3,10,1 werewolf
4,talk,4,3,10 werewolf
4,whisper,0,5,Over
4,talk,5,3,Over
4,talk,6,10,Over
4,talk,7,5,Over
4,talk,8,1,Over
4,talk,9,2,Over
4,whisper,1,5,Over
4,vote,3,10
4,vote,1,10
4,vote,2,5
4,vote,5,2
4,vote,10,1
4,attackVote,5,10
4,execute,10,villager
4,attack,10,true
5,status,1,villager,alive,SamplePlayer
5,status,2,villager,alive,SamplePlayer
5,status,3,villager,alive,SamplePlayer
5,status,4,werewolf,dead,SamplePlayer
5,status,5,werewolf,alive,SamplePlayer
5,status,6,villager,dead,SamplePlayer
5,status,7,villager,dead,SamplePlayer
5,status,8,possessed,dead,SamplePlayer
5,status,9,seer,dead,SamplePlayer
5,status,10,villager,dead,SamplePlayer
5,status,11,bodyguard,dead,SamplePlayer
5,status,12,medium,dead,SamplePlayer
5,talk,0,2,3 werewolf
5,talk,1,1,2 werewolf
5,talk,2,3,2 werewolf
5,talk,3,5,( 2 werewolf ) and ( 2 medium_telled HUMAN ) 
5,whisper,0,5,Over
5,talk,4,2,Over
5,talk,5,5,Over
5,talk,6,3,Over
5,talk,7,1,Over
5,whisper,1,5,Over
5,vote,3,2
5,vote,1,2
5,vote,2,3
5,vote,5,2
5,attackVote,5,2
5,execute,2,villager
5,attack,2,true
6,status,1,villager,alive,SamplePlayer
6,status,2,villager,dead,SamplePlayer
6,status,3,villager,alive,SamplePlayer
6,status,4,werewolf,dead,SamplePlayer
6,status,5,werewolf,alive,SamplePlayer
6,status,6,villager,dead,SamplePlayer
6,status,7,villager,dead,SamplePlayer
6,status,8,possessed,dead,SamplePlayer
6,status,9,seer,dead,SamplePlayer
6,status,10,villager,dead,SamplePlayer
6,status,11,bodyguard,dead,SamplePlayer
6,status,12,medium,dead,SamplePlayer
6,talk,0,3,5 werewolf
6,talk,1,1,3 werewolf
6,talk,2,5,( 2 werewolf ) and ( 3 medium_telled HUMAN ) 
6,whisper,0,5,Over
6,talk,3,3,Over
6,talk,4,1,Over
6,talk,5,5,Over
6,whisper,1,5,Over
6,vote,3,5
6,vote,1,3
6,vote,5,2
6,attackVote,5,1
6,execute,3,villager
6,attack,1,true
7,status,1,villager,dead,SamplePlayer
7,status,2,villager,dead,SamplePlayer
7,status,3,villager,dead,SamplePlayer
7,status,4,werewolf,dead,SamplePlayer
7,status,5,werewolf,alive,SamplePlayer
7,status,6,villager,dead,SamplePlayer
7,status,7,villager,dead,SamplePlayer
7,status,8,possessed,dead,SamplePlayer
7,status,9,seer,dead,SamplePlayer
7,status,10,villager,dead,SamplePlayer
7,status,11,bodyguard,dead,SamplePlayer
7,status,12,medium,dead,SamplePlayer
7,result,0,1,werewolf
