0,status,1,medium,alive,SamplePlayer
0,status,2,villager,alive,SamplePlayer
0,status,3,villager,alive,SamplePlayer
0,status,4,possessed,alive,SamplePlayer
0,status,5,villager,alive,SamplePlayer
0,status,6,werewolf,alive,SamplePlayer
0,status,7,villager,alive,SamplePlayer
0,status,8,bodyguard,alive,SamplePlayer
0,status,9,werewolf,alive,SamplePlayer
0,status,10,villager,alive,SamplePlayer
0,status,11,seer,alive,SamplePlayer
0,status,12,villager,alive,SamplePlayer
0,talk,0,5,7 werewolf
0,talk,1,12,2 werewolf
0,talk,2,6,4 werewolf
0,talk,3,11,12 werewolf
0,talk,4,4,4 werewolf
0,talk,5,2,12 werewolf
0,talk,6,10,1 werewolf
0,talk,7,3,5 werewolf
0,talk,8,8,12 werewolf
0,talk,9,1,5 werewolf
0,talk,10,7,12 werewolf
0,talk,11,9,4 werewolf
0,whisper,0,6,Over
0,whisper,1,9,Over
0,talk,12,2,Over
0,talk,13,11,Over
0,talk,14,1,Over
0,talk,15,7,Over
0,talk,16,8,Over
0,talk,17,6,Over
0,talk,18,12,Over
0,talk,19,5,Over
0,talk,20,4,Over
0,talk,21,3,Over
0,talk,22,9,Over
0,talk,23,10,Over
0,whisper,2,6,Over
0,whisper,3,9,Over
0,vote,3,5
0,vote,4,4
0,vote,1,5
0,vote,2,12
0,vote,7,12
0,vote,8,12
0,vote,5,7
0,vote,6,4
0,vote,11,12
0,vote,12,2
0,vote,9,4
0,vote,10,1
0,divine,11,6,Werewolf
0,guard,8,6,werewolf
0,attackVote,6,5
0,attackVote,9,12
0,execute,12,villager
0,attack,5,true
1,status,1,medium,alive,SamplePlayer
1,status,2,villager,alive,SamplePlayer
1,status,3,villager,alive,SamplePlayer
1,status,4,possessed,alive,SamplePlayer
1,status,5,villager,dead,SamplePlayer
1,status,6,werewolf,alive,SamplePlayer
1,status,7,villager,alive,SamplePlayer
1,status,8,bodyguard,alive,SamplePlayer
1,status,9,werewolf,alive,SamplePlayer
1,status,10,villager,alive,SamplePlayer
1,status,11,seer,alive,SamplePlayer
1,status,12,villager,dead,SamplePlayer
1,talk,0,2,6 werewolf
1,talk,1,9,6 werewolf
1,talk,2,3,6 werewolf
1,talk,3,11,( 6 werewolf ) and ( 11 comingout seer ) and ( 6 inspected werewolf ) 
1,talk,4,4,( 12 werewolf ) and ( 4 comingout medium ) and ( 12 medium_telled werewolf ) 
1,talk,5,1,( 4 werewolf ) and ( 1 comingout medium ) and ( 12 medium_telled HUMAN ) 
1,talk,6,8,6 werewolf
1,talk,7,10,6 werewolf
1,talk,8,7,6 werewolf
1,talk,9,6,4 werewolf
1,whisper,0,9,Over
1,whisper,1,6,Over
1,talk,10,6,Over
1,talk,11,10,Over
1,talk,12,7,Over
1,talk,13,1,Over
1,talk,14,2,Over
1,talk,15,8,Over
1,talk,16,4,Over
1,talk,17,3,Over
1,talk,18,9,11 werewolf
1,talk,19,11,Over
1,whisper,2,6,Over
1,whisper,3,9,Over
1,talk,20,6,Over
1,talk,21,7,Over
1,talk,22,9,Over
1,talk,23,4,Over
1,talk,24,1,Over
1,talk,25,8,Over
1,talk,26,2,Over
1,talk,27,10,Over
1,talk,28,11,Over
1,talk,29,3,Over
1,whisper,4,6,Over
1,whisper,5,9,Over
1,vote,3,6
1,vote,4,12
1,vote,1,4
1,vote,2,6
1,vote,7,6
1,vote,8,6
1,vote,6,4
1,vote,11,6
1,vote,9,11
1,vote,10,6
1,divine,11,4,Human
1,guard,8,1,medium
1,attackVote,6,11
1,attackVote,9,11
1,execute,6,werewolf
1,attack,11,true
2,status,1,medium,alive,SamplePlayer
2,status,2,villager,alive,SamplePlayer
2,status,3,villager,alive,SamplePlayer
2,status,4,possessed,alive,SamplePlayer
2,status,5,villager,dead,SamplePlayer
2,status,6,werewolf,dead,SamplePlayer
2,status,7,villager,alive,SamplePlayer
2,status,8,bodyguard,alive,SamplePlayer
2,status,9,werewolf,alive,SamplePlayer
2,status,10,villager,alive,SamplePlayer
2,status,11,seer,dead,SamplePlayer
2,status,12,villager,dead,SamplePlayer
2,talk,0,3,1 werewolf
2,talk,1,4,( 12 werewolf ) and ( 8 medium_telled werewolf ) 
2,talk,2,1,( 4 werewolf ) and ( 6 medium_telled werewolf ) 
2,talk,3,2,9 werewolf
2,talk,4,9,1 werewolf
2,talk,5,7,1 werewolf
2,talk,6,10,7 werewolf
2,talk,7,8,1 werewolf
2,whisper,0,9,Over
2,talk,8,3,Over
2,talk,9,2,Over
2,talk,10,8,Over
2,talk,11,9,Over
2,talk,12,7,Over
2,talk,13,10,Over
2,talk,14,1,Over
2,talk,15,4,Over
2,whisper,1,9,Over
2,vote,3,1
2,vote,4,12
2,vote,1,4
2,vote,2,9
2,vote,7,1
2,vote,8,1
2,vote,9,1
2,vote,10,7
2,guard,8,4,possessed
2,attackVote,9,7
2,execute,1,medium
2,attack,7,true
3,status,1,medium,dead,SamplePlayer
3,status,2,villager,alive,SamplePlayer
3,status,3,villager,alive,SamplePlayer
3,status,4,possessed,alive,SamplePlayer
3,status,5,villager,dead,SamplePlayer
3,status,6,werewolf,dead,SamplePlayer
3,status,7,villager,dead,SamplePlayer
3,status,8,bodyguard,alive,SamplePlayer
3,status,9,werewolf,alive,SamplePlayer
3,status,10,villager,alive,SamplePlayer
3,status,11,seer,dead,SamplePlayer
3,status,12,villager,dead,SamplePlayer
3,talk,0,4,( 8 werewolf ) and ( 10 medium_telled HUMAN ) 
3,talk,1,3,10 werewolf
3,talk,2,10,3 werewolf
3,talk,3,8,3 werewolf
3,talk,4,2,4 werewolf
3,talk,5,9,( 1 werewolf ) and ( 9 comingout seer ) and ( 4 inspected HUMAN ) and ( 1 inspected werewolf ) and ( 10 inspected HUMAN ) 
3,whisper,0,9,Over
3,talk,6,2,Over
3,talk,7,3,Over
3,talk,8,9,Over
3,talk,9,4,Over
3,talk,10,8,2 werewolf
3,talk,11,10,2 werewolf
3,whisper,1,9,Over
3,talk,12,8,Over
3,talk,13,3,Over
3,talk,14,4,Over
3,talk,15,9,Over
3,talk,16,10,Over
3,talk,17,2,Over
3,whisper,2,9,Over
3,vote,3,10
3,vote,4,8
3,vote,2,4
3,vote,8,2
3,vote,9,1
3,vote,10,2
3,guard,8,10,villager
3,attackVote,9,4
3,execute,2,villager
3,attack,4,true
4,status,1,medium,dead,SamplePlayer
4,status,2,villager,dead,SamplePlayer
4,status,3,villager,alive,SamplePlayer
4,status,4,possessed,dead,SamplePlayer
4,status,5,villager,dead,SamplePlayer
4,status,6,werewolf,dead,SamplePlayer
4,status,7,villager,dead,SamplePlayer
4,status,8,bodyguard,alive,SamplePlayer
4,status,9,werewolf,alive,SamplePlayer
4,status,10,villager,alive,SamplePlayer
4,status,11,seer,dead,SamplePlayer
4,status,12,villager,dead,SamplePlayer
4,talk,0,9,( 1 werewolf ) and ( 10 inspected HUMAN ) 
4,talk,1,10,9 werewolf
4,talk,2,8,10 werewolf
4,talk,3,3,10 werewolf
4,whisper,0,9,Over
4,talk,4,8,Over
4,talk,5,9,Over
4,talk,6,10,Over
4,talk,7,3,Over
4,whisper,1,9,Over
4,vote,3,10
4,vote,8,10
4,vote,9,1
4,vote,10,9
4,guard,8,9,werewolf
4,attackVote,9,10
4,execute,10,villager
4,attack,10,true
5,status,1,medium,dead,SamplePlayer
5,status,2,villager,dead,SamplePlayer
5,status,3,villager,alive,SamplePlayer
5,status,4,possessed,dead,SamplePlayer
5,status,5,villager,dead,SamplePlayer
5,status,6,werewolf,dead,SamplePlayer
5,status,7,villager,dead,SamplePlayer
5,status,8,bodyguard,alive,SamplePlayer
5,status,9,werewolf,alive,SamplePlayer
5,status,10,villager,dead,SamplePlayer
5,status,11,seer,dead,SamplePlayer
5,status,12,villager,dead,SamplePlayer
5,talk,0,3,9 werewolf
5,talk,1,8,3 werewolf
5,talk,2,9,( 1 werewolf ) and ( 3 inspected HUMAN ) 
5,whisper,0,9,Over
5,talk,3,3,Over
5,talk,4,9,Over
5,talk,5,8,Over
5,whisper,1,9,Over
5,vote,3,9
5,vote,8,3
5,vote,9,1
5,guard,8,9,werewolf
5,attackVote,9,8
5,execute,9,werewolf
6,status,1,medium,dead,SamplePlayer
6,status,2,villager,dead,SamplePlayer
6,status,3,villager,alive,SamplePlayer
6,status,4,possessed,dead,SamplePlayer
6,status,5,villager,dead,SamplePlayer
6,status,6,werewolf,dead,SamplePlayer
6,status,7,villager,dead,SamplePlayer
6,status,8,bodyguard,alive,SamplePlayer
6,status,9,werewolf,dead,SamplePlayer
6,status,10,villager,dead,SamplePlayer
6,status,11,seer,dead,SamplePlayer
6,status,12,villager,dead,SamplePlayer
6,result,2,0,villager
