0,status,1,medium,alive,SamplePlayer
0,status,2,villager,alive,SamplePlayer
0,status,3,possessed,alive,SamplePlayer
0,status,4,villager,alive,SamplePlayer
0,status,5,villager,alive,SamplePlayer
0,status,6,werewolf,alive,SamplePlayer
0,status,7,werewolf,alive,SamplePlayer
0,status,8,villager,alive,SamplePlayer
0,status,9,villager,alive,SamplePlayer
0,status,10,villager,alive,SamplePlayer
0,status,11,seer,alive,SamplePlayer
0,status,12,bodyguard,alive,SamplePlayer
0,talk,0,4,8 werewolf
0,talk,1,9,2 werewolf
0,talk,2,12,3 werewolf
0,talk,3,11,5 werewolf
0,talk,4,3,3 werewolf
0,talk,5,6,7 werewolf
0,talk,6,2,6 werewolf
0,talk,7,7,2 werewolf
0,talk,8,8,2 werewolf
0,talk,9,5,9 werewolf
0,talk,10,10,12 werewolf
0,talk,11,1,8 werewolf
0,whisper,0,6,Over
0,whisper,1,7,Over
0,talk,12,12,Over
0,talk,13,9,Over
0,talk,14,6,Over
0,talk,15,11,Over
0,talk,16,10,Over
0,talk,17,3,Over
0,talk,18,4,Over
0,talk,19,2,Over
0,talk,20,1,Over
0,talk,21,7,Over
0,talk,22,8,Over
0,talk,23,5,Over
0,whisper,2,7,Over
0,whisper,3,6,Over
0,vote,3,3
0,vote,4,8
0,vote,1,8
0,vote,2,6
0,vote,7,2
0,vote,8,2
0,vote,5,9
0,vote,6,7
0,vote,11,5
0,vote,12,3
0,vote,9,2
0,vote,10,12
0,divine,11,12,Human
0,guard,12,5,villager
0,attackVote,7,2
0,attackVote,6,12
0,execute,2,villager
0,attack,12,true
1,status,1,medium,alive,SamplePlayer
1,status,2,villager,dead,SamplePlayer
1,status,3,possessed,alive,SamplePlayer
1,status,4,villager,alive,SamplePlayer
1,status,5,villager,alive,SamplePlayer
1,status,6,werewolf,alive,SamplePlayer
1,status,7,werewolf,alive,SamplePlayer
1,status,8,villager,alive,SamplePlayer
1,status,9,villager,alive,SamplePlayer
1,status,10,villager,alive,SamplePlayer
1,status,11,seer,alive,SamplePlayer
1,status,12,bodyguard,dead,SamplePlayer
1,talk,0,7,6 werewolf
1,talk,1,10,9 werewolf
1,talk,2,5,7 werewolf
1,talk,3,8,7 werewolf
1,talk,4,9,5 werewolf
1,talk,5,3,5 werewolf
1,talk,6,4,9 werewolf
1,talk,7,6,11 werewolf
1,talk,8,11,( 5 werewolf ) and ( 11 comingout seer ) and ( 12 inspected HUMAN ) 
1,talk,9,1,11 werewolf
1,whisper,0,7,Over
1,whisper,1,6,Over
1,talk,10,3,Over
1,talk,11,8,6 werewolf
1,talk,12,5,10 werewolf
1,talk,13,4,8 werewolf
1,talk,14,9,10 werewolf
1,talk,15,6,Over
1,talk,16,10,5 werewolf
1,talk,17,11,Over
1,talk,18,7,Over
1,talk,19,1,Over
1,whisper,2,6,Over
1,whisper,3,7,Over
1,talk,20,6,Over
1,talk,21,8,Over
1,talk,22,10,Over
1,talk,23,4,Over
1,talk,24,5,Over
1,talk,25,3,Over
1,talk,26,1,Over
1,talk,27,11,Over
1,talk,28,9,Over
1,talk,29,7,Over
1,whisper,4,6,Over
1,whisper,5,7,Over
1,vote,3,5
1,vote,4,8
1,vote,1,11
1,vote,7,6
1,vote,8,6
1,vote,5,10
1,vote,6,11
1,vote,11,5
1,vote,9,10
1,vote,10,5
1,divine,11,3,Human
1,attackVote,7,11
1,attackVote,6,11
1,execute,5,villager
1,attack,11,true
2,status,1,medium,alive,SamplePlayer
2,status,2,villager,dead,SamplePlayer
2,status,3,possessed,alive,SamplePlayer
2,status,4,villager,alive,SamplePlayer
2,status,5,villager,dead,SamplePlayer
2,status,6,werewolf,alive,SamplePlayer
2,status,7,werewolf,alive,SamplePlayer
2,status,8,villager,alive,SamplePlayer
2,status,9,villager,alive,SamplePlayer
2,status,10,villager,alive,SamplePlayer
2,status,11,seer,dead,SamplePlayer
2,status,12,bodyguard,dead,SamplePlayer
2,talk,0,1,6 werewolf
2,talk,1,8,6 werewolf
2,talk,2,7,8 werewolf
2,talk,3,10,8 werewolf
2,talk,4,6,6 werewolf
2,talk,5,4,3 werewolf
2,talk,6,9,1 werewolf
2,talk,7,3,( 8 werewolf ) and ( 3 comingout medium ) and ( 2 medium_telled HUMAN ) and ( 10 medium_telled HUMAN ) 
2,whisper,0,7,Over
2,whisper,1,6,Over
2,talk,8,6,Over
2,talk,9,10,Over
2,talk,10,1,3 werewolf
2,talk,11,9,Over
2,talk,12,4,Over
2,talk,13,7,Over
2,talk,14,3,Over
2,talk,15,8,Over
2,whisper,2,7,Over
2,whisper,3,6,Over
2,talk,16,7,Over
2,talk,17,4,Over
2,talk,18,9,Over
2,talk,19,1,Over
2,talk,20,3,Over
2,talk,21,6,Over
2,talk,22,10,Over
2,talk,23,8,Over
2,whisper,4,7,Over
2,whisper,5,6,Over
2,vote,3,8
2,vote,4,3
2,vote,1,3
2,vote,7,8
2,vote,8,6
2,vote,6,6
2,vote,9,1
2,vote,10,8
2,attackVote,7,3
2,attackVote,6,3
2,execute,8,villager
2,attack,3,true
3,status,1,medium,alive,SamplePlayer
3,status,2,villager,dead,SamplePlayer
3,status,3,possessed,dead,SamplePlayer
3,status,4,villager,alive,SamplePlayer
3,status,5,villager,dead,SamplePlayer
3,status,6,werewolf,alive,SamplePlayer
3,status,7,werewolf,alive,SamplePlayer
3,status,8,villager,dead,SamplePlayer
3,status,9,villager,alive,SamplePlayer
3,status,10,villager,alive,SamplePlayer
3,status,11,seer,dead,SamplePlayer
3,status,12,bodyguard,dead,SamplePlayer
3,talk,0,9,4 werewolf
3,talk,1,7,4 werewolf
3,talk,2,10,6 werewolf
3,talk,3,6,4 werewolf
3,talk,4,4,6 werewolf
3,talk,5,1,( 6 werewolf ) and ( 1 comingout medium ) and ( 2 medium_telled HUMAN ) and ( 5 medium_telled HUMAN ) and ( 8 medium_telled HUMAN ) 
3,whisper,0,6,Over
3,whisper,1,7,Over
3,talk,6,7,Over
3,talk,7,9,Over
3,talk,8,6,Over
3,talk,9,4,Over
3,talk,10,1,Over
3,talk,11,10,Over
3,whisper,2,6,Over
3,whisper,3,7,Over
3,vote,4,6
3,vote,1,6
3,vote,7,4
3,vote,6,4
3,vote,9,4
3,vote,10,6
3,attackVote,7,1
3,attackVote,6,1
3,execute,4,villager
3,attack,1,true
4,status,1,medium,dead,SamplePlayer
4,status,2,villager,dead,SamplePlayer
4,status,3,possessed,dead,SamplePlayer
4,status,4,villager,dead,SamplePlayer
4,status,5,villager,dead,SamplePlayer
4,status,6,werewolf,alive,SamplePlayer
4,status,7,werewolf,alive,SamplePlayer
4,status,8,villager,dead,SamplePlayer
4,status,9,villager,alive,SamplePlayer
4,status,10,villager,alive,SamplePlayer
4,status,11,seer,dead,SamplePlayer
4,status,12,bodyguard,dead,SamplePlayer
4,result,2,2,werewolf
