0,status,1,villager,alive,SamplePlayer
0,status,2,villager,alive,SamplePlayer
0,status,3,villager,alive,SamplePlayer
0,status,4,werewolf,alive,SamplePlayer
0,status,5,seer,alive,SamplePlayer
0,status,6,werewolf,alive,SamplePlayer
0,status,7,possessed,alive,SamplePlayer
0,status,8,villager,alive,SamplePlayer
0,status,9,villager,alive,SamplePlayer
0,status,10,villager,alive,SamplePlayer
0,status,11,bodyguard,alive,SamplePlayer
0,status,12,medium,alive,SamplePlayer
0,talk,0,10,3 werewolf
0,talk,1,1,8 werewolf
0,talk,2,5,4 werewolf
0,talk,3,6,5 werewolf
0,talk,4,8,3 werewolf
0,talk,5,12,10 werewolf
0,talk,6,7,4 werewolf
0,talk,7,2,5 werewolf
0,talk,8,9,12 werewolf
0,talk,9,3,9 werewolf
0,talk,10,4,4 werewolf
0,talk,11,11,10 werewolf
0,whisper,0,4,Over
0,whisper,1,6,Over
0,talk,12,1,Over
0,talk,13,5,Over
0,talk,14,11,Over
0,talk,15,10,Over
0,talk,16,4,Over
0,talk,17,12,Over
0,talk,18,9,Over
0,talk,19,3,Over
0,talk,20,7,Over
0,talk,21,2,Over
0,talk,22,8,Over
0,talk,23,6,Over
0,whisper,2,6,Over
0,whisper,3,4,Over
0,vote,3,9
0,vote,4,4
0,vote,1,8
0,vote,2,5
0,vote,7,4
0,vote,8,3
0,vote,5,4
0,vote,6,5
0,vote,11,10
0,vote,12,10
0,vote,9,12
0,vote,10,3
0,divine,5,2,Human
0,guard,11,4,werewolf
0,attackVote,4,9
0,attackVote,6,12
0,execute,4,werewolf
0,attack,12,true
1,status,1,villager,alive,SamplePlayer
1,status,2,villager,alive,SamplePlayer
1,status,3,villager,alive,SamplePlayer
1,status,4,werewolf,dead,SamplePlayer
1,status,5,seer,alive,SamplePlayer
1,status,6,werewolf,alive,SamplePlayer
1,status,7,possessed,alive,SamplePlayer
1,status,8,villager,alive,SamplePlayer
1,status,9,villager,alive,SamplePlayer
1,status,10,villager,alive,SamplePlayer
1,status,11,bodyguard,alive,SamplePlayer
1,status,12,medium,dead,SamplePlayer
1,talk,0,9,8 werewolf
1,talk,1,8,5 werewolf
1,talk,2,7,( 8 werewolf ) and ( 7 comingout seer ) and ( 3 inspected HUMAN ) 
1,talk,3,11,5 werewolf
1,talk,4,1,2 werewolf
1,talk,5,3,11 werewolf
1,talk,6,2,6 werewolf
1,talk,7,5,7 werewolf
1,talk,8,6,7 werewolf
1,talk,9,10,3 werewolf
1,whisper,0,6,Over
1,talk,10,10,Over
1,talk,11,7,Over
1,talk,12,2,Over
1,talk,13,8,2 werewolf
1,talk,14,9,Over
1,talk,15,11,Over
1,talk,16,3,Over
1,talk,17,1,Over
1,talk,18,5,Over
1,talk,19,6,Over
1,whisper,1,6,Over
1,talk,20,7,Over
1,talk,21,1,Over
1,talk,22,2,Over
1,talk,23,6,Over
1,talk,24,10,Over
1,talk,25,9,Over
1,talk,26,8,Over
1,talk,27,3,Over
1,talk,28,11,Over
1,talk,29,5,Over
1,whisper,2,6,Over
1,vote,3,11
1,vote,1,2
1,vote,2,6
1,vote,7,8
1,vote,8,2
1,vote,5,7
1,vote,6,7
1,vote,11,5
1,vote,9,8
1,vote,10,3
1,divine,5,8,Human
1,guard,11,7,possessed
1,attackVote,6,7
1,execute,7,possessed
1,attack,7,false
2,status,1,villager,alive,SamplePlayer
2,status,2,villager,alive,SamplePlayer
2,status,3,villager,alive,SamplePlayer
2,status,4,werewolf,dead,SamplePlayer
2,status,5,seer,alive,SamplePlayer
2,status,6,werewolf,alive,SamplePlayer
2,status,7,possessed,dead,SamplePlayer
2,status,8,villager,alive,SamplePlayer
2,status,9,villager,alive,SamplePlayer
2,status,10,villager,alive,SamplePlayer
2,status,11,bodyguard,alive,SamplePlayer
2,status,12,medium,dead,SamplePlayer
2,talk,0,8,2 werewolf
2,talk,1,2,1 werewolf
2,talk,2,1,2 werewolf
2,talk,3,11,2 werewolf
2,talk,4,9,10 werewolf
2,talk,5,5,11 werewolf
2,talk,6,10,8 werewolf
2,talk,7,3,1 werewolf
2,talk,8,6,6 werewolf
2,whisper,0,6,Over
2,talk,9,3,Over
2,talk,10,10,Over
2,talk,11,11,Over
2,talk,12,2,Over
2,talk,13,1,Over
2,talk,14,9,Over
2,talk,15,5,Over
2,talk,16,8,Over
2,talk,17,6,Over
2,whisper,1,6,Over
2,vote,3,1
2,vote,1,2
2,vote,2,1
2,vote,8,2
2,vote,5,11
2,vote,6,6
2,vote,11,2
2,vote,9,10
2,vote,10,8
2,divine,5,6,Werewolf
2,guard,11,1,villager
2,attackVote,6,1
2,execute,2,villager
2,attack,1,false
3,status,1,villager,alive,SamplePlayer
3,status,2,villager,dead,SamplePlayer
3,status,3,villager,alive,SamplePlayer
3,status,4,werewolf,dead,SamplePlayer
3,status,5,seer,alive,SamplePlayer
3,status,6,werewolf,alive,SamplePlayer
3,status,7,possessed,dead,SamplePlayer
3,status,8,villager,alive,SamplePlayer
3,status,9,villager,alive,SamplePlayer
3,status,10,villager,alive,SamplePlayer
3,status,11,bodyguard,alive,SamplePlayer
3,status,12,medium,dead,SamplePlayer
3,talk,0,3,5 werewolf
3,talk,1,9,8 werewolf
3,talk,2,5,( 6 werewolf ) and ( 5 comingout seer ) and ( 2 inspected HUMAN ) and ( 8 inspected HUMAN ) and ( 6 inspected werewolf ) 
3,talk,3,6,5 werewolf
3,talk,4,1,6 werewolf
3,talk,5,8,6 werewolf
3,talk,6,10,6 werewolf
3,talk,7,11,6 werewolf
3,whisper,0,6,Over
3,talk,8,10,Over
3,talk,9,11,Over
3,talk,10,1,Over
3,talk,11,5,Over
3,talk,12,8,Over
3,talk,13,3,6 werewolf
3,talk,14,9,Over
3,talk,15,6,Over
3,whisper,1,6,Over
3,talk,16,3,Over
3,talk,17,9,Over
3,talk,18,6,Over
3,talk,19,5,Over
3,talk,20,11,Over
3,talk,21,8,Over
3,talk,22,1,Over
3,talk,23,10,Over
3,whisper,2,6,Over
3,vote,3,6
3,vote,1,6
3,vote,8,6
3,vote,5,6
3,vote,6,5
3,vote,11,6
3,vote,9,8
3,vote,10,6
3,divine,5,9,Human
3,guard,11,5,seer
3,attackVote,6,5
3,execute,6,werewolf
4,status,1,villager,alive,SamplePlayer
4,status,2,villager,dead,SamplePlayer
4,status,3,villager,alive,SamplePlayer
4,status,4,werewolf,dead,SamplePlayer
4,status,5,seer,alive,SamplePlayer
4,status,6,werewolf,dead,SamplePlayer
4,status,7,possessed,dead,SamplePlayer
4,status,8,villager,alive,SamplePlayer
4,status,9,villager,alive,SamplePlayer
4,status,10,villager,alive,SamplePlayer
4,status,11,bodyguard,alive,SamplePlayer
4,status,12,medium,dead,SamplePlayer
4,result,7,0,villager
