0,status,1,medium,alive,SamplePlayer
0,status,2,villager,alive,SamplePlayer
0,status,3,villager,alive,SamplePlayer
0,status,4,werewolf,alive,SamplePlayer
0,status,5,villager,alive,SamplePlayer
0,status,6,bodyguard,alive,SamplePlayer
0,status,7,villager,alive,SamplePlayer
0,status,8,villager,alive,SamplePlayer
0,status,9,villager,alive,SamplePlayer
0,status,10,werewolf,alive,SamplePlayer
0,status,11,seer,alive,SamplePlayer
0,status,12,possessed,alive,SamplePlayer
0,talk,0,6,9 werewolf
0,talk,1,11,7 werewolf
0,talk,2,10,1 werewolf
0,talk,3,9,7 werewolf
0,talk,4,8,5 werewolf
0,talk,5,3,5 werewolf
0,talk,6,5,6 werewolf
0,talk,7,12,2 werewolf
0,talk,8,1,4 werewolf
0,talk,9,4,6 werewolf
0,talk,10,2,5 werewolf
0,talk,11,7,4 werewolf
0,whisper,0,10,Over
0,whisper,1,4,Over
0,talk,12,10,Over
0,talk,13,11,Over
0,talk,14,3,Over
0,talk,15,7,Over
0,talk,16,2,Over
0,talk,17,9,Over
0,talk,18,4,Over
0,talk,19,12,Over
0,talk,20,5,Over
0,talk,21,6,Over
0,talk,22,8,Over
0,talk,23,1,Over
0,whisper,2,10,Over
0,whisper,3,4,Over
0,vote,3,5
0,vote,4,6
0,vote,1,4
0,vote,2,5
0,vote,7,4
0,vote,8,5
0,vote,5,6
0,vote,6,9
0,vote,11,7
0,vote,12,2
0,vote,9,7
0,vote,10,1
0,divine,11,7,Human
0,guard,6,2,villager
0,attackVote,4,8
0,attackVote,10,1
0,execute,5,villager
0,attack,1,true
1,status,1,medium,dead,SamplePlayer
1,status,2,villager,alive,SamplePlayer
1,status,3,villager,alive,SamplePlayer
1,status,4,werewolf,alive,SamplePlayer
1,status,5,villager,dead,SamplePlayer
1,status,6,bodyguard,alive,SamplePlayer
1,status,7,villager,alive,SamplePlayer
1,status,8,villager,alive,SamplePlayer
1,status,9,villager,alive,SamplePlayer
1,status,10,werewolf,alive,SamplePlayer
1,status,11,seer,alive,SamplePlayer
1,status,12,possessed,alive,SamplePlayer
1,talk,0,6,9 werewolf
1,talk,1,7,12 werewolf
1,talk,2,11,7 werewolf
1,talk,3,3,4 werewolf
1,talk,4,2,11 werewolf
1,talk,5,4,12 werewolf
1,talk,6,10,12 werewolf
1,talk,7,9,10 werewolf
1,talk,8,12,6 werewolf
1,talk,9,8,12 werewolf
1,whisper,0,10,Over
1,whisper,1,4,Over
1,talk,10,12,Over
1,talk,11,9,Over
1,talk,12,7,Over
1,talk,13,2,Over
1,talk,14,3,Over
1,talk,15,11,Over
1,talk,16,6,Over
1,talk,17,8,Over
1,talk,18,4,Over
1,talk,19,10,Over
1,whisper,2,10,Over
1,whisper,3,4,Over
1,vote,3,4
1,vote,4,12
1,vote,2,11
1,vote,7,12
1,vote,8,12
1,vote,6,9
1,vote,11,7
1,vote,12,6
1,vote,9,10
1,vote,10,12
1,divine,11,6,Human
1,guard,6,10,werewolf
1,attackVote,4,11
1,attackVote,10,3
1,execute,12,possessed
1,attack,11,true
2,status,1,medium,dead,SamplePlayer
2,status,2,villager,alive,SamplePlayer
2,status,3,villager,alive,SamplePlayer
2,status,4,werewolf,alive,SamplePlayer
2,status,5,villager,dead,SamplePlayer
2,status,6,bodyguard,alive,SamplePlayer
2,status,7,villager,alive,SamplePlayer
2,status,8,villager,alive,SamplePlayer
2,status,9,villager,alive,SamplePlayer
2,status,10,werewolf,alive,SamplePlayer
2,status,11,seer,dead,SamplePlayer
2,status,12,possessed,dead,SamplePlayer
2,talk,0,6,4 werewolf
2,talk,1,9,10 werewolf
2,talk,2,10,12 werewolf
2,talk,3,4,( 7 werewolf ) and ( 4 comingout seer ) and ( 10 inspected HUMAN ) and ( 9 inspected werewolf ) 
2,talk,4,8,9 werewolf
2,talk,5,2,10 werewolf
2,talk,6,7,9 werewolf
2,talk,7,3,9 werewolf
2,whisper,0,4,Over
2,whisper,1,10,Over
2,talk,8,8,Over
2,talk,9,3,Over
2,talk,10,7,Over
2,talk,11,6,9 werewolf
2,talk,12,9,Over
2,talk,13,2,Over
2,talk,14,4,9 werewolf
2,talk,15,10,Over
2,whisper,2,10,Over
2,whisper,3,4,Over
2,talk,16,7,Over
2,talk,17,10,Over
2,talk,18,8,Over
2,talk,19,4,Over
2,talk,20,3,Over
2,talk,21,2,Over
2,talk,22,6,Over
2,talk,23,9,Over
2,whisper,4,10,Over
2,whisper,5,4,Over
2,vote,3,9
2,vote,4,9
2,vote,2,10
2,vote,7,9
2,vote,8,9
2,vote,6,9
2,vote,9,10
2,vote,10,12
2,guard,6,3,villager
2,attackVote,4,7
2,attackVote,10,7
2,execute,9,villager
2,attack,7,true
3,status,1,medium,dead,SamplePlayer
3,status,2,villager,alive,SamplePlayer
3,status,3,villager,alive,SamplePlayer
3,status,4,werewolf,alive,SamplePlayer
3,status,5,villager,dead,SamplePlayer
3,status,6,bodyguard,alive,SamplePlayer
3,status,7,villager,dead,SamplePlayer
3,status,8,villager,alive,SamplePlayer
3,status,9,villager,dead,SamplePlayer
3,status,10,werewolf,alive,SamplePlayer
3,status,11,seer,dead,SamplePlayer
3,status,12,possessed,dead,SamplePlayer
3,talk,0,2,4 werewolf
3,talk,1,4,( 9 werewolf ) and ( 10 inspected HUMAN ) 
3,talk,2,6,10 werewolf
3,talk,3,8,10 werewolf
3,talk,4,10,( 12 werewolf ) and ( 10 comingout seer ) and ( 12 inspected werewolf ) and ( 2 inspected werewolf ) and ( 6 inspected HUMAN ) 
3,talk,5,3,2 werewolf
3,whisper,0,4,Over
3,whisper,1,10,Over
3,talk,6,2,10 werewolf
3,talk,7,10,Over
3,talk,8,6,Over
3,talk,9,8,Over
3,talk,10,3,Over
3,talk,11,4,Over
3,whisper,2,4,Over
3,whisper,3,10,Over
3,talk,12,8,Over
3,talk,13,2,Over
3,talk,14,4,Over
3,talk,15,10,Over
3,talk,16,6,Over
3,talk,17,3,Over
3,whisper,4,4,Over
3,whisper,5,10,Over
3,vote,3,2
3,vote,4,9
3,vote,2,10
3,vote,8,10
3,vote,6,10
3,vote,10,12
3,guard,6,4,werewolf
3,attackVote,4,3
3,attackVote,10,8
3,execute,10,werewolf
3,attack,8,true
4,status,1,medium,dead,SamplePlayer
4,status,2,villager,alive,SamplePlayer
4,status,3,villager,alive,SamplePlayer
4,status,4,werewolf,alive,SamplePlayer
4,status,5,villager,dead,SamplePlayer
4,status,6,bodyguard,alive,SamplePlayer
4,status,7,villager,dead,SamplePlayer
4,status,8,villager,dead,SamplePlayer
4,status,9,villager,dead,SamplePlayer
4,status,10,werewolf,dead,SamplePlayer
4,status,11,seer,dead,SamplePlayer
4,status,12,possessed,dead,SamplePlayer
4,talk,0,3,2 werewolf
4,talk,1,2,4 werewolf
4,talk,2,4,( 9 werewolf ) and ( 2 inspected HUMAN ) 
4,talk,3,6,2 werewolf
4,whisper,0,4,Over
4,talk,4,2,Over
4,talk,5,3,Over
4,talk,6,4,Over
4,talk,7,6,Over
4,whisper,1,4,Over
4,vote,3,2
4,vote,4,9
4,vote,2,4
4,vote,6,2
4,guard,6,4,werewolf
4,attackVote,4,6
4,execute,2,villager
4,attack,6,true
5,status,1,medium,dead,SamplePlayer
5,status,2,villager,dead,SamplePlayer
5,status,3,villager,alive,SamplePlayer
5,status,4,werewolf,alive,SamplePlayer
5,status,5,villager,dead,SamplePlayer
5,status,6,bodyguard,dead,SamplePlayer
5,status,7,villager,dead,SamplePlayer
5,status,8,villager,dead,SamplePlayer
5,status,9,villager,dead,SamplePlayer
5,status,10,werewolf,dead,SamplePlayer
5,status,11,seer,dead,SamplePlayer
5,status,12,possessed,dead,SamplePlayer
5,result,1,1,werewolf
