0,status,1,medium,alive,SamplePlayer
0,status,2,seer,alive,SamplePlayer
0,status,3,villager,alive,SamplePlayer
0,status,4,villager,alive,SamplePlayer
0,status,5,villager,alive,SamplePlayer
0,status,6,villager,alive,SamplePlayer
0,status,7,bodyguard,alive,SamplePlayer
0,status,8,villager,alive,SamplePlayer
0,status,9,werewolf,alive,SamplePlayer
0,status,10,werewolf,alive,SamplePlayer
0,status,11,possessed,alive,SamplePlayer
0,status,12,villager,alive,SamplePlayer
0,talk,0,12,3 werewolf
0,talk,1,9,10 werewolf
0,talk,2,1,3 werewolf
0,talk,3,11,10 werewolf
0,talk,4,7,12 werewolf
0,talk,5,3,7 werewolf
0,talk,6,2,10 werewolf
0,talk,7,8,11 werewolf
0,talk,8,6,3 werewolf
0,talk,9,4,10 werewolf
0,talk,10,5,4 werewolf
0,talk,11,10,2 werewolf
0,whisper,0,10,Over
0,whisper,1,9,Over
0,talk,12,8,Over
0,talk,13,3,Over
0,talk,14,1,Over
0,talk,15,5,Over
0,talk,16,2,Over
0,talk,17,12,Over
0,talk,18,4,Over
0,talk,19,6,Over
0,talk,20,10,Over
0,talk,21,7,Over
0,talk,22,9,Over
0,talk,23,11,Over
0,whisper,2,9,Over
0,whisper,3,10,Over
0,vote,3,7
0,vote,4,10
0,vote,1,3
0,vote,2,10
0,vote,7,12
0,vote,8,11
0,vote,5,4
0,vote,6,3
0,vote,11,10
0,vote,12,3
0,vote,9,10
0,vote,10,2
0,divine,2,7,Human
0,guard,7,6,villager
0,attackVote,9,7
0,attackVote,10,12
0,execute,10,werewolf
0,attack,12,true
1,status,1,medium,alive,SamplePlayer
1,status,2,seer,alive,SamplePlayer
1,status,3,villager,alive,SamplePlayer
1,status,4,villager,alive,SamplePlayer
1,status,5,villager,alive,SamplePlayer
1,status,6,villager,alive,SamplePlayer
1,status,7,bodyguard,alive,SamplePlayer
1,status,8,villager,alive,SamplePlayer
1,status,9,werewolf,alive,SamplePlayer
1,status,10,werewolf,dead,SamplePlayer
1,status,11,possessed,alive,SamplePlayer
1,status,12,villager,dead,SamplePlayer
1,talk,0,7,2 werewolf
1,talk,1,11,7 werewolf
1,talk,2,2,8 werewolf
1,talk,3,5,7 werewolf
1,talk,4,1,( 6 werewolf ) and ( 1 comingout medium ) and ( 10 medium_telled werewolf ) 
1,talk,5,9,5 werewolf
1,talk,6,8,11 werewolf
1,talk,7,6,5 werewolf
1,talk,8,4,3 werewolf
1,talk,9,3,1 werewolf
1,whisper,0,9,Over
1,talk,10,2,Over
1,talk,11,6,Over
1,talk,12,11,Over
1,talk,13,5,Over
1,talk,14,3,Over
1,talk,15,4,Over
1,talk,16,8,Over
1,talk,17,1,Over
1,talk,18,7,Over
1,talk,19,9,Over
1,whisper,1,9,Over
1,vote,3,1
1,vote,4,3
1,vote,1,6
1,vote,2,8
1,vote,7,2
1,vote,8,11
1,vote,5,7
1,vote,6,5
1,vote,11,7
1,vote,9,5
1,divine,2,7,Human
1,guard,7,9,werewolf
1,attackVote,9,1
1,execute,7,bodyguard
1,attack,1,true
2,status,1,medium,dead,SamplePlayer
2,status,2,seer,alive,SamplePlayer
2,status,3,villager,alive,SamplePlayer
2,status,4,villager,alive,SamplePlayer
2,status,5,villager,alive,SamplePlayer
2,status,6,villager,alive,SamplePlayer
2,status,7,bodyguard,dead,SamplePlayer
2,status,8,villager,alive,SamplePlayer
2,status,9,werewolf,alive,SamplePlayer
2,status,10,werewolf,dead,SamplePlayer
2,status,11,possessed,alive,SamplePlayer
2,status,12,villager,dead,SamplePlayer
2,talk,0,6,3 werewolf
2,talk,1,8,11 werewolf
2,talk,2,4,2 werewolf
2,talk,3,5,11 werewolf
2,talk,4,9,9 werewolf
2,talk,5,11,11 werewolf
2,talk,6,2,( 9 werewolf ) and ( 2 comingout seer ) and ( 7 inspected HUMAN ) and ( 7 inspected HUMAN ) 
2,talk,7,3,4 werewolf
2,whisper,0,9,Over
2,talk,8,4,9 werewolf
2,talk,9,2,Over
2,talk,10,9,Over
2,talk,11,5,8 werewolf
2,talk,12,8,2 werewolf
2,talk,13,3,Over
2,talk,14,11,Over
2,talk,15,6,5 werewolf
2,whisper,1,9,Over
2,talk,16,5,Over
2,talk,17,3,Over
2,talk,18,4,Over
2,talk,19,2,Over
2,talk,20,11,Over
2,talk,21,8,Over
2,talk,22,9,Over
2,talk,23,6,Over
2,whisper,2,9,Over
2,vote,3,4
2,vote,4,9
2,vote,2,9
2,vote,8,2
2,vote,5,8
2,vote,6,5
2,vote,11,11
2,vote,9,9
2,divine,2,6,Human
2,attackVote,9,2
2,execute,9,werewolf
3,status,1,medium,dead,SamplePlayer
3,status,2,seer,alive,SamplePlayer
3,status,3,villager,alive,SamplePlayer
3,status,4,villager,alive,SamplePlayer
3,status,5,villager,alive,SamplePlayer
3,status,6,villager,alive,SamplePlayer
3,status,7,bodyguard,dead,SamplePlayer
3,status,8,villager,alive,SamplePlayer
3,status,9,werewolf,dead,SamplePlayer
3,status,10,werewolf,dead,SamplePlayer
3,status,11,possessed,alive,SamplePlayer
3,status,12,villager,dead,SamplePlayer
3,result,7,0,villager
