0,status,1,villager,alive,SamplePlayer
0,status,2,villager,alive,SamplePlayer
0,status,3,seer,alive,SamplePlayer
0,status,4,villager,alive,SamplePlayer
0,status,5,villager,alive,SamplePlayer
0,status,6,possessed,alive,SamplePlayer
0,status,7,werewolf,alive,SamplePlayer
0,status,8,bodyguard,alive,SamplePlayer
0,status,9,werewolf,alive,SamplePlayer
0,status,10,villager,alive,SamplePlayer
0,status,11,medium,alive,SamplePlayer
0,status,12,villager,alive,SamplePlayer
0,talk,0,5,7 werewolf
0,talk,1,3,6 werewolf
0,talk,2,8,12 werewolf
0,talk,3,9,5 werewolf
0,talk,4,12,7 werewolf
0,talk,5,2,1 werewolf
0,talk,6,10,8 werewolf
0,talk,7,1,7 werewolf
0,talk,8,4,6 werewolf
0,talk,9,7,10 werewolf
0,talk,10,11,4 werewolf
0,talk,11,6,8 werewolf
0,whisper,0,7,Over
0,whisper,1,9,Over
0,talk,12,7,Over
0,talk,13,8,Over
0,talk,14,5,Over
0,talk,15,1,Over
0,talk,16,12,Over
0,talk,17,10,Over
0,talk,18,9,Over
0,talk,19,6,Over
0,talk,20,3,Over
0,talk,21,2,Over
0,talk,22,4,Over
0,talk,23,11,Over
0,whisper,2,7,Over
0,whisper,3,9,Over
0,vote,3,6
0,vote,4,6
0,vote,1,7
0,vote,2,1
0,vote,7,10
0,vote,8,12
0,vote,5,7
0,vote,6,8
0,vote,11,4
0,vote,12,7
0,vote,9,5
0,vote,10,8
0,divine,3,5,Human
0,guard,8,1,villager
0,attackVote,7,2
0,attackVote,9,12
0,execute,7,werewolf
0,attack,12,true
1,status,1,villager,alive,SamplePlayer
1,status,2,villager,alive,SamplePlayer
1,status,3,seer,alive,SamplePlayer
1,status,4,villager,alive,SamplePlayer
1,status,5,villager,alive,SamplePlayer
1,status,6,possessed,alive,SamplePlayer
1,status,7,werewolf,dead,SamplePlayer
1,status,8,bodyguard,alive,SamplePlayer
1,status,9,werewolf,alive,SamplePlayer
1,status,10,villager,alive,SamplePlayer
1,status,11,medium,alive,SamplePlayer
1,status,12,villager,dead,SamplePlayer
1,talk,0,8,3 werewolf
1,talk,1,3,( 4 werewolf ) and ( 3 comingout seer ) and ( 5 inspected HUMAN ) 
1,talk,2,4,6 werewolf
1,talk,3,9,8 werewolf
1,talk,4,11,1 werewolf
1,talk,5,6,( 3 werewolf ) and ( 6 comingout medium ) and ( 11 medium_telled HUMAN ) 
1,talk,6,2,5 werewolf
1,talk,7,1,2 werewolf
1,talk,8,10,9 werewolf
1,talk,9,5,1 werewolf
1,whisper,0,9,Over
1,talk,10,5,Over
1,talk,11,9,Over
1,talk,12,8,9 werewolf
1,talk,13,10,Over
1,talk,14,4,Over
1,talk,15,2,Over
1,talk,16,3,Over
1,talk,17,11,6 werewolf
1,talk,18,1,Over
1,talk,19,6,Over
1,whisper,1,9,Over
1,talk,20,1,Over
1,talk,21,5,Over
1,talk,22,10,Over
1,talk,23,4,Over
1,talk,24,3,Over
1,talk,25,8,Over
1,talk,26,9,Over
1,talk,27,6,Over
1,talk,28,2,Over
1,talk,29,11,Over
1,whisper,2,9,Over
1,vote,3,4
1,vote,4,6
1,vote,1,2
1,vote,2,5
1,vote,8,9
1,vote,5,1
1,vote,6,3
1,vote,11,6
1,vote,9,8
1,vote,10,9
1,divine,3,6,Human
1,guard,8,6,possessed
1,attackVote,9,3
1,execute,9,werewolf
2,status,1,villager,alive,SamplePlayer
2,status,2,villager,alive,SamplePlayer
2,status,3,seer,alive,SamplePlayer
2,status,4,villager,alive,SamplePlayer
2,status,5,villager,alive,SamplePlayer
2,status,6,possessed,alive,SamplePlayer
2,status,7,werewolf,dead,SamplePlayer
2,status,8,bodyguard,alive,SamplePlayer
2,status,9,werewolf,dead,SamplePlayer
2,status,10,villager,alive,SamplePlayer
2,status,11,medium,alive,SamplePlayer
2,status,12,villager,dead,SamplePlayer
2,result,9,0,villager
