0,status,1,seer,alive,SamplePlayer
0,status,2,werewolf,alive,SamplePlayer
0,status,3,villager,alive,SamplePlayer
0,status,4,bodyguard,alive,SamplePlayer
0,status,5,villager,alive,SamplePlayer
0,status,6,possessed,alive,SamplePlayer
0,status,7,villager,alive,SamplePlayer
0,status,8,werewolf,alive,SamplePlayer
0,status,9,villager,alive,SamplePlayer
0,status,10,medium,alive,SamplePlayer
0,status,11,villager,alive,SamplePlayer
0,status,12,villager,alive,SamplePlayer
0,talk,0,2,7 werewolf
0,talk,1,3,6 werewolf
0,talk,2,1,6 werewolf
0,talk,3,10,11 werewolf
0,talk,4,12,11 werewolf
0,talk,5,5,8 werewolf
0,talk,6,4,5 werewolf
0,talk,7,8,7 werewolf
0,talk,8,7,4 werewolf
0,talk,9,9,7 werewolf
0,talk,10,6,7 werewolf
0,talk,11,11,1 werewolf
0,whisper,0,8,Over
0,whisper,1,2,Over
0,talk,12,5,Over
0,talk,13,8,Over
0,talk,14,11,Over
0,talk,15,9,Over
0,talk,16,10,Over
0,talk,17,2,Over
0,talk,18,1,Over
0,talk,19,4,Over
0,talk,20,12,Over
0,talk,21,7,Over
0,talk,22,6,Over
0,talk,23,3,Over
0,whisper,2,2,Over
0,whisper,3,8,Over
0,vote,3,6
0,vote,4,5
0,vote,1,6
0,vote,2,7
0,vote,7,4
0,vote,8,7
0,vote,5,8
0,vote,6,7
0,vote,11,1
0,vote,12,11
0,vote,9,7
0,vote,10,11
0,divine,1,12,Human
0,guard,4,7,villager
0,attackVote,2,3
0,attackVote,8,3
0,execute,7,villager
0,attack,3,true
1,status,1,seer,alive,SamplePlayer
1,status,2,werewolf,alive,SamplePlayer
1,status,3,villager,dead,SamplePlayer
1,status,4,bodyguard,alive,SamplePlayer
1,status,5,villager,alive,SamplePlayer
1,status,6,possessed,alive,SamplePlayer
1,status,7,villager,dead,SamplePlayer
1,status,8,werewolf,alive,SamplePlayer
1,status,9,villager,alive,SamplePlayer
1,status,10,medium,alive,SamplePlayer
1,status,11,villager,alive,SamplePlayer
1,status,12,villager,alive,SamplePlayer
1,talk,0,10,( 12 werewolf ) and ( 10 comingout medium ) and ( 7 medium_telled HUMAN ) 
1,talk,1,8,3 werewolf
1,talk,2,1,6 werewolf
1,talk,3,9,8 werewolf
1,talk,4,12,9 werewolf
1,talk,5,6,1 werewolf
1,talk,6,2,4 werewolf
1,talk,7,11,1 werewolf
1,talk,8,5,9 werewolf
1,talk,9,4,11 werewolf
1,whisper,0,2,Over
1,whisper,1,8,Over
1,talk,10,6,Over
1,talk,11,11,Over
1,talk,12,2,Over
1,talk,13,8,Over
1,talk,14,5,Over
1,talk,15,1,Over
1,talk,16,9,Over
1,talk,17,10,Over
1,talk,18,4,Over
1,talk,19,12,Over
1,whisper,2,2,Over
1,whisper,3,8,Over
1,vote,4,11
1,vote,1,6
1,vote,2,4
1,vote,8,3
1,vote,5,9
1,vote,6,1
1,vote,11,1
1,vote,12,9
1,vote,9,8
1,vote,10,12
1,divine,1,10,Human
1,guard,4,10,medium
1,attackVote,2,1
1,attackVote,8,10
1,execute,9,villager
1,attack,1,true
2,status,1,seer,dead,SamplePlayer
2,status,2,werewolf,alive,SamplePlayer
2,status,3,villager,dead,SamplePlayer
2,status,4,bodyguard,alive,SamplePlayer
2,status,5,villager,alive,SamplePlayer
2,status,6,possessed,alive,SamplePlayer
2,status,7,villager,dead,SamplePlayer
2,status,8,werewolf,alive,SamplePlayer
2,status,9,villager,dead,SamplePlayer
2,status,10,medium,alive,SamplePlayer
2,status,11,villager,alive,SamplePlayer
2,status,12,villager,alive,SamplePlayer
2,talk,0,8,( 3 werewolf ) and ( 8 comingout seer ) and ( 3 inspected werewolf ) and ( 5 inspected werewolf ) 
2,talk,1,6,12 werewolf
2,talk,2,4,5 werewolf
2,talk,3,11,5 werewolf
2,talk,4,5,6 werewolf
2,talk,5,2,( 4 werewolf ) and ( 2 comingout seer ) and ( 4 inspected werewolf ) and ( 10 inspected werewolf ) 
2,talk,6,10,( 4 werewolf ) and ( 9 medium_telled HUMAN ) 
2,talk,7,12,5 werewolf
2,whisper,0,8,Over
2,whisper,1,2,Over
2,talk,8,4,Over
2,talk,9,8,Over
2,talk,10,5,4 werewolf
2,talk,11,12,Over
2,talk,12,2,Over
2,talk,13,6,Over
2,talk,14,10,Over
2,talk,15,11,Over
2,whisper,2,2,Over
2,whisper,3,8,Over
2,talk,16,8,Over
2,talk,17,12,Over
2,talk,18,5,Over
2,talk,19,11,Over
2,talk,20,2,Over
2,talk,21,10,Over
2,talk,22,6,Over
2,talk,23,4,Over
2,whisper,4,2,Over
2,whisper,5,8,Over
2,vote,4,5
2,vote,2,4
2,vote,8,3
2,vote,5,4
2,vote,6,12
2,vote,11,5
2,vote,12,5
2,vote,10,4
2,guard,4,10,medium
2,attackVote,2,10
2,attackVote,8,10
2,execute,4,bodyguard
2,attack,10,false
3,status,1,seer,dead,SamplePlayer
3,status,2,werewolf,alive,SamplePlayer
3,status,3,villager,dead,SamplePlayer
3,status,4,bodyguard,dead,SamplePlayer
3,status,5,villager,alive,SamplePlayer
3,status,6,possessed,alive,SamplePlayer
3,status,7,villager,dead,SamplePlayer
3,status,8,werewolf,alive,SamplePlayer
3,status,9,villager,dead,SamplePlayer
3,status,10,medium,alive,SamplePlayer
3,status,11,villager,alive,SamplePlayer
3,status,12,villager,alive,SamplePlayer
3,talk,0,6,11 werewolf
3,talk,1,8,( 3 werewolf ) and ( 5 inspected HUMAN ) 
3,talk,2,5,10 werewolf
3,talk,3,12,10 werewolf
3,talk,4,2,( 4 werewolf ) and ( 5 inspected werewolf ) 
3,talk,5,10,( 2 werewolf ) and ( 4 medium_telled HUMAN ) 
3,talk,6,11,10 werewolf
3,whisper,0,8,Over
3,whisper,1,2,Over
3,talk,7,11,Over
3,talk,8,5,Over
3,talk,9,8,Over
3,talk,10,2,Over
3,talk,11,12,Over
3,talk,12,6,Over
3,talk,13,10,Over
3,whisper,2,8,Over
3,whisper,3,2,Over
3,vote,2,4
3,vote,8,3
3,vote,5,10
3,vote,6,11
3,vote,11,10
3,vote,12,10
3,vote,10,2
3,attackVote,2,10
3,attackVote,8,10
3,execute,10,medium
3,attack,10,true
4,status,1,seer,dead,SamplePlayer
4,status,2,werewolf,alive,SamplePlayer
4,status,3,villager,dead,SamplePlayer
4,status,4,bodyguard,dead,SamplePlayer
4,status,5,villager,alive,SamplePlayer
4,status,6,possessed,alive,SamplePlayer
4,status,7,villager,dead,SamplePlayer
4,status,8,werewolf,alive,SamplePlayer
4,status,9,villager,dead,SamplePlayer
4,status,10,medium,dead,SamplePlayer
4,status,11,villager,alive,SamplePlayer
4,status,12,villager,alive,SamplePlayer
4,talk,0,2,( 10 werewolf ) and ( 5 inspected werewolf ) 
4,talk,1,12,5 werewolf
4,talk,2,11,5 werewolf
4,talk,3,5,11 werewolf
4,talk,4,8,( 5 werewolf ) and ( 12 inspected HUMAN ) 
4,talk,5,6,2 werewolf
4,whisper,0,8,Over
4,whisper,1,2,Over
4,talk,6,8,Over
4,talk,7,12,Over
4,talk,8,2,Over
4,talk,9,11,Over
4,talk,10,6,Over
4,talk,11,5,2 werewolf
4,whisper,2,8,Over
4,whisper,3,2,Over
4,talk,12,12,Over
4,talk,13,11,Over
4,talk,14,8,Over
4,talk,15,6,Over
4,talk,16,5,Over
4,talk,17,2,Over
4,whisper,4,2,Over
4,whisper,5,8,Over
4,vote,2,10
4,vote,8,5
4,vote,5,2
4,vote,6,2
4,vote,11,5
4,vote,12,5
4,attackVote,2,11
4,attackVote,8,6
4,execute,5,villager
4,attack,6,true
5,status,1,seer,dead,SamplePlayer
5,status,2,werewolf,alive,SamplePlayer
5,status,3,villager,dead,SamplePlayer
5,status,4,bodyguard,dead,SamplePlayer
5,status,5,villager,dead,SamplePlayer
5,status,6,possessed,dead,SamplePlayer
5,status,7,villager,dead,SamplePlayer
5,status,8,werewolf,alive,SamplePlayer
5,status,9,villager,dead,SamplePlayer
5,status,10,medium,dead,SamplePlayer
5,status,11,villager,alive,SamplePlayer
5,status,12,villager,alive,SamplePlayer
5,result,2,2,werewolf
