0,status,1,villager,alive,SamplePlayer
0,status,2,villager,alive,SamplePlayer
0,status,3,werewolf,alive,SamplePlayer
0,status,4,werewolf,alive,SamplePlayer
0,status,5,possessed,alive,SamplePlayer
0,status,6,villager,alive,SamplePlayer
0,status,7,seer,alive,SamplePlayer
0,status,8,villager,alive,SamplePlayer
0,status,9,medium,alive,SamplePlayer
0,status,10,villager,alive,SamplePlayer
0,status,11,villager,alive,SamplePlayer
0,status,12,bodyguard,alive,SamplePlayer
0,talk,0,9,2 werewolf
0,talk,1,1,7 werewolf
0,talk,2,7,3 werewolf
0,talk,3,11,9 werewolf
0,talk,4,10,9 werewolf
0,talk,5,12,10 werewolf
0,talk,6,4,10 werewolf
0,talk,7,8,1 werewolf
0,talk,8,5,7 werewolf
0,talk,9,6,7 werewolf
0,talk,10,3,12 werewolf
0,talk,11,2,10 werewolf
0,whisper,0,4,Over
0,whisper,1,3,Over
0,talk,12,9,Over
0,talk,13,2,Over
0,talk,14,12,Over
0,talk,15,3,Over
0,talk,16,10,Over
0,talk,17,7,Over
0,talk,18,1,Over
0,talk,19,4,Over
0,talk,20,5,Over
0,talk,21,11,Over
0,talk,22,8,Over
0,talk,23,6,Over
0,whisper,2,4,Over
0,whisper,3,3,Over
0,vote,3,12
0,vote,4,10
0,vote,1,7
0,vote,2,10
0,vote,7,3
0,vote,8,1
0,vote,5,7
0,vote,6,7
0,vote,11,9
0,vote,12,10
0,vote,9,2
0,vote,10,9
0,divine,7,11,Human
0,guard,12,11,villager
0,attackVote,3,8
0,attackVote,4,10
0,execute,7,seer
0,attack,10,true
1,status,1,villager,alive,SamplePlayer
1,status,2,villager,alive,SamplePlayer
1,status,3,werewolf,alive,SamplePlayer
1,status,4,werewolf,alive,SamplePlayer
1,status,5,possessed,alive,SamplePlayer
1,status,6,villager,alive,SamplePlayer
1,status,7,seer,dead,SamplePlayer
1,status,8,villager,alive,SamplePlayer
1,status,9,medium,alive,SamplePlayer
1,status,10,villager,dead,SamplePlayer
1,status,11,villager,alive,SamplePlayer
1,status,12,bodyguard,alive,SamplePlayer
1,talk,0,12,11 werewolf
1,talk,1,3,1 werewolf
1,talk,2,5,9 werewolf
1,talk,3,1,2 werewolf
1,talk,4,4,8 werewolf
1,talk,5,2,5 werewolf
1,talk,6,8,9 werewolf
1,talk,7,11,5 werewolf
1,talk,8,6,9 werewolf
1,talk,9,9,( 5 werewolf ) and ( 9 comingout medium ) and ( 7 medium_telled HUMAN ) 
1,whisper,0,3,Over
1,whisper,1,4,Over
1,talk,10,9,Over
1,talk,11,2,Over
1,talk,12,6,Over
1,talk,13,3,Over
1,talk,14,5,Over
1,talk,15,8,Over
1,talk,16,11,Over
1,talk,17,1,Over
1,talk,18,12,Over
1,talk,19,4,Over
1,whisper,2,4,Over
1,whisper,3,3,Over
1,vote,3,1
1,vote,4,8
1,vote,1,2
1,vote,2,5
1,vote,8,9
1,vote,5,9
1,vote,6,9
1,vote,11,5
1,vote,12,11
1,vote,9,5
1,guard,12,3,werewolf
1,attackVote,3,9
1,attackVote,4,9
1,execute,5,possessed
1,attack,9,true
2,status,1,villager,alive,SamplePlayer
2,status,2,villager,alive,SamplePlayer
2,status,3,werewolf,alive,SamplePlayer
2,status,4,werewolf,alive,SamplePlayer
2,status,5,possessed,dead,SamplePlayer
2,status,6,villager,alive,SamplePlayer
2,status,7,seer,dead,SamplePlayer
2,status,8,villager,alive,SamplePlayer
2,status,9,medium,dead,SamplePlayer
2,status,10,villager,dead,SamplePlayer
2,status,11,villager,alive,SamplePlayer
2,status,12,bodyguard,alive,SamplePlayer
2,talk,0,11,6 werewolf
2,talk,1,6,8 werewolf
2,talk,2,3,4 werewolf
2,talk,3,12,4 werewolf
2,talk,4,8,2 werewolf
2,talk,5,2,11 werewolf
2,talk,6,1,3 werewolf
2,talk,7,4,( 1 werewolf ) and ( 4 comingout seer ) and ( 3 inspected HUMAN ) and ( 3 inspected HUMAN ) 
2,whisper,0,4,Over
2,whisper,1,3,Over
2,talk,8,12,Over
2,talk,9,3,12 werewolf
2,talk,10,2,4 werewolf
2,talk,11,11,12 werewolf
2,talk,12,6,11 werewolf
2,talk,13,8,6 werewolf
2,talk,14,1,Over
2,talk,15,4,2 werewolf
2,whisper,2,3,Over
2,whisper,3,4,Over
2,talk,16,1,Over
2,talk,17,8,Over
2,talk,18,4,Over
2,talk,19,2,Over
2,talk,20,11,Over
2,talk,21,3,Over
2,talk,22,12,Over
2,talk,23,6,Over
2,whisper,4,3,Over
2,whisper,5,4,Over
2,vote,3,12
2,vote,4,2
2,vote,1,3
2,vote,2,4
2,vote,8,6
2,vote,6,11
2,vote,11,12
2,vote,12,4
2,guard,12,4,werewolf
2,attackVote,3,11
2,attackVote,4,11
2,execute,12,bodyguard
2,attack,11,true
3,status,1,villager,alive,SamplePlayer
3,status,2,villager,alive,SamplePlayer
3,status,3,werewolf,alive,SamplePlayer
3,status,4,werewolf,alive,SamplePlayer
3,status,5,possessed,dead,SamplePlayer
3,status,6,villager,alive,SamplePlayer
3,status,7,seer,dead,SamplePlayer
3,status,8,villager,alive,SamplePlayer
3,status,9,medium,dead,SamplePlayer
3,status,10,villager,dead,SamplePlayer
3,status,11,villager,dead,SamplePlayer
3,status,12,bodyguard,dead,SamplePlayer
3,talk,0,6,8 werewolf
3,talk,1,3,4 werewolf
3,talk,2,8,1 werewolf
3,talk,3,4,( 1 werewolf ) and ( 3 inspected HUMAN ) 
3,talk,4,2,6 werewolf
3,talk,5,1,6 werewolf
3,whisper,0,3,Over
3,whisper,1,4,Over
3,talk,6,2,Over
3,talk,7,1,Over
3,talk,8,4,2 werewolf
3,talk,9,6,4 werewolf
3,talk,10,8,2 werewolf
3,talk,11,3,2 werewolf
3,whisper,2,4,Over
3,whisper,3,3,Over
3,talk,12,1,Over
3,talk,13,6,Over
3,talk,14,8,Over
3,talk,15,4,Over
3,talk,16,3,Over
3,talk,17,2,Over
3,whisper,4,3,Over
3,whisper,5,4,Over
3,vote,3,2
3,vote,4,2
3,vote,1,6
3,vote,2,6
3,vote,8,2
3,vote,6,4
3,attackVote,3,8
3,attackVote,4,2
3,execute,2,villager
3,attack,2,true
4,status,1,villager,alive,SamplePlayer
4,status,2,villager,dead,SamplePlayer
4,status,3,werewolf,alive,SamplePlayer
4,status,4,werewolf,alive,SamplePlayer
4,status,5,possessed,dead,SamplePlayer
4,status,6,villager,alive,SamplePlayer
4,status,7,seer,dead,SamplePlayer
4,status,8,villager,alive,SamplePlayer
4,status,9,medium,dead,SamplePlayer
4,status,10,villager,dead,SamplePlayer
4,status,11,villager,dead,SamplePlayer
4,status,12,bodyguard,dead,SamplePlayer
4,talk,0,8,1 werewolf
4,talk,1,1,6 werewolf
4,talk,2,4,( 4 werewolf ) and ( 3 inspected HUMAN ) 
4,talk,3,6,1 werewolf
4,talk,4,3,1 werewolf
4,whisper,0,4,Over
4,whisper,1,3,Over
4,talk,5,6,Over
4,talk,6,1,8 werewolf
4,talk,7,3,Over
4,talk,8,8,Over
4,talk,9,4,8 werewolf
4,whisper,2,4,Over
4,whisper,3,3,Over
4,talk,10,3,Over
4,talk,11,1,Over
4,talk,12,6,Over
4,talk,13,8,Over
4,talk,14,4,Over
4,whisper,4,3,Over
4,whisper,5,4,Over
4,vote,3,1
4,vote,4,8
4,vote,1,8
4,vote,8,1
4,vote,6,1
4,attackVote,3,8
4,attackVote,4,6
4,execute,1,villager
4,attack,8,true
5,status,1,villager,dead,SamplePlayer
5,status,2,villager,dead,SamplePlayer
5,status,3,werewolf,alive,SamplePlayer
5,status,4,werewolf,alive,SamplePlayer
5,status,5,possessed,dead,SamplePlayer
5,status,6,villager,alive,SamplePlayer
5,status,7,seer,dead,SamplePlayer
5,status,8,villager,dead,SamplePlayer
5,status,9,medium,dead,SamplePlayer
5,status,10,villager,dead,SamplePlayer
5,status,11,villager,dead,SamplePlayer
5,status,12,bodyguard,dead,SamplePlayer
5,result,1,2,werewolf
