0,status,1,possessed,alive,SamplePlayer
0,status,2,villager,alive,SamplePlayer
0,status,3,villager,alive,SamplePlayer
0,status,4,villager,alive,SamplePlayer
0,status,5,bodyguard,alive,SamplePlayer
0,status,6,medium,alive,SamplePlayer
0,status,7,villager,alive,SamplePlayer
0,status,8,werewolf,alive,SamplePlayer
0,status,9,villager,alive,SamplePlayer
0,status,10,villager,alive,SamplePlayer
0,status,11,seer,alive,SamplePlayer
0,status,12,werewolf,alive,SamplePlayer
0,talk,0,1,4 werewolf
0,talk,1,10,11 werewolf
0,talk,2,5,12 werewolf
0,talk,3,12,12 werewolf
0,talk,4,6,11 werewolf
0,talk,5,4,11 werewolf
0,talk,6,8,2 werewolf
0,talk,7,11,2 werewolf
0,talk,8,9,6 werewolf
0,talk,9,3,5 werewolf
0,talk,10,2,8 werewolf
0,talk,11,7,1 werewolf
0,whisper,0,8,Over
0,whisper,1,12,Over
0,talk,12,9,Over
0,talk,13,7,Over
0,talk,14,6,Over
0,talk,15,5,Over
0,talk,16,4,Over
0,talk,17,1,Over
0,talk,18,3,Over
0,talk,19,11,Over
0,talk,20,12,Over
0,talk,21,2,Over
0,talk,22,8,Over
0,talk,23,10,Over
0,whisper,2,8,Over
0,whisper,3,12,Over
0,vote,3,5
0,vote,4,11
0,vote,1,4
0,vote,2,8
0,vote,7,1
0,vote,8,2
0,vote,5,12
0,vote,6,11
0,vote,11,2
0,vote,12,12
0,vote,9,6
0,vote,10,11
0,divine,11,4,Human
0,guard,5,9,villager
0,attackVote,8,11
0,attackVote,12,2
0,execute,11,seer
0,attack,11,true
1,status,1,possessed,alive,SamplePlayer
1,status,2,villager,alive,SamplePlayer
1,status,3,villager,alive,SamplePlayer
1,status,4,villager,alive,SamplePlayer
1,status,5,bodyguard,alive,SamplePlayer
1,status,6,medium,alive,SamplePlayer
1,status,7,villager,alive,SamplePlayer
1,status,8,werewolf,alive,SamplePlayer
1,status,9,villager,alive,SamplePlayer
1,status,10,villager,alive,SamplePlayer
1,status,11,seer,dead,SamplePlayer
1,status,12,werewolf,alive,SamplePlayer
1,talk,0,5,2 werewolf
1,talk,1,3,12 werewolf
1,talk,2,4,6 werewolf
1,talk,3,6,( 3 werewolf ) and ( 6 comingout medium ) and ( 11 medium_telled HUMAN ) 
1,talk,4,2,12 werewolf
1,talk,5,7,12 werewolf
1,talk,6,10,12 werewolf
1,talk,7,9,1 werewolf
1,talk,8,8,10 werewolf
1,talk,9,12,7 werewolf
1,talk,10,1,7 werewolf
1,whisper,0,12,Over
1,whisper,1,8,Over
1,talk,11,1,Over
1,talk,12,6,Over
1,talk,13,10,Over
1,talk,14,2,Over
1,talk,15,7,Over
1,talk,16,9,Over
1,talk,17,4,Over
1,talk,18,5,Over
1,talk,19,12,Over
1,talk,20,8,Over
1,talk,21,3,Over
1,whisper,2,12,Over
1,whisper,3,8,Over
1,vote,3,12
1,vote,4,6
1,vote,1,7
1,vote,2,12
1,vote,7,12
1,vote,8,10
1,vote,5,2
1,vote,6,3
1,vote,12,7
1,vote,9,1
1,vote,10,12
1,guard,5,6,medium
1,attackVote,8,6
1,attackVote,12,6
1,execute,12,werewolf
1,attack,6,false
2,status,1,possessed,alive,SamplePlayer
2,status,2,villager,alive,SamplePlayer
2,status,3,villager,alive,SamplePlayer
2,status,4,villager,alive,SamplePlayer
2,status,5,bodyguard,alive,SamplePlayer
2,status,6,medium,alive,SamplePlayer
2,status,7,villager,alive,SamplePlayer
2,status,8,werewolf,alive,SamplePlayer
2,status,9,villager,alive,SamplePlayer
2,status,10,villager,alive,SamplePlayer
2,status,11,seer,dead,SamplePlayer
2,status,12,werewolf,dead,SamplePlayer
2,talk,0,2,4 werewolf
2,talk,1,3,8 werewolf
2,talk,2,10,2 werewolf
2,talk,3,9,8 werewolf
2,talk,4,8,10 werewolf
2,talk,5,4,10 werewolf
2,talk,6,7,2 werewolf
2,talk,7,1,3 werewolf
2,talk,8,5,6 werewolf
2,talk,9,6,( 1 werewolf ) and ( 12 medium_telled werewolf ) 
2,whisper,0,8,Over
2,talk,10,4,Over
2,talk,11,2,Over
2,talk,12,9,Over
2,talk,13,1,Over
2,talk,14,8,Over
2,talk,15,5,Over
2,talk,16,3,Over
2,talk,17,7,Over
2,talk,18,6,Over
2,talk,19,10,Over
2,whisper,1,8,Over
2,vote,3,8
2,vote,4,10
2,vote,1,3
2,vote,2,4
2,vote,7,2
2,vote,8,10
2,vote,5,6
2,vote,6,1
2,vote,9,8
2,vote,10,2
2,guard,5,6,medium
2,attackVote,8,6
2,execute,2,villager
2,attack,6,false
3,status,1,possessed,alive,SamplePlayer
3,status,2,villager,dead,SamplePlayer
3,status,3,villager,alive,SamplePlayer
3,status,4,villager,alive,SamplePlayer
3,status,5,bodyguard,alive,SamplePlayer
3,status,6,medium,alive,SamplePlayer
3,status,7,villager,alive,SamplePlayer
3,status,8,werewolf,alive,SamplePlayer
3,status,9,villager,alive,SamplePlayer
3,status,10,villager,alive,SamplePlayer
3,status,11,seer,dead,SamplePlayer
3,status,12,werewolf,dead,SamplePlayer
3,talk,0,1,( 2 werewolf ) and ( 1 comingout seer ) and ( 6 inspected HUMAN ) and ( 2 inspected werewolf ) and ( 3 inspected werewolf ) 
3,talk,1,7,3 werewolf
3,talk,2,3,7 werewolf
3,talk,3,9,3 werewolf
3,talk,4,10,3 werewolf
3,talk,5,4,6 werewolf
3,talk,6,5,3 werewolf
3,talk,7,8,7 werewolf
3,talk,8,6,( 1 werewolf ) and ( 2 medium_telled HUMAN ) 
3,whisper,0,8,Over
3,talk,9,10,Over
3,talk,10,4,Over
3,talk,11,3,Over
3,talk,12,5,Over
3,talk,13,9,Over
3,talk,14,7,Over
3,talk,15,1,Over
3,talk,16,8,Over
3,talk,17,6,Over
3,whisper,1,8,Over
3,vote,3,7
3,vote,4,6
3,vote,1,2
3,vote,7,3
3,vote,8,7
3,vote,5,3
3,vote,6,1
3,vote,9,3
3,vote,10,3
3,guard,5,1,possessed
3,attackVote,8,10
3,execute,3,villager
3,attack,10,true
4,status,1,possessed,alive,SamplePlayer
4,status,2,villager,dead,SamplePlayer
4,status,3,villager,dead,SamplePlayer
4,status,4,villager,alive,SamplePlayer
4,status,5,bodyguard,alive,SamplePlayer
4,status,6,medium,alive,SamplePlayer
4,status,7,villager,alive,SamplePlayer
4,status,8,werewolf,alive,SamplePlayer
4,status,9,villager,alive,SamplePlayer
4,status,10,villager,dead,SamplePlayer
4,status,11,seer,dead,SamplePlayer
4,status,12,werewolf,dead,SamplePlayer
4,talk,0,7,4 werewolf
4,talk,1,4,9 werewolf
4,talk,2,8,8 werewolf
4,talk,3,1,( 2 werewolf ) and ( 4 inspected HUMAN ) 
4,talk,4,5,9 werewolf
4,talk,5,9,4 werewolf
4,talk,6,6,( 1 werewolf ) and ( 3 medium_telled HUMAN ) 
4,whisper,0,8,Over
4,talk,7,4,6 werewolf
4,talk,8,9,Over
4,talk,9,5,Over
4,talk,10,6,Over
4,talk,11,7,Over
4,talk,12,8,Over
4,talk,13,1,Over
4,whisper,1,8,Over
4,talk,14,9,Over
4,talk,15,4,Over
4,talk,16,6,Over
4,talk,17,1,Over
4,talk,18,8,Over
4,talk,19,7,Over
4,talk,20,5,Over
4,whisper,2,8,Over
4,vote,4,6
4,vote,1,2
4,vote,7,4
4,vote,8,8
4,vote,5,9
4,vote,6,1
4,vote,9,4
4,guard,5,6,medium
4,attackVote,8,6
4,execute,4,villager
4,attack,6,false
5,status,1,possessed,alive,SamplePlayer
5,status,2,villager,dead,SamplePlayer
5,status,3,villager,dead,SamplePlayer
5,status,4,villager,dead,SamplePlayer
5,status,5,bodyguard,alive,SamplePlayer
5,status,6,medium,alive,SamplePlayer
5,status,7,villager,alive,SamplePlayer
5,status,8,werewolf,alive,SamplePlayer
5,status,9,villager,alive,SamplePlayer
5,status,10,villager,dead,SamplePlayer
5,status,11,seer,dead,SamplePlayer
5,status,12,werewolf,dead,SamplePlayer
5,talk,0,7,6 werewolf
5,talk,1,5,1 werewolf
5,talk,2,1,( 3 werewolf ) and ( 8 inspected HUMAN ) 
5,talk,3,9,8 werewolf
5,talk,4,8,9 werewolf
5,talk,5,6,( 1 werewolf ) and ( 4 medium_telled HUMAN ) 
5,whisper,0,8,Over
5,talk,6,6,Over
5,talk,7,1,Over
5,talk,8,5,6 werewolf
5,talk,9,9,Over
5,talk,10,8,Over
5,talk,11,7,Over
5,whisper,1,8,Over
5,talk,12,6,Over
5,talk,13,7,Over
5,talk,14,5,Over
5,talk,15,9,Over
5,talk,16,1,Over
5,talk,17,8,Over
5,whisper,2,8,Over
5,vote,1,3
5,vote,7,6
5,vote,8,9
5,vote,5,6
5,vote,6,1
5,vote,9,8
5,guard,5,6,medium
5,attackVote,8,6
5,execute,6,medium
5,attack,6,false
6,status,1,possessed,alive,SamplePlayer
6,status,2,villager,dead,SamplePlayer
6,status,3,villager,dead,SamplePlayer
6,status,4,villager,dead,SamplePlayer
6,status,5,bodyguard,alive,SamplePlayer
6,status,6,medium,dead,SamplePlayer
6,status,7,villager,alive,SamplePlayer
6,status,8,werewolf,alive,SamplePlayer
6,status,9,villager,alive,SamplePlayer
6,status,10,villager,dead,SamplePlayer
6,status,11,seer,dead,SamplePlayer
6,status,12,werewolf,dead,SamplePlayer
6,talk,0,7,5 werewolf
6,talk,1,1,( 3 werewolf ) and ( 7 inspected HUMAN ) 
6,talk,2,8,9 werewolf
6,talk,3,5,8 werewolf
6,talk,4,9,8 werewolf
6,whisper,0,8,Over
6,talk,5,1,Over
6,talk,6,5,Over
6,talk,7,7,8 werewolf
6,talk,8,8,Over
6,talk,9,9,Over
6,whisper,1,8,Over
6,talk,10,7,Over
6,talk,11,5,Over
6,talk,12,8,Over
6,talk,13,9,Over
6,talk,14,1,Over
6,whisper,2,8,Over
6,vote,1,3
6,vote,7,8
6,vote,8,9
6,vote,5,8
6,vote,9,8
6,guard,5,1,possessed
6,attackVote,8,7
6,execute,8,werewolf
7,status,1,possessed,alive,SamplePlayer
7,status,2,villager,dead,SamplePlayer
7,status,3,villager,dead,SamplePlayer
7,status,4,villager,dead,SamplePlayer
7,status,5,bodyguard,alive,SamplePlayer
7,status,6,medium,dead,SamplePlayer
7,status,7,villager,alive,SamplePlayer
7,status,8,werewolf,dead,SamplePlayer
7,status,9,villager,alive,SamplePlayer
7,status,10,villager,dead,SamplePlayer
7,status,11,seer,dead,SamplePlayer
7,status,12,werewolf,dead,SamplePlayer
7,result,4,0,villager
