0,status,1,werewolf,alive,SamplePlayer
0,status,2,seer,alive,SamplePlayer
0,status,3,villager,alive,SamplePlayer
0,status,4,villager,alive,SamplePlayer
0,status,5,villager,alive,SamplePlayer
0,status,6,medium,alive,SamplePlayer
0,status,7,villager,alive,SamplePlayer
0,status,8,bodyguard,alive,SamplePlayer
0,status,9,possessed,alive,SamplePlayer
0,status,10,villager,alive,SamplePlayer
0,status,11,werewolf,alive,SamplePlayer
0,status,12,villager,alive,SamplePlayer
0,talk,0,10,1 werewolf
0,talk,1,8,9 werewolf
0,talk,2,3,10 werewolf
0,talk,3,5,10 werewolf
0,talk,4,9,10 werewolf
0,talk,5,7,6 werewolf
0,talk,6,2,3 werewolf
0,talk,7,11,1 werewolf
0,talk,8,1,3 werewolf
0,talk,9,4,1 werewolf
0,talk,10,12,9 werewolf
0,talk,11,6,1 werewolf
0,whisper,0,1,Over
0,whisper,1,11,Over
0,talk,12,8,Over
0,talk,13,4,Over
0,talk,14,11,Over
0,talk,15,1,Over
0,talk,16,6,Over
0,talk,17,3,Over
0,talk,18,5,Over
0,talk,19,2,Over
0,talk,20,12,Over
0,talk,21,10,Over
0,talk,22,9,Over
0,talk,23,7,Over
0,whisper,2,1,Over
0,whisper,3,11,Over
0,vote,3,10
0,vote,4,1
0,vote,1,3
0,vote,2,3
0,vote,7,6
0,vote,8,9
0,vote,5,10
0,vote,6,1
0,vote,11,1
0,vote,12,9
0,vote,9,10
0,vote,10,1
0,divine,2,9,Human
0,guard,8,1,werewolf
0,attackVote,1,4
0,attackVote,11,5
0,execute,1,werewolf
0,attack,4,true
1,status,1,werewolf,dead,SamplePlayer
1,status,2,seer,alive,SamplePlayer
1,status,3,villager,alive,SamplePlayer
1,status,4,villager,dead,SamplePlayer
1,status,5,villager,alive,SamplePlayer
1,status,6,medium,alive,SamplePlayer
1,status,7,villager,alive,SamplePlayer
1,status,8,bodyguard,alive,SamplePlayer
1,status,9,possessed,alive,SamplePlayer
1,status,10,villager,alive,SamplePlayer
1,status,11,werewolf,alive,SamplePlayer
1,status,12,villager,alive,SamplePlayer
1,talk,0,2,( 8 werewolf ) and ( 2 comingout seer ) and ( 9 inspected HUMAN ) 
1,talk,1,5,9 werewolf
1,talk,2,9,6 werewolf
1,talk,3,6,2 werewolf
1,talk,4,8,9 werewolf
1,talk,5,7,2 werewolf
1,talk,6,10,2 werewolf
1,talk,7,3,8 werewolf
1,talk,8,11,2 werewolf
1,talk,9,12,5 werewolf
1,whisper,0,11,Over
1,talk,10,8,Over
1,talk,11,2,Over
1,talk,12,6,Over
1,talk,13,5,Over
1,talk,14,3,Over
1,talk,15,11,Over
1,talk,16,7,Over
1,talk,17,12,Over
1,talk,18,9,Over
1,talk,19,10,Over
1,whisper,1,11,Over
1,vote,3,8
1,vote,2,8
1,vote,7,2
1,vote,8,9
1,vote,5,9
1,vote,6,2
1,vote,11,2
1,vote,12,5
1,vote,9,6
1,vote,10,2
1,divine,2,6,Human
1,guard,8,2,seer
1,attackVote,11,2
1,execute,2,seer
1,attack,2,false
2,status,1,werewolf,dead,SamplePlayer
2,status,2,seer,dead,SamplePlayer
2,status,3,villager,alive,SamplePlayer
2,status,4,villager,dead,SamplePlayer
2,status,5,villager,alive,SamplePlayer
2,status,6,medium,alive,SamplePlayer
2,status,7,villager,alive,SamplePlayer
2,status,8,bodyguard,alive,SamplePlayer
2,status,9,possessed,alive,SamplePlayer
2,status,10,villager,alive,SamplePlayer
2,status,11,werewolf,alive,SamplePlayer
2,status,12,villager,alive,SamplePlayer
2,talk,0,7,6 werewolf
2,talk,1,5,10 werewolf
2,talk,2,11,( 11 werewolf ) and ( 11 comingout seer ) and ( 7 inspected HUMAN ) and ( 7 inspected HUMAN ) 
2,talk,3,10,9 werewolf
2,talk,4,3,7 werewolf
2,talk,5,8,5 werewolf
2,talk,6,12,7 werewolf
2,talk,7,9,6 werewolf
2,talk,8,6,9 werewolf
2,whisper,0,11,Over
2,talk,9,12,Over
2,talk,10,7,9 werewolf
2,talk,11,11,Over
2,talk,12,8,Over
2,talk,13,9,Over
2,talk,14,6,Over
2,talk,15,10,Over
2,talk,16,3,Over
2,talk,17,5,9 werewolf
2,whisper,1,11,Over
2,talk,18,6,Over
2,talk,19,9,Over
2,talk,20,7,Over
2,talk,21,12,Over
2,talk,22,8,Over
2,talk,23,11,Over
2,talk,24,10,Over
2,talk,25,5,Over
2,talk,26,3,Over
2,whisper,2,11,Over
2,vote,3,7
2,vote,7,9
2,vote,8,5
2,vote,5,9
2,vote,6,9
2,vote,11,11
2,vote,12,7
2,vote,9,6
2,vote,10,9
2,guard,8,11,werewolf
2,attackVote,11,10
2,execute,9,possessed
2,attack,10,true
3,status,1,werewolf,dead,SamplePlayer
3,status,2,seer,dead,SamplePlayer
3,status,3,villager,alive,SamplePlayer
3,status,4,villager,dead,SamplePlayer
3,status,5,villager,alive,SamplePlayer
3,status,6,medium,alive,SamplePlayer
3,status,7,villager,alive,SamplePlayer
3,status,8,bodyguard,alive,SamplePlayer
3,status,9,possessed,dead,SamplePlayer
3,status,10,villager,dead,SamplePlayer
3,status,11,werewolf,alive,SamplePlayer
3,status,12,villager,alive,SamplePlayer
3,talk,0,3,11 werewolf
3,talk,1,8,5 werewolf
3,talk,2,12,6 werewolf
3,talk,3,11,( 6 werewolf ) and ( 3 inspected HUMAN ) 
3,talk,4,7,11 werewolf
3,talk,5,6,( 3 werewolf ) and ( 6 comingout medium ) and ( 1 medium_telled werewolf ) and ( 2 medium_telled HUMAN ) and ( 9 medium_telled HUMAN ) 
3,talk,6,5,12 werewolf
3,whisper,0,11,Over
3,talk,7,7,Over
3,talk,8,6,Over
3,talk,9,5,Over
3,talk,10,11,Over
3,talk,11,8,Over
3,talk,12,12,7 werewolf
3,talk,13,3,12 werewolf
3,whisper,1,11,Over
3,talk,14,11,Over
3,talk,15,12,Over
3,talk,16,7,Over
3,talk,17,3,Over
3,talk,18,5,Over
3,talk,19,6,Over
3,talk,20,8,Over
3,whisper,2,11,Over
3,vote,3,12
3,vote,7,11
3,vote,8,5
3,vote,5,12
3,vote,6,3
3,vote,11,6
3,vote,12,7
3,guard,8,6,medium
3,attackVote,11,6
3,execute,12,villager
3,attack,6,false
4,status,1,werewolf,dead,SamplePlayer
4,status,2,seer,dead,SamplePlayer
4,status,3,villager,alive,SamplePlayer
4,status,4,villager,dead,SamplePlayer
4,status,5,villager,alive,SamplePlayer
4,status,6,medium,alive,SamplePlayer
4,status,7,villager,alive,SamplePlayer
4,status,8,bodyguard,alive,SamplePlayer
4,status,9,possessed,dead,SamplePlayer
4,status,10,villager,dead,SamplePlayer
4,status,11,werewolf,alive,SamplePlayer
4,status,12,villager,dead,SamplePlayer
4,talk,0,11,( 11 werewolf ) and ( 6 inspected werewolf ) 
4,talk,1,6,( 8 werewolf ) and ( 12 medium_telled HUMAN ) 
4,talk,2,8,6 werewolf
4,talk,3,7,6 werewolf
4,talk,4,3,6 werewolf
4,talk,5,5,6 werewolf
4,whisper,0,11,Over
4,talk,6,7,Over
4,talk,7,8,Over
4,talk,8,5,Over
4,talk,9,11,6 werewolf
4,talk,10,3,Over
4,talk,11,6,Over
4,whisper,1,11,Over
4,talk,12,7,Over
4,talk,13,5,Over
4,talk,14,6,Over
4,talk,15,11,Over
4,talk,16,8,Over
4,talk,17,3,Over
4,whisper,2,11,Over
4,vote,3,6
4,vote,7,6
4,vote,8,6
4,vote,5,6
4,vote,6,8
4,vote,11,6
4,guard,8,7,villager
4,attackVote,11,6
4,execute,6,medium
4,attack,6,true
5,status,1,werewolf,dead,SamplePlayer
5,status,2,seer,dead,SamplePlayer
5,status,3,villager,alive,SamplePlayer
5,status,4,villager,dead,SamplePlayer
5,status,5,villager,alive,SamplePlayer
5,status,6,medium,dead,SamplePlayer
5,status,7,villager,alive,SamplePlayer
5,status,8,bodyguard,alive,SamplePlayer
5,status,9,possessed,dead,SamplePlayer
5,status,10,villager,dead,SamplePlayer
5,status,11,werewolf,alive,SamplePlayer
5,status,12,villager,dead,SamplePlayer
5,talk,0,3,7 werewolf
5,talk,1,8,7 werewolf
5,talk,2,5,7 werewolf
5,talk,3,11,( 6 werewolf ) and ( 5 inspected HUMAN ) 
5,talk,4,7,3 werewolf
5,whisper,0,11,Over
5,talk,5,11,Over
5,talk,6,8,Over
5,talk,7,7,Over
5,talk,8,5,Over
5,talk,9,3,Over
5,whisper,1,11,Over
5,vote,3,7
5,vote,7,3
5,vote,8,7
5,vote,5,7
5,vote,11,6
5,guard,8,11,werewolf
5,attackVote,11,7
5,execute,7,villager
5,attack,7,true
6,status,1,werewolf,dead,SamplePlayer
6,status,2,seer,dead,SamplePlayer
6,status,3,villager,alive,SamplePlayer
6,status,4,villager,dead,SamplePlayer
6,status,5,villager,alive,SamplePlayer
6,status,6,medium,dead,SamplePlayer
6,status,7,villager,dead,SamplePlayer
6,status,8,bodyguard,alive,SamplePlayer
6,status,9,possessed,dead,SamplePlayer
6,status,10,villager,dead,SamplePlayer
6,status,11,werewolf,alive,SamplePlayer
6,status,12,villager,dead,SamplePlayer
6,talk,0,8,11 werewolf
6,talk,1,3,5 werewolf
6,talk,2,5,3 werewolf
6,talk,3,11,( 6 werewolf ) and ( 5 inspected werewolf ) 
6,whisper,0,11,Over
6,talk,4,5,Over
6,talk,5,8,5 werewolf
6,talk,6,11,Over
6,talk,7,3,Over
6,whisper,1,11,Over
6,talk,8,5,Over
6,talk,9,3,Over
6,talk,10,8,Over
6,talk,11,11,Over
6,whisper,2,11,Over
6,vote,3,5
6,vote,8,5
6,vote,5,3
6,vote,11,6
6,guard,8,11,werewolf
6,attackVote,11,3
6,execute,5,villager
6,attack,3,true
7,status,1,werewolf,dead,SamplePlayer
7,status,2,seer,dead,SamplePlayer
7,status,3,villager,dead,SamplePlayer
7,status,4,villager,dead,SamplePlayer
7,status,5,villager,dead,SamplePlayer
7,status,6,medium,dead,SamplePlayer
7,status,7,villager,dead,SamplePlayer
7,status,8,bodyguard,alive,SamplePlayer
7,status,9,possessed,dead,SamplePlayer
7,status,10,villager,dead,SamplePlayer
7,status,11,werewolf,alive,SamplePlayer
7,status,12,villager,dead,SamplePlayer
7,result,1,1,werewolf
