0,status,1,villager,alive,SamplePlayer
0,status,2,villager,alive,SamplePlayer
0,status,3,villager,alive,SamplePlayer
0,status,4,werewolf,alive,SamplePlayer
0,status,5,villager,alive,SamplePlayer
0,status,6,villager,alive,SamplePlayer
0,status,7,seer,alive,SamplePlayer
0,status,8,bodyguard,alive,SamplePlayer
0,status,9,possessed,alive,SamplePlayer
0,status,10,villager,alive,SamplePlayer
0,status,11,werewolf,alive,SamplePlayer
0,status,12,medium,alive,SamplePlayer
0,talk,0,9,10 werewolf
0,talk,1,8,2 werewolf
0,talk,2,6,3 werewolf
0,talk,3,11,5 werewolf
0,talk,4,5,12 werewolf
0,talk,5,7,9 werewolf
0,talk,6,12,9 werewolf
0,talk,7,1,11 werewolf
0,talk,8,4,10 werewolf
0,talk,9,2,4 werewolf
0,talk,10,10,4 werewolf
0,talk,11,3,6 werewolf
0,whisper,0,4,Over
0,whisper,1,11,Over
0,talk,12,8,Over
0,talk,13,10,Over
0,talk,14,4,Over
0,talk,15,3,Over
0,talk,16,6,Over
0,talk,17,7,Over
0,talk,18,11,Over
0,talk,19,12,Over
0,talk,20,1,Over
0,talk,21,2,Over
0,talk,22,5,Over
0,talk,23,9,Over
0,whisper,2,11,Over
0,whisper,3,4,Over
0,vote,3,6
0,vote,4,10
0,vote,1,11
0,vote,2,4
0,vote,7,9
0,vote,8,2
0,vote,5,12
0,vote,6,3
0,vote,11,5
0,vote,12,9
0,vote,9,10
0,vote,10,4
0,divine,7,1,Human
0,guard,8,5,villager
0,attackVote,4,6
0,attackVote,11,1
0,execute,9,possessed
0,attack,1,true
1,status,1,villager,dead,SamplePlayer
1,status,2,villager,alive,SamplePlayer
1,status,3,villager,alive,SamplePlayer
1,status,4,werewolf,alive,SamplePlayer
1,status,5,villager,alive,SamplePlayer
1,status,6,villager,alive,SamplePlayer
1,status,7,seer,alive,SamplePlayer
1,status,8,bodyguard,alive,SamplePlayer
1,status,9,possessed,dead,SamplePlayer
1,status,10,villager,alive,SamplePlayer
1,status,11,werewolf,alive,SamplePlayer
1,status,12,medium,alive,SamplePlayer
1,talk,0,4,2 werewolf
1,talk,1,11,8 werewolf
1,talk,2,10,7 werewolf
1,talk,3,2,7 werewolf
1,talk,4,12,8 werewolf
1,talk,5,5,6 werewolf
1,talk,6,6,12 werewolf
1,talk,7,8,6 werewolf
1,talk,8,3,6 werewolf
1,talk,9,7,4 werewolf
1,whisper,0,11,Over
1,whisper,1,4,Over
1,talk,10,5,Over
1,talk,11,8,Over
1,talk,12,11,Over
1,talk,13,4,Over
1,talk,14,3,Over
1,talk,15,2,Over
1,talk,16,12,Over
1,talk,17,7,Over
1,talk,18,10,Over
1,talk,19,6,Over
1,whisper,2,11,Over
1,whisper,3,4,Over
1,vote,3,6
1,vote,4,2
1,vote,2,7
1,vote,7,4
1,vote,8,6
1,vote,5,6
1,vote,6,12
1,vote,11,8
1,vote,12,8
1,vote,10,7
1,divine,7,11,Werewolf
1,guard,8,3,villager
1,attackVote,4,10
1,attackVote,11,10
1,execute,6,villager
1,attack,10,true
2,status,1,villager,dead,SamplePlayer
2,status,2,villager,alive,SamplePlayer
2,status,3,villager,alive,SamplePlayer
2,status,4,werewolf,alive,SamplePlayer
2,status,5,villager,alive,SamplePlayer
2,status,6,villager,dead,SamplePlayer
2,status,7,seer,alive,SamplePlayer
2,status,8,bodyguard,alive,SamplePlayer
2,status,9,possessed,dead,SamplePlayer
2,status,10,villager,dead,SamplePlayer
2,status,11,werewolf,alive,SamplePlayer
2,status,12,medium,alive,SamplePlayer
2,talk,0,12,4 werewolf
2,talk,1,4,2 werewolf
2,talk,2,7,( 11 werewolf ) and ( 7 comingout seer ) and ( 1 inspected HUMAN ) and ( 11 inspected werewolf ) 
2,talk,3,3,11 werewolf
2,talk,4,5,11 werewolf
2,talk,5,8,11 werewolf
2,talk,6,11,12 werewolf
2,talk,7,2,11 werewolf
2,whisper,0,4,Over
2,whisper,1,11,Over
2,talk,8,5,Over
2,talk,9,7,Over
2,talk,10,2,Over
2,talk,11,3,Over
2,talk,12,11,Over
2,talk,13,8,Over
2,talk,14,4,Over
2,talk,15,12,11 werewolf
2,whisper,2,4,Over
2,whisper,3,11,Over
2,talk,16,2,Over
2,talk,17,12,Over
2,talk,18,5,Over
2,talk,19,11,Over
2,talk,20,7,Over
2,talk,21,3,Over
2,talk,22,8,Over
2,talk,23,4,Over
2,whisper,4,11,Over
2,whisper,5,4,Over
2,vote,3,11
2,vote,4,2
2,vote,2,11
2,vote,7,11
2,vote,8,11
2,vote,5,11
2,vote,11,12
2,vote,12,11
2,divine,7,5,Human
2,guard,8,3,villager
2,attackVote,4,7
2,attackVote,11,7
2,execute,11,werewolf
2,attack,7,true
3,status,1,villager,dead,SamplePlayer
3,status,2,villager,alive,SamplePlayer
3,status,3,villager,alive,SamplePlayer
3,status,4,werewolf,alive,SamplePlayer
3,status,5,villager,alive,SamplePlayer
3,status,6,villager,dead,SamplePlayer
3,status,7,seer,dead,SamplePlayer
3,status,8,bodyguard,alive,SamplePlayer
3,status,9,possessed,dead,SamplePlayer
3,status,10,villager,dead,SamplePlayer
3,status,11,werewolf,dead,SamplePlayer
3,status,12,medium,alive,SamplePlayer
3,talk,0,3,4 werewolf
3,talk,1,12,( 3 werewolf ) and ( 12 comingout medium ) and ( 9 medium_telled HUMAN ) and ( 6 medium_telled HUMAN ) and ( 11 medium_telled werewolf ) 
3,talk,2,2,8 werewolf
3,talk,3,5,12 werewolf
3,talk,4,8,3 werewolf
3,talk,5,4,8 werewolf
3,whisper,0,4,Over
3,talk,6,8,Over
3,talk,7,2,Over
3,talk,8,12,Over
3,talk,9,5,Over
3,talk,10,3,Over
3,talk,11,4,Over
3,whisper,1,4,Over
3,vote,3,4
3,vote,4,8
3,vote,2,8
3,vote,8,3
3,vote,5,12
3,vote,12,3
3,guard,8,12,medium
3,attackVote,4,12
3,execute,8,bodyguard
3,attack,12,false
4,status,1,villager,dead,SamplePlayer
4,status,2,villager,alive,SamplePlayer
4,status,3,villager,alive,SamplePlayer
4,status,4,werewolf,alive,SamplePlayer
4,status,5,villager,alive,SamplePlayer
4,status,6,villager,dead,SamplePlayer
4,status,7,seer,dead,SamplePlayer
4,status,8,bodyguard,dead,SamplePlayer
4,status,9,possessed,dead,SamplePlayer
4,status,10,villager,dead,SamplePlayer
4,status,11,werewolf,dead,SamplePlayer
4,status,12,medium,alive,SamplePlayer
4,talk,0,12,( 2 werewolf ) and ( 8 medium_telled HUMAN ) 
4,talk,1,3,4 werewolf
4,talk,2,2,5 werewolf
4,talk,3,5,12 werewolf
4,talk,4,4,2 werewolf
4,whisper,0,4,Over
4,talk,5,2,Over
4,talk,6,3,Over
4,talk,7,5,Over
4,talk,8,12,Over
4,talk,9,4,Over
4,whisper,1,4,Over
4,vote,3,4
4,vote,4,2
4,vote,2,5
4,vote,5,12
4,vote,12,2
4,attackVote,4,12
4,execute,2,villager
4,attack,12,true
5,status,1,villager,dead,SamplePlayer
5,status,2,villager,dead,SamplePlayer
5,status,3,villager,alive,SamplePlayer
5,status,4,werewolf,alive,SamplePlayer
5,status,5,villager,alive,SamplePlayer
5,status,6,villager,dead,SamplePlayer
5,status,7,seer,dead,SamplePlayer
5,status,8,bodyguard,dead,SamplePlayer
5,status,9,possessed,dead,SamplePlayer
5,status,10,villager,dead,SamplePlayer
5,status,11,werewolf,dead,SamplePlayer
5,status,12,medium,dead,SamplePlayer
5,talk,0,4,5 werewolf
5,talk,1,3,4 werewolf
5,talk,2,5,4 werewolf
5,whisper,0,4,Over
5,talk,3,3,Over
5,talk,4,5,Over
5,talk,5,4,Over
5,whisper,1,4,Over
5,vote,3,4
5,vote,4,5
5,vote,5,4
5,attackVote,4,5
5,execute,4,werewolf
6,status,1,villager,dead,SamplePlayer
6,status,2,villager,dead,SamplePlayer
6,status,3,villager,alive,SamplePlayer
6,status,4,werewolf,dead,SamplePlayer
6,status,5,villager,alive,SamplePlayer
6,status,6,villager,dead,SamplePlayer
6,status,7,seer,dead,SamplePlayer
6,status,8,bodyguard,dead,SamplePlayer
6,status,9,possessed,dead,SamplePlayer
6,status,10,villager,dead,SamplePlayer
6,status,11,werewolf,dead,SamplePlayer
6,status,12,medium,dead,SamplePlayer
6,result,2,0,villager
