0,status,1,seer,alive,SamplePlayer
0,status,2,villager,alive,SamplePlayer
0,status,3,villager,alive,SamplePlayer
0,status,4,bodyguard,alive,SamplePlayer
0,status,5,medium,alive,SamplePlayer
0,status,6,werewolf,alive,SamplePlayer
0,status,7,werewolf,alive,SamplePlayer
0,status,8,villager,alive,SamplePlayer
0,status,9,villager,alive,SamplePlayer
0,status,10,possessed,alive,SamplePlayer
0,status,11,villager,alive,SamplePlayer
0,status,12,villager,alive,SamplePlayer
0,talk,0,9,6 werewolf
0,talk,1,11,3 werewolf
0,talk,2,10,11 werewolf
0,talk,3,3,1 werewolf
0,talk,4,7,12 werewolf
0,talk,5,12,4 werewolf
0,talk,6,8,3 werewolf
0,talk,7,5,9 werewolf
0,talk,8,2,12 werewolf
0,talk,9,6,3 werewolf
0,talk,10,4,12 werewolf
0,talk,11,1,7 werewolf
0,whisper,0,7,Over
0,whisper,1,6,Over
0,talk,12,12,Over
0,talk,13,9,Over
0,talk,14,8,Over
0,talk,15,1,Over
0,talk,16,7,Over
0,talk,17,10,Over
0,talk,18,4,Over
0,talk,19,11,Over
0,talk,20,6,Over
0,talk,21,3,Over
0,talk,22,2,Over
0,talk,23,5,Over
0,whisper,2,7,Over
0,whisper,3,6,Over
0,vote,3,1
0,vote,4,12
0,vote,1,7
0,vote,2,12
0,vote,7,12
0,vote,8,3
0,vote,5,9
0,vote,6,3
0,vote,11,3
0,vote,12,4
0,vote,9,6
0,vote,10,11
0,divine,1,9,Human
0,guard,4,11,villager
0,attackVote,7,5
0,attackVote,6,1
0,execute,12,villager
0,attack,1,true
1,status,1,seer,dead,SamplePlayer
1,status,2,villager,alive,SamplePlayer
1,status,3,villager,alive,SamplePlayer
1,status,4,bodyguard,alive,SamplePlayer
1,status,5,medium,alive,SamplePlayer
1,status,6,werewolf,alive,SamplePlayer
1,status,7,werewolf,alive,SamplePlayer
1,status,8,villager,alive,SamplePlayer
1,status,9,villager,alive,SamplePlayer
1,status,10,possessed,alive,SamplePlayer
1,status,11,villager,alive,SamplePlayer
1,status,12,villager,dead,SamplePlayer
1,talk,0,6,3 werewolf
1,talk,1,4,3 werewolf
1,talk,2,2,6 werewolf
1,talk,3,8,2 werewolf
1,talk,4,9,10 werewolf
1,talk,5,10,3 werewolf
1,talk,6,3,9 werewolf
1,talk,7,11,4 werewolf
1,talk,8,7,4 werewolf
1,talk,9,5,10 werewolf
1,whisper,0,6,Over
1,whisper,1,7,Over
1,talk,10,9,Over
1,talk,11,4,Over
1,talk,12,8,Over
1,talk,13,10,Over
1,talk,14,6,Over
1,talk,15,11,Over
1,talk,16,2,Over
1,talk,17,3,Over
1,talk,18,7,Over
1,talk,19,5,Over
1,whisper,2,6,Over
1,whisper,3,7,Over
1,vote,3,9
1,vote,4,3
1,vote,2,6
1,vote,7,4
1,vote,8,2
1,vote,5,10
1,vote,6,3
1,vote,11,4
1,vote,9,10
1,vote,10,3
1,guard,4,2,villager
1,attackVote,7,3
1,attackVote,6,3
1,execute,3,villager
1,attack,3,true
2,status,1,seer,dead,SamplePlayer
2,status,2,villager,alive,SamplePlayer
2,status,3,villager,dead,SamplePlayer
2,status,4,bodyguard,alive,SamplePlayer
2,status,5,medium,alive,SamplePlayer
2,status,6,werewolf,alive,SamplePlayer
2,status,7,werewolf,alive,SamplePlayer
2,status,8,villager,alive,SamplePlayer
2,status,9,villager,alive,SamplePlayer
2,status,10,possessed,alive,SamplePlayer
2,status,11,villager,alive,SamplePlayer
2,status,12,villager,dead,SamplePlayer
2,talk,0,10,2 werewolf
2,talk,1,11,7 werewolf
2,talk,2,9,10 werewolf
2,talk,3,8,4 werewolf
2,talk,4,2,11 werewolf
2,talk,5,6,3 werewolf
2,talk,6,5,2 werewolf
2,talk,7,7,6 werewolf
2,talk,8,4,9 werewolf
2,whisper,0,6,Over
2,whisper,1,7,Over
2,talk,9,9,Over
2,talk,10,2,Over
2,talk,11,8,Over
2,talk,12,5,Over
2,talk,13,7,Over
2,talk,14,11,Over
2,talk,15,10,Over
2,talk,16,6,Over
2,talk,17,4,Over
2,whisper,2,6,Over
2,whisper,3,7,Over
2,vote,4,9
2,vote,2,11
2,vote,7,6
2,vote,8,4
2,vote,5,2
2,vote,6,3
2,vote,11,7
2,vote,9,10
2,vote,10,2
2,guard,4,11,villager
2,attackVote,7,4
2,attackVote,6,8
2,execute,2,villager
2,attack,8,true
3,status,1,seer,dead,SamplePlayer
3,status,2,villager,dead,SamplePlayer
3,status,3,villager,dead,SamplePlayer
3,status,4,bodyguard,alive,SamplePlayer
3,status,5,medium,alive,SamplePlayer
3,status,6,werewolf,alive,SamplePlayer
3,status,7,werewolf,alive,SamplePlayer
3,status,8,villager,dead,SamplePlayer
3,status,9,villager,alive,SamplePlayer
3,status,10,possessed,alive,SamplePlayer
3,status,11,villager,alive,SamplePlayer
3,status,12,villager,dead,SamplePlayer
3,talk,0,6,( 3 werewolf ) and ( 6 comingout medium ) and ( 3 medium_telled werewolf ) and ( 5 medium_telled HUMAN ) and ( 5 medium_telled werewolf ) 
3,talk,1,5,( 6 werewolf ) and ( 5 comingout medium ) and ( 12 medium_telled HUMAN ) and ( 3 medium_telled HUMAN ) and ( 2 medium_telled HUMAN ) 
3,talk,2,7,10 werewolf
3,talk,3,9,10 werewolf
3,talk,4,11,6 werewolf
3,talk,5,10,( 9 werewolf ) and ( 10 comingout seer ) and ( 7 inspected HUMAN ) and ( 2 inspected HUMAN ) and ( 5 inspected HUMAN ) 
3,talk,6,4,5 werewolf
3,whisper,0,6,Over
3,whisper,1,7,Over
3,talk,7,6,Over
3,talk,8,10,Over
3,talk,9,5,Over
3,talk,10,4,Over
3,talk,11,9,11 werewolf
3,talk,12,7,7 werewolf
3,talk,13,11,9 werewolf
3,whisper,2,7,Over
3,whisper,3,6,Over
3,talk,14,11,Over
3,talk,15,7,Over
3,talk,16,9,Over
3,talk,17,5,Over
3,talk,18,6,Over
3,talk,19,10,Over
3,talk,20,4,Over
3,whisper,4,6,Over
3,whisper,5,7,Over
3,vote,4,5
3,vote,7,7
3,vote,5,6
3,vote,6,3
3,vote,11,9
3,vote,9,11
3,vote,10,9
3,guard,4,10,possessed
3,attackVote,7,5
3,attackVote,6,5
3,execute,9,villager
3,attack,5,true
4,status,1,seer,dead,SamplePlayer
4,status,2,villager,dead,SamplePlayer
4,status,3,villager,dead,SamplePlayer
4,status,4,bodyguard,alive,SamplePlayer
4,status,5,medium,dead,SamplePlayer
4,status,6,werewolf,alive,SamplePlayer
4,status,7,werewolf,alive,SamplePlayer
4,status,8,villager,dead,SamplePlayer
4,status,9,villager,dead,SamplePlayer
4,status,10,possessed,alive,SamplePlayer
4,status,11,villager,alive,SamplePlayer
4,status,12,villager,dead,SamplePlayer
4,talk,0,10,( 4 werewolf ) and ( 7 inspected HUMAN ) 
4,talk,1,7,11 werewolf
4,talk,2,4,6 werewolf
4,talk,3,6,( 5 werewolf ) and ( 4 medium_telled HUMAN ) 
4,talk,4,11,10 werewolf
4,whisper,0,6,Over
4,whisper,1,7,Over
4,talk,5,10,Over
4,talk,6,6,Over
4,talk,7,11,Over
4,talk,8,4,Over
4,talk,9,7,Over
4,whisper,2,7,Over
4,whisper,3,6,Over
4,vote,4,6
4,vote,7,11
4,vote,6,5
4,vote,11,10
4,vote,10,4
4,guard,4,6,werewolf
4,attackVote,7,4
4,attackVote,6,4
4,execute,6,werewolf
4,attack,4,true
5,status,1,seer,dead,SamplePlayer
5,status,2,villager,dead,SamplePlayer
5,status,3,villager,dead,SamplePlayer
5,status,4,bodyguard,dead,SamplePlayer
5,status,5,medium,dead,SamplePlayer
5,status,6,werewolf,dead,SamplePlayer
5,status,7,werewolf,alive,SamplePlayer
5,status,8,villager,dead,SamplePlayer
5,status,9,villager,dead,SamplePlayer
5,status,10,possessed,alive,SamplePlayer
5,status,11,villager,alive,SamplePlayer
5,status,12,villager,dead,SamplePlayer
5,talk,0,11,7 werewolf
5,talk,1,10,( 11 werewolf ) and ( 11 inspected werewolf ) 
5,talk,2,7,10 werewolf
5,whisper,0,7,Over
5,talk,3,7,Over
5,talk,4,10,Over
5,talk,5,11,Over
5,whisper,1,7,Over
5,vote,7,10
5,vote,11,7
5,vote,10,11
5,attackVote,7,11
5,execute,11,villager
5,attack,11,true
6,status,1,seer,dead,SamplePlayer
6,status,2,villager,dead,SamplePlayer
6,status,3,villager,dead,SamplePlayer
6,status,4,bodyguard,dead,SamplePlayer
6,status,5,medium,dead,SamplePlayer
6,status,6,werewolf,dead,SamplePlayer
6,status,7,werewolf,alive,SamplePlayer
6,status,8,villager,dead,SamplePlayer
6,status,9,villager,dead,SamplePlayer
6,status,10,possessed,alive,SamplePlayer
6,status,11,villager,dead,SamplePlayer
6,status,12,villager,dead,SamplePlayer
6,result,1,1,werewolf
