0,status,1,bodyguard,alive,SamplePlayer
0,status,2,villager,alive,SamplePlayer
0,status,3,villager,alive,SamplePlayer
0,status,4,werewolf,alive,SamplePlayer
0,status,5,villager,alive,SamplePlayer
0,status,6,villager,alive,SamplePlayer
0,status,7,villager,alive,SamplePlayer
0,status,8,seer,alive,SamplePlayer
0,status,9,villager,alive,SamplePlayer
0,status,10,werewolf,alive,SamplePlayer
0,status,11,medium,alive,SamplePlayer
0,status,12,possessed,alive,SamplePlayer
0,talk,0,12,9 werewolf
0,talk,1,5,11 werewolf
0,talk,2,4,7 werewolf
0,talk,3,11,7 werewolf
0,talk,4,7,11 werewolf
0,talk,5,10,12 werewolf
0,talk,6,9,8 werewolf
0,talk,7,8,10 werewolf
0,talk,8,1,11 werewolf
0,talk,9,3,6 werewolf
0,talk,10,2,3 werewolf
0,talk,11,6,3 werewolf
0,whisper,0,10,Over
0,whisper,1,4,Over
0,talk,12,8,Over
0,talk,13,1,Over
0,talk,14,6,Over
0,talk,15,11,Over
0,talk,16,2,Over
0,talk,17,10,Over
0,talk,18,9,Over
0,talk,19,12,Over
0,talk,20,4,Over
0,talk,21,3,Over
0,talk,22,5,Over
0,talk,23,7,Over
0,whisper,2,10,Over
0,whisper,3,4,Over
0,vote,3,6
0,vote,4,7
0,vote,1,11
0,vote,2,3
0,vote,7,11
0,vote,8,10
0,vote,5,11
0,vote,6,3
0,vote,11,7
0,vote,12,9
0,vote,9,8
0,vote,10,12
0,divine,8,2,Human
0,guard,1,8,seer
0,attackVote,4,3
0,attackVote,10,12
0,execute,11,medium
0,attack,3,true
1,status,1,bodyguard,alive,SamplePlayer
1,status,2,villager,alive,SamplePlayer
1,status,3,villager,dead,SamplePlayer
1,status,4,werewolf,alive,SamplePlayer
1,status,5,villager,alive,SamplePlayer
1,status,6,villager,alive,SamplePlayer
1,status,7,villager,alive,SamplePlayer
1,status,8,seer,alive,SamplePlayer
1,status,9,villager,alive,SamplePlayer
1,status,10,werewolf,alive,SamplePlayer
1,status,11,medium,dead,SamplePlayer
1,status,12,possessed,alive,SamplePlayer
1,talk,0,4,12 werewolf
1,talk,1,7,9 werewolf
1,talk,2,12,( 9 werewolf ) and ( 12 comingout seer ) and ( 4 inspected HUMAN ) 
1,talk,3,9,5 werewolf
1,talk,4,5,4 werewolf
1,talk,5,10,7 werewolf
1,talk,6,6,10 werewolf
1,talk,7,8,12 werewolf
1,talk,8,1,9 werewolf
1,talk,9,2,12 werewolf
1,whisper,0,10,Over
1,whisper,1,4,Over
1,talk,10,4,6 werewolf
1,talk,11,8,Over
1,talk,12,1,Over
1,talk,13,6,Over
1,talk,14,7,5 werewolf
1,talk,15,2,Over
1,talk,16,5,Over
1,talk,17,10,Over
1,talk,18,9,Over
1,talk,19,12,Over
1,whisper,2,4,Over
1,whisper,3,10,Over
1,talk,20,10,Over
1,talk,21,8,Over
1,talk,22,7,Over
1,talk,23,9,Over
1,talk,24,1,Over
1,talk,25,6,Over
1,talk,26,5,Over
1,talk,27,2,Over
1,talk,28,12,Over
1,talk,29,4,Over
1,whisper,4,4,Over
1,whisper,5,10,Over
1,vote,4,6
1,vote,1,9
1,vote,2,12
1,vote,7,5
1,vote,8,12
1,vote,5,4
1,vote,6,10
1,vote,12,9
1,vote,9,5
1,vote,10,7
1,divine,8,12,Human
1,guard,1,12,possessed
1,attackVote,4,1
1,attackVote,10,7
1,execute,5,villager
1,attack,1,true
2,status,1,bodyguard,dead,SamplePlayer
2,status,2,villager,alive,SamplePlayer
2,status,3,villager,dead,SamplePlayer
2,status,4,werewolf,alive,SamplePlayer
2,status,5,villager,dead,SamplePlayer
2,status,6,villager,alive,SamplePlayer
2,status,7,villager,alive,SamplePlayer
2,status,8,seer,alive,SamplePlayer
2,status,9,villager,alive,SamplePlayer
2,status,10,werewolf,alive,SamplePlayer
2,status,11,medium,dead,SamplePlayer
2,status,12,possessed,alive,SamplePlayer
2,talk,0,7,4 werewolf
2,talk,1,9,7 werewolf
2,talk,2,8,( 12 werewolf ) and ( 8 comingout seer ) and ( 2 inspected HUMAN ) and ( 12 inspected HUMAN ) 
2,talk,3,4,8 werewolf
2,talk,4,6,7 werewolf
2,talk,5,12,( 8 werewolf ) and ( 6 inspected HUMAN ) 
2,talk,6,2,10 werewolf
2,talk,7,10,10 werewolf
2,whisper,0,10,Over
2,whisper,1,4,Over
2,talk,8,4,Over
2,talk,9,6,4 werewolf
2,talk,10,10,Over
2,talk,11,2,Over
2,talk,12,8,Over
2,talk,13,12,Over
2,talk,14,7,Over
2,talk,15,9,Over
2,whisper,2,4,Over
2,whisper,3,10,Over
2,talk,16,7,Over
2,talk,17,6,Over
2,talk,18,2,Over
2,talk,19,10,Over
2,talk,20,8,Over
2,talk,21,9,Over
2,talk,22,12,Over
2,talk,23,4,Over
2,whisper,4,4,Over
2,whisper,5,10,Over
2,vote,4,8
2,vote,2,10
2,vote,7,4
2,vote,8,12
2,vote,6,4
2,vote,12,8
2,vote,9,7
2,vote,10,10
2,divine,8,2,Human
2,attackVote,4,8
2,attackVote,10,8
2,execute,10,werewolf
2,attack,8,true
3,status,1,bodyguard,dead,SamplePlayer
3,status,2,villager,alive,SamplePlayer
3,status,3,villager,dead,SamplePlayer
3,status,4,werewolf,alive,SamplePlayer
3,status,5,villager,dead,SamplePlayer
3,status,6,villager,alive,SamplePlayer
3,status,7,villager,alive,SamplePlayer
3,status,8,seer,dead,SamplePlayer
3,status,9,villager,alive,SamplePlayer
3,status,10,werewolf,dead,SamplePlayer
3,status,11,medium,dead,SamplePlayer
3,status,12,possessed,alive,SamplePlayer
3,talk,0,2,9 werewolf
3,talk,1,6,12 werewolf
3,talk,2,4,4 werewolf
3,talk,3,12,( 7 werewolf ) and ( 7 inspected HUMAN ) 
3,talk,4,7,2 werewolf
3,talk,5,9,2 werewolf
3,whisper,0,4,Over
3,talk,6,6,Over
3,talk,7,4,Over
3,talk,8,7,Over
3,talk,9,9,Over
3,talk,10,12,Over
3,talk,11,2,4 werewolf
3,whisper,1,4,Over
3,talk,12,4,Over
3,talk,13,12,Over
3,talk,14,6,Over
3,talk,15,2,Over
3,talk,16,7,Over
3,talk,17,9,Over
3,whisper,2,4,Over
3,vote,4,4
3,vote,2,4
3,vote,7,2
3,vote,6,12
3,vote,12,7
3,vote,9,2
3,attackVote,4,6
3,execute,2,villager
3,attack,6,true
4,status,1,bodyguard,dead,SamplePlayer
4,status,2,villager,dead,SamplePlayer
4,status,3,villager,dead,SamplePlayer
4,status,4,werewolf,alive,SamplePlayer
4,status,5,villager,dead,SamplePlayer
4,status,6,villager,dead,SamplePlayer
4,status,7,villager,alive,SamplePlayer
4,status,8,seer,dead,SamplePlayer
4,status,9,villager,alive,SamplePlayer
4,status,10,werewolf,dead,SamplePlayer
4,status,11,medium,dead,SamplePlayer
4,status,12,possessed,alive,SamplePlayer
4,talk,0,4,7 werewolf
4,talk,1,9,12 werewolf
4,talk,2,12,( 9 werewolf ) and ( 9 inspected HUMAN ) 
4,talk,3,7,4 werewolf
4,whisper,0,4,Over
4,talk,4,9,Over
4,talk,5,12,Over
4,talk,6,4,Over
4,talk,7,7,Over
4,whisper,1,4,Over
4,vote,4,7
4,vote,7,4
4,vote,12,9
4,vote,9,12
4,attackVote,4,9
4,execute,4,werewolf
5,status,1,bodyguard,dead,SamplePlayer
5,status,2,villager,dead,SamplePlayer
5,status,3,villager,dead,SamplePlayer
5,status,4,werewolf,dead,SamplePlayer
5,status,5,villager,dead,SamplePlayer
5,status,6,villager,dead,SamplePlayer
5,status,7,villager,alive,SamplePlayer
5,status,8,seer,dead,SamplePlayer
5,status,9,villager,alive,SamplePlayer
5,status,10,werewolf,dead,SamplePlayer
5,status,11,medium,dead,SamplePlayer
5,status,12,possessed,alive,SamplePlayer
5,result,3,0,villager
