0,status,1,villager,alive,SamplePlayer
0,status,2,medium,alive,SamplePlayer
0,status,3,villager,alive,SamplePlayer
0,status,4,seer,alive,SamplePlayer
0,status,5,villager,alive,SamplePlayer
0,status,6,bodyguard,alive,SamplePlayer
0,status,7,possessed,alive,SamplePlayer
0,status,8,villager,alive,SamplePlayer
0,status,9,villager,alive,SamplePlayer
0,status,10,werewolf,alive,SamplePlayer
0,status,11,villager,alive,SamplePlayer
0,status,12,werewolf,alive,SamplePlayer
0,talk,0,8,9 werewolf
0,talk,1,9,3 werewolf
0,talk,2,3,9 werewolf
0,talk,3,2,9 werewolf
0,talk,4,11,8 werewolf
0,talk,5,1,11 werewolf
0,talk,6,7,12 werewolf
0,talk,7,12,3 werewolf
0,talk,8,6,2 werewolf
0,talk,9,10,4 werewolf
0,talk,10,5,1 werewolf
0,talk,11,4,5 werewolf
0,whisper,0,12,Over
0,whisper,1,10,Over
0,talk,12,12,Over
0,talk,13,11,Over
0,talk,14,2,Over
0,talk,15,9,Over
0,talk,16,1,Over
0,talk,17,5,Over
0,talk,18,10,Over
0,talk,19,8,Over
0,talk,20,4,Over
0,talk,21,7,Over
0,talk,22,3,Over
0,talk,23,6,Over
0,whisper,2,12,Over
0,whisper,3,10,Over
0,vote,3,9
0,vote,4,5
0,vote,1,11
0,vote,2,9
0,vote,7,12
0,vote,8,9
0,vote,5,1
0,vote,6,2
0,vote,11,8
0,vote,12,3
0,vote,9,3
0,vote,10,4
0,divine,4,4,Human
0,guard,6,4,seer
0,attackVote,12,7
0,attackVote,10,4
0,execute,9,villager
0,attack,7,true
1,status,1,villager,alive,SamplePlayer
1,status,2,medium,alive,SamplePlayer
1,status,3,villager,alive,SamplePlayer
1,status,4,seer,alive,SamplePlayer
1,status,5,villager,alive,SamplePlayer
1,status,6,bodyguard,alive,SamplePlayer
1,status,7,possessed,dead,SamplePlayer
1,status,8,villager,alive,SamplePlayer
1,status,9,villager,dead,SamplePlayer
1,status,10,werewolf,alive,SamplePlayer
1,status,11,villager,alive,SamplePlayer
1,status,12,werewolf,alive,SamplePlayer
1,talk,0,11,3 werewolf
1,talk,1,12,6 werewolf
1,talk,2,2,3 werewolf
1,talk,3,5,3 werewolf
1,talk,4,3,5 werewolf
1,talk,5,10,2 werewolf
1,talk,6,8,5 werewolf
1,talk,7,6,10 werewolf
1,talk,8,4,12 werewolf
1,talk,9,1,3 werewolf
1,whisper,0,12,Over
1,whisper,1,10,Over
1,talk,10,10,Over
1,talk,11,8,Over
1,talk,12,1,Over
1,talk,13,3,Over
1,talk,14,6,Over
1,talk,15,2,Over
1,talk,16,11,Over
1,talk,17,12,Over
1,talk,18,4,Over
1,talk,19,5,Over
1,whisper,2,10,Over
1,whisper,3,12,Over
1,vote,3,5
1,vote,4,12
1,vote,1,3
1,vote,2,3
1,vote,8,5
1,vote,5,3
1,vote,6,10
1,vote,11,3
1,vote,12,6
1,vote,10,2
1,divine,4,8,Human
1,guard,6,3,villager
1,attackVote,12,4
1,attackVote,10,8
1,execute,3,villager
1,attack,4,true
2,status,1,villager,alive,SamplePlayer
2,status,2,medium,alive,SamplePlayer
2,status,3,villager,dead,SamplePlayer
2,status,4,seer,dead,SamplePlayer
2,status,5,villager,alive,SamplePlayer
2,status,6,bodyguard,alive,SamplePlayer
2,status,7,possessed,dead,SamplePlayer
2,status,8,villager,alive,SamplePlayer
2,status,9,villager,dead,SamplePlayer
2,status,10,werewolf,alive,SamplePlayer
2,status,11,villager,alive,SamplePlayer
2,status,12,werewolf,alive,SamplePlayer
2,talk,0,6,8 werewolf
2,talk,1,5,11 werewolf
2,talk,2,10,2 werewolf
2,talk,3,2,( 5 werewolf ) and ( 2 comingout medium ) and ( 9 medium_telled HUMAN ) and ( 3 medium_telled HUMAN ) 
2,talk,4,1,8 werewolf
2,talk,5,11,8 werewolf
2,talk,6,8,6 werewolf
2,talk,7,12,11 werewolf
2,whisper,0,10,Over
2,whisper,1,12,Over
2,talk,8,11,Over
2,talk,9,10,Over
2,talk,10,1,Over
2,talk,11,6,Over
2,talk,12,8,Over
2,talk,13,12,Over
2,talk,14,5,Over
2,talk,15,2,Over
2,whisper,2,12,Over
2,whisper,3,10,Over
2,vote,1,8
2,vote,2,5
2,vote,8,6
2,vote,5,11
2,vote,6,8
2,vote,11,8
2,vote,12,11
2,vote,10,2
2,guard,6,1,villager
2,attackVote,12,6
2,attackVote,10,2
2,execute,8,villager
2,attack,6,true
3,status,1,villager,alive,SamplePlayer
3,status,2,medium,alive,SamplePlayer
3,status,3,villager,dead,SamplePlayer
3,status,4,seer,dead,SamplePlayer
3,status,5,villager,alive,SamplePlayer
3,status,6,bodyguard,dead,SamplePlayer
3,status,7,possessed,dead,SamplePlayer
3,status,8,villager,dead,SamplePlayer
3,status,9,villager,dead,SamplePlayer
3,status,10,werewolf,alive,SamplePlayer
3,status,11,villager,alive,SamplePlayer
3,status,12,werewolf,alive,SamplePlayer
3,talk,0,1,5 werewolf
3,talk,1,2,( 5 werewolf ) and ( 8 medium_telled HUMAN ) 
3,talk,2,5,12 werewolf
3,talk,3,10,( 2 werewolf ) and ( 10 comingout medium ) and ( 2 medium_telled werewolf ) and ( 5 medium_telled HUMAN ) and ( 1 medium_telled werewolf ) 
3,talk,4,11,5 werewolf
3,talk,5,12,2 werewolf
3,whisper,0,12,Over
3,whisper,1,10,Over
3,talk,6,2,10 werewolf
3,talk,7,5,Over
3,talk,8,12,Over
3,talk,9,10,Over
3,talk,10,1,Over
3,talk,11,11,Over
3,whisper,2,12,Over
3,whisper,3,10,Over
3,talk,12,1,Over
3,talk,13,5,Over
3,talk,14,10,Over
3,talk,15,2,Over
3,talk,16,11,Over
3,talk,17,12,Over
3,whisper,4,10,Over
3,whisper,5,12,Over
3,vote,1,5
3,vote,2,10
3,vote,5,12
3,vote,11,5
3,vote,12,2
3,vote,10,2
3,attackVote,12,2
3,attackVote,10,2
3,execute,2,medium
3,attack,2,true
4,status,1,villager,alive,SamplePlayer
4,status,2,medium,dead,SamplePlayer
4,status,3,villager,dead,SamplePlayer
4,status,4,seer,dead,SamplePlayer
4,status,5,villager,alive,SamplePlayer
4,status,6,bodyguard,dead,SamplePlayer
4,status,7,possessed,dead,SamplePlayer
4,status,8,villager,dead,SamplePlayer
4,status,9,villager,dead,SamplePlayer
4,status,10,werewolf,alive,SamplePlayer
4,status,11,villager,alive,SamplePlayer
4,status,12,werewolf,alive,SamplePlayer
4,talk,0,12,5 werewolf
4,talk,1,1,10 werewolf
4,talk,2,10,( 2 werewolf ) and ( 11 medium_telled werewolf ) 
4,talk,3,5,1 werewolf
4,talk,4,11,10 werewolf
4,whisper,0,10,Over
4,whisper,1,12,Over
4,talk,5,11,Over
4,talk,6,1,Over
4,talk,7,12,Over
4,talk,8,10,Over
4,talk,9,5,Over
4,whisper,2,10,Over
4,whisper,3,12,Over
4,vote,1,10
4,vote,5,1
4,vote,11,10
4,vote,12,5
4,vote,10,2
4,attackVote,12,1
4,attackVote,10,11
4,execute,10,werewolf
4,attack,1,true
5,status,1,villager,dead,SamplePlayer
5,status,2,medium,dead,SamplePlayer
5,status,3,villager,dead,SamplePlayer
5,status,4,seer,dead,SamplePlayer
5,status,5,villager,alive,SamplePlayer
5,status,6,bodyguard,dead,SamplePlayer
5,status,7,possessed,dead,SamplePlayer
5,status,8,villager,dead,SamplePlayer
5,status,9,villager,dead,SamplePlayer
5,status,10,werewolf,dead,SamplePlayer
5,status,11,villager,alive,SamplePlayer
5,status,12,werewolf,alive,SamplePlayer
5,talk,0,5,12 werewolf
5,talk,1,12,11 werewolf
5,talk,2,11,5 werewolf
5,whisper,0,12,Over
5,talk,3,5,Over
5,talk,4,11,Over
5,talk,5,12,Over
5,whisper,1,12,Over
5,vote,5,12
5,vote,11,5
5,vote,12,11
5,attackVote,12,11
5,execute,11,villager
5,attack,11,true
6,status,1,villager,dead,SamplePlayer
6,status,2,medium,dead,SamplePlayer
6,status,3,villager,dead,SamplePlayer
6,status,4,seer,dead,SamplePlayer
6,status,5,villager,alive,SamplePlayer
6,status,6,bodyguard,dead,SamplePlayer
6,status,7,possessed,dead,SamplePlayer
6,status,8,villager,dead,SamplePlayer
6,status,9,villager,dead,SamplePlayer
6,status,10,werewolf,dead,SamplePlayer
6,status,11,villager,dead,SamplePlayer
6,status,12,werewolf,alive,SamplePlayer
6,result,1,1,werewolf
