0,status,1,villager,alive,SamplePlayer
0,status,2,villager,alive,SamplePlayer
0,status,3,medium,alive,SamplePlayer
0,status,4,villager,alive,SamplePlayer
0,status,5,seer,alive,SamplePlayer
0,status,6,possessed,alive,SamplePlayer
0,status,7,villager,alive,SamplePlayer
0,status,8,werewolf,alive,SamplePlayer
0,status,9,villager,alive,SamplePlayer
0,status,10,villager,alive,SamplePlayer
0,status,11,werewolf,alive,SamplePlayer
0,status,12,bodyguard,alive,SamplePlayer
0,talk,0,9,8 werewolf
0,talk,1,6,12 werewolf
0,talk,2,5,11 werewolf
0,talk,3,1,8 werewolf
0,talk,4,2,3 werewolf
0,talk,5,11,11 werewolf
0,talk,6,7,5 werewolf
0,talk,7,10,6 werewolf
0,talk,8,12,1 werewolf
0,talk,9,8,8 werewolf
0,talk,10,3,8 werewolf
0,talk,11,4,3 werewolf
0,whisper,0,11,Over
0,whisper,1,8,Over
0,talk,12,3,Over
0,talk,13,12,Over
0,talk,14,4,Over
0,talk,15,10,Over
0,talk,16,8,Over
0,talk,17,1,Over
0,talk,18,9,Over
0,talk,19,11,Over
0,talk,20,2,Over
0,talk,21,6,Over
0,talk,22,5,Over
0,talk,23,7,Over
0,whisper,2,8,Over
0,whisper,3,11,Over
0,vote,3,8
0,vote,4,3
0,vote,1,8
0,vote,2,3
0,vote,7,5
0,vote,8,8
0,vote,5,11
0,vote,6,12
0,vote,11,11
0,vote,12,1
0,vote,9,8
0,vote,10,6
0,divine,5,3,Human
0,guard,12,1,villager
0,attackVote,8,4
0,attackVote,11,9
0,execute,8,werewolf
0,attack,4,true
1,status,1,villager,alive,SamplePlayer
1,status,2,villager,alive,SamplePlayer
1,status,3,medium,alive,SamplePlayer
1,status,4,villager,dead,SamplePlayer
1,status,5,seer,alive,SamplePlayer
1,status,6,possessed,alive,SamplePlayer
1,status,7,villager,alive,SamplePlayer
1,status,8,werewolf,dead,SamplePlayer
1,status,9,villager,alive,SamplePlayer
1,status,10,villager,alive,SamplePlayer
1,status,11,werewolf,alive,SamplePlayer
1,status,12,bodyguard,alive,SamplePlayer
1,talk,0,6,9 werewolf
1,talk,1,12,11 werewolf
1,talk,2,5,10 werewolf
1,talk,3,10,3 werewolf
1,talk,4,7,10 werewolf
1,talk,5,1,5 werewolf
1,talk,6,3,9 werewolf
1,talk,7,2,12 werewolf
1,talk,8,9,7 werewolf
1,talk,9,11,( 10 werewolf ) and ( 11 comingout medium ) and ( 3 medium_telled HUMAN ) 
1,whisper,0,11,Over
1,talk,10,9,Over
1,talk,11,11,Over
1,talk,12,3,11 werewolf
1,talk,13,5,Over
1,talk,14,1,Over
1,talk,15,2,Over
1,talk,16,6,Over
1,talk,17,12,Over
1,talk,18,7,Over
1,talk,19,10,Over
1,whisper,1,11,Over
1,talk,20,9,Over
1,talk,21,1,Over
1,talk,22,11,Over
1,talk,23,2,Over
1,talk,24,5,Over
1,talk,25,3,Over
1,talk,26,12,Over
1,talk,27,10,Over
1,talk,28,7,Over
1,talk,29,6,Over
1,whisper,2,11,Over
1,vote,3,11
1,vote,1,5
1,vote,2,12
1,vote,7,10
1,vote,5,10
1,vote,6,9
1,vote,11,10
1,vote,12,11
1,vote,9,7
1,vote,10,3
1,divine,5,10,Human
1,guard,12,11,werewolf
1,attackVote,11,6
1,execute,10,villager
1,attack,6,true
2,status,1,villager,alive,SamplePlayer
2,status,2,villager,alive,SamplePlayer
2,status,3,medium,alive,SamplePlayer
2,status,4,villager,dead,SamplePlayer
2,status,5,seer,alive,SamplePlayer
2,status,6,possessed,dead,SamplePlayer
2,status,7,villager,alive,SamplePlayer
2,status,8,werewolf,dead,SamplePlayer
2,status,9,villager,alive,SamplePlayer
2,status,10,villager,dead,SamplePlayer
2,status,11,werewolf,alive,SamplePlayer
2,status,12,bodyguard,alive,SamplePlayer
2,talk,0,3,( 11 werewolf ) and ( 3 comingout medium ) and ( 8 medium_telled werewolf ) and ( 10 medium_telled HUMAN ) 
2,talk,1,2,9 werewolf
2,talk,2,9,3 werewolf
2,talk,3,7,1 werewolf
2,talk,4,11,( 3 werewolf ) and ( 1 medium_telled HUMAN ) 
2,talk,5,12,11 werewolf
2,talk,6,5,3 werewolf
2,talk,7,1,12 werewolf
2,whisper,0,11,Over
2,talk,8,11,Over
2,talk,9,3,Over
2,talk,10,2,Over
2,talk,11,1,Over
2,talk,12,5,Over
2,talk,13,7,Over
2,talk,14,12,Over
2,talk,15,9,Over
2,whisper,1,11,Over
2,vote,3,11
2,vote,1,12
2,vote,2,9
2,vote,7,1
2,vote,5,3
2,vote,11,3
2,vote,12,11
2,vote,9,3
2,divine,5,1,Human
2,guard,12,11,werewolf
2,attackVote,11,3
2,execute,3,medium
2,attack,3,true
3,status,1,villager,alive,SamplePlayer
3,status,2,villager,alive,SamplePlayer
3,status,3,medium,dead,SamplePlayer
3,status,4,villager,dead,SamplePlayer
3,status,5,seer,alive,SamplePlayer
3,status,6,possessed,dead,SamplePlayer
3,status,7,villager,alive,SamplePlayer
3,status,8,werewolf,dead,SamplePlayer
3,status,9,villager,alive,SamplePlayer
3,status,10,villager,dead,SamplePlayer
3,status,11,werewolf,alive,SamplePlayer
3,status,12,bodyguard,alive,SamplePlayer
3,talk,0,12,1 werewolf
3,talk,1,11,( 12 werewolf ) and ( 2 medium_telled werewolf ) 
3,talk,2,7,5 werewolf
3,talk,3,9,5 werewolf
3,talk,4,1,12 werewolf
3,talk,5,2,7 werewolf
3,talk,6,5,( 12 werewolf ) and ( 5 comingout seer ) and ( 3 inspected HUMAN ) and ( 10 inspected HUMAN ) and ( 1 inspected HUMAN ) 
3,whisper,0,11,Over
3,talk,7,9,12 werewolf
3,talk,8,1,9 werewolf
3,talk,9,11,2 werewolf
3,talk,10,5,Over
3,talk,11,12,Over
3,talk,12,2,1 werewolf
3,talk,13,7,1 werewolf
3,whisper,1,11,Over
3,talk,14,1,Over
3,talk,15,9,Over
3,talk,16,2,Over
3,talk,17,5,Over
3,talk,18,12,Over
3,talk,19,11,Over
3,talk,20,7,Over
3,whisper,2,11,Over
3,vote,1,9
3,vote,2,1
3,vote,7,1
3,vote,5,12
3,vote,11,2
3,vote,12,1
3,vote,9,12
3,divine,5,7,Human
3,guard,12,5,seer
3,attackVote,11,12
3,execute,1,villager
3,attack,12,true
4,status,1,villager,dead,SamplePlayer
4,status,2,villager,alive,SamplePlayer
4,status,3,medium,dead,SamplePlayer
4,status,4,villager,dead,SamplePlayer
4,status,5,seer,alive,SamplePlayer
4,status,6,possessed,dead,SamplePlayer
4,status,7,villager,alive,SamplePlayer
4,status,8,werewolf,dead,SamplePlayer
4,status,9,villager,alive,SamplePlayer
4,status,10,villager,dead,SamplePlayer
4,status,11,werewolf,alive,SamplePlayer
4,status,12,bodyguard,dead,SamplePlayer
4,talk,0,2,7 werewolf
4,talk,1,5,( 7 werewolf ) and ( 7 inspected HUMAN ) 
4,talk,2,7,11 werewolf
4,talk,3,9,2 werewolf
4,talk,4,11,( 2 werewolf ) and ( 2 medium_telled HUMAN ) 
4,whisper,0,11,Over
4,talk,5,11,Over
4,talk,6,2,Over
4,talk,7,5,Over
4,talk,8,7,Over
4,talk,9,9,Over
4,whisper,1,11,Over
4,vote,2,7
4,vote,7,11
4,vote,5,7
4,vote,11,2
4,vote,9,2
4,divine,5,9,Human
4,attackVote,11,9
4,execute,7,villager
4,attack,9,true
5,status,1,villager,dead,SamplePlayer
5,status,2,villager,alive,SamplePlayer
5,status,3,medium,dead,SamplePlayer
5,status,4,villager,dead,SamplePlayer
5,status,5,seer,alive,SamplePlayer
5,status,6,possessed,dead,SamplePlayer
5,status,7,villager,dead,SamplePlayer
5,status,8,werewolf,dead,SamplePlayer
5,status,9,villager,dead,SamplePlayer
5,status,10,villager,dead,SamplePlayer
5,status,11,werewolf,alive,SamplePlayer
5,status,12,bodyguard,dead,SamplePlayer
5,talk,0,11,( 2 werewolf ) and ( 5 medium_telled werewolf ) 
5,talk,1,2,5 werewolf
5,talk,2,5,( 2 werewolf ) and ( 9 inspected HUMAN ) 
5,whisper,0,11,Over
5,talk,3,2,11 werewolf
5,talk,4,5,Over
5,talk,5,11,Over
5,whisper,1,11,Over
5,talk,6,11,Over
5,talk,7,2,Over
5,talk,8,5,Over
5,whisper,2,11,Over
5,vote,2,11
5,vote,5,2
5,vote,11,2
5,divine,5,2,Human
5,attackVote,11,5
5,execute,2,villager
5,attack,5,true
6,status,1,villager,dead,SamplePlayer
6,status,2,villager,dead,SamplePlayer
6,status,3,medium,dead,SamplePlayer
6,status,4,villager,dead,SamplePlayer
6,status,5,seer,dead,SamplePlayer
6,status,6,possessed,dead,SamplePlayer
6,status,7,villager,dead,SamplePlayer
6,status,8,werewolf,dead,SamplePlayer
6,status,9,villager,dead,SamplePlayer
6,status,10,villager,dead,SamplePlayer
6,status,11,werewolf,alive,SamplePlayer
6,status,12,bodyguard,dead,SamplePlayer
6,result,0,1,werewolf
