0,status,1,werewolf,alive,SamplePlayer
0,status,2,medium,alive,SamplePlayer
0,status,3,seer,alive,SamplePlayer
0,status,4,villager,alive,SamplePlayer
0,status,5,bodyguard,alive,SamplePlayer
0,status,6,possessed,alive,SamplePlayer
0,status,7,villager,alive,SamplePlayer
0,status,8,werewolf,alive,SamplePlayer
0,status,9,villager,alive,SamplePlayer
0,status,10,villager,alive,SamplePlayer
0,status,11,villager,alive,SamplePlayer
0,status,12,villager,alive,SamplePlayer
0,talk,0,8,12 werewolf
0,talk,1,5,3 werewolf
0,talk,2,2,5 werewolf
0,talk,3,6,8 werewolf
0,talk,4,7,1 werewolf
0,talk,5,10,8 werewolf
0,talk,6,9,6 werewolf
0,talk,7,3,10 werewolf
0,talk,8,11,3 werewolf
0,talk,9,4,7 werewolf
0,talk,10,1,8 werewolf
0,talk,11,12,3 werewolf
0,whisper,0,8,Over
0,whisper,1,1,Over
0,talk,12,8,Over
0,talk,13,1,Over
0,talk,14,10,Over
0,talk,15,3,Over
0,talk,16,7,Over
0,talk,17,9,Over
0,talk,18,6,Over
0,talk,19,4,Over
0,talk,20,5,Over
0,talk,21,12,Over
0,talk,22,11,Over
0,talk,23,2,Over
0,whisper,2,8,Over
0,whisper,3,1,Over
0,vote,3,10
0,vote,4,7
0,vote,1,8
0,vote,2,5
0,vote,7,1
0,vote,8,12
0,vote,5,3
0,vote,6,8
0,vote,11,3
0,vote,12,3
0,vote,9,6
0,vote,10,8
0,divine,3,3,Human
0,guard,5,10,villager
0,attackVote,1,2
0,attackVote,8,6
0,execute,3,seer
0,attack,2,true
1,status,1,werewolf,alive,SamplePlayer
1,status,2,medium,dead,SamplePlayer
1,status,3,seer,dead,SamplePlayer
1,status,4,villager,alive,SamplePlayer
1,status,5,bodyguard,alive,SamplePlayer
1,status,6,possessed,alive,SamplePlayer
1,status,7,villager,alive,SamplePlayer
1,status,8,werewolf,alive,SamplePlayer
1,status,9,villager,alive,SamplePlayer
1,status,10,villager,alive,SamplePlayer
1,status,11,villager,alive,SamplePlayer
1,status,12,villager,alive,SamplePlayer
1,talk,0,6,1 werewolf
1,talk,1,10,12 werewolf
1,talk,2,4,11 werewolf
1,talk,3,12,5 werewolf
1,talk,4,11,6 werewolf
1,talk,5,1,8 werewolf
1,talk,6,5,4 werewolf
1,talk,7,8,( 4 werewolf ) and ( 8 comingout seer ) and ( 11 inspected HUMAN ) 
1,talk,8,7,11 werewolf
1,talk,9,9,12 werewolf
1,whisper,0,1,Over
1,whisper,1,8,Over
1,talk,10,1,Over
1,talk,11,10,Over
1,talk,12,6,8 werewolf
1,talk,13,11,4 werewolf
1,talk,14,12,6 werewolf
1,talk,15,9,Over
1,talk,16,5,1 werewolf
1,talk,17,7,Over
1,talk,18,8,Over
1,talk,19,4,Over
1,whisper,2,8,Over
1,whisper,3,1,Over
1,talk,20,1,Over
1,talk,21,11,Over
1,talk,22,8,Over
1,talk,23,5,Over
1,talk,24,4,Over
1,talk,25,10,Over
1,talk,26,12,Over
1,talk,27,6,Over
1,talk,28,9,Over
1,talk,29,7,Over
1,whisper,4,8,Over
1,whisper,5,1,Over
1,vote,4,11
1,vote,1,8
1,vote,7,11
1,vote,8,4
1,vote,5,1
1,vote,6,8
1,vote,11,4
1,vote,12,6
1,vote,9,12
1,vote,10,12
1,guard,5,8,werewolf
1,attackVote,1,12
1,attackVote,8,11
1,execute,4,villager
1,attack,11,true
2,status,1,werewolf,alive,SamplePlayer
2,status,2,medium,dead,SamplePlayer
2,status,3,seer,dead,SamplePlayer
2,status,4,villager,dead,SamplePlayer
2,status,5,bodyguard,alive,SamplePlayer
2,status,6,possessed,alive,SamplePlayer
2,status,7,villager,alive,SamplePlayer
2,status,8,werewolf,alive,SamplePlayer
2,status,9,villager,alive,SamplePlayer
2,status,10,villager,alive,SamplePlayer
2,status,11,villager,dead,SamplePlayer
2,status,12,villager,alive,SamplePlayer
2,talk,0,1,( 1 werewolf ) and ( 1 comingout medium ) and ( 3 medium_telled HUMAN ) and ( 9 medium_telled werewolf ) 
2,talk,1,7,10 werewolf
2,talk,2,10,9 werewolf
2,talk,3,12,6 werewolf
2,talk,4,5,9 werewolf
2,talk,5,6,8 werewolf
2,talk,6,9,6 werewolf
2,talk,7,8,( 5 werewolf ) and ( 12 inspected HUMAN ) 
2,whisper,0,8,Over
2,whisper,1,1,Over
2,talk,8,9,1 werewolf
2,talk,9,1,9 werewolf
2,talk,10,12,10 werewolf
2,talk,11,5,6 werewolf
2,talk,12,7,12 werewolf
2,talk,13,8,Over
2,talk,14,6,Over
2,talk,15,10,1 werewolf
2,whisper,2,1,Over
2,whisper,3,8,Over
2,talk,16,8,Over
2,talk,17,9,Over
2,talk,18,5,Over
2,talk,19,6,Over
2,talk,20,1,Over
2,talk,21,12,Over
2,talk,22,10,Over
2,talk,23,7,Over
2,whisper,4,1,Over
2,whisper,5,8,Over
2,vote,1,9
2,vote,7,12
2,vote,8,5
2,vote,5,6
2,vote,6,8
2,vote,12,10
2,vote,9,1
2,vote,10,1
2,guard,5,1,werewolf
2,attackVote,1,9
2,attackVote,8,9
2,execute,1,werewolf
2,attack,9,true
3,status,1,werewolf,dead,SamplePlayer
3,status,2,medium,dead,SamplePlayer
3,status,3,seer,dead,SamplePlayer
3,status,4,villager,dead,SamplePlayer
3,status,5,bodyguard,alive,SamplePlayer
3,status,6,possessed,alive,SamplePlayer
3,status,7,villager,alive,SamplePlayer
3,status,8,werewolf,alive,SamplePlayer
3,status,9,villager,dead,SamplePlayer
3,status,10,villager,alive,SamplePlayer
3,status,11,villager,dead,SamplePlayer
3,status,12,villager,alive,SamplePlayer
3,talk,0,8,( 10 werewolf ) and ( 12 inspected HUMAN ) 
3,talk,1,7,5 werewolf
3,talk,2,12,5 werewolf
3,talk,3,6,( 8 werewolf ) and ( 6 comingout seer ) and ( 4 inspected HUMAN ) and ( 5 inspected HUMAN ) and ( 7 inspected werewolf ) 
3,talk,4,10,12 werewolf
3,talk,5,5,7 werewolf
3,whisper,0,8,Over
3,talk,6,6,Over
3,talk,7,12,Over
3,talk,8,7,Over
3,talk,9,10,Over
3,talk,10,5,Over
3,talk,11,8,6 werewolf
3,whisper,1,8,Over
3,talk,12,7,Over
3,talk,13,10,Over
3,talk,14,12,Over
3,talk,15,8,Over
3,talk,16,5,Over
3,talk,17,6,Over
3,whisper,2,8,Over
3,vote,7,5
3,vote,8,6
3,vote,5,7
3,vote,6,8
3,vote,12,5
3,vote,10,12
3,guard,5,6,possessed
3,attackVote,8,7
3,execute,5,bodyguard
3,attack,7,true
4,status,1,werewolf,dead,SamplePlayer
4,status,2,medium,dead,SamplePlayer
4,status,3,seer,dead,SamplePlayer
4,status,4,villager,dead,SamplePlayer
4,status,5,bodyguard,dead,SamplePlayer
4,status,6,possessed,alive,SamplePlayer
4,status,7,villager,dead,SamplePlayer
4,status,8,werewolf,alive,SamplePlayer
4,status,9,villager,dead,SamplePlayer
4,status,10,villager,alive,SamplePlayer
4,status,11,villager,dead,SamplePlayer
4,status,12,villager,alive,SamplePlayer
4,talk,0,8,( 10 werewolf ) and ( 10 inspected HUMAN ) 
4,talk,1,6,( 8 werewolf ) and ( 10 inspected HUMAN ) 
4,talk,2,10,12 werewolf
4,talk,3,12,10 werewolf
4,whisper,0,8,Over
4,talk,4,6,Over
4,talk,5,8,Over
4,talk,6,10,Over
4,talk,7,12,Over
4,whisper,1,8,Over
4,vote,8,10
4,vote,6,8
4,vote,12,10
4,vote,10,12
4,attackVote,8,12
4,execute,10,villager
4,attack,12,true
5,status,1,werewolf,dead,SamplePlayer
5,status,2,medium,dead,SamplePlayer
5,status,3,seer,dead,SamplePlayer
5,status,4,villager,dead,SamplePlayer
5,status,5,bodyguard,dead,SamplePlayer
5,status,6,possessed,alive,SamplePlayer
5,status,7,villager,dead,SamplePlayer
5,status,8,werewolf,alive,SamplePlayer
5,status,9,villager,dead,SamplePlayer
5,status,10,villager,dead,SamplePlayer
5,status,11,villager,dead,SamplePlayer
5,status,12,villager,dead,SamplePlayer
5,result,1,1,werewolf
