0,status,1,villager,alive,SamplePlayer
0,status,2,villager,alive,SamplePlayer
0,status,3,villager,alive,SamplePlayer
0,status,4,werewolf,alive,SamplePlayer
0,status,5,werewolf,alive,SamplePlayer
0,status,6,bodyguard,alive,SamplePlayer
0,status,7,villager,alive,SamplePlayer
0,status,8,medium,alive,SamplePlayer
0,status,9,seer,alive,SamplePlayer
0,status,10,villager,alive,SamplePlayer
0,status,11,possessed,alive,SamplePlayer
0,status,12,villager,alive,SamplePlayer
0,talk,0,7,2 werewolf
0,talk,1,12,3 werewolf
0,talk,2,8,9 werewolf
0,talk,3,9,10 werewolf
0,talk,4,2,6 werewolf
0,talk,5,1,5 werewolf
0,talk,6,3,6 werewolf
0,talk,7,4,4 werewolf
0,talk,8,6,2 werewolf
0,talk,9,5,11 werewolf
0,talk,10,11,5 werewolf
0,talk,11,10,3 werewolf
0,whisper,0,4,Over
0,whisper,1,5,Over
0,talk,12,5,Over
0,talk,13,9,Over
0,talk,14,3,Over
0,talk,15,7,Over
0,talk,16,2,Over
0,talk,17,12,Over
0,talk,18,8,Over
0,talk,19,10,Over
0,talk,20,4,Over
0,talk,21,6,Over
0,talk,22,1,Over
0,talk,23,11,Over
0,whisper,2,5,Over
0,whisper,3,4,Over
0,vote,3,6
0,vote,4,4
0,vote,1,5
0,vote,2,6
0,vote,7,2
0,vote,8,9
0,vote,5,11
0,vote,6,2
0,vote,11,5
0,vote,12,3
0,vote,9,10
0,vote,10,3
0,divine,9,6,Human
0,guard,6,10,villager
0,attackVote,4,8
0,attackVote,5,7
0,execute,2,villager
0,attack,7,true
1,status,1,villager,alive,SamplePlayer
1,status,2,villager,dead,SamplePlayer
1,status,3,villager,alive,SamplePlayer
1,status,4,werewolf,alive,SamplePlayer
1,status,5,werewolf,alive,SamplePlayer
1,status,6,bodyguard,alive,SamplePlayer
1,status,7,villager,dead,SamplePlayer
1,status,8,medium,alive,SamplePlayer
1,status,9,seer,alive,SamplePlayer
1,status,10,villager,alive,SamplePlayer
1,status,11,possessed,alive,SamplePlayer
1,status,12,villager,alive,SamplePlayer
1,talk,0,1,5 werewolf
1,talk,1,4,12 werewolf
1,talk,2,5,1 werewolf
1,talk,3,11,4 werewolf
1,talk,4,6,12 werewolf
1,talk,5,10,11 werewolf
1,talk,6,9,10 werewolf
1,talk,7,12,5 werewolf
1,talk,8,3,11 werewolf
1,talk,9,8,( 5 werewolf ) and ( 8 comingout medium ) and ( 2 medium_telled HUMAN ) 
1,whisper,0,5,Over
1,whisper,1,4,Over
1,talk,10,1,Over
1,talk,11,6,Over
1,talk,12,12,Over
1,talk,13,10,Over
1,talk,14,4,Over
1,talk,15,5,Over
1,talk,16,9,Over
1,talk,17,8,Over
1,talk,18,3,Over
1,talk,19,11,8 werewolf
1,whisper,2,5,Over
1,whisper,3,4,Over
1,talk,20,4,Over
1,talk,21,5,Over
1,talk,22,12,Over
1,talk,23,9,Over
1,talk,24,11,Over
1,talk,25,8,Over
1,talk,26,6,Over
1,talk,27,3,Over
1,talk,28,10,Over
1,talk,29,1,Over
1,whisper,4,4,Over
1,whisper,5,5,Over
1,vote,3,11
1,vote,4,12
1,vote,1,5
1,vote,8,5
1,vote,5,1
1,vote,6,12
1,vote,11,8
1,vote,12,5
1,vote,9,10
1,vote,10,11
1,divine,9,3,Human
1,guard,6,4,werewolf
1,attackVote,4,8
1,attackVote,5,8
1,execute,5,werewolf
1,attack,8,true
2,status,1,villager,alive,SamplePlayer
2,status,2,villager,dead,SamplePlayer
2,status,3,villager,alive,SamplePlayer
2,status,4,werewolf,alive,SamplePlayer
2,status,5,werewolf,dead,SamplePlayer
2,status,6,bodyguard,alive,SamplePlayer
2,status,7,villager,dead,SamplePlayer
2,status,8,medium,dead,SamplePlayer
2,status,9,seer,alive,SamplePlayer
2,status,10,villager,alive,SamplePlayer
2,status,11,possessed,alive,SamplePlayer
2,status,12,villager,alive,SamplePlayer
2,talk,0,11,10 werewolf
2,talk,1,9,( 4 werewolf ) and ( 9 comingout seer ) and ( 6 inspected HUMAN ) and ( 3 inspected HUMAN ) 
2,talk,2,6,12 werewolf
2,talk,3,3,6 werewolf
2,talk,4,4,9 werewolf
2,talk,5,10,4 werewolf
2,talk,6,1,4 werewolf
2,talk,7,12,1 werewolf
2,whisper,0,4,Over
2,talk,8,6,Over
2,talk,9,1,Over
2,talk,10,4,Over
2,talk,11,10,Over
2,talk,12,9,Over
2,talk,13,11,Over
2,talk,14,12,Over
2,talk,15,3,Over
2,whisper,1,4,Over
2,vote,3,6
2,vote,4,9
2,vote,1,4
2,vote,6,12
2,vote,11,10
2,vote,12,1
2,vote,9,4
2,vote,10,4
2,divine,9,6,Human
2,guard,6,9,seer
2,attackVote,4,9
2,execute,4,werewolf
3,status,1,villager,alive,SamplePlayer
3,status,2,villager,dead,SamplePlayer
3,status,3,villager,alive,SamplePlayer
3,status,4,werewolf,dead,SamplePlayer
3,status,5,werewolf,dead,SamplePlayer
3,status,6,bodyguard,alive,SamplePlayer
3,status,7,villager,dead,SamplePlayer
3,status,8,medium,dead,SamplePlayer
3,status,9,seer,alive,SamplePlayer
3,status,10,villager,alive,SamplePlayer
3,status,11,possessed,alive,SamplePlayer
3,status,12,villager,alive,SamplePlayer
3,result,7,0,villager
