0,status,1,bodyguard,alive,SamplePlayer
0,status,2,seer,alive,SamplePlayer
0,status,3,villager,alive,SamplePlayer
0,status,4,villager,alive,SamplePlayer
0,status,5,villager,alive,SamplePlayer
0,status,6,villager,alive,SamplePlayer
0,status,7,werewolf,alive,SamplePlayer
0,status,8,werewolf,alive,SamplePlayer
0,status,9,medium,alive,SamplePlayer
0,status,10,possessed,alive,SamplePlayer
0,status,11,villager,alive,SamplePlayer
0,status,12,villager,alive,SamplePlayer
0,talk,0,3,8 werewolf
0,talk,1,1,6 werewolf
0,talk,2,10,2 werewolf
0,talk,3,8,4 werewolf
0,talk,4,6,1 werewolf
0,talk,5,7,3 werewolf
0,talk,6,2,1 werewolf
0,talk,7,5,8 werewolf
0,talk,8,11,4 werewolf
0,talk,9,12,5 werewolf
0,talk,10,4,10 werewolf
0,talk,11,9,4 werewolf
0,whisper,0,8,Over
0,whisper,1,7,Over
0,talk,12,5,Over
0,talk,13,10,Over
0,talk,14,4,Over
0,talk,15,3,Over
0,talk,16,12,Over
0,talk,17,6,Over
0,talk,18,7,Over
0,talk,19,2,Over
0,talk,20,1,Over
0,talk,21,11,Over
0,talk,22,8,Over
0,talk,23,9,Over
0,whisper,2,7,Over
0,whisper,3,8,Over
0,vote,3,8
0,vote,4,10
0,vote,1,6
0,vote,2,1
0,vote,7,3
0,vote,8,4
0,vote,5,8
0,vote,6,1
0,vote,11,4
0,vote,12,5
0,vote,9,4
0,vote,10,2
0,divine,2,8,Werewolf
0,guard,1,12,villager
0,attackVote,7,4
0,attackVote,8,11
0,execute,4,villager
0,attack,11,true
1,status,1,bodyguard,alive,SamplePlayer
1,status,2,seer,alive,SamplePlayer
1,status,3,villager,alive,SamplePlayer
1,status,4,villager,dead,SamplePlayer
1,status,5,villager,alive,SamplePlayer
1,status,6,villager,alive,SamplePlayer
1,status,7,werewolf,alive,SamplePlayer
1,status,8,werewolf,alive,SamplePlayer
1,status,9,medium,alive,SamplePlayer
1,status,10,possessed,alive,SamplePlayer
1,status,11,villager,dead,SamplePlayer
1,status,12,villager,alive,SamplePlayer
1,talk,0,3,1 werewolf
1,talk,1,8,5 werewolf
1,talk,2,7,7 werewolf
1,talk,3,5,3 werewolf
1,talk,4,9,( 6 werewolf ) and ( 9 comingout medium ) and ( 4 medium_telled HUMAN ) 
1,talk,5,12,5 werewolf
1,talk,6,1,9 werewolf
1,talk,7,6,2 werewolf
1,talk,8,10,( 9 werewolf ) and ( 10 comingout medium ) and ( 7 medium_telled HUMAN ) 
1,talk,9,2,( 8 werewolf ) and ( 2 comingout seer ) and ( 8 inspected werewolf ) 
1,whisper,0,7,Over
1,whisper,1,8,Over
1,talk,10,5,8 werewolf
1,talk,11,2,Over
1,talk,12,8,2 werewolf
1,talk,13,7,6 werewolf
1,talk,14,6,8 werewolf
1,talk,15,1,8 werewolf
1,talk,16,9,10 werewolf
1,talk,17,12,8 werewolf
1,talk,18,3,8 werewolf
1,talk,19,10,Over
1,whisper,2,7,Over
1,whisper,3,8,Over
1,talk,20,10,Over
1,talk,21,1,Over
1,talk,22,12,Over
1,talk,23,5,Over
1,talk,24,7,Over
1,talk,25,9,Over
1,talk,26,8,Over
1,talk,27,2,Over
1,talk,28,3,Over
1,talk,29,6,Over
1,whisper,4,7,Over
1,whisper,5,8,Over
1,vote,3,8
1,vote,1,8
1,vote,2,8
1,vote,7,6
1,vote,8,2
1,vote,5,8
1,vote,6,8
1,vote,12,8
1,vote,9,10
1,vote,10,9
1,divine,2,7,Werewolf
1,guard,1,10,possessed
1,attackVote,7,9
1,attackVote,8,2
1,execute,8,werewolf
1,attack,9,true
2,status,1,bodyguard,alive,SamplePlayer
2,status,2,seer,alive,SamplePlayer
2,status,3,villager,alive,SamplePlayer
2,status,4,villager,dead,SamplePlayer
2,status,5,villager,alive,SamplePlayer
2,status,6,villager,alive,SamplePlayer
2,status,7,werewolf,alive,SamplePlayer
2,status,8,werewolf,dead,SamplePlayer
2,status,9,medium,dead,SamplePlayer
2,status,10,possessed,alive,SamplePlayer
2,status,11,villager,dead,SamplePlayer
2,status,12,villager,alive,SamplePlayer
2,talk,0,1,3 werewolf
2,talk,1,5,3 werewolf
2,talk,2,6,1 werewolf
2,talk,3,2,( 7 werewolf ) and ( 7 inspected werewolf ) 
2,talk,4,10,( 12 werewolf ) and ( 12 medium_telled HUMAN ) 
2,talk,5,7,3 werewolf
2,talk,6,12,7 werewolf
2,talk,7,3,7 werewolf
2,whisper,0,7,Over
2,talk,8,7,Over
2,talk,9,5,7 werewolf
2,talk,10,2,Over
2,talk,11,12,Over
2,talk,12,6,7 werewolf
2,talk,13,10,Over
2,talk,14,3,Over
2,talk,15,1,7 werewolf
2,whisper,1,7,Over
2,talk,16,10,Over
2,talk,17,1,Over
2,talk,18,12,Over
2,talk,19,7,Over
2,talk,20,2,Over
2,talk,21,6,Over
2,talk,22,5,Over
2,talk,23,3,Over
2,whisper,2,7,Over
2,vote,3,7
2,vote,1,7
2,vote,2,7
2,vote,7,3
2,vote,5,7
2,vote,6,7
2,vote,12,7
2,vote,10,12
2,divine,2,1,Human
2,guard,1,10,possessed
2,attackVote,7,6
2,execute,7,werewolf
3,status,1,bodyguard,alive,SamplePlayer
3,status,2,seer,alive,SamplePlayer
3,status,3,villager,alive,SamplePlayer
3,status,4,villager,dead,SamplePlayer
3,status,5,villager,alive,SamplePlayer
3,status,6,villager,alive,SamplePlayer
3,status,7,werewolf,dead,SamplePlayer
3,status,8,werewolf,dead,SamplePlayer
3,status,9,medium,dead,SamplePlayer
3,status,10,possessed,alive,SamplePlayer
3,status,11,villager,dead,SamplePlayer
3,status,12,villager,alive,SamplePlayer
3,result,7,0,villager
